Order FitO  RMS   Comments
60     4   0.006  Del: None
61     4   0.003  Del: 5804.14 5826.27 5843.80 5844.79 5879.12
62     4   0.002  Del: 5702.65 5720.18 5760.55
63     4   0.007  Del: 5639.74 5654.51 5674.98 5679.00
64     4   0.003  Del: 5524.58 5530.07 5567.99 5572.46 5581.96 5588.75 5602.86
65     4   0.003  Del: 5448.27 5489.08 5508.55 5524.58 5529.09
66     4   0.004  Del: 5365.47 5381.37 5415.52
67     4   0.004  Del: 5280.34 5309.60 5315.22 5322.89 5329.75 5337.01 5345.31
                       5362.57 5365.47
68     4   0.004  Del: 5197.23 5231.15 5247.65 5260.10 5264.23 5269.79
69     4   0.002  Del: 5140.77 5170.22 5177.62 5183.08 5198.79
---
New fit
57     4   0.002  Del: 6208.68 6234.19 6243.12 6265.60
58     4   0.003  Del: 6098.80 6099.98 6124.06 6129.54 6137.92 6162.96 6189.14
59     4   0.002  Del: 6028.27 6032.87 6061.53 6085.37 6085.87
60     4   0.004  Del: 5916.72 5932.42 5937.66 5940.56 5943.46 5954.58 5976.20
61     4   0.003  Del: 5812.97 5826.27 5829.86 5879.12 5884.03
62     4   0.002  Del: 5715.72 5724.23 5724.46 5742.08 5747.19 5747.38
63     4   0.003  Del: 5645.66 5645.89 5648.68 5654.51 5674.98 5679.00
64     4   0.0045 Del: 5524.58 5538.60 5570.92 5572.46 5581.96 5588.75
65     4   0.002  Del: 5442.24 5499.64 5524.58

5616.69 5641.55 5648.68 5655.48

--------------------------------------------------
--------------------------------------------------
--------------------------------------------------
RED CROSS

45     4   0.002  Del: 6208.68 6234.19 6243.12 6265.60

46     3   0.004  Del: 7518.78 7565.85 7566.52 7573.34

47     3   0.004  Del: 7518.78 7565.85 7566.52 7573.34
48     3   0.003  Del: 7410.96 7423.80 7436.29 7440.49 7469.05
49     3   0.003  Del: 7202.19 7240.18 7253.67 7272.93 7296.26
50     3   0.004  Del: 7054.41 7060.65 7067.21 7071.48 7074.25 7077.36 7113.98
			7130.18 7130.72 7131.35 7132.61
51     3   0.003  Del: 6999.62 7028.02
52     3   0.002  Del: 6788.84 6800.46 6815.61 6852.35 6862.86 6871.28
53     3   0.002  Del: 6663.69 6677.28 6719.19 6722.88 6727.45 6729.93 6732.64
			6756.45 6757.10
54     3   0.002  Del: 





