Order FitO  RMS   Comments
71     4   0.004  Del: 4980.75 5009.93 5014.75 5017.16 5028.65 5041.59
72     4   0.004  Del: 4911.37 4917.82 4919.81 4933.20 4934.33 4936.77 
                       4941.91 4961.72 4967.65 4970.07 4980.95 4992.63
73     4   0.004  Del: 4843.94 4844.75 4849.13 4858.09 4879.86 4888.26 
                       4891.66 4919.81
74     4   0.002  Del: 4781.52 4784.03 4802.67 4805.60 4822.01 4822.85 4824.64
                       4837.41 4842.16 4843.94
75     4   0.002  Del: 4712.48 4723.43 4724.77 4726.86 4727.84 4728.13 4730.65
                       4735.90 4741.30 4752.41 4764.86 4765.59 4777.19 4793.24
76     4   0.0035 Del: 4657.90 4682.23 4691.88 4703.98 4707.04 4728.13
77     4   0.0047 Del: 4609.56 4610.08 4622.12 4633.76 4647.95 4657.90
78     4   0.005  Del: 4545.05 4576.74 4579.34 4592.96 4607.93 4609.56
79     4   0.005  Del: 4478.59 4494.69 4510.73 4517.03 4522.78 4545.05
80     4   0.003  Del: 4428.55 4429.63 4439.46 4445.03 4454.13 4469.18 4480.26
                       4494.96
81     4   0.002  Del: 4374.78 4376.53 4388.96 4391.11 4391.38 4402.60 4413.63
                       4418.41 4421.54 4429.63
82     4   0.0035 Del: 4318.41 4320.12 4327.71 4328.68 4348.06 4352.61 4360.71
                       4367.41
83     4   0.004  Del: 4277.31 4277.52 4282.04 4297.30 4315.94 4317.84
84     4   0.004  Del: 4215.62 4226.72 4255.23 4260.33 4264.33 4279.06
85     4   0.004  Del: 4168.04 4173.44 4182.93 4198.31 4200.67 4210.92 4214.82
86     4   0.005  Del: 4131.72 4148.72 4158.59 4173.44
87     4   0.001  Del: 4086.52 4094.74 4107.86 4110.82 4118.48 4127.41


==================================================
==================================================
==================================================
RED CROSS

55     3   0.004  Del: 6428.77 6438.30 6439.07 6457.28 6461.05 6487.48
56     3   0.002  Del: 6315.77 6321.81 6333.14 6342.85 6369.13 6379.67 6391.17 
			6403.01 6312.62 6324.39 6357.02 6359.67 6376.93 6387.39
57     4   0.002  Del: 6274.11
58     3   0.003  Del: 6098.12 6119.69 6129.54 6150.68 6154.06 6154.51 6169.82
59     3   0.003  Del: 5989.04 5991.00 5993.49 6001.73 6029.65 6032.12 6037.69
60     3   0.002  Del: 5912.08 5946.23 5960.78 5973.66
61     3   0.003  Del: 5804.14 5815.42 5826.27
62     4   0.005  Del: 5707.10 5720.18 5760.55 5762.79 
63     3   0.0055 Del: 5617.28 5630.29 5635.87 5666.41 5674.98 5681.90
64     3   0.0046 Del: 5527.29 5574.91 5587.02
65     4   0.004  Del: 5431.11 5435.72 5438.13 5439.98 5440.60 5489.08 5498.18
			5499.25 5432.76 5442.24 5449.47
66     4   0.002  Del: 5358.70 5365.47 5373.49 5376.78 5399.62 5407.34 5410.76
			5415.52 5419.12 5432.76
67     3   0.003  Del: 5269.79 5280.34 5281.06 5309.60 5329.75 5343.58
68     3   0.004  Del: 5231.15 5247.65 5264.23 5269.79
69     3   0.004  Del: 5128.48 5136.12 5140.77 5158.60 5177.62 5183.08
70     3   0.003  Del: 5041.12 5041.59 5044.71 5045.24 5048.93 5049.79 5079.90
			5090.54
71     3   0.004  Del: 





