Order FitO  RMS   Comments
89     4   0.004  Deleted: 3980.08 3986.07 4009.01 4021.75 4022.06 4040.91
90     4   0.006  Deleted: 3930.33 3944.25 3946.14 3960.26
91     4   0.004  Deleted: 3885.22 3900.57 3907.16 3915.84 3929.66 
                           3930.33 3944.25 3946.14
92     4   0.0035 Deleted: 3846.88 3852.13 3862.42 3866.90 3868.25 
                           3871.61 3879.26 3889.90 3900.57
93     4   0.002  Deleted: 3818.68 3828.38 3833.08 3846.88 3856.35
94     5   0.002  Deleted: 3781.31 3784.79 3789.16 3792.37 3800.19 3808.12 3822.86
95     4   0.002  Deleted: 3740.85 3748.28 3754.03 3763.50 3781.31 3784.79
96     5   0.0015 Deleted: 3694.17 3697.03 3700.98 3715.86 3719.43 3721.82
                           3727.90 3744.73
97     3   0.002  Deleted: 3663.20 3682.48 3684.93 3694.17 3700.98 3703.77
98     4   0.0007 Deleted: 3661.62 3666.98
99     4   0.0001 Deleted: 3583.10 3588.44 3592.77 3601.03
100    5   0.002  Deleted: 3559.50 3581.60 3584.17   (tough fit)
101    5   0.001  Deleted: 3521.91 3533.18 3542.49 3544.01 3547.33 3549.59
102    3   0.002  Deleted: 3480.50
103    4   0.0014 Deleted: 3434.72 3465.06
104    3   0.0018 Deleted: 3434.72
105    4   0.002  Deleted: 3371.79 3383.10 3396.72 3401.71
106    4   0.003  Deleted: 3366.51 3383.10
107    3   0.0013 Deleted: 3313.67 3336.16 3354.17
108    4   0.0027 Deleted: 3293.69 3313.67
109    3   0.003  Deleted: 3280.37 3293.69
110    4   0.0001 Deleted: 3227.80 3234.99 3258.12
111    3   0.002  Deleted: 3227.80
112    3   0.0016 Deleted: 2 lines (but forgot to record)
113    3   0.002  Deleted: 3161.39


B1 :: Order
88     4   0.002  Deleted: 4019.12 4021.14 4022.06 4029.82 4040.91 4052.92 4065.61
                           4074.64 4080.70

2x1 B? :: 

114    4   0.0005  Deleted: 3104.35 3122.96
115    4   0.002   Deleted: 3078.82 3104.35 3117.68
116    2   0.002   Deleted: 3080.21



==================================================
==================================================
RED Cross

72     3   0.005  Deleted: 4911.37 4913.47 4917.82 4919.81 4941.91 
			4950.25 4965.07 4970.07 4975.09
73     3   0.004  Deleted: 4843.94 4844.16 4844.75 4853.60 4863.17 
			4872.91 4894.95 4911.37
74     3   0.002  Deleted: 4764.86 4768.05 4805.60 4806.02 4832.42 4843.94 
			4775.79 4781.29 4783.63 4795.91 4802.67 4847.32
75     3   0.002  Deleted: 4703.98 4712.48 4724.77 4726.86 4728.13 4730.65
			4735.90 4740.52 4741.30 4747.61 4752.41
76     3   0.0025 Deleted: 4647.95 4657.90 4682.23 4694.09 4703.98 4707.04
			4712.48 4644.70 4659.56 4660.39 4639.70
77     3   0.004  Deleted: 4589.89 4609.56 4633.76 4647.95 4657.90
78     3   0.004  Deleted: 4522.78 4545.05 4552.15 4563.66 4579.34 4589.89
79     3   0.0035 Deleted: 4465.97 4480.26 4490.67 4493.33 4496.63 4510.73
			4522.78 4528.02
80     3   0.0035 Deleted: 4418.41 4426.00 4429.63 4438.74 4445.03 4480.26 
			4481.81 4458.73 4459.54
81     3   0.003  Deleted: 4361.30 4363.79 4381.86 4388.96 4391.11 4391.38
			4402.60 4426.00 4429.63
82     3   0.002  Deleted: 4303.98 4330.84 4331.19 4333.56 4343.95 4347.63
			4348.06 4351.27 4352.61 4355.32 4355.52 4360.16
			4360.71 4364.04 4370.75
83     3   0.0035 Deleted: 4250.31 4259.36 4272.16 4277.31 4277.52 4282.04
			4297.30 4300.10 4317.84
84     3   0.0045 Deleted: 4259.36
85     3   0.003  Deleted: 4151.14 4158.59 4172.62 4173.44 4182.93 4198.31
86     3   0.003  Deleted: 4103.91 4110.82 4118.48 4131.72 4134.06 4148.72
87     3   0.004  Deleted: 4065.61 4080.35 4080.70 4086.52 4094.74 4107.86
88     3   0.003  Deleted: 4009.01 4018.09 4022.06 4037.56 4040.91 4065.61
89     3   0.004  Deleted: 3969.00 3981.10 3982.89 3990.49 3994.54 4008.21
			4009.01 4011.59 4011.73 4018.09 4022.06
90     3   0.004  Deleted: 3929.29 3932.22 3936.67 3944.25 3946.14 3952.76 
			3960.26
91     3   0.004  Deleted: 3875.37 3879.64 3880.19 3900.57 3914.16 3918.07
			3929.66 3931.25 3936.67
92     3   0.005  Deleted: 3839.69 3846.88 3856.35 3862.42 3879.44
93     3   0.003  Deleted: 3831.63 3836.58 3842.89 3846.88
94     3   0.005  Deleted: 3751.02 3753.24 3789.16 3799.38
95     3   0.004  Deleted: 3732.98 3740.85 3749.08 3754.03
96     3   0.006  Deleted: 3680.06 3690.62 3700.98 3715.86 3719.83 3733.67
97     3   0.006  Deleted: 3649.24 3

STOPPING FOR NOW!
98     3   0.006  Deleted: 