# B&C Spectrograph at the Bok 2.3-m
# Added by J. Moustakas on 2011-Jun-08
     3001.670 3  NeII
     3013.700 3   HeI
     3024.050 2 ArIII
     3027.020 3  NeII
     3028.860 3  NeII
     3030.790 3  NeII
     3033.508 3  ArII
     3034.460 3  NeII
     3035.920 3  NeII
     3037.720 3  NeII
     3039.590 3  NeII
     3044.090 3  NeII
     3045.560 3  NeII
     3047.560 3  NeII
     3054.820 2 ArIII
     3059.110 3  NeII
     3075.730 3  NeII
     3088.170 3  NeII
     3093.402 3  ArII
     3094.010 3  NeII
     3095.100 3  NeII
     3097.130 3  NeII
     3141.330 3  NeII
     3143.720 3  NeII
     3164.430 3  NeII
     3165.650 3  NeII
     3187.740 2   HeI
     3188.740 3  NeII
     3194.580 3  NeII
     3198.590 3  NeII
     3203.100 2  HeII
     3218.190 3  NeII
     3224.820 3  NeII
     3229.570 3  NeII
     3243.689 2  ArII
     3248.340 3  NeII
     3250.360 3  NeII
     3285.850 2 ArIII
     3293.640 2  ArII
     3297.730 3  NeII
     3301.880 2 ArIII
     3307.228 2  ArII
     3309.740 3  NeII
     3311.250 2 ArIII
     3319.720 3  NeII
     3323.740 1  NeII
     3327.150 3  NeII
     3329.160 3  NeII
     3334.840 3  NeII
     3336.130 2 ArIII
     3344.400 3  NeII
     3344.720 2 ArIII
     3350.924 2  ArII
     3355.020 3  NeII
     3357.820 3  NeII
     3358.490 2 ArIII
     3360.600 3  NeII
     3367.220 3  NeII
     3371.800 3  NeII
     3376.436 2  ArII
     3378.220 3  NeII
     3388.531 2  ArII
     3391.850 2 ArIII
     3392.800 3  NeII
     3404.820 3  NeII
     3406.950 3  NeII
     3413.150 3  NeII
     3416.910 3  NeII
     3428.690 3  NeII
     3447.703 3   NeI
     3454.195 3   NeI
     3456.610 3  NeII
     3459.320 3  NeII
     3460.524 2   NeI
     3464.339 2   NeI
     3466.579 2   NeI
     3472.571 3   NeI
     3476.747 3  ArII
     3478.232 2  ArII
     3479.520 3  NeII
     3480.550 2 ArIII
     3480.720 3  NeII
     3481.930 3  NeII
     3498.064 2   NeI
     3499.670 2 ArIII
     3501.216 2   NeI
     3503.580 2 ArIII
     3509.778 3  ArII
     3514.388 3  ArII
     3515.191 2   NeI
     3520.472 3   NeI
     3542.850 3  NeII
     3557.800 3  NeII
     3559.508 3  ArII
     3561.030 3  ArII
     3561.200 3  NeII
     3568.500 3  NeII
     3576.616 3  ArII
     3588.441 3  ArII
     3600.169 2   NeI
     3622.138 2  ArII
     3633.665 2   NeI
     3639.833 2  ArII
     3643.930 3  NeII
     3664.070 3  NeII
     3682.243 2   NeI
     3685.736 2   NeI
     3694.210 3  NeII
     3709.620 3  NeII
     3713.080 3  NeII
     3718.206 3  ArII
     3727.110 3  NeII
     3729.309 3  ArII
     3737.889 3  ArII
     3766.260 3  NeII
     3777.130 1  NeII
     3780.840 2  ArII
     3795.370 2 ArIII
     3803.172 2  ArII
     3809.456 3  ArII
     3818.430 3  NeII
     3829.750 3  NeII
     3850.581 3  ArII
     3868.528 3  ArII
     3888.650 3   HeI
     3925.719 3  ArII
     3928.623 3  ArII
     3932.547 2  ArII
     3946.097 3  ArII
     3948.979 3   ArI
     3964.729 2   HeI
     3979.356 2  ArII
     3994.792 3  ArII
     4013.857 3  ArII
     4033.809 3  ArII
     4035.460 2  ArII
     4042.894 3  ArII
     4044.418 3   ArI
     4052.921 3  ArII
     4076.628 2  ArII
     4079.574 3  ArII
     4082.387 2  ArII
     4103.912 3  ArII
     4131.724 3  ArII
     4156.086 3  ArII
     4158.590 3   ArI
     4164.180 3   ArI
     4179.297 3  ArII
     4181.884 3   ArI
     4198.317 3   ArI
     4200.674 3   ArI
     4218.665 2  ArII
     4219.740 3  NeII
     4222.637 2  ArII
     4226.988 2  ArII
     4228.158 3  ArII
     4233.850 3  NeII
     4237.220 3  ArII
     4250.650 3  NeII
     4251.185 2   ArI
     4259.362 3   ArI
     4272.169 3   ArI
     4277.528 3  ArII
     4282.898 2  ArII
     4309.239 3  ArII
     4331.200 3  ArII
     4335.338 3   ArI
     4345.168 2   ArI
     4348.064 3  ArII
     4352.205 3  ArII
     4362.066 2  ArII
     4367.832 3  ArII
     4369.860 3  NeII
     4375.954 3  ArII
     4379.667 3  ArII
     4385.057 3  ArII
     4385.060 3  NeII
     4391.990 3  NeII
     4397.990 3  NeII
     4409.300 3  NeII
     4413.220 3  NeII
     4421.390 3  NeII
     4426.001 3  ArII
     4433.838 3  ArII
     4439.461 2  ArII
     4448.879 3  ArII
     4457.050 3  NeII
     4474.759 3  ArII
     4481.811 3  ArII
     4510.733 3   ArI
     4522.323 2   ArI
     4522.720 3  NeII
     4530.552 2  ArII
     4545.052 3  ArII
     4564.405 2  ArII
     4569.060 3  NeII
     4579.350 3  ArII
     4589.898 3  ArII
     4596.097 2   ArI
     4609.567 3  ArII
     4637.233 3  ArII
     4657.901 3  ArII
     4685.700 2  HeII
     4702.316 2   ArI
     4704.395 2   NeI
     4708.862 2   NeI
     4715.347 2   NeI
     4721.591 2  ArII
     4726.868 3  ArII
     4732.053 3  ArII
     4735.906 3  ArII
     4764.865 3  ArII
     4788.927 2   NeI
     4806.020 3  ArII
     4847.810 3  ArII
     4865.910 3  ArII
     4879.864 3  ArII
     4889.042 3  ArII
     4904.752 2  ArII
     4921.931 2   HeI
     4933.209 3  ArII
     4965.080 3  ArII
     5009.334 3  ArII
     5015.678 3   HeI
     5017.163 3  ArII
     5062.037 3  ArII
     5090.495 2  ArII
     5141.783 3  ArII
     5145.308 3  ArII
     5162.285 2   ArI
     5165.773 2  ArII
     5187.746 2   ArI
     5216.814 2  ArII
     5330.778 2   NeI
     5341.094 2   NeI
     5400.562 3   NeI
     5495.874 2   ArI
     5558.702 2   ArI
     5606.733 3   ArI
     5650.704 2   ArI
     5748.298 2   NeI
     5764.419 3   NeI
     5804.450 2   NeI
     5820.156 3   NeI
     5852.488 3    He
     5852.488 3   NeI
     5872.828 3   NeI
     5875.620 3   HeI
     5875.970 3   HeI
     5881.895 3   NeI
     5882.624 2   ArI
     5888.584 2   ArI
     5902.462 3   NeI
     5906.429 3   NeI
     5912.085 3   ArI
     5928.813 2   ArI
     5944.834 3   NeI
     5965.471 3   NeI
     5987.907 3   NeI
     6029.997 3   NeI
     6032.127 3   ArI
     6043.223 3   ArI
     6059.372 2   ArI
     6074.338 3   NeI
     6096.163 3   NeI
     6114.923 3  ArII
     6128.450 3   NeI
     6143.063 3   NeI
     6163.594 3   NeI
     6172.278 3  ArII
     6182.146 3   NeI
     6217.281 3   NeI
     6243.120 2  ArII
     6266.495 3    He
     6266.495 3   NeI
     6304.789 3   NeI
     6307.657 2   ArI
     6334.428 3   NeI
     6382.992 3   NeI
     6384.717 2   ArI
     6402.246 3   NeI
     6416.307 3   ArI
     6483.082 2  ArII
     6506.528 3   NeI
     6532.882 3   NeI
     6538.112 2   ArI
     6598.953 3   NeI
     6604.853 2   ArI
     6638.221 2  ArII
     6639.740 2  ArII
     6643.698 3  ArII
     6652.093 3   NeI
     6666.359 2  ArII
     6677.282 3   ArI
     6678.150 3   HeI
     6678.276 3   NeI
     6684.293 3  ArII
     6717.043 2   NeI
     6752.834 3   ArI
     6766.612 2   ArI
     6861.269 2  ArII
     6871.289 3   ArI
     6929.467 3   NeI
     6937.664 3   ArI
     6965.431 5   ArI
     7024.050 3   NeI
     7030.251 3   ArI
     7032.413 3   NeI
     7051.292 3   NeI
     7059.107 3   NeI
     7067.218 5   ArI
     7068.736 3   ArI
     7107.478 2   ArI
     7125.820 2   ArI
     7147.042 1   ArI
     7158.839 2   ArI
     7173.938 3   NeI
     7206.980 3   ArI
     7213.200 3  NeII
     7235.190 3  NeII
     7245.167 3   NeI
     7265.172 2   ArI
     7272.936 5   ArI
     7281.350 3   HeI
     7311.716 3   ArI
     7316.005 2   ArI
     7343.940 3  NeII
     7353.293 3   ArI
     7372.118 3   ArI
     7380.426 2  ArII
     7383.980 5   ArI
     7392.980 2   ArI
     7412.337 2   ArI
     7435.368 2   ArI
     7438.899 3    Ne
     7472.439 3   NeI
     7488.871 3   NeI
     7492.100 3  NeII
     7503.869 5   ArI
     7514.652 5   ArI
     7522.820 3  NeII
     7535.774 3   NeI
     7544.044 3   NeI
     7635.106 5   ArI
     7724.628 3   NeI
     7740.740 3  NeII
     7839.055 3   NeI
     7936.996 3   NeI
     7943.181 5   NeI
     7948.176 5   ArI
     8006.157 5   ArI
     8014.786 5   ArI
     8082.458 5   NeI
     8084.340 3  NeII
     8103.693 5   ArI
     8115.311 5   ArI
     8118.549 1   NeI
     8128.911 3   NeI
     8136.406 5   NeI
     8259.379 5   NeI
     8264.522 5   ArI
     8264.810 3  NeII
     8266.077 5   NeI
     8267.117 3   NeI
     8300.326 5   NeI
     8315.000 3  NeII
     8365.749 5   NeI
     8372.110 3  NeII
     8377.606 5   NeI
     8392.270 2   ArI
     8408.210 5   ArI
     8417.159 1   NeI
     8418.427 5   NeI
     8424.648 5   ArI
     8463.358 5   NeI
     8484.444 3   NeI
     8495.360 5   NeI
     8521.442 5   ArI
     8544.696 3   NeI
     8571.352 1   NeI
     8591.259 5   NeI
     8634.647 5   NeI
     8647.041 5   NeI
     8654.383 5   NeI
     8655.522 5   NeI
     8667.944 5   ArI
     8668.260 3  NeII
     8679.492 5   NeI
     8681.921 5   NeI
     8704.112 5   NeI
     8771.656 5   NeI
     8771.860 2  ArII
     8780.621 5   NeI
     8783.753 5   NeI
     8830.907 3   NeI
     8849.910 3   ArI
     8853.867 5   NeI
     8919.501 5   NeI
     8988.570 5   NeI
     9075.394 2   ArI
     9079.460 3  NeII
     9122.967 5   ArI
     9148.670 5   NeI
     9194.638 3   ArI
     9201.760 5   NeI
     9220.060 5   NeI
     9221.580 5   NeI
     9224.499 5   ArI
     9226.690 5   NeI
     9275.520 1   NeI
     9287.560 3  NeII
     9291.531 3   ArI
     9300.850 5   NeI
     9310.580 5   NeI
     9313.970 5   NeI
     9326.510 5   NeI
     9354.220 5   ArI
     9373.310 5   NeI
     9425.380 5   NeI
     9459.210 5   NeI
     9486.680 5   NeI
     9534.160 5   NeI
     9547.400 5   NeI
     9577.010 3  NeII
     9657.786 5   ArI
     9665.420 1   NeI
     9784.503 5   ArI
     9808.860 3  NeII
     10052.06 3   ArI
     10123.60 2  HeII
     10295.42 3   NeI
     10332.72 2   ArI
     10467.18 3  ArII
     10470.05 5   ArI
     10478.03 2   ArI
     10506.50 3   ArI
     10562.41 5   NeI
     10673.57 3   ArI
     10681.77 2   ArI
     10733.87 2   ArI
     10759.16 2   ArI
     10798.07 5   NeI
     10829.09 3   HeI
     10844.48 5   NeI
     11078.87 2   ArI
     11106.46 2   ArI
     11143.02 5   NeI
     11177.53 5   NeI
     11390.43 5   NeI
     11409.13 5   NeI
     11441.83 2   ArI
     11488.11 3   ArI
     11522.75 5   NeI
     11525.02 5   NeI
     11536.34 3   NeI
     11601.54 3   NeI
     11614.08 5   NeI
     11668.71 3   ArI
     11688.00 3   NeI
     11719.49 2   ArI
     11766.79 5   NeI
     11969.12 2   HeI
     11984.91 1   NeI
     12066.33 5   NeI
     12112.33 3   ArI
     12139.74 3   ArI
     12343.39 3   ArI
     12402.83 3   ArI
     12439.32 3   ArI
     12456.12 3   ArI
     12459.39 3   NeI
     12487.66 3   ArI
     12527.52 2   HeI
     12689.20 1   NeI
     12702.28 3   ArI
     12733.42 2   ArI
     12746.23 2   ArI
     12784.99 3   HeI
     12790.57 2   HeI
     12802.74 3   ArI
     12912.01 5   NeI
     12933.19 3   ArI
     12956.66 3   ArI
     13008.26 3   ArI
     13213.99 3   ArI
     13219.24 3   NeI
     13228.11 3   ArI
     13230.90 3   ArI
     13272.64 3   ArI
     13313.21 1   ArI
     13367.11 1   ArI
     13499.41 2   ArI
     13504.19 1   ArI
     13573.62 2   ArI
     13599.33 2   ArI
     13622.66 3   ArI
     13678.55 3   ArI
     13718.58 1   ArI
     14093.64 3   ArI
     15046.50 3   ArI
     15083.64 2   HeI
     15172.69 2   ArI
     15230.71 3   NeI
     15989.49 2   ArI
     16519.86 2   ArI
     16940.58 3   ArI
     17002.47 3   HeI
     17161.93 3   NeI
     18035.80 3   NeI
     18083.21 1   NeI
     18221.11 3   NeI
     18227.02 3   NeI
     18276.68 5   NeI
     18282.62 5   NeI
     18303.97 5   NeI
     18359.12 3   NeI
     18384.85 5   NeI
     18389.95 5   NeI
     18402.84 1   NeI
     18422.39 5   NeI
     18427.76 2   ArI
     18685.34 3   HeI
     18697.23 3   HeI
     19089.38 3   HeI
     19543.08 2   HeI
     20581.30 1   HeI
     20616.23 3   ArI
     20986.11 2   ArI
     21120.07 3   HeI
     21132.03 2   HeI
     23133.20 2   ArI
     23966.52 2   ArI
