3859.9097  1  FeNe
3888.6296  1  HeAr
3947.5000  1  HeAr
4044.3999  1  HeAr
4045.8101  1  FeNe
4131.7202  1  HeAr
4158.5801  1  HeAr
4200.6602  1  HeAr
4259.3501  1  HeAr
4300.1001  1  HeAr
4325.7598  1  FeNe
4333.5601  1  HeAr
4383.5400  1  FeNe
4471.4800  1  HeAr
4510.7300  1  HeAr
4545.0498  1  HeAr
4579.3398  1  HeAr
4589.8901  1  HeAr
4609.5601  1  HeAr
4657.8999  1  HeAr
4713.1401  1  HeAr
4726.8599  1  HeAr
4764.8501  1  HeAr
4806.0200  1  HeAr
4847.7998  1  HeAr
4879.8599  1  HeAr
4920.5000  1  FeNe
4921.9302  1  HeAr
4957.5898  1  FeNe
4965.0698  1  HeAr
5015.6602  1  HeAr
5047.7300  1  HeAr
5062.0298  1  HeAr
5162.2798  1  HeAr
5167.4800  1  FeNe
5187.7402  1  HeAr
5221.2700  1  HeAr
5252.7798  1  HeAr
5269.5298  1  FeNe
5400.5601  1  FeNe
5495.8701  1  HeAr
5606.7300  1  HeAr
5739.5098  1  HeAr
5764.4102  1  FeNe
5852.4800  1  FeNe
5875.9502  1  HeAr
5881.8901  1  FeNe
5912.0801  1  HeAr
5944.8301  1  FeNe
6029.9902  1  FeNe
6032.1001  1  HeAr
6043.2231  1  HeAr
6074.3301  1  FeNe
6096.1602  1  FeNe
6143.0601  1  FeNe
6163.5898  1  FeNe
6172.2700  1  HeAr
6217.2798  1  FeNe
6266.4902  1  FeNe
6304.7798  1  FeNe
6334.4277  1  FeNe
6382.9902  1  FeNe
6402.2461  1  FeNe
6416.2900  1  HeAr
6506.5278  1  FeNe
6532.8799  1  FeNe
6598.9502  1  FeNe
6677.2700  1  HeAr
6678.2998  1  FeNe
6717.0430  1  FeNe
6752.8301  1  HeAr
6871.2900  1  HeAr
6929.4600  1  FeNe
6965.4102  1  HeAr
7032.4102  1  FeNe
7173.9302  1  FeNe
7245.1602  1  FeNe
7383.9800  1  HeAr
7438.8999  1  FeNe
7488.8701  1  FeNe
