# 1 CuAr Line List: 3094A-10470A
# units Angstroms
3093.4019 1 CuAr
3139.0176 1 CuAr
3161.3726 1 CuAr
3169.6685 1 CuAr
3181.0376 1 CuAr
3187.7450 1 CuAr
3204.3210 1 CuAr
3243.6887 1 CuAr
3249.8003 1 CuAr
3281.7016 1 CuAr
3307.2283 1 CuAr
3350.9243 1 CuAr
3376.4359 1 CuAr
3388.5309 1 CuAr
3454.0952 1 CuAr
3476.7474 1 CuAr
3478.2324 1 CuAr
3480.5055 1 CuAr
3499.4765 1 CuAr
3509.7785 1 CuAr
3514.3877 1 CuAr
3519.9936 1 CuAr
3521.2601 1 CuAr
3521.9781 1 CuAr
3535.3196 1 CuAr
3548.5144 1 CuAr
3554.3058 1 CuAr
3556.9041 1 CuAr
3565.0298 1 CuAr
3567.6564 1 CuAr
3576.6156 1 CuAr
3581.6084 1 CuAr
3582.3546 1 CuAr
3588.4407 1 CuAr
3606.5218 1 CuAr
3622.1375 1 CuAr
3637.0310 1 CuAr
3639.8329 1 CuAr
3649.8323 1 CuAr
3650.8896 1 CuAr
3655.2782 1 CuAr
3656.0498 1 CuAr
3659.5289 1 CuAr
3660.437 1 CuAr
3669.6024 1 CuAr
3671.0048 1 CuAr
3673.2645 1 CuAr
3678.2701 1 CuAr
3680.0609 1 CuAr
3682.5448 1 CuAr
3690.8951 1 CuAr
3706.9302 1 CuAr
3709.9088 1 CuAr
3714.7337 1 CuAr
3717.1713 1 CuAr
3718.2065 1 CuAr
3720.4265 1 CuAr
3724.5165 1 CuAr
3729.3087 1 CuAr
3737.889 1 CuAr
3746.4476 1 CuAr
3750.4799 1 CuAr
3753.5177 1 CuAr
3754.0498 1 CuAr
3763.5053 1 CuAr
3765.27 1 CuAr
3766.1186 1 CuAr
3770.52 1 CuAr
3780.8398 1 CuAr
3786.3824 1 CuAr
3796.5934 1 CuAr
3799.382 1 CuAr
3803.1724 1 CuAr
3808.5748 1 CuAr
3809.4561 1 CuAr
3825.6729 1 CuAr
3826.8072 1 CuAr
3834.6787 1 CuAr
3841.5187 1 CuAr
3845.4055 1 CuAr
3850.5813 1 CuAr
3856.1382 1 CuAr
3861.747 1 CuAr
3868.5284 1 CuAr
3872.1371 1 CuAr
3875.2645 1 CuAr
3880.3332 1 CuAr
3891.4017 1 CuAr
3891.9792 1 CuAr
3894.66 1 CuAr
3895.2502 1 CuAr
3900.6266 1 CuAr
3911.576 1 CuAr
3928.6233 1 CuAr
3931.2359 1 CuAr
3932.5466 1 CuAr
3944.2717 1 CuAr
3947.5046 1 CuAr
3948.9789 1 CuAr
3952.7291 1 CuAr
3958.38 1 CuAr
3968.3594 1 CuAr
3974.4766 1 CuAr
3974.759 1 CuAr
3979.3559 1 CuAr
3979.7155 1 CuAr
3988.1576 1 CuAr
3992.0535 1 CuAr
3994.7918 1 CuAr
3999.252 1 CuAr
4001.1379 1 CuAr
4005.3628 1 CuAr
4011.2093 1 CuAr
4013.8566 1 CuAr
4022.629 1 CuAr
4031.3783 1 CuAr
4035.46 1 CuAr
4038.8043 1 CuAr
4042.8937 1 CuAr
4044.4179 1 CuAr
4045.6773 1 CuAr
4045.9654 1 CuAr
4047.4815 1 CuAr
4052.9208 1 CuAr
4054.5258 1 CuAr
4062.641 1 CuAr
4063.238 1 CuAr
4070.7835 1 CuAr
4072.0047 1 CuAr
4072.3849 1 CuAr
4076.6284 1 CuAr
4076.9432 1 CuAr
4082.3872 1 CuAr
4099.4563 1 CuAr
4103.9121 1 CuAr
4112.8153 1 CuAr
4116.3753 1 CuAr
4128.64 1 CuAr
4129.6823 1 CuAr
4131.7235 1 CuAr
4144.2435 1 CuAr
4156.086 1 CuAr
4158.5905 1 CuAr
4164.1795 1 CuAr
4168.9682 1 CuAr
4178.3658 1 CuAr
4179.2973 1 CuAr
4181.8836 1 CuAr
4189.6511 1 CuAr
4190.7129 1 CuAr
4191.0294 1 CuAr
4198.317 1 CuAr
4199.8891 1 CuAr
4200.6745 1 CuAr
4201.5549 1 CuAr
4201.9715 1 CuAr
4203.4109 1 CuAr
4217.4308 1 CuAr
4218.6649 1 CuAr
4222.6373 1 CuAr
4226.6089 1 CuAr
4226.9876 1 CuAr
4228.158 1 CuAr
4229.8696 1 CuAr
4237.2198 1 CuAr
4248.956 1 CuAr
4251.1846 1 CuAr
4255.6034 1 CuAr
4259.3619 1 CuAr
4266.2864 1 CuAr
4266.5271 1 CuAr
4272.1689 1 CuAr
4277.5282 1 CuAr
4282.8976 1 CuAr
4297.9645 1 CuAr
4300.1008 1 CuAr
4300.6495 1 CuAr
4309.2392 1 CuAr
4331.1995 1 CuAr
4332.0297 1 CuAr
4333.5612 1 CuAr
4335.3379 1 CuAr
4337.0708 1 CuAr
4338.2314 1 CuAr
4345.168 1 CuAr
4345.8966 1 CuAr
4348.064 1 CuAr
4352.2049 1 CuAr
4362.0662 1 CuAr
4363.7945 1 CuAr
4367.8316 1 CuAr
4370.7532 1 CuAr
4371.329 1 CuAr
4372.49 1 CuAr
4374.8579 1 CuAr
4375.9542 1 CuAr
4379.6668 1 CuAr
4382.928 1 CuAr
4383.7535 1 CuAr
4385.0566 1 CuAr
4386.9656 1 CuAr
4397.7971 1 CuAr
4400.0968 1 CuAr
4400.9863 1 CuAr
4401.755 1 CuAr
4404.9022 1 CuAr
4406.4704 1 CuAr
4420.9124 1 CuAr
4423.9944 1 CuAr
4426.0011 1 CuAr
4430.189 1 CuAr
4430.9963 1 CuAr
4433.838 1 CuAr
4438.1175 1 CuAr
4439.4614 1 CuAr
4439.8793 1 CuAr
4440.1216 1 CuAr
4445.8483 1 CuAr
4448.4597 1 CuAr
4448.8792 1 CuAr
4449.5206 1 CuAr
4460.5574 1 CuAr
4474.7594 1 CuAr
4480.35 1 CuAr
4481.8107 1 CuAr
4490.9816 1 CuAr
4498.5384 1 CuAr
4502.9268 1 CuAr
4507.8339 1 CuAr
4509.374 1 CuAr
4510.7332 1 CuAr
4522.323 1 CuAr
4530.5523 1 CuAr
4530.785 1 CuAr
4535.4903 1 CuAr
4537.6426 1 CuAr
4543.8692 1 CuAr
4545.0519 1 CuAr
4547.7589 1 CuAr
4561.0128 1 CuAr
4563.7429 1 CuAr
4564.4054 1 CuAr
4579.3495 1 CuAr
4589.8978 1 CuAr
4596.0967 1 CuAr
4598.7627 1 CuAr
4609.5673 1 CuAr
4628.4409 1 CuAr
4637.2328 1 CuAr
4651.124 1 CuAr
4657.9012 1 CuAr
4682.2759 1 CuAr
4702.3161 1 CuAr
4721.5910 1 CuAr
4726.8683 1 CuAr
4732.0532 1 CuAr
4735.9058 1 CuAr
4764.8646 1 CuAr
4806.0205 1 CuAr
4847.8095 1 CuAr
4865.9105 1 CuAr
4876.2611 1 CuAr
4879.8635 1 CuAr
4882.2432 1 CuAr
4888.2612 1 CuAr
4889.0422 1 CuAr
4904.7516 1 CuAr
4914.3146 1 CuAr
4933.2091 1 CuAr
4942.9214 1 CuAr
4965.0795 1 CuAr
4972.1597 1 CuAr
5009.3344 1 CuAr
5017.1628 1 CuAr
5062.0371 1 CuAr
5090.4951 1 CuAr
5118.2023 1 CuAr
5125.7654 1 CuAr
5141.7827 1 CuAr
5145.3083 1 CuAr
5151.3907 1 CuAr
5162.2846 1 CuAr
5165.7728 1 CuAr
5176.2292 1 CuAr
5187.7462 1 CuAr
5216.8139 1 CuAr
5218.2020 1 CuAr
5221.2710 1 CuAr
5254.4648 1 CuAr
5421.3517 1 CuAr
5439.9891 1 CuAr
5442.2427 1 CuAr
5443.6893 1 CuAr
5451.6520 1 CuAr
5457.4157 1 CuAr
5467.1608 1 CuAr
5473.4516 1 CuAr
5490.1194 1 CuAr
5495.8738 1 CuAr
5498.1841 1 CuAr
5506.1128 1 CuAr
5524.9570 1 CuAr
5558.7020 1 CuAr
5572.5413 1 CuAr
5577.6845 1 CuAr
5581.8714 1 CuAr
5588.7200 1 CuAr
5597.4756 1 CuAr
5601.1216 1 CuAr
5606.7330 1 CuAr
5641.3751 1 CuAr
5648.6863 1 CuAr
5650.7043 1 CuAr
5659.1272 1 CuAr
5681.9001 1 CuAr
5691.6612 1 CuAr
5700.8730 1 CuAr
5738.3869 1 CuAr
5739.5196 1 CuAr
5772.1143 1 CuAr
5774.0087 1 CuAr
5783.5360 1 CuAr
5802.0798 1 CuAr
5834.2633 1 CuAr
5860.3103 1 CuAr
5882.6242 1 CuAr
5888.5841 1 CuAr
5912.0853 1 CuAr
5916.5992 1 CuAr
5927.1258 1 CuAr
5928.8130 1 CuAr
5942.6686 1 CuAr
5949.2583 1 CuAr
5971.6008 1 CuAr
5998.9987 1 CuAr
6005.7242 1 CuAr
6013.6777 1 CuAr
6025.1500 1 CuAr
6032.1274 1 CuAr
6043.2233 1 CuAr
6046.8977 1 CuAr
6052.7229 1 CuAr
6059.3725 1 CuAr
6064.7508 1 CuAr
6081.2433 1 CuAr
6085.8797 1 CuAr
6090.7848 1 CuAr
6098.8031 1 CuAr
6101.1615 1 CuAr
6103.5390 1 CuAr
6105.6351 1 CuAr
6113.4657 1 CuAr
6114.9234 1 CuAr
6119.6565 1 CuAr
6123.3619 1 CuAr
6127.4160 1 CuAr
6128.7227 1 CuAr
6145.4411 1 CuAr
6155.2385 1 CuAr
6165.1232 1 CuAr
6170.1740 1 CuAr
6173.0964 1 CuAr
6174.4032 1 CuAr
6212.5031 1 CuAr
6215.9383 1 CuAr
6243.1201 1 CuAr
6296.8722 1 CuAr
6307.6570 1 CuAr
6333.1459 1 CuAr CuAr
6357.0229 1 CuAr
6364.8937 1 CuAr
6369.5748 1 CuAr
6384.7169 1 CuAr
6396.6097 1 CuAr
6399.2065 1 CuAr
6403.0128 1 CuAr
6416.3071 1 CuAr
6418.3703 1 CuAr
6431.5550 1 CuAr
6437.6003 1 CuAr
6441.8994 1 CuAr
6443.8598 1 CuAr
6466.5526 1 CuAr
6468.0483 1 CuAr
6472.4294 1 CuAr
6481.1453 1 CuAr
6483.0825 1 CuAr
6493.9694 1 CuAr
6499.1061 1 CuAr
6538.1120 1 CuAr
6604.8534 1 CuAr
6620.9665 1 CuAr
6632.0837 1 CuAr
6638.2207 1 CuAr
6639.7403 1 CuAr
6643.6976 1 CuAr
6656.9386 1 CuAr
6660.6761 1 CuAr
6664.0510 1 CuAr
6666.3588 1 CuAr
6677.2817 1 CuAr
6684.2929 1 CuAr
6719.2184 1 CuAr CuAr
6752.8335 1 CuAr
6756.1631 1 CuAr
6766.6117 1 CuAr
6827.2488 1 CuAr
6861.2688 1 CuAr
6863.5350 1 CuAr
6871.2891 1 CuAr
6879.5824 1 CuAr
6888.1742 1 CuAr
6937.6642 1 CuAr
6951.4776 1 CuAr
6965.4307 1 CuAr
7030.2514 1 CuAr
7067.2181 1 CuAr
7147.0416 1 CuAr
7206.9804 1 CuAr
7272.9359 1 CuAr
7311.7159 1 CuAr
7353.2930 1 CuAr
7372.1184 1 CuAr
7383.9805 1 CuAr
7503.8691 1 CuAr
7514.6518 1 CuAr
7635.1060 1 CuAr
7723.7611 1 CuAr
7724.2072 1 CuAr
7948.1764 1 CuAr CuAr
8006.1567 1 CuAr
8014.7857 1 CuAr
8103.6931 1 CuAr
8115.311 1 CuAr
8264.5225 1 CuAr
8408.2096 1 CuAr
8424.6475 1 CuAr
8521.4422 1 CuAr
8667.9442 1 CuAr
9122.9674 1 CuAr
9224.4992 1 CuAr
9354.2198 1 CuAr
9657.7863 1 CuAr
9784.5028 1 CuAr
10470.0535 1 CuAr
3888.6456   592  HeI   582.475
3964.7285    52 HeI   684.413
  4026.191  1 He I
  4026.36   1 He I
4387.9291    58 HeI  1250.992
  4471.479  1 He I
  4471.68   5 He I
  4552.000  2 UK
  4713.146  5 He I
  4921.931  5 He I
  4933.000  2 UK
  5015.678  5 He I
5047.7384    90  HeI  2131.514
  5117.000  2 UK
  5144.000  2 UK
  5152.000  2 UK
  5161.000  2 UK
  5189.000  2 UK
  5330.000  2 UK
  5342.000  2 UK
  5401.000  2 UK
  5537.000  2 UK
  5852.488  5 Ne I
  5875.62   1 He I
  5875.97   1 He I
  5881.895  3 Ne I
  5944.834  3 Ne I
  5974.627  1 Ne I
  5975.534  1 Ne I
  6029.997  3 Ne I
  6074.338  3 Ne I
  6096.163  3 Ne I
  6143.063  5 Ne I
  6163.594  3 Ne I
  6217.281  3 Ne I
  6266.495  3 Ne I
  6304.789  3 Ne I
  6334.428  3 Ne I
  6382.992  3 Ne I
  6402.246  3 Ne I
  6438.100  2 UK
  6506.528  3 Ne I
  6532.882  3 Ne I 
  6598.953  3 Ne I
  6678.276  1 Ne I
  6678.149  1 He I
  6717.043  3 Ne I
  6929.467  3 Ne I
  7024.050  1 Ne I
  7032.413  1 Ne I
  7065.19   1 He I
  7065.71   1 He I
  7173.938  3 Ne I
  7245.167  3 Ne I
  7383.9805 1 Ar I
  7438.90   3 Ne I
  7488.871  3 Ne I
  7503.8691 3 Ar I
  7514.6518 3 Ar I
  7535.774  3 Ne I
  7544.0443 1 Ne I
  7635.106  2 Ar I
  7723.761  1 Ar I
  7724.207  1 Ar I
  7948.176  1 Ar I
  8006.157  1 Ar I
  8014.786  3 Ar I
  8082.457  1 Ne I
  8103.693  3 Ar I
  8115.311  1 Ar I
  8118.549  3 Ne I
  8128.911  1 Ne I
  8136.406  1 Ne I  
  8264.522  1 Ar I
  8300.326  3 Ne I
  8377.6065 3 Ne I
  8408.2096 3 Ar I
  8417.159  1 Ne I
  8418.427  1 Ne I
  8424.6475 1 Ar I
  8495.3598 3 Ne I
  8521.4422 3 Ar I
  8591.2583 3 Ne I
  8634.647  3 Ne I
  8654.3831 3 Ne I
  8679.492  1 Ne I
  8681.921  1 Ne I
  8780.621  1 Ne I
  8783.753  1 Ne I
  8853.867  3 Ne I
  8865.306  1 Ne I
  8865.755  1 Ne I
  9122.9674 3 Ar I
  9148.67   1 Ne I
  9226.69   1 Ne I
  9665.424  3 Ne I
