 3803.1724  1 CuAr
 3808.5747  1 CuAr
 3809.4561  1 CuAr
 3819.0159  1 CuAr
 3825.6729  1 CuAr
 3826.8071  1 CuAr
 3834.6787  1 CuAr
 3841.5188  1 CuAr
 3844.7312  1 CuAr
 3845.4055  1 CuAr
 3850.5813  1 CuAr
 3856.1382  1 CuAr
 3861.7471  1 CuAr
 3868.5283  1 CuAr
 3872.1372  1 CuAr
 3875.2644  1 CuAr
 3880.3333  1 CuAr
 3891.4016  1 CuAr
 3891.9792  1 CuAr
 3894.6599  1 CuAr
 3895.2502  1 CuAr
 3900.6267  1 CuAr
 3911.5759  1 CuAr
 3914.7676  1 CuAr
 3925.7188  1 CuAr
 3926.0457  1 CuAr
 3928.6233  1 CuAr
 3931.2358  1 CuAr
 3932.5466  1 CuAr
 3944.2717  1 CuAr
 3946.0972  1 CuAr
 3947.5046  1 CuAr
 3948.9790  1 CuAr
 3952.7290  1 CuAr
 3958.3799  1 CuAr
 3968.3594  1 CuAr
 3974.4766  1 CuAr
 3974.7590  1 CuAr
 3979.3560  1 CuAr
 3979.7156  1 CuAr
 3988.1577  1 CuAr
 3992.0535  1 CuAr
 3994.7917  1 CuAr
 3999.2520  1 CuAr
 4001.1379  1 CuAr
 4005.3628  1 CuAr
 4011.2092  1 CuAr
 4013.8567  1 CuAr
 4019.8430  1 CuAr
 4022.6289  1 CuAr
 4031.3784  0 CuAr
 4033.8093  0 CuAr
 4035.4600  0 CuAr
 4038.8042  0 CuAr
 4042.8938  1 CuAr
 4044.4180  1 CuAr
 4045.6772  0 CuAr
 4045.9653  0 CuAr
 4047.4814  0 CuAr
 4052.9209  5 CuAr
 4054.5259  1 CuAr
 4062.6411  1 CuAr
 4063.2380  5 CuAr
 4070.7834  1 CuAr
 4072.0046  5 CuAr
 4072.3850  1 CuAr
 4076.6284  0 CuAr
 4076.9431  0 CuAr
 4079.5737  5 CuAr
 4082.3872  1 CuAr
 4099.4565  1 CuAr
 4103.9121  5 CuAr
 4112.8154  1 CuAr
 4116.3755  1 CuAr
 4128.6401  1 CuAr
 4129.6821  1 CuAr
 4131.7236  5 CuAr
 4144.2437  1 CuAr
 4156.0859  1 CuAr
 4158.5903  5 CuAr
 4164.1797  5 CuAr
 4168.9683  1 CuAr
 4178.3657  1 CuAr
 4179.2974  1 CuAr
 4181.8838  5 CuAr
 4189.6509  0 CuAr
 4190.7129  0 CuAr
 4191.0293  0 CuAr
 4198.3169  5 CuAr
 4199.8892  1 CuAr
 4200.6743  5 CuAr
 4201.5547  0 CuAr
 4201.9717  1 CuAr
 4203.4111  1 CuAr
 4216.2539  0 CuAr
 4217.4307  0 CuAr
 4218.6650  1 CuAr
 4222.6372  1 CuAr
 4226.6089  1 CuAr
 4226.9878  1 CuAr
 4228.1582  1 CuAr
 4229.8696  1 CuAr
 4237.2197  5 CuAr
 4240.8262  1 CuAr
 4248.9561  1 CuAr
 4251.1846  1 CuAr
 4255.6035  1 CuAr
 4259.3618  5 CuAr
 4266.2866  1 CuAr
 4266.5273  1 CuAr
 4272.1689  5 CuAr
 4277.5283  5 CuAr
 4282.8975  0 CuAr
 4297.9644  1 CuAr
 4300.1006  5 CuAr
 4300.6494  1 CuAr
 4309.2393  5 CuAr
 4331.1997  5 CuAr
 4332.0298  0 CuAr
 4333.5610  5 CuAr
 4335.3379  1 CuAr
 4337.0708  1 CuAr
 4338.2314  1 CuAr
 4345.1680  0 CuAr
 4345.8965  0 CuAr
 4348.0640  5 CuAr
 4352.2051  0 CuAr
 4362.0664  0 CuAr
 4363.7944  1 CuAr
 4367.8315  1 CuAr
 4370.7534  1 CuAr
 4371.3291  1 CuAr
 4372.4902  1 CuAr
 4374.8579  1 CuAr
 4375.9541  1 CuAr
 4379.6670  1 CuAr
 4382.9282  1 CuAr
 4383.7534  1 CuAr
 4385.0566  1 CuAr
 4386.9658  1 CuAr
 4397.7969  1 CuAr
 4400.0967  1 CuAr
 4400.9863  1 CuAr
 4401.7549  1 CuAr
 4404.9023  1 CuAr
 4406.4702  1 CuAr
 4420.9126  1 CuAr
 4423.9946  1 CuAr
 4426.0010  1 CuAr
 4430.1890  1 CuAr
 4430.9961  1 CuAr
 4433.8379  1 CuAr
 4438.1177  1 CuAr
 4439.4614  1 CuAr
 4439.8794  0 CuAr
 4440.1216  1 CuAr
 4445.8481  1 CuAr
 4448.4595  1 CuAr
 4448.8794  1 CuAr
 4449.5205  1 CuAr
 4460.5576  1 CuAr
 4471.3760  1 CuAr
 4474.7593  1 CuAr
 4480.3501  1 CuAr
 4481.8105  1 CuAr
 4490.9814  1 CuAr
 4498.5386  1 CuAr
 4502.9268  1 CuAr
 4507.8340  1 CuAr
 4509.3740  1 CuAr
 4510.7334  1 CuAr
 4522.3232  1 CuAr
 4530.5522  1 CuAr
 4530.7852  1 CuAr
 4535.4902  1 CuAr
 4537.6426  1 CuAr
 4543.8691  1 CuAr
 4545.0518  1 CuAr
 4547.7588  1 CuAr
 4554.3242  1 CuAr
 4561.0127  1 CuAr
 4563.7427  1 CuAr
 4564.4053  1 CuAr
 4579.3496  1 CuAr
 4589.8979  1 CuAr
 4596.0967  1 CuAr
 4598.7627  1 CuAr
 4609.5674  1 CuAr
 4628.4409  1 CuAr
 4637.2329  1 CuAr
 4647.9702  1 CuAr
 4651.1240  0 CuAr
 4657.9014  1 CuAr
 4682.2759  1 CuAr
 4702.3159  1 CuAr
 4721.5908  1 CuAr
 4726.8682  1 CuAr
 4732.0532  1 CuAr
 4735.9058  1 CuAr
 4752.9390  1 CuAr
 4764.8647  1 CuAr
 4806.0205  1 CuAr
 4847.8096  1 CuAr
 4865.9106  1 CuAr
 4876.2612  1 CuAr
 4879.8633  1 CuAr
 4882.2432  1 CuAr
 4888.2612  0 CuAr
 4889.0420  0 CuAr
 4902.1011  1 CuAr
 4904.7515  1 CuAr
 4914.3145  1 CuAr
 4933.2090  1 CuAr
 4942.9214  1 CuAr
 4965.0796  1 CuAr
 4972.1597  1 CuAr
 5009.3345  1 CuAr
 5017.1626  1 CuAr
 5048.8115  1 CuAr
 5054.1758  1 CuAr
 5062.0371  1 CuAr
 5087.0840  1 CuAr
 5090.4951  1 CuAr
 5118.2021  1 CuAr
 5125.7656  1 CuAr
 5141.7827  1 CuAr
 5145.3081  1 CuAr
 5151.3906  1 CuAr
 5162.2847  1 CuAr
 5165.7729  1 CuAr
 5176.2290  1 CuAr
 5177.5352  1 CuAr
 5187.7461  1 CuAr
 5208.0698  1 CuAr
 5216.8140  0 CuAr
 5218.2021  1 CuAr
 5221.2710  1 CuAr
 5241.0928  1 CuAr
 5252.8100  1 CuAr
 5254.4648  1 CuAr
 5345.8000  1 CuAr
 5373.4941  1 CuAr
 5410.4731  1 CuAr
 5421.3516  1 CuAr
 5439.9893  1 CuAr
 5442.2427  0 CuAr
 5443.6895  0 CuAr
 5451.6519  0 CuAr
 5457.4155  0 CuAr
 5467.1606  0 CuAr
 5473.4517  1 CuAr
 5490.1196  1 CuAr
 5495.8740  1 CuAr
 5498.1841  1 CuAr
 5506.1128  1 CuAr
 5524.9570  1 CuAr
 5558.7021  1 CuAr
 5572.5415  1 CuAr
 5577.6846  1 CuAr
 5581.8716  1 CuAr
 5588.7202  1 CuAr
 5597.4756  1 CuAr
 5601.1216  1 CuAr
 5606.7329  1 CuAr
 5641.3750  1 CuAr
 5648.6865  1 CuAr
 5650.7041  1 CuAr
 5659.1274  1 CuAr
 5681.8999  1 CuAr
 5691.6611  1 CuAr
 5700.8730  1 CuAr
 5738.3867  1 CuAr
 5739.5195  1 CuAr
 5772.1143  1 CuAr
 5774.0088  1 CuAr
 5783.5361  1 CuAr
 5802.0796  1 CuAr
 5834.2632  1 CuAr
 5860.3101  1 CuAr
 5882.6240  1 CuAr
 5888.5840  1 CuAr
 5912.0854  1 CuAr
 5916.5991  1 CuAr
 5927.1260  1 CuAr
 5928.8130  1 CuAr
 5942.6685  0 CuAr
 5949.2583  1 CuAr
 5971.6006  1 CuAr
 5997.1602  1 CuAr
 5998.9985  1 CuAr
 6005.7241  1 CuAr
 6013.6777  1 CuAr
 6025.1499  1 CuAr
 6032.1274  1 CuAr
 6043.2231  1 CuAr
 6046.8975  1 CuAr
 6052.7227  1 CuAr
 6059.3726  1 CuAr
 6064.7510  1 CuAr
 6081.2432  1 CuAr
 6085.8799  1 CuAr
 6090.7847  1 CuAr
 6098.8032  0 CuAr
 6101.1616  1 CuAr
 6103.5391  0 CuAr
 6105.6353  1 CuAr
 6113.4658  1 CuAr
 6114.9233  1 CuAr
 6119.6567  0 CuAr
 6123.3618  0 CuAr
 6127.4160  0 CuAr
 6128.7227  0 CuAr
 6145.4409  1 CuAr
 6155.2383  1 CuAr
 6165.1230  1 CuAr
 6170.1738  1 CuAr
 6173.0962  1 CuAr
 6174.4033  1 CuAr
 6212.5029  1 CuAr
 6215.9385  0 CuAr
 6243.1201  1 CuAr
 6248.4053  1 CuAr
 6296.8721  1 CuAr
 6307.6572  1 CuAr
 6333.1460  1 CuAr
 6357.0229  1 CuAr
 6364.8936  1 CuAr
 6369.5747  1 CuAr
 6384.7168  0 CuAr
 6396.6099  0 CuAr
 6399.2065  0 CuAr
 6403.0127  1 CuAr
 6416.3071  1 CuAr
 6418.3701  0 CuAr
 6431.5552  1 CuAr
 6437.6001  1 CuAr
 6441.8994  1 CuAr
 6443.8599  1 CuAr
 6466.5527  1 CuAr
 6468.0483  1 CuAr
 6472.4292  1 CuAr
 6481.1455  1 CuAr
 6483.0825  1 CuAr
 6493.9692  0 CuAr
 6499.1060  0 CuAr
 6538.1118  1 CuAr
 6604.8535  1 CuAr
 6620.9663  1 CuAr
 6632.0835  1 CuAr
 6638.2207  1 CuAr
 6639.7402  1 CuAr
 6643.6978  1 CuAr
 6656.9385  1 CuAr
 6660.6763  1 CuAr
 6664.0508  1 CuAr
 6666.3589  1 CuAr
 6677.2817  1 CuAr
 6684.2930  1 CuAr
 6698.8740  1 CuAr
 6719.2183  1 CuAr
 6752.8335  1 CuAr
 6756.1631  1 CuAr
 6766.6118  1 CuAr
 6827.2490  1 CuAr
 6861.2690  1 CuAr
 6863.5352  1 CuAr
 6871.2891  1 CuAr
 6879.5825  1 CuAr
 6888.1743  1 CuAr
 6937.6641  1 CuAr
 6951.4775  1 CuAr
 6960.2500  1 CuAr
 6965.4307  1 CuAr
 6992.2124  1 CuAr
 7030.2515  0 CuAr
 7067.2183  1 CuAr
 7147.0415  1 CuAr
 7125.8198  1 CuAr
 7206.9805  1 CuAr
 7235.3682  1 CuAr
 7272.9360  1 CuAr
 7311.7158  1 CuAr
 7353.2930  1 CuAr
 7372.1182  1 CuAr
 7383.9805  1 CuAr
 7503.8691  1 CuAr
 7514.6519  1 CuAr
 7635.1060  1 CuAr
 7723.7612  0 CuAr
 7724.2070  1 CuAr
 7948.1763  1 CuAr
 8006.1567  1 CuAr
 8014.7856  1 CuAr
 8103.6929  1 CuAr
 8115.3110  1 CuAr
 8264.5225  0 CuAr
 8408.2100  1 CuAr
 8424.6475  1 CuAr
 8521.4424  1 CuAr
 8667.9443  1 CuAr
 9122.9678  1 CuAr
 9224.4990  1 CuAr
 9354.2197  1 CuAr
 9657.7861  1 CuAr
 9784.5029  0 CuAr
10470.0537  1 CuAr
 4046.56    5 HgNe
 4077.83    5 HgNe
 4108.0498  1 HgNe
 4339.2202  1 HgNe
 4347.4902  1 HgNe
 4358.3301  5 HgNe
 4339.2202  1 HgNe
 4347.4902  1 HgNe
 4358.3301  1 HgNe
 4704.3950  1 HgNe
 4708.8594  1 HgNe
 4710.0669  1 HgNe
 4712.0640  1 HgNe
 4715.3452  1 HgNe
 4752.7314  1 HgNe
 4788.9253  1 HgNe
 4790.2173  1 HgNe
 4837.3125  1 HgNe
 4884.9185  1 HgNe
 4916.0698  1 HgNe
 4957.0337  1 HgNe
 5031.3491  1 HgNe
 5037.7510  1 HgNe
 5080.3848  1 HgNe
 5113.6724  1 HgNe
 5116.5029  1 HgNe
 5122.2568  1 HgNe
 5122.3511  1 HgNe
 5144.9375  1 HgNe
 5145.0322  1 HgNe
 5188.6128  1 HgNe
 5222.3516  1 HgNe
 5234.0273  1 HgNe
 5298.1895  0 HgNe
 5326.3965  1 HgNe
 5330.7773  1 HgNe
 5341.0938  0 HgNe
 5343.2837  0 HgNe
 5400.5620  1 HgNe
 5460.7402  1 HgNe
 5116.5029  1 HgNe
 5120.6401  1 HgNe
 5122.2568  1 HgNe
 5122.3511  1 HgNe
 5137.9399  1 HgNe
 5144.9375  1 HgNe
 5145.0322  1 HgNe
 5188.6128  1 HgNe
 5193.1250  1 HgNe
 5193.2222  1 HgNe
 5203.8955  0 HgNe
 5290.7402  1 HgNe
 5298.1895  1 HgNe
 5316.7798  1 HgNe
 5326.3965  1 HgNe
 5330.7773  0 HgNe
 5341.0938  0 HgNe
 5343.2837  0 HgNe
 5349.2026  0 HgNe
 5354.0498  0 HgNe
 5355.1626  0 HgNe
 5355.4224  0 HgNe
 5360.0107  0 HgNe
 5384.6299  1 HgNe
 5400.5620  1 HgNe
 5412.6484  1 HgNe
 5418.5591  1 HgNe
 5433.6509  1 HgNe
 5448.5098  1 HgNe
 5460.7402  1 HgNe
 5549.6299  1 HgNe
 5562.4424  1 HgNe
 5562.7666  1 HgNe
 5652.5674  1 HgNe
 5656.6587  1 HgNe
 5662.5488  1 HgNe
 5675.8599  1 HgNe
 5689.8159  1 HgNe
 5718.8828  1 HgNe
 5719.2256  1 HgNe
 5748.2988  1 HgNe
 5760.5898  1 HgNe
 5764.4189  1 HgNe
 5769.6001  1 HgNe
 5789.6602  1 HgNe
 5790.6602  1 HgNe
 5803.7798  1 HgNe
 5804.4492  1 HgNe
 5811.4072  1 HgNe
 5820.1558  1 HgNe
 5852.4878  1 HgNe
 5859.2500  1 HgNe
 5871.9800  1 HgNe
 5872.8271  1 HgNe
 5881.8950  1 HgNe
 5902.4619  1 HgNe
 5906.4277  1 HgNe
 5913.6323  0 HgNe
 5918.9082  1 HgNe
 5944.8340  1 HgNe
 5961.6245  1 HgNe
 5965.4717  1 HgNe
 5974.6284  1 HgNe
 5975.5342  1 HgNe
 5656.6587  1 HgNe
 5675.8599  1 HgNe
 5689.8159  1 HgNe
 5718.8828  1 HgNe
 5719.2256  1 HgNe
 5748.2988  1 HgNe
 5764.4189  1 HgNe
 5769.6001  1 HgNe
 5789.6602  1 HgNe
 5790.6602  1 HgNe
 5803.7798  1 HgNe
 5804.4492  1 HgNe
 5811.4072  1 HgNe
 5820.1558  1 HgNe
 5852.4878  1 HgNe
 5872.8271  1 HgNe
 5881.8950  1 HgNe
 5913.6323  1 HgNe
 5918.9082  1 HgNe
 5944.8340  1 HgNe
 5965.4717  1 HgNe
 5974.6284  1 HgNe
 5975.5342  1 HgNe
 5987.9072  1 HgNe
 6000.9263  1 HgNe
 6029.9971  1 HgNe
 6074.3379  1 HgNe
 6096.1631  1 HgNe
 6128.4497  1 HgNe
 6142.5054  1 HgNe
 6143.0625  1 HgNe
 6150.2979  1 HgNe
 6163.5938  1 HgNe
 6182.1479  1 HgNe
 6205.7783  1 HgNe
 6213.8774  1 HgNe
 6217.2812  1 HgNe
 6246.7280  1 HgNe
 6258.7900  1 HgNe
 6266.4951  1 HgNe
 6293.7456  1 HgNe
 6304.7891  1 HgNe
 6313.6895  1 HgNe
 6328.1655  1 HgNe
 6330.8945  1 HgNe
 6334.4277  1 HgNe
 6351.8564  1 HgNe
 6364.9976  1 HgNe
 6382.9917  1 HgNe
 6401.0762  1 HgNe
 6402.2461  1 HgNe
 6409.7500  1 HgNe
 6421.7070  1 HgNe
 6444.7104  1 HgNe
 6506.5283  1 HgNe
 6532.8823  1 HgNe
 6598.9531  1 HgNe
 6602.9038  0 HgNe
 6652.0928  1 HgNe
 6666.8926  1 HgNe
 6678.2764  1 HgNe
 6716.4302  1 HgNe
 6717.0430  1 HgNe
 6907.5200  1 HgNe
 6929.4673  1 HgNe
 7024.0503  1 HgNe
 7032.4131  1 HgNe
 7051.2925  0 HgNe
 7059.1074  1 HgNe
 7081.8999  1 HgNe
 7091.8599  1 HgNe
 7112.3105  1 HgNe
 7173.9380  1 HgNe
 7245.1665  1 HgNe
 7304.8442  1 HgNe
 7438.8984  1 HgNe
 7472.4385  1 HgNe
 7488.8711  1 HgNe
 7535.7739  1 HgNe
 7544.0444  1 HgNe
 7724.6279  1 HgNe
 7728.8198  1 HgNe
 7833.0303  1 HgNe
 7839.0547  1 HgNe
 7839.9893  1 HgNe
 7927.1177  1 HgNe
 7936.9961  1 HgNe
 7943.1816  1 HgNe
 7944.1411  1 HgNe
 8024.0498  1 HgNe
 8041.7598  1 HgNe
 8076.0698  1 HgNe
 8082.4580  1 HgNe
 8093.1099  1 HgNe
 8118.5493  1 HgNe
 8128.9106  1 HgNe
 8136.4058  1 HgNe
 8082.4580  1 HgNe
 8118.5493  1 HgNe
 8128.9106  1 HgNe
 8136.4058  1 HgNe
 8259.3789  1 HgNe
 8266.0771  0 HgNe
 8267.1162  0 HgNe
 8300.3262  1 HgNe
 8365.7480  1 HgNe
 8377.6064  1 HgNe
 8418.4277  1 HgNe
 8463.3574  1 HgNe
 8484.4434  1 HgNe
 8495.3594  1 HgNe
 8544.6953  1 HgNe
 8571.3525  1 HgNe
 8582.9023  1 HgNe
 8591.2588  1 HgNe
 8634.6475  1 HgNe
 8647.0410  1 HgNe
 8654.3828  1 HgNe
 8679.4922  1 HgNe
 8681.9209  1 HgNe
 8704.1113  1 HgNe
 8767.5361  1 HgNe
 8771.6562  0 HgNe
 8780.6211  1 HgNe
 8782.0010  1 HgNe
 8783.7529  1 HgNe
 8792.5049  1 HgNe
 8830.9072  0 HgNe
 8853.8672  1 HgNe
 8865.3066  1 HgNe
 8865.7549  1 HgNe
 8919.5010  1 HgNe
 8988.5566  1 HgNe
 9148.6719  1 HgNe
 9201.7588  1 HgNe
 9220.0586  1 HgNe
 9221.5801  1 HgNe
 9226.6904  1 HgNe
 9275.5195  1 HgNe
 9300.8525  0 HgNe
 9310.5840  1 HgNe
 9313.9727  1 HgNe
 9326.5068  1 HgNe
 9373.3076  1 HgNe
 9340.5400  1 HgNe
 9353.2500  1 HgNe
 9373.3076  1 HgNe
 9425.3789  1 HgNe
 9459.2100  1 HgNe
 9486.6816  1 HgNe
 9534.1631  1 HgNe
 9547.4053  1 HgNe
 9665.4199  1 HgNe
10139.7500  1 HgNe
10562.4072  1 HgNe
10798.0430  1 HgNe
10844.4775  1 HgNe
 4582.7471  1   Xe
 4624.2759  1   Xe
 4671.2261  1   Xe
 4501.0000  1   Xe
 4524.6812  1   Xe
 4582.7471  1   Xe
 4624.2759  1   Xe
 4671.2261  1   Xe
 4734.1519  1   Xe
 4792.6191  1   Xe
 4807.0190  1   Xe
 4829.7090  1   Xe
 4843.2939  1   Xe
 4916.5078  1   Xe
 4923.1519  1   Xe
 5028.2798  1   Xe
 4807.0200  1   Xe
 4829.7100  1   Xe
 4843.2900  1   Xe
 4916.5098  1   Xe
 4923.1519  1   Xe
 5028.2798  1   Xe
 5392.7998  1   Xe
 5566.6201  1   Xe
 5695.7500  1   Xe
 5823.8901  1   Xe
 5824.7998  1   Xe
 5875.0200  1   Xe
 5894.9902  1   Xe
 5934.1699  1   Xe
 5695.7500  1   Xe
 5823.8901  1   Xe
 5824.7998  1   Xe
 5875.0200  1   Xe
 5894.9902  1   Xe
 5934.1699  1   Xe
 6178.2998  1   Xe
 6179.6602  1   Xe
 6182.4199  1   Xe
 6198.2598  1   Xe
 6286.0098  1   Xe
 6318.0620  1   Xe
 6469.7051  1   Xe
 6472.8398  1   Xe
 6487.7598  1   Xe
 6498.7202  1   Xe
 6504.1802  1   Xe
 6533.1602  1   Xe
 6286.0098  1   Xe
 6318.0620  1   Xe
 6469.7051  1   Xe
 6472.8398  1   Xe
 6487.7598  1   Xe
 6498.7202  1   Xe
 6504.1802  1   Xe
 6533.1602  1   Xe
 6595.5601  0   Xe
 6668.9199  1   Xe
 6728.0098  1   Xe
 6827.3198  1   Xe
 6872.1099  1   Xe
 6882.1548  1   Xe
 6925.5298  0   Xe
 6976.1802  1   Xe
 7119.5981  1   Xe
 7386.0000  0   Xe
 7393.7900  1   Xe
 7584.6802  1   Xe
 7642.0200  1   Xe
 7643.9102  0   Xe
 7802.6499  1   Xe
 7881.3198  1   Xe
 7887.3950  1   Xe
 7967.3408  1   Xe
 8029.6699  1   Xe
 8057.2598  1   Xe
 8061.3398  1   Xe
 8101.9800  1   Xe
 8171.0200  1   Xe
 8206.3408  1   Xe
 8029.6699  1   Xe
 8057.2598  1   Xe
 8061.3398  1   Xe
 8101.9800  1   Xe
 8171.0200  1   Xe
 8206.3408  1   Xe
 8231.6348  1   Xe
 8266.5186  0   Xe
 8280.1162  1   Xe
 8346.8232  1   Xe
 8409.1904  1   Xe
 8576.0098  1   Xe
 8648.5400  1   Xe
 8692.2002  1   Xe
 8696.8604  1   Xe
 8739.3896  1   Xe
 8758.2002  1   Xe
 8819.4121  1   Xe
 8862.3203  1   Xe
 8908.7305  1   Xe
 8930.8301  1   Xe
 8952.2539  1   Xe
 8981.0498  1   Xe
 8987.5703  1   Xe
 9045.4463  1   Xe
 9162.6543  1   Xe
 9167.5195  1   Xe
 9374.7598  1   Xe
 9513.3799  1   Xe
 9685.3203  1   Xe
 9718.1602  1   Xe
 9799.7002  1   Xe
 9923.1924  1   Xe
10838.3701  1   Xe
