       8301.1307       1.3623934   OH
       8312.9763      0.71169951   OH
       8346.7351       2.8476023   OH
       8355.0917       1.3021900   OH
       8367.0143      0.68284088   OH
       8384.6155      0.90120029   OH
       8401.4130       2.2159654   OH
       8417.4017       1.0549930   OH
       8432.3661       2.3662608   OH
       8454.5453      0.93980451   OH
       8467.6689       1.7771837   OH
       8495.6775      0.69086691   OH
       8507.1622       1.0704220   OH
       8550.9032      0.61435126   OH
       8763.5725       1.2553014   OH
       8770.1521       1.6783669   OH
       8778.7130      0.87686359   OH
       8780.6898       1.8609653   OH
       8793.4397      0.85429184   OH
       8829.3706       4.0278431   OH
       8838.6526       1.6948511   OH
       8852.1510      0.84215311   OH
       8869.8851       1.2887663   OH
       8888.0995       2.9428110   OH
       8905.4600       1.3885730   OH
       8921.9616       3.3335163   OH
       8945.6523       1.1847589   OH
       8960.4349       2.4846999   OH
       8990.7481      0.86792924   OH
       9003.8031       1.4765216   OH
       9051.9090      0.78116403   OH
       9309.5875       1.4436109   OH
       9315.6449       2.5180693   OH
       9325.9047       2.3144546   OH
       9340.3809       1.0164355   OH
       9309.5875       1.4436109   OH
       9315.6449       2.5180693   OH
       9325.9047       2.3144546   OH
       9340.3809       1.0164355   OH
       9378.3121       4.9473990   OH
       9389.1107       2.1489585   OH
       9404.6261       1.0179850   OH
       9422.2883       1.3399190   OH
       9442.1094       3.7177677   OH
       9461.0254       1.6813507   OH
       9479.2679       4.1389711   OH
       9505.3896       1.5054205   OH
       9521.8117       3.1730325   OH
       9554.9802       1.0417525   OH
       9569.8120       1.8844235   OH
       9610.1172      0.64887565   OH
       9623.5900      0.98727915   OH
       9671.1355      0.79426985   OH
       9684.6938       1.4064380   OH
       9693.1774      0.82610432   OH
       9505.3896       1.5054205   OH
       9521.8117       3.1730325   OH
       9554.9802       1.0417525   OH
       9569.8120       1.8844235   OH
       9610.1172      0.64887565   OH
       9623.5900      0.98727915   OH
       9671.1355      0.79426985   OH
       9684.6938       1.4064380   OH
       9692.9349      0.79787567   OH
       9701.9111       2.6440206   OH
       9714.2974       1.2767767   OH
       9722.3205       3.2465456   OH
       9740.5794       1.3663070   OH
       9793.6018       8.3018460   OH
       9802.1808       3.0564313   OH
       9814.4495       1.1434004   OH
       9851.1016       2.0959991   OH
       9874.7887       6.3501410   OH
       9897.2948       2.4793318   OH
       9917.3708       6.4773999   OH
       9944.4510       2.5609021   OH
       9948.6811       3.5638326   OH
       9959.1399       3.8664246   OH
       9964.6226       4.1624781   OH
       9974.8486       1.1735441   OH
       10002.586       1.1314141   OH
       10015.607       7.1965068   OH
       10028.143       2.8101430   OH
       10046.222       1.2677858   OH
       10063.327       1.6163663   OH
       9851.1016       2.0959991   OH
       9874.7887       6.3501410   OH
       9897.2948       2.4793318   OH
       9917.3708       6.4773999   OH
       9944.4510       2.5609021   OH
       9948.6811       3.5638326   OH
       9959.1399       3.8664246   OH
       9964.6226       4.1624781   OH
       9975.0981       1.2237595   OH
       10002.586       1.1314141   OH
       10015.607       7.1965068   OH
       10028.143       2.8101430   OH
       10046.222       1.2677858   OH
       10063.327       1.6163663   OH
       10085.001       4.5077378   OH
       10106.216       2.0524455   OH
       10126.716       5.4884169   OH
       10155.638       2.0771291   OH
       10161.229       1.5839377   OH
       10174.456       7.2461793   OH
       10183.623       1.8748911   OH
       10192.289       7.0974251   OH
       10205.812       3.2056082   OH
       10213.730       8.9867125   OH
       10228.561       2.5699034   OH
       10233.424       3.4488213   OH
       10273.696      0.81374521   OH
       10289.386       24.385458   OH
       10295.309       1.0241411   OH
       10298.657       8.1969303   OH
       10312.321       2.9402379   OH
       10329.879      0.97557802   OH
       10350.056       5.2742979   OH
       10375.462       16.029931   OH
       10399.369       6.5729171   OH
       10420.985       16.873062   OH
       10453.362       5.1056691   OH
       10228.561       2.5699034   OH
       10233.424       3.4488213   OH
       10273.696      0.81374521   OH
       10289.386       24.385458   OH
       10295.309       1.0241411   OH
       10298.657       8.1969303   OH
       10312.321       2.9402379   OH
       10329.879      0.97557802   OH
       10350.056       5.2742979   OH
       10375.462       16.029931   OH
       10399.369       6.5729171   OH
       10420.985       16.873062   OH
       10453.362       5.1056691   OH
       10471.684       11.295297   OH
       10511.843       2.7965065   OH
       10527.633       5.4370845   OH
       10575.146       1.2261289   OH
       10588.648       2.0251523   OH
       10655.079      0.71778003   OH
       10690.858      0.93262742   OH
       10699.955       2.5380841   OH
       10706.381       1.4122265   OH
       10713.616       6.1954375   OH
       10723.269       2.9769034   OH
       10731.588       11.428961   OH
       10746.096       4.8695362   OH
       10753.895       13.833116   OH
       10774.899       5.0094850   OH
       10834.094       34.083656   OH
       10840.601       1.3609892   OH
       10844.670       12.886285   OH
       10859.602       4.5092300   OH
       10879.180       1.4815433   OH
       10655.079      0.71778003   OH
       10690.858      0.93262742   OH
       10699.955       2.5380841   OH
       10706.381       1.4122265   OH
       10713.616       6.1954375   OH
       10723.269       2.9769034   OH
       10731.588       11.428961   OH
       10746.096       4.8695362   OH
       10753.895       13.833116   OH
       10774.899       5.0094850   OH
       10834.094       34.083656   OH
       10840.601       1.3609892   OH
       10844.670       12.886285   OH
       10859.602       4.5092300   OH
       10879.180       1.4815433   OH
       10898.521       7.6006529   OH
       10926.366       25.228970   OH
       10951.269       9.7692454   OH
       10975.130       26.029353   OH
       11009.229       7.7783572   OH
       11029.629       17.479588   OH
       11072.204       4.2557472   OH
       11089.946       8.6934884   OH
       11140.833       1.9784210   OH
       11155.894       3.2620022   OH
       11214.657      0.77705940   OH
       11227.851       1.0776765   OH
       11290.946       1.3916069   OH
       11299.423       3.5574116   OH
       11306.209       2.0393862   OH
       11312.717       8.2775747   OH
       11323.193       3.8509237   OH
       11331.127       14.992630   OH
       11346.729       6.1159683   OH
       11354.112       17.205226   OH
       11089.946       8.6934884   OH
       11140.833       1.9784210   OH
       11155.894       3.2620022   OH
       11214.657      0.77705940   OH
       11227.851       1.0776765   OH
       11290.946       1.3916069   OH
       11299.423       3.5574116   OH
       11306.209       2.0393862   OH
       11312.717       8.2775747   OH
       11323.193       3.8509237   OH
       11331.127       14.992630   OH
       11346.729       6.1159683   OH
       11354.112       17.205226   OH
       11376.858       5.9878750   OH
       11439.646       40.719069   OH
       11447.090       1.6271444   OH
       11451.386       15.686996   OH
       11462.564      0.77663573   OH
       11468.301       5.8201398   OH
       11490.126       1.8881042   OH
       11508.538       9.4024316   OH
       11517.754      0.67209631   OH
       11538.519       29.413795   OH
       11565.106       12.008014   OH
       11591.465       32.572121   OH
       11627.770       9.9110741   OH
       11650.481       22.130428   OH
       11696.331       5.8902097   OH
       11715.952       11.409830   OH
       11770.595       2.6004402   OH
       11787.981       4.5521493   OH
       11851.259       1.0245464   OH
       11866.390       1.4780411   OH
       11565.106       12.008014   OH
       11591.465       32.572121   OH
       11627.770       9.9110741   OH
       11650.481       22.130428   OH
       11696.331       5.8902097   OH
       11715.952       11.409830   OH
       11770.595       2.6004402   OH
       11787.981       4.5521493   OH
       11851.259       1.0245464   OH
       11866.390       1.4780411   OH
       11968.651       1.9490840   OH
       11975.540       4.4335748   OH
       11983.032       2.2618829   OH
       11988.429       10.142092   OH
       12000.132       4.8131877   OH
       12007.039       18.003673   OH
       12024.172       7.3214490   OH
       12030.792       20.026538   OH
       12055.799       7.2247706   OH
       12122.334       46.284505   OH
       12130.828       1.7709093   OH
       12135.685       18.171395   OH
       12148.443      0.86025912   OH
       12154.827       6.9081418   OH
       12179.787       2.3358920   OH
       12196.252       10.493598   OH
       12210.906      0.78642382   OH
       12229.249       35.011252   OH
       12257.427       13.144221   OH
       12286.901       38.756159   OH
       12325.692       11.366650   OH
       12351.312       26.346682   OH
       12400.850       7.2072511   OH
       12423.207       14.339142   OH
       12122.334       46.284505   OH
       12130.828       1.7709093   OH
       12135.685       18.171395   OH
       12148.443      0.86025912   OH
       12154.827       6.9081418   OH
       12179.787       2.3358920   OH
       12196.252       10.493598   OH
       12210.906      0.78642382   OH
       12229.249       35.011252   OH
       12257.427       13.144221   OH
       12286.901       38.756159   OH
       12325.692       11.366650   OH
       12351.312       26.346682   OH
       12400.850       7.2072511   OH
       12423.207       14.339142   OH
       12482.398       3.2412474   OH
       12502.399       5.8817022   OH
       12571.399       1.3248062   OH
       12588.708       1.9167596   OH
       12683.226      0.62357494   OH
       12747.801       2.1910630   OH
       12752.586       6.8603862   OH
       12760.883       2.9966975   OH
       12764.395       12.403899   OH
       12776.855       5.4085587   OH
       12782.290       19.526125   OH
       12801.491       8.2143909   OH
       12806.936       22.038496   OH
       12834.520       7.8708945   OH
       12905.675       52.739380   OH
       12915.688       1.9298914   OH
       12920.859       19.860450   OH
       12936.060      0.93580478   OH
       12942.858       7.4552833   OH
       12972.032       2.7496374   OH
       12985.344       10.731496   OH
       13008.104      0.92573473   OH
       13021.453       36.758754   OH
       12682.909      0.61694510   OH
       12747.801       2.1910630   OH
       12752.586       6.8603862   OH
       12760.883       2.9966975   OH
       12764.395       12.403899   OH
       12776.855       5.4085587   OH
       12782.290       19.526125   OH
       12801.491       8.2143909   OH
       12806.936       22.038496   OH
       12834.520       7.8708945   OH
       12905.675       52.739380   OH
       12915.688       1.9298914   OH
       12920.859       19.860450   OH
       12936.060      0.93580478   OH
       12942.858       7.4552833   OH
       12972.032       2.7496374   OH
       12985.344       10.731496   OH
       13008.104      0.92573473   OH
       13021.453       36.758754   OH
       13052.437       14.497711   OH
       13085.131       42.209767   OH
       13127.756       13.094357   OH
       13156.689       31.096552   OH
       13210.779       8.3858403   OH
       13236.251       16.527498   OH
       13301.645       4.0274032   OH
       13324.626       7.2369699   OH
       13401.181       1.6982277   OH
       13421.311       2.4601418   OH
       13508.894      0.62420950   OH
       13664.908       7.5342574   OH
       13669.695       1.7144164   OH
       13674.483       16.062906   OH
       13691.941       21.343112   OH
       13713.538       8.6098879   OH
       13716.626       22.056265   OH
       13324.626       7.2369699   OH
       13401.181       1.6982277   OH
       13421.311       2.4601418   OH
       13508.894      0.62420950   OH
       13664.908       7.5342574   OH
       13670.037       1.7324512   OH
       13674.483       16.062906   OH
       13691.941       21.343112   OH
       13713.538       8.6098879   OH
       13716.626       22.056265   OH
       13747.544       7.7995070   OH
       13823.416       51.118596   OH
       13836.217       1.9098588   OH
       13842.103       21.312514   OH
       13860.121      0.93139309   OH
       13868.099       8.1917045   OH
       13902.488       2.9687077   OH
       13911.534       11.264785   OH
       13945.333       1.0092824   OH
       13950.916       37.243100   OH
       13985.861       15.422247   OH
       14007.571       2.1194592   OH
       14021.946       42.017483   OH
       14044.414       8.6066452   OH
       14058.827       4.7109849   OH
       14069.734       13.748340   OH
       14086.639       26.533056   OH
       14102.506       32.603838   OH
       14106.741       12.519115   OH
       14133.941       58.091621   OH
       14162.965       33.627076   OH
       14186.014       77.944512   OH
       14192.759       18.813803   OH
       14226.886       27.378264   OH
       14266.090       4.6944104   OH
       14292.882       8.3658113   OH
       14344.106       207.22402   OH
       14352.003       6.8522299   OH
       14356.671       73.007907   OH
       14368.888       2.6470828   OH
       14374.281       22.156654   OH
       14379.316       2.0597791   OH
       14397.674       5.8136475   OH
       14403.078       2.9457010   OH
       14426.878       1.3452393   OH
       14468.806       45.910449   OH
       14021.946       42.017483   OH
       14044.414       8.6066452   OH
       14058.827       4.7109849   OH
       14069.734       13.748340   OH
       14086.639       26.533056   OH
       14102.506       32.603838   OH
       14106.741       12.519115   OH
       14133.941       58.091621   OH
       14162.965       33.627076   OH
       14186.014       77.944512   OH
       14192.759       18.813803   OH
       14226.886       27.378264   OH
       14266.090       4.6944104   OH
       14292.882       8.3658113   OH
       14344.106       207.22402   OH
       14352.003       6.8522299   OH
       14356.671       73.007907   OH
       14368.888       2.6470828   OH
       14374.281       22.156654   OH
       14379.316       2.0597791   OH
       14397.674       5.8136475   OH
       14403.078       2.9457010   OH
       14426.878       1.3452393   OH
       14468.806       45.910449   OH
       14502.508      0.74962926   OH
       14518.843       157.53096   OH
       14563.952       58.442747   OH
       14604.817       156.18227   OH
       14664.860       41.567822   OH
       14670.364      0.94068401   OH
       14698.283       91.916746   OH
       14712.999       2.4133002   OH
       14739.893       16.346645   OH
       14755.389       8.5910203   OH
       14772.379       20.915411   OH
       14783.470       46.609769   OH
       14799.752       38.307821   OH
       14805.677       22.959237   OH
       14832.740       95.644294   OH
       14864.315       42.622082   OH
       14887.388       129.68570   OH
       14909.005       11.592436   OH
       14931.774       47.735686   OH
       15006.671       1.9843185   OH
       15025.830       2.6594590   OH
       15055.179       339.30633   OH
       15063.844       11.525307   OH
       15068.744       120.85250   OH
       15081.944       4.2696872   OH
       15087.982       37.511732   OH
       15107.245       1.5624904   OH
       15113.671       10.481891   OH
       15145.465       2.4235654   OH
       15186.820       75.279314   OH
       15240.866       260.29083   OH
       15287.454       93.097809   OH
       14799.752       38.307821   OH
       14805.677       22.959237   OH
       14832.740       95.644294   OH
       14864.315       42.622082   OH
       14887.388       129.68570   OH
       14909.005       11.592436   OH
       14931.774       47.735686   OH
       15006.671       1.9843185   OH
       15055.179       339.30633   OH
       15063.844       11.525307   OH
       15068.744       120.85250   OH
       15081.944       4.2696872   OH
       15087.982       37.511732   OH
       15107.245       1.5624904   OH
       15113.671       10.481891   OH
       15145.465       2.4235654   OH
       15186.820       75.279314   OH
       15240.866       260.29083   OH
       15287.454       93.097809   OH
       15332.266       261.21287   OH
       15395.300       72.884971   OH
       15431.932       158.81987   OH
       15438.497      0.80237996   OH
       15462.074       5.6529287   OH
       15474.070       3.2015020   OH
       15500.804       20.446024   OH
       15509.726       37.400677   OH
       15517.488       10.113635   OH
       15540.020       67.662230   OH
       15545.853       55.058551   OH
       15569.984       26.673930   OH
       15597.274       109.06231   OH
       15631.258       60.007897   OH
       15654.738       148.07573   OH
       15702.198       50.102361   OH
       15760.049       3.7423188   OH
       15781.749       5.1614535   OH
       15833.158       385.24344   OH
       15842.271       12.367479   OH
       15847.820       133.85263   OH
       15862.100       4.6452824   OH
       15869.244       44.553079   OH
       15889.902       1.7709627   OH
       15897.059       13.006575   OH
       15932.094       2.9884174   OH
       15972.401       83.595283   OH
       16030.446       266.95263   OH
       16079.447       103.40500   OH
       16128.598       291.39914   OH
       16194.501       82.207525   OH
       16235.065       179.02647   OH
       15702.198       50.102361   OH
       15760.049       3.7423188   OH
       15781.749       5.1614535   OH
       15833.158       385.24344   OH
       15842.271       12.367479   OH
       15847.820       133.85263   OH
       15862.100       4.6452824   OH
       15869.244       44.553079   OH
       15889.902       1.7709627   OH
       15897.059       13.006575   OH
       15932.094       2.9884174   OH
       15972.401       83.595283   OH
       16030.446       266.95263   OH
       16079.447       103.40500   OH
       16128.598       291.39914   OH
       16194.501       82.207525   OH
       16235.065       179.02647   OH
       16270.032       1.4790990   OH
       16279.396      0.90393693   OH
       16302.219       6.2939982   OH
       16316.908       44.899327   OH
       16341.418       20.678837   OH
       16351.232       82.713684   OH
       16360.234       11.022237   OH
       16388.089       53.634145   OH
       16414.349       25.228495   OH
       16441.885       107.11426   OH
       16447.233       16.415454   OH
       16502.048       129.32360   OH
       16553.733       48.406941   OH
       16586.067       4.9420553   OH
       16610.981       6.9103799   OH
       16692.213       350.31414   OH
       16702.238       10.968763   OH
       16708.507       122.92436   OH
       16724.398       4.4434055   OH
       16732.350       43.643290   OH
       16754.969       2.9490714   OH
       16763.354       12.417006   OH
       16793.576      0.57383629   OH
       16801.981       3.0159112   OH
       16840.275       76.068842   OH
       16848.703      0.70902756   OH
       16903.588       257.55558   OH
       16954.833       97.455325   OH
       17008.362       259.44042   OH
       17078.287       78.885300   OH
       17123.635       178.11060   OH
       17209.957       42.937128   OH
       17221.586      0.91350249   OH
       17243.141       6.2164015   OH
       17248.318       81.387168   OH
       17257.382       3.3747009   OH
       17282.440       18.900080   OH
       17303.206       10.126737   OH
       16692.213       350.31414   OH
       16702.238       10.968763   OH
       16708.507       122.92436   OH
       16724.398       4.4434055   OH
       16732.350       43.643290   OH
       16754.969       2.9490714   OH
       16763.354       12.417006   OH
       16793.576      0.57383629   OH
       16801.981       3.0159112   OH
       16840.275       76.068842   OH
       16848.703      0.70902756   OH
       16903.588       257.55558   OH
       16954.833       97.455325   OH
       17008.362       259.44042   OH
       17078.287       78.885300   OH
       17123.635       178.11060   OH
       17209.957       42.937128   OH
       17221.586      0.91350249   OH
       17243.141       6.2164015   OH
       17248.318       81.387168   OH
       17257.382       3.3747009   OH
       17282.440       18.900080   OH
       17303.206       10.126737   OH
       17330.499       48.143484   OH
       17350.888       17.761486   OH
       17359.571       23.257349   OH
       17386.083       93.659007   OH
       17427.016       38.552896   OH
       17449.701       108.22686   OH
       17501.289       5.6617969   OH
       17505.668       39.235531   OH
       17529.333       7.6282163   OH
       17652.994       283.25950   OH
       17664.480       9.1064058   OH
       17671.552       104.66257   OH
       17698.098       35.892810   OH
       17723.796       1.5009266   OH
       17733.110       10.950578   OH
       17767.302      0.54487267   OH
       17777.084       2.9930280   OH
       17811.361       62.426708   OH
       17829.639      0.90690329   OH
       17880.114       208.51997   OH
       17934.320       78.012790   OH
       17993.641       221.53193   OH
       18067.617       65.629088   OH
       18118.312       152.95674   OH
       18210.559       37.174566   OH
       18253.890       73.471933   OH
       18283.140       1.4637098   OH
       18294.578      0.88139419   OH
       18312.894       5.2821391   OH
       18328.936       2.8477292   OH
       18352.795       16.835455   OH
       18363.818       16.403516   OH
       18375.307       8.3967875   OH
       18401.528       67.101814   OH
       18433.320       18.251741   OH
       18459.162       68.502436   OH
       18503.547       27.769733   OH
       18525.780       82.763598   OH
       17811.361       62.426708   OH
       17829.639      0.90690329   OH
       17880.114       208.51997   OH
       17934.320       78.012790   OH
       17993.641       221.53193   OH
       18067.617       65.629088   OH
       18118.312       152.95674   OH
       18210.559       37.174566   OH
       18253.890       73.471933   OH
       18283.140       1.4637098   OH
       18294.578      0.88139419   OH
       18312.894       5.2821391   OH
       18328.936       2.8477292   OH
       18352.795       16.835455   OH
       18363.818       16.403516   OH
       18375.307       8.3967875   OH
       18401.528       67.101814   OH
       18433.320       18.251741   OH
       18459.162       68.502436   OH
       18503.547       27.769733   OH
       18525.780       82.763598   OH
       18560.108       7.6522243   OH
       18587.058       29.159108   OH
       18702.267       1.4542098   OH
       18730.829       1.6986751   OH
       18744.423       212.31418   OH
       18758.027       7.0387946   OH
       18765.537       78.448304   OH
       18786.204       2.9473165   OH
       18796.076       28.341758   OH
       18825.253       1.1925259   OH
       18836.088       8.8439796   OH
       18886.576       2.7081171   OH
       18914.473       45.096588   OH
       18946.677      0.66129835   OH
       18989.860       154.69388   OH
       19048.383       62.275191   OH
       19113.780       170.14433   OH
       19193.322       52.225575   OH
       19250.064       120.25762   OH
       19350.010       32.180644   OH
       19398.964       61.388433   OH
       19518.228       14.641876   OH
       19528.485       1.2834759   OH
       19540.702      0.73435346   OH
       19555.373       4.4715793   OH
       19560.756       23.506961   OH
       19572.993       2.3434371   OH
       19593.080       12.300391   OH
       19618.584       6.2718916   OH
       19642.157       28.193597   OH
       19677.569       12.562978   OH
       19701.705       49.012405   OH
       19735.743       6.9471900   OH
       19751.055       19.234800   OH
       19771.818       55.694058   OH
       19839.699       20.050423   OH
       19891.882       1.4661357   OH
       19113.780       170.14433   OH
       19193.322       52.225575   OH
       19250.064       120.25762   OH
       19350.010       32.180644   OH
       19398.964       61.388433   OH
       19518.228       14.641876   OH
       19528.485       1.2834759   OH
       19540.702      0.73435346   OH
       19555.373       4.4715793   OH
       19560.756       23.506961   OH
       19572.993       2.3434371   OH
       19593.080       12.300391   OH
       19618.584       6.2718916   OH
       19642.157       28.193597   OH
       19677.569       12.562978   OH
       19701.705       49.012405   OH
       19735.743       6.9471900   OH
       19751.055       19.234800   OH
       19771.818       55.694058   OH
       19839.699       20.050423   OH
       19891.882       1.4661357   OH
       20007.669       135.91002   OH
       20024.695       4.7896165   OH
       20032.712       52.178964   OH
       20057.284       2.0404070   OH
       20068.828       20.613262   OH
       20102.494      0.87159619   OH
       20115.574       6.6633460   OH
       20174.538       2.0478015   OH
       20193.221       31.181796   OH
       20244.815      0.57083943   OH
       20275.733       105.51555   OH
       20339.237       42.112544   OH
       20412.640       120.75176   OH
       20499.125       37.158738   OH
       20563.329       86.879258   OH
       20672.678       24.018523   OH
       20728.608       45.374368   OH
       20860.222       11.799235   OH
       20909.334       18.715603   OH
       21012.112       1.0429499   OH
       21033.149       3.1113227   OH
       21053.153       1.6741081   OH
       21062.109       4.5310892   OH
       21067.906       8.3545330   OH
       21096.386       4.1157413   OH
       21115.394       17.333581   OH
       21156.108       8.2603437   OH
       21176.230       29.527791   OH
       21231.928       11.720631   OH
       21249.464       32.914984   OH
       21278.722       1.4421722   OH
       21316.551       1.6509019   OH
       21325.619       11.713101   OH
       21506.708       82.567831   OH
       21528.240       2.9308484   OH
       21537.397       33.783263   OH
       20563.329       86.879258   OH
       20672.678       24.018523   OH
       20728.608       45.374368   OH
       20860.222       11.799235   OH
       20909.334       18.715603   OH
       21012.112       1.0429499   OH
       21025.783      0.61575328   OH
       21033.149       3.1113227   OH
       21053.153       1.6741081   OH
       21062.109       4.5310892   OH
       21067.906       8.3545330   OH
       21096.386       4.1157413   OH
       21115.394       17.333581   OH
       21156.108       8.2603437   OH
       21176.230       29.527791   OH
       21231.928       11.720631   OH
       21249.464       32.914984   OH
       21278.722       1.4421722   OH
       21316.551       1.6509019   OH
       21325.619       11.713101   OH
       21506.708       82.567831   OH
       21528.240       2.9308484   OH
       21537.397       33.783263   OH
       21567.591       1.4333500   OH
       21580.545       13.192892   OH
       21622.156      0.74483129   OH
       21636.765       4.5241930   OH
       21711.049       18.967502   OH
       21792.674      0.65752491   OH
       21801.944       62.177762   OH
       21873.511       26.490939   OH
       21955.198       72.553745   OH
       22052.080       23.914631   OH
       22125.021       54.632490   OH
       22247.684       16.549487   OH
       22312.340       31.189078   OH
       22460.190       8.8599586   OH
       22517.575       13.579888   OH
       22690.046       3.9000844   OH
       22741.760       4.9147022   OH
       22938.891       1.7914720   OH
       22983.696       1.9418153   OH
       23207.295       1.1763343   OH
       23247.390       1.2380304   OH
       22312.340       31.189078   OH
       22460.190       8.8599586   OH
       22517.575       13.579888   OH
       22690.046       3.9000844   OH
       22741.760       4.9147022   OH
       22938.891       1.7914720   OH
       22983.696       1.9418153   OH
       23207.295       1.1763343   OH
       23247.390       1.2380304   OH
       23640.0	       5.0000000   H2O
       23672.3	       5.0000000   H2O
       23689.5	       5.0000000   H2O
       23713.9	       5.0000000   H2O
       23782.1	       5.0000000   H2O
       23833.8	       5.0000000   H2O
       23840.4	       5.0000000   H2O
       23859.7	       5.0000000   H2O
       23881.5	       5.0000000   H2O
       23915.0	       5.0000000   H2O
       23967.4	       5.0000000   H2O
       23975.5	       5.0000000   H2O
       24143.4	       5.0000000   H2O
       24161.5	       5.0000000   H2O
       24185.7	       5.0000000   H2O
       24333.6	       5.0000000   H2O
       24354.4	       5.0000000   H2O
       24362.0	       5.0000000   H2O
       24461.1	       5.0000000   H2O
       24472.7	       5.0000000   H2O
       24513.5	       5.0000000   H2O
       24722.6	       5.0000000   H2O
       24729.4	       5.0000000   H2O
       24815.3	       5.0000000   H2O
       24842.6	       5.0000000   H2O
       24879.0	       5.0000000   H2O
       24920.9	       5.0000000   H2O
       24946.6	       5.0000000   H2O
       24965.7	       5.0000000   H2O
       24977.6	       5.0000000   H2O

       