 3650.14 1	HgI
 3888.65 1      HeI
 4046.56 1	HgI
 4077.83 1	HgI
 4358.34 1	HgI
 4471.48 1      HeI
 4713.20 1	HeI
 4921.93 1	HeI
 5015.67 1      HeI
 5460.74 1	HgI
 5769.60 1	HgI
 5790.66 1	HgI
 5875.62 1	HeI
 6678.15 1      HeI
 6965.43 1      ArI
 7065.20 1	HeI
 7147.04 1      ArI
# 7272.93 1	ArI
 7383.98 1      ArI
# 7503.87 1      ArI
 7514.65 1      ArI
 7635.11 1      ArI
 7723.98 1      ArI
 7948.18 1      ArI
 8006.16 1      ArI
# 8014.79 1      ArI
 8103.69 1      ArI
# 8115.31 1      ArI
 8264.52 1      ArI
# 8408.21 1      ArI
# 8424.65 1      ArI
 8521.44 1      ArI
 8667.94 1      ArI
 9122.97 1      ArI
 9224.50 1      ArI
# 9354.22 1	ArI
 9657.78 1	ArI
 9784.50 1	ArI
10830.17 1	HeI                                                         
