 3341.480  1    HgI
 3403.700  1    CdI
 3466.200  1    CdI
 3467.700  1    CdI
 3610.500  1    CdI
 3612.900  1    CdI
 3650.150  1    HgI
 3654.840  1    HgI
# 3663.274  1    HgI
 3819.600  1    HeI
 3888.700  1    HeI
 3964.700  1    HeI
 4026.200  1    HeI
 4046.560  1    HgI
 4077.810  1    HgI
 4120.800  1    HeI
 4140.500  1    CdI
 4143.800  1    HeI
 4347.500  1    HgI
 4358.340  1    HgI
 4387.900  1    HeI
 4471.500  1    HeI
 4662.400  1    CdI
 4678.100  1    CdI
 4713.200  1    HeI
 4799.900  1    CdI
 4916.070  1    HgI
 4921.929  1    HeI
 5015.700  1    HeI
 5047.700  1    HeI
 5085.800  1    CdI
 5341.100  1    NeI
 5400.562  1    NeI
 5460.750  1    HgI
 5764.419  1    NeI
 5769.590  1    HgI
 5790.690  1    HgI
 5852.488  1    NeI
 5875.620  1    HeI
 5881.900  1    NeI
 5913.600  1    NeI
 5944.830  1    NeI
 5975.534  1    NeI
 6029.977  1    NeI
 6074.338  1    NeI
 6096.160  1    NeI
 6143.062  1    NeI
 6163.594  1    NeI
 6217.281  1    NeI
 6266.495  1    NeI
 6304.790  1    NeI
 6334.428  1    NeI
 6382.991  1    NeI
 6402.246  1    NeI
 6438.500  1    CdI
 6506.528  1    NeI
 6532.880  1    NeI
 6598.953  1    NeI
 6678.200  1    HeI
# 6678.300  1    NeI
 6717.040  1    NeI
 6907.160  1    HgI
 6929.468  1    NeI
 6965.431  1    ArI
 7032.413  1    NeI
 7059.100  1    NeI
 7065.200  1    HeI
 7081.880  1    HgI
 7091.990  1    HgI
 7147.040  1    ArI
 7173.939  1    NeI
 7245.167  1    NeI
 7272.930  1    ArI
 7281.400  1    HeI
 7346.200  1    CdI
 7383.900  1    CdI
 7383.980  1    ArI
 7385.300  1    CdI
 7438.900  1    NeI
 7488.870  1    NeI
 7503.840  1    ArI
 7514.620  1    ArI
 7535.800  1    NeI
 7635.110  1    ArI
 7723.760  1    ArI
 7724.210  1    ArI
 7948.180  1    ArI
 8006.160  1    ArI
 8014.790  1    ArI
 8103.690  1    ArI
 8115.310  1    ArI
 8118.500  1    NeI
 8264.520  1    ArI
 8300.326  1    NeI
 8377.367  1    NeI
 8408.210  1    ArI
 8424.650  1    ArI
 8495.360  1    NeI
 8521.440  1    ArI
 8571.400  1    NeI
 8591.259  1    NeI
 8634.648  1    NeI
 8654.384  1    NeI
 8667.940  1    ArI
 8681.900  1    NeI
 8771.700  1    NeI
 8783.800  1    NeI
 8853.867  1    NeI
 9122.970  1    ArI
 9201.800  1    NeI
 9224.500  1    ArI
 9300.850  1    NeI
 9354.220  1    ArI
 9425.380  1    NeI
 9534.200  1    NeI
 9657.780  1    ArI
 9784.500  1    ArI
10139.790  1    HgI
10394.600  1    CdI
10830.171  1    HeI
