 3403.650  1  HgCd
 3466.200  1  HgCd
 3467.660  1  HgCd
 3610.980  1  HgCd
 3650.140  1  HgCd
 3888.646  1  He
 4046.557  1  HgCd
 4358.340  1  HgCd
 4471.477  1  He
 4678.160  1  HgCd
 4713.143  1  He
 4799.920  1  HgCd
 4921.929  1  He
 5015.670  1  He
 5085.820  1  HgCd
 5400.562  1  Ne
 5460.740  1  HgCd
 5764.418  1  Ne
 5769.598  1  HgCd
 5790.656  1  HgCd
 5852.488  1  Ne
 5875.618  1  He
 5944.834  1  Ne
 5975.534  1  Ne
 6029.997  1  Ne
 6074.338  1  Ne
 6096.163  1  Ne
 6143.062  1  Ne
 6163.594  1  Ne
 6217.281  1  Ne
 6266.495  1  Ne
 6304.789  1  Ne
 6334.428  1  Ne
 6382.991  1  Ne
 6402.246  1  Ne
 6506.528  1  Ne
 6532.882  1  Ne
 6598.953  1  Ne
 6678.149  1  He 
 6717.043  1  Ne
 6907.160  1  HgCd
 6929.467  1  Ne
 6965.430  1  Ar
 7032.413  1  Ne
 7065.188  1  He
 7147.041  1  Ar
 7173.939  1  Ne
 7245.167  1  Ne
 7272.936  1  Ar
 7281.349  1  He
 7383.980  1  Ar
 7438.899  1  Ne
 7503.867  1  Ar
 7514.651  1  Ar
 7635.105  1  Ar
 7723.984  1  Ar
 7948.175  1  Ar
 8006.156  1  Ar
 8014.786  1  Ar
 8103.692  1  Ar
 8115.311  1  Ar
 8264.520  1  Ar
 8300.326  1  Ne
 8377.367  1  Ne
 8408.210  1  Ar
 8424.647  1  Ar
 8495.360  1  Ne
 8521.440  1  Ar
 8591.260  1  Ne
 8634.650  1  Ne
 8654.380  1  Ne
 8667.940  1  Ar
 8780.622  1  Ne
 8783.755  1  Ne
 8853.866  1  Ne
 9122.968  1  Ar
 9224.499  1  Ar
 9657.780  1  Ar
10830.337  1  He
10844.540  1  Ne
10880.960  1  Ar
10950.740  1  Ar
11078.870  1  Ar
11106.440  1  Ar
