# This line list is derived from data drawn from the NIST atomic
# spectra database on 3 February 2005.  It includes all lines of
# all ionization stages of Cu and Ar between 3000 and 11000
# angstroms.
#
# NIST database  http://physics.nist.gov/PhysRefData/ASD/
#
# Michael Richer
# richer@astrosen.unam.mx
#
3007.6      2  CuAr 
3010.02     2  CuAr 
3010.84     2  CuAr 
3024.05     2  CuAr 
3033.508    2  CuAr 
3036.1      2  CuAr 
3037.98     2  CuAr 
3054.82     2  CuAr 
3063.41     2  CuAr 
3064.77     2  CuAr 
3073.8      2  CuAr 
3077.4      2  CuAr 
3078.15     2  CuAr 
3093.402    2  CuAr 
3093.99     2  CuAr 
3099.93     2  CuAr 
3108.6      2  CuAr 
3110.41     2  CuAr 
3126.11     2  CuAr 
3127.9      2  CuAr 
3194.1      2  CuAr 
3200.37     2  CuAr 
3208.23     2  CuAr 
3243.16     2  CuAr 
3243.689    2  CuAr 
3247.54     2  CuAr 
3273.96     2  CuAr 
3282.72     2  CuAr 
3285.85     2  CuAr 
3290.418    2  CuAr 
3290.54     2  CuAr 
3293.64     2  CuAr 
3300.881    2  CuAr 
3301.229    2  CuAr 
3301.88     2  CuAr 
3307.228    2  CuAr 
3307.95     2  CuAr 
3311.25     2  CuAr 
3316.276    2  CuAr 
3319.34     2  CuAr 
3323.59     2  CuAr 
3336.13     2  CuAr 
3337.84     2  CuAr 
3338.648    2  CuAr 
3344.72     2  CuAr 
3350.924    2  CuAr 
3358.49     2  CuAr 
3361.28     2  CuAr 
3365.648    2  CuAr 
3370.454    2  CuAr 
3373.47     2  CuAr 
3374.952    2  CuAr 
3376.436    2  CuAr 
3380.712    2  CuAr 
3384.945    2  CuAr 
3388.531    2  CuAr 
3391.85     2  CuAr 
3393.73     2  CuAr 
3417.49     2  CuAr 
3424.25     2  CuAr 
3438.04     2  CuAr 
3461.07     2  CuAr 
3471.32     2  CuAr 
3476.747    2  CuAr 
3478.232    2  CuAr 
3480.55     2  CuAr 
3483.76     2  CuAr 
3491.244    2  CuAr 
3491.536    2  CuAr 
3499.67     2  CuAr 
3500.4      2  CuAr 
3503.58     2  CuAr 
3509.778    2  CuAr 
3511.12     2  CuAr 
3514.388    2  CuAr 
3524.23     2  CuAr 
3530.38     2  CuAr 
3545.596    2  CuAr 
3545.845    1  CuAr  #     identified/used
3548.87     2  CuAr 
3554.306    2  CuAr 
3559.508    1  CuAr #     identified/used
3561.03     2  CuAr 
3576.616    2  CuAr 
3581.608    2  CuAr 
3582.355    2  CuAr 
3588.441    2  CuAr 
3599.13     2  CuAr 
3602.03     2  CuAr 
3606.522    2  CuAr 
3622.138    2  CuAr 
3639.42     2  CuAr 
3639.833    2  CuAr 
3686.555    2  CuAr 
3702.92     2  CuAr 
3718.206    1  CuAr #     identified/used
3729.309    1  CuAr #     identified/used
3737.889    1  CuAr #     identified/used
3744.7      2  CuAr 
3748.27     2  CuAr 
3752.06     2  CuAr 
3765.27     1  CuAr #     identified/used
3766.119    2  CuAr 
3770.369    2  CuAr 
3770.52     2  CuAr 
3776.97     2  CuAr 
3780.84     1  CuAr #     identified/used
3786.27     2  CuAr 
3790.8      2  CuAr 
3795.37     2  CuAr 
3797.849    2  CuAr 
3803.172    1  CuAr #     identified/used
3804.13     2  CuAr 
3809.18     2  CuAr 
3809.456    1  CuAr #     identified/used
3818.879    2  CuAr 
3826.921    2  CuAr 
3834.679    2  CuAr 
3850.581    1  CuAr #     identified/used
3858.32     2  CuAr 
3864.137    2  CuAr 
3868.528    1  CuAr #     identified/used
3881.68     2  CuAr 
3884.131    2  CuAr 
3892.924    2  CuAr 
3903.177    2  CuAr 
3907.84     2  CuAr 
3920.654    2  CuAr 
3925.719    1  CuAr #     identified/used
3928.623    1  CuAr #     identified/used
3932.547    1  CuAr #     identified/used
3933.268    2  CuAr 
3941.6      2  CuAr 
3946.097    2  CuAr 
3947.505    2  CuAr 
3948.979    2  CuAr 
3953.81     2  CuAr 
3960.53     2  CuAr 
3979.356    2  CuAr 
3987.024    2  CuAr 
3993.302    2  CuAr 
3994.792    1  CuAr #     identified/used
4003.476    2  CuAr 
4013.857    1  CuAr #     identified/used
4022.63     2  CuAr 
4023.6      2  CuAr 
4032.647    2  CuAr 
4033.809    1  CuAr #     identified/used
4035.46     2  CuAr 
4042.894    2  CuAr 
4043.484    2  CuAr 
4043.751    2  CuAr 
4044.418    2  CuAr 
4052.921    1  CuAr #     identified/used
4062.64     2  CuAr 
4068.106    2  CuAr 
4072.005    2  CuAr 
4072.385    1  CuAr #     identified/used
4076.628    2  CuAr 
4079.574    2  CuAr 
4082.387    2  CuAr 
4090.49     2  CuAr 
4103.912    1  CuAr #     identified/used
4131.363    1  CuAr #     identified/used
4131.724    2  CuAr 
4143.017    2  CuAr 
4146.7      2  CuAr 
4153.623    2  CuAr 
4156.086    2  CuAr 
4158.59     1  CuAr #      identified/used
4161.14     2  CuAr 
4164.18     1  CuAr #     identified/used
4164.284    2  CuAr 
4171.851    2  CuAr 
4179.297    2  CuAr 
4179.512    2  CuAr 
4181.884    1  CuAr #      identified/used
4183.4      2  CuAr 
4190.713    1  CuAr #      identified/used
4191.029    2  CuAr 
4198.317    2  CuAr 
4200.674    2  CuAr 
4211.866    2  CuAr 
4218.665    1  CuAr #     identified/used
4222.637    2  CuAr 
4226.988    2  CuAr 
4228.158    1  CuAr #     identified/used
4230.449    2  CuAr 
4237.22     1  CuAr #     identified/used
4249        2  CuAr 
4251.185    1  CuAr #      identified/used
4255.635    2  CuAr 
4259.362    1  CuAr #      identified/used
4266.286    1  CuAr #      identified/used
4266.527    2  CuAr 
4272.169    1  CuAr #      identified/used
4275.11     2  CuAr 
4277.528    1  CuAr #     identified/used
4279.962    2  CuAr 
4282.898    2  CuAr 
4283.4      2  CuAr 
4292.47     2  CuAr 
4300.101    1  CuAr #      identified/used
4300.65     2  CuAr 
4309.239    1  CuAr #     identified/used
4331.2      2  CuAr 
4332.03     2  CuAr 
4333.561    2  CuAr 
4335.338    2  CuAr 
4345.168    2  CuAr 
4348.064    1  CuAr #     identified/used
4351.97     1  CuAr #    identified/used
4352.205    2  CuAr 
4352.8      2  CuAr 
4355.24     2  CuAr 
4362.066    1  CuAr #     identified/used
4365.37     2  CuAr 
4367.832    2  CuAr 
4370.753    2  CuAr 
4370.84     2  CuAr 
4371.329    1  CuAr #     identified/used
4371.4      2  CuAr 
4373.43     2  CuAr 
4375.954    2  CuAr 
4377.11     2  CuAr 
4379.667    1  CuAr #     identified/used
4385.057    1  CuAr #     identified/used
4386.42     2  CuAr 
4400.097    2  CuAr 
4400.986    1  CuAr #     identified/used
4426.001    1  CuAr #     identified/used
4430.189    2  CuAr 
4430.996    1  CuAr #     identified/used
4433.838    1  CuAr #
4439.461    1  CuAr #     identified/used
4444.831    2  CuAr 
4448.879    1  CuAr # identified/used
4474.759    1  CuAr # identified/used
4480.4      2  CuAr 
4481.811    1  CuAr # identified/used
4506.002    2  CuAr 
4509.4      2  CuAr 
4510.733    1  CuAr # identified/used
4516.049    2  CuAr 
4522.323    2  CuAr 
4530.552    2  CuAr 
4530.8      2  CuAr 
4539.7      2  CuAr 
4541.032    2  CuAr 
4545.052    1  CuAr      # identified/used
4555.92     2  CuAr 
4564.405    2  CuAr 
4579.35     1  CuAr      # identified/used
4587        2  CuAr 
4589.898    1  CuAr      # identified/used
4596.097    2  CuAr 
4596.906    2  CuAr 
4609.567    1  CuAr      # identified/used
4628.441    2  CuAr 
4637.233    1  CuAr      # identified/used
4649.271    2  CuAr 
4651.12     1  CuAr       # identified/used
4657.901    1  CuAr      # identified/used
4661.363    2  CuAr 
4671.702    2  CuAr 
4673.577    2  CuAr 
4681.994    2  CuAr 
4702.316    1  CuAr       # identified/used
4704.6      2  CuAr 
4721.591    2  CuAr 
4726.868    1  CuAr      # identified/used
4732.053    1  CuAr      # identified/used
4735.906    1  CuAr      # identified/used
4758.433    2  CuAr 
4764.865    1  CuAr      # identified/used
4806.02     1  CuAr      # identified/used
4812.948    2  CuAr 
4847.81     1  CuAr      # identified/used
4851.262    2  CuAr 
4854.988    2  CuAr 
4865.91     1  CuAr      # identified/used
4873.304    2  CuAr 
4879.864    1  CuAr      # identified/used
4889.042    1  CuAr      # identified/used
4901.427    2  CuAr 
4904.752    1  CuAr      # identified/used
4909.734    2  CuAr 
4918.376    2  CuAr 
4926.424    2  CuAr 
4927.41     2  CuAr 
4931.698    2  CuAr 
4933.209    1  CuAr      # identified/used
4943.026    2  CuAr 
4953.724    2  CuAr 
4965.08     1  CuAr      # identified/used
4985.506    2  CuAr 
5006.801    2  CuAr 
5009.334    1  CuAr      # identified/used
5009.851    2  CuAr 
5012.62     2  CuAr 
5017.163    2  CuAr 
5021.279    2  CuAr 
5039.016    2  CuAr 
5047.348    2  CuAr 
5051.793    2  CuAr 
5058.91     2  CuAr 
5062.037    1  CuAr      # identified/used
5065.459    2  CuAr 
5067.094    2  CuAr 
5072.302    2  CuAr 
5088.277    2  CuAr 
5090.495    1  CuAr      # identified/used
5093.816    2  CuAr 
5094.28     2  CuAr 
5100.067    2  CuAr 
5105.54     1  CuAr       # identified/used
5124.476    2  CuAr 
5141.783    1  CuAr      # identified/used
5145.308    1  CuAr      # identified/used
5151.391    2  CuAr 
5153.24     1  CuAr       # identified/used
5158.093    2  CuAr 
5162.285    1  CuAr       # identified/used
5165.773    1  CuAr      # identified/used
5168.97     2  CuAr 
5183.367    2  CuAr 
5187.746    1  CuAr       # identified/used
5208.34     2  CuAr 
5216.814    2  CuAr 
5218.2      1  CuAr       # identified/used
5219.21     2  CuAr 
5220.1      2  CuAr 
5221.271    2  CuAr 
5268.59     2  CuAr 
5269.991    2  CuAr 
5276.525    2  CuAr 
5292.52     1  CuAr       # identified/used
5317.78     2  CuAr 
5368.383    2  CuAr 
5369.79     2  CuAr 
5375.8      2  CuAr 
5418.48     2  CuAr 
5421.352    1  CuAr       # identified/used
5451.652    1  CuAr       # identified/used
5494.94     2  CuAr 
5495.874    1  CuAr       # identified/used
5506.113    1  CuAr       # identified/used
5558.702    1  CuAr       # identified/used
5572.541    1  CuAr       # identified/used
5573.94     2  CuAr 
5606.733    1  CuAr       # identified/used
5609        2  CuAr 
5650.704    1  CuAr       # identified/used
5700.24     1  CuAr       # identified/used
5702.12     2  CuAr 
5739.52     1  CuAr       # identified/used
5768.56     2  CuAr 
5782.13     1  CuAr       # identified/used
5805.989    2  CuAr 
5833.515    2  CuAr 
5834.263    1  CuAr       # identified/used
5850.72     2  CuAr 
5860.31     1  CuAr       # identified/used
5882.624    1  CuAr       # identified/used
5888.584    1  CuAr       # identified/used
5897.971    2  CuAr 
5912.085    1  CuAr       # identified/used
5928.813    1  CuAr       # identified/used
5937.577    2  CuAr 
5941.196    2  CuAr 
5942.669    1  CuAr       # identified/used
5965.25     2  CuAr 
5987.302    1  CuAr       # identified/used
5993.26     2  CuAr 
5998.999    1  CuAr       # identified/used
6000.12     2  CuAr 
6023.264    2  CuAr 
6025.15     1  CuAr       # identified/used
6032.127    1  CuAr       # identified/used
6043.223    1  CuAr       # identified/used
6052.723    1  CuAr       # identified/used
6059.372    1  CuAr       # identified/used
6072.218    2  CuAr 
6080.343    2  CuAr 
6098.803    1  CuAr       # identified/used
6099.99     2  CuAr 
6100.87     2  CuAr 
6105.635    2  CuAr 
6107.412    2  CuAr 
6114.493    2  CuAr 
6114.923    1  CuAr      # identified/used
6145.441    1  CuAr       # identified/used
6150.384    2  CuAr 
6154.222    2  CuAr 
6170.174    2  CuAr 
6172.037    2  CuAr 
6172.278    1  CuAr      # identified/used
6173.096    2  CuAr 
6186.884    1  CuAr      # identified/used
6188.676    2  CuAr 
6198.092    2  CuAr 
6204.261    2  CuAr 
6208.457    2  CuAr 
6212.503    1  CuAr       # identified/used
6215.938    1  CuAr       # identified/used
6216.939    2  CuAr 
6219.844    2  CuAr 
6243.12     1  CuAr      # identified/used
6261.848    2  CuAr 
6273.349    2  CuAr 
6288.696    2  CuAr 
6296.872    2  CuAr 
6301.009    2  CuAr 
6305.972    2  CuAr 
6307.657    1  CuAr       # identified/used
6312.492    2  CuAr 
6326.466    2  CuAr 
6369.27     2  CuAr 
6369.575    1  CuAr       # identified/used
6373.268    2  CuAr 
6377.84     2  CuAr 
6384.717    1  CuAr       # identified/used
6403.384    2  CuAr 
6416.307    1  CuAr       # identified/used
6423.884    2  CuAr 
6442.965    2  CuAr 
6448.559    2  CuAr 
6466.246    2  CuAr 
6470.168    2  CuAr 
6481.437    2  CuAr 
6483.082    2  CuAr 
6484.421    2  CuAr 
6512.54     2  CuAr 
6517.317    2  CuAr 
6530.083    2  CuAr 
6538.112    2  CuAr 
6551.286    2  CuAr 
6577.08     2  CuAr 
6604.853    2  CuAr 
6624.292    2  CuAr 
6638.221    2  CuAr 
6639.74     2  CuAr 
6641.396    2  CuAr 
6643.698    2  CuAr 
6644.13     1  CuAr     # identified/used
6660.676    2  CuAr 
6660.962    2  CuAr 
6664.051    2  CuAr 
6666.359    2  CuAr 
6677.282    1  CuAr       # identified/used
6684.293    1  CuAr      # identified/used
6752.834    1  CuAr       # identified/used
6756.163    2  CuAr 
6766.612    1  CuAr       # identified/used
6770.362    2  CuAr 
6793.2      2  CuAr 
6806.216    2  CuAr 
6809.647    2  CuAr 
6823.202    2  CuAr 
6844.157    2  CuAr 
6861.269    2  CuAr 
6868.791    2  CuAr 
6871.289    1  CuAr       # identified/used
6872.231    2  CuAr 
6879.404    2  CuAr 
6879.582    1  CuAr       # identified/used
6888.174    1  CuAr       # identified/used
6937.553    1  CuAr      # identified/used
6937.664    2  CuAr 
6951.478    2  CuAr 
6952.871    2  CuAr 
6960.25     2  CuAr 
6965.431    1  CuAr       # identified/used
6977.572    2  CuAr 
7022.86     2  CuAr 
7030.251    1  CuAr       # identified/used
7067.218    1  CuAr       # identified/used
7068.736    2  CuAr 
7107.478    1  CuAr       # identified/used
7125.82     1  CuAr       # identified/used
7147.042    1  CuAr       # identified/used
7158.839    2  CuAr 
7194.896    2  CuAr 
7206.98     1  CuAr       # identified/used
7265.172    2  CuAr 
7270.664    2  CuAr 
7272.936    1  CuAr       # identified/used
7311.716    2  CuAr 
7316.005    2  CuAr 
7326.008    2  CuAr 
7331.694    2  CuAr 
7350.814    2  CuAr 
7353.293    1  CuAr       # identified/used
7372.118    1  CuAr       # identified/used
7380.426    2  CuAr 
7382.277    2  CuAr 
7383.98     1  CuAr       # identified/used
7392.98     2  CuAr 
7404.354    2  CuAr 
7412.337    2  CuAr       # identified/used
7425.294    2  CuAr 
7434.156    2  CuAr 
7435.368    1  CuAr       # identified/used
7436.297    2  CuAr 
7503.869    1  CuAr       # identified/used
7514.652    1  CuAr       # identified/used
7562.015    2  CuAr 
7635.106    1  CuAr       # identified/used
7652.333    2  CuAr 
7664.648    2  CuAr 
7681.788    2  CuAr 
7723.761    1  CuAr       # identified/used
7724.207    2  CuAr 
7744.097    2  CuAr 
7778.738    2  CuAr 
7805.184    2  CuAr 
7807.659    2  CuAr 
7825.654    2  CuAr 
7860.577    2  CuAr 
7890.567    2  CuAr 
7891.075    1  CuAr       # identified/used
7902.553    2  CuAr 
7933.13     1  CuAr       # identified/used
7944.438    2  CuAr 
7948.176    1  CuAr       # identified/used
7972.033    2  CuAr 
7988.163    2  CuAr 
8006.157    1  CuAr       # identified/used
8014.786    1  CuAr       # identified/used
8053.308    1  CuAr       # identified/used
8092.63     1  CuAr       # identified/used
8103.693    1  CuAr       # identified/used
8115.311    1  CuAr       # identified/used
8264.522    1  CuAr       # identified/used
8277.56     2  CuAr 
8283.16     2  CuAr 
8392.27     2  CuAr 
8408.21     1  CuAr       # identified/used
8424.648    1  CuAr       # identified/used
8503.396    2  CuAr 
8511.061    2  CuAr 
8521.442    1  CuAr       # identified/used
8605.776    1  CuAr       # identified/used
8609.134    2  CuAr 
8667.944    1  CuAr       # identified/used
8771.86     2  CuAr 
8849.91     1  CuAr       # identified/used
9075.394    2  CuAr 
9122.967    1  CuAr       # identified/used
9194.638    1  CuAr       # identified/used
9224.499    1  CuAr       # identified/used
9291.531    1  CuAr       # identified/used
9354.22     1  CuAr       # identified/used
9657.786    1  CuAr       # identified/used
9784.503    1  CuAr       # identified/used
9813.213    2  CuAr 
9827.978    2  CuAr 
9830.798    2  CuAr 
9861.28     2  CuAr 
9864.137    2  CuAr 
9883.969    2  CuAr 
9916.419    1  CuAr      # identified/used
9917.954    2  CuAr 
9925.594    2  CuAr 
9938.998    2  CuAr 
9960.354    2  CuAr 
10006.588   2  CuAr 
10022.969   2  CuAr 
10038.093   2  CuAr 
10052.06    1  CuAr       # identified/used
10054.938   2  CuAr 
10080.354   2  CuAr 
10332.72    1  CuAr       # identified/used
10467.177   2  CuAr 
10470.054   2  CuAr 
10478.034   2  CuAr 
10506.5     2  CuAr 
10673.565   2  CuAr 
10681.773   2  CuAr 
10683.034   2  CuAr 
10733.87    2  CuAr 
10759.16    2  CuAr 
10812.896   2  CuAr 
