3650.153   2  HgI
4046.563   1  HgI
4358.328   1  HgI
5400.562   2  NeI
5460.735   1  HgI
5769.598   1  HgI
5790.663   1  HgI
5852.488   1  NeI
5944.834   1  NeI
5975.534   1  NeI
6096.163   1  NeI
6143.063   1  NeI
6217.281   1  NeI
6266.495   1  NeI
6334.428   1  NeI
6402.248   1  NeI
6506.528   1  NeI
6598.953   1  NeI
6678.276   1  NeI
6717.043   1  NeI
6929.467   1  NeI
7032.413   1  NeI
7245.167   1  NeI
7488.871   2  NeI
7535.774   2  NeI
7635.106   1  ArI
7723.761   2  ArI
7839.053   2  NeI
