5769.598   1  HgI
5790.663   1  HgI
5852.488   1  NeI
5881.895   1  NeI
5944.834   1  NeI
5975.534   1  NeI
6029.997   1  NeI
6074.338   1  NeI
6096.163   1  NeI
6143.063   1  NeI
6163.594   1  NeI
6217.281   1  NeI
6266.495   1  NeI
6304.789   1  NeI
6334.428   1  NeI
6382.992   1  NeI
6402.248   1  NeI
6506.528   1  NeI
6532.882   1  NeI
6598.953   1  NeI
6678.276   1  NeI
6717.043   1  NeI
6929.467   1  NeI
7032.413   1  NeI
7173.938   1  NeI
7245.167   1  NeI
7438.899   1  NeI
7488.871   2  NeI
7635.106   1  ArI
