3868.5284  1 ThAr
3880.3332  1 ThAr
3882.1430  1 ThAr
3891.9792  1 ThAr
3894.6600  1 ThAr
3905.1865  1 ThAr
3911.5760  1 ThAr
3925.7188  1 ThAr
3928.6233  1 ThAr
3944.2534  1 ThAr
3946.1455  1 ThAr
3947.5046  1 ThAr
3948.9789  1 ThAr
3952.7608  1 ThAr
3974.4766  1 ThAr
3974.7590  1 ThAr
3979.3559  1 ThAr
3981.8281  1 ThAr
3992.0535  1 ThAr
3994.7918  1 ThAr
4005.3628  1 ThAr
4005.9615  1 ThAr
4013.8566  1 ThAr
4035.4600  1 ThAr
4038.8043  1 ThAr
4042.8937  1 ThAr
4044.4179  1 ThAr
4045.9654  1 ThAr
4047.4815  1 ThAr
4052.9208  1 ThAr
4054.5258  1 ThAr
4071.9967  1 ThAr
4072.3849  1 ThAr
4076.6284  1 ThAr
4076.9432  1 ThAr
4079.5738  1 ThAr
4082.3872  1 ThAr
4128.6400  1 ThAr
4131.7235  1 ThAr
4158.5905  1 ThAr
4163.6469  1 ThAr
4164.1795  1 ThAr
4181.8836  1 ThAr
4190.7129  1 ThAr
4191.0294  1 ThAr
4198.3170  1 ThAr
4200.6745  1 ThAr
4217.4308  1 ThAr
4218.6649  1 ThAr
4222.6373  1 ThAr
4226.9876  1 ThAr
4228.1580  1 ThAr
4229.8644  1 ThAr
4237.2198  1 ThAr
4251.1846  1 ThAr
4259.3619  1 ThAr
4266.2864  1 ThAr
4266.5271  1 ThAr
4272.1689  1 ThAr
4275.1596  1 ThAr
4277.5282  1 ThAr
4282.8976  1 ThAr
4284.9749  1 ThAr
4300.1008  1 ThAr
4309.2392  1 ThAr
4331.1995  1 ThAr
4332.0297  1 ThAr
4333.5612  1 ThAr
4335.3379  1 ThAr
4337.0708  1 ThAr
4345.1680  1 ThAr
4348.0640  1 ThAr
4352.2049  1 ThAr
4362.0662  1 ThAr
4363.7945  1 ThAr
4367.8316  1 ThAr
4370.7532  1 ThAr
4371.3290  1 ThAr
4375.9542  1 ThAr
4379.6668  1 ThAr
4385.0566  1 ThAr
4400.0968  1 ThAr
4400.9863  1 ThAr
4426.0011  1 ThAr
4430.1890  1 ThAr
4430.9963  1 ThAr
4433.8380  1 ThAr
4439.4614  1 ThAr
4439.8793  1 ThAr
4448.8792  1 ThAr
4456.7080  1 ThAr
4460.5574  1 ThAr
4469.1891  1 ThAr
4474.7594  1 ThAr
4481.8107  1 ThAr
4488.3123  1 ThAr
4490.9816  1 ThAr
4494.9616  1 ThAr
4498.5384  1 ThAr
4502.9268  1 ThAr
4510.7332  1 ThAr
4515.6274  1 ThAr
4522.3230  1 ThAr
4522.7839  1 ThAr
4530.5523  1 ThAr
4545.0519  1 ThAr
4547.7589  1 ThAr
4564.4054  1 ThAr
4579.3495  1 ThAr
4589.8978  1 ThAr
4596.0967  1 ThAr
4598.7627  1 ThAr
4609.5673  1 ThAr
4628.4409  1 ThAr
4637.2328  1 ThAr
4649.9777  1 ThAr
4657.9012  1 ThAr
4702.3161  1 ThAr
4703.3581  1 ThAr
4726.8683  1 ThAr
4732.0532  1 ThAr
4735.9058  1 ThAr
4757.2196  1 ThAr
4764.8646  1 ThAr
4778.2940  1 ThAr
4792.0819  1 ThAr
4806.0205  1 ThAr
4840.8492  1 ThAr
4847.8095  1 ThAr
4865.9100  1 ThAr
4867.5560  1 ThAr
4868.2742  1 ThAr
4879.8635  1 ThAr
4882.2432  1 ThAr
4889.0422  1 ThAr
4904.7516  1 ThAr
4919.8157  1 ThAr
4933.2091  1 ThAr
4965.0795  1 ThAr
4972.1597  1 ThAr
5009.3344  1 ThAr
5017.1628  1 ThAr
5048.9366  1 ThAr
5062.0371  1 ThAr
5118.2023  1 ThAr
5141.7827  1 ThAr
5162.2846  1 ThAr
5165.7728  1 ThAr
5173.6715  1 ThAr
5176.2292  1 ThAr
5187.7462  1 ThAr
5221.2710  1 ThAr
5254.4648  1 ThAr
5358.7059  1 ThAr
5373.4943  1 ThAr
5393.9719  1 ThAr
5402.6048  1 ThAr
5407.3439  1 ThAr
5421.3517  1 ThAr
5426.4075  1 ThAr
5439.9891  1 ThAr
5442.2477  1 ThAr
5451.6520  1 ThAr
5467.1704  1 ThAr
5490.1194  1 ThAr
5495.8738  1 ThAr
5498.1841  1 ThAr
5506.1128  1 ThAr
5524.9570  1 ThAr
5558.7020  1 ThAr
5577.6845  1 ThAr
5597.4756  1 ThAr
5601.1216  1 ThAr
5606.7330  1 ThAr
5650.7043  1 ThAr
5659.1272  1 ThAr
5681.9001  1 ThAr
5691.6612  1 ThAr
5702.6511  1 ThAr
5739.5196  1 ThAr
5834.2633  1 ThAr
5860.3103  1 ThAr
5882.6242  1 ThAr
5888.5841  1 ThAr
5912.0853  1 ThAr
5928.8130  1 ThAr
5964.4723  1 ThAr
5968.3199  1 ThAr
5971.6008  1 ThAr
5987.3016  1 ThAr
5998.9987  1 ThAr
6005.7242  1 ThAr
6013.6777  1 ThAr
6025.1500  1 ThAr
6032.1274  1 ThAr
6043.2233  1 ThAr
6046.8977  1 ThAr
6052.7229  1 ThAr
6059.3725  1 ThAr
6081.2433  1 ThAr
6098.8031  1 ThAr
6105.6351  1 ThAr
6113.4657  1 ThAr
6114.9234  1 ThAr
6123.3619  1 ThAr
6127.4160  1 ThAr
6138.6465  1 ThAr
6145.4411  1 ThAr
6155.2385  1 ThAr
6165.1232  1 ThAr
6170.1740  1 ThAr
6172.2778  1 ThAr
6173.0964  1 ThAr
6201.1002  1 ThAr
6215.9383  1 ThAr
6248.4055  1 ThAr
6261.4181  1 ThAr
6278.6453  1 ThAr
6296.8722  1 ThAr
6307.6570  1 ThAr
6309.1600  1 ThAr
6312.6222  1 ThAr
6324.3978  1 ThAr
6359.6744  1 ThAr
6364.8937  1 ThAr
6369.5748  1 ThAr
6384.7169  1 ThAr
6403.0128  1 ThAr
6416.3071  1 ThAr
6418.3703  1 ThAr
6422.8969  1 ThAr
6431.5550  1 ThAr
6441.8994  1 ThAr
6483.0825  1 ThAr
6493.9694  1 ThAr
6499.1061  1 ThAr
6513.8462  1 ThAr
6538.1120  1 ThAr
6596.1141  1 ThAr
6598.6778  1 ThAr
6604.8534  1 ThAr
6632.0837  1 ThAr
6638.2207  1 ThAr
6639.7403  1 ThAr
6643.6976  1 ThAr
6656.9386  1 ThAr
6660.6761  1 ThAr
6664.0510  1 ThAr
6666.3588  1 ThAr
6677.2817  1 ThAr
6684.2929  1 ThAr
6719.1995  1 ThAr
6722.8899  1 ThAr
6752.8335  1 ThAr
6766.6117  1 ThAr
6827.2488  1 ThAr
6861.2688  1 ThAr
6863.5350  1 ThAr
6871.2891  1 ThAr
6879.5824  1 ThAr
6887.0881  1 ThAr
6888.1742  1 ThAr
6925.0094  1 ThAr
6937.6642  1 ThAr
6951.4776  1 ThAr
6960.2500  1 ThAr
6992.2126  1 ThAr
7007.0961  1 ThAr
7025.2251  1 ThAr
7030.2514  1 ThAr
7045.7970  1 ThAr
7068.7358  1 ThAr
7086.7044  1 ThAr
7107.4778  1 ThAr
7125.8200  1 ThAr
7147.0416  1 ThAr
7158.8387  1 ThAr
7162.5569  1 ThAr
7206.9804  1 ThAr
7229.9380  1 ThAr
7265.1724  1 ThAr
7270.6636  1 ThAr
7285.4437  1 ThAr
7311.7159  1 ThAr
7316.0050  1 ThAr
7345.3996  1 ThAr
7350.8140  1 ThAr
7353.2930  1 ThAr
7372.1184  1 ThAr
7392.9801  1 ThAr
7412.3368  1 ThAr
7422.3118  1 ThAr
7425.2942  1 ThAr
7435.3683  1 ThAr
7436.2970  1 ThAr
7471.1641  1 ThAr
7484.3267  1 ThAr
7500.6556  1 ThAr
7510.4082  1 ThAr
7567.7417  1 ThAr
7589.3151  1 ThAr
7618.3443  1 ThAr
7628.8818  1 ThAr
7670.0575  1 ThAr
7798.3579  1 ThAr
7861.9100  1 ThAr
7861.9110  1 ThAr
7868.1946  1 ThAr
7891.0750  1 ThAr
7916.4420  1 ThAr
7956.9740  1 ThAr
7981.2262  1 ThAr
7987.9731  1 ThAr
8037.2183  1 ThAr
8046.1169  1 ThAr
8053.3085  1 ThAr
8094.0559  1 ThAr
8143.1380  1 ThAr
8560.4348  1 ThAr
8605.7762  1 ThAr
8620.4602  1 ThAr
8665.4855  1 ThAr
8667.9442  1 ThAr
8675.3983  1 ThAr
8678.4083  1 ThAr
8761.6862  1 ThAr
8771.8602  1 ThAr
8799.0875  1 ThAr
8849.9165  1 ThAr
