3491.536    1  ArII    50.358
3576.616    1  ArII   164.390
3588.441    1  ArII   180.204
3718.207    1  ArII   354.007
3729.309    1  ArII   368.992
3737.889    1  ArII   380.446
3780.840    1  ArII   437.997
3850.581    1  ArII   531.432
3868.528    1  ArII   555.372
3888.6456   1  HeI   582.475
3928.623    1  ArII   636.002
3964.7285   1 HeI   684.413
  4026.191  1 He I
  4026.36   1 He I
4103.912    1  ArII   870.843
4131.724    1  ArII   907.999
4158.590    1  ArI   944.006
4164.180    1  ArI   951.513
4181.884    1   ArI   975.342
4228.158    1  ArII  1036.976
4237.220    1  ArII  1049.269
4259.362    1  ArI  1079.001
4272.169    1  ArI  1096.021
4277.528    1  ArII  1103.250
4300.101    1  ArI  1133.449
4375.954    1  ArII  1234.975
4379.667    1  ArII  1239.983
4387.9291   1 HeI  1250.992
4426.001    1   ArII  1301.987
  4471.479  1 He I
  4471.68   5 He I
4481.811    1  ArII  1376.468
4510.733    1  ArI  1415.070
4545.052    1   ArII  1460.998
  4552.000  1 UK
4579.350    1  ArII  1506.970
4589.898    1  ArII  1520.991
4609.567    1  ArII  1547.290
4657.901    1   ArII  1611.825
  4713.146  5 He I
4726.868    1  ArII  1703.842
4735.906    1   ArII  1715.960
4764.865    1  ArII  1754.532
4806.020    1  ArII  1809.463
4847.810    1  ArII  1865.186
4879.864    1  ArII  1907.920
4889.042    1  ArII  1919.849
  4921.042  1 Ar I
  4921.931  5 He I
  4933.000  2 UK
4965.080    1  ArII  2021.472
5009.334    1  ArII  2080.462
  5015.678  1 He I
5047.7384   1  HeI  2131.514
5062.037    2  ArII  2150.402
  5117.000  2 UK
  5144.000  2 UK
  5152.000  2 UK
  5161.000  2 UK
5162.285    1  ArI  2283.718
5187.746    1  ArI 2317.539
  5189.000  1 UK
5221.270    1  ArI  2362.116
  5330.000  2 UK
  5342.000  2 UK
  5401.000  2 UK
  5537.000  2 UK
  5852.488  5 Ne I
  5875.62   1 He I
  5875.97   1 He I
  5881.895  3 Ne I
  5944.834  3 Ne I
  5974.627  1 Ne I
  5975.534  1 Ne I
  6029.997  3 Ne I
  6074.338  3 Ne I
  6096.163  3 Ne I
  6143.063  5 Ne I
  6163.594  3 Ne I
  6217.281  3 Ne I
  6266.495  3 Ne I
  6304.789  3 Ne I
  6334.428  3 Ne I
  6382.992  3 Ne I
  6402.246  3 Ne I
  6438.100  2 UK
  6506.528  3 Ne I
  6532.882  3 Ne I 
  6598.953  3 Ne I
  6678.276  1 Ne I
  6678.149  1 He I
  6717.043  3 Ne I
  6929.467  3 Ne I
  7024.050  1 Ne I
  7032.413  1 Ne I
  7065.19   1 He I
  7065.71   1 He I
  7173.938  3 Ne I
  7245.167  3 Ne I
  7383.9805 1 Ar I
  7438.90   3 Ne I
  7488.871  3 Ne I
  7503.8691 3 Ar I
  7514.6518 3 Ar I
  7535.774  3 Ne I
  7544.0443 1 Ne I
  7635.106  2 Ar I
  7723.761  1 Ar I
  7724.207  1 Ar I
  7948.176  1 Ar I
  8006.157  1 Ar I
  8014.786  3 Ar I
  8082.457  1 Ne I
  8103.693  3 Ar I
  8115.311  1 Ar I
  8118.549  3 Ne I
  8128.911  1 Ne I
  8136.406  1 Ne I  
  8264.522  1 Ar I
  8300.326  3 Ne I
  8377.6065 3 Ne I
  8408.2096 3 Ar I
  8417.159  1 Ne I
  8418.427  1 Ne I
  8424.6475 1 Ar I
  8495.3598 3 Ne I
  8521.4422 3 Ar I
  8591.2583 3 Ne I
  8634.647  3 Ne I
  8654.3831 3 Ne I
  8679.492  1 Ne I
  8681.921  1 Ne I
  8780.621  1 Ne I
  8783.753  1 Ne I
  8853.867  3 Ne I
  8865.306  1 Ne I
  8865.755  1 Ne I
  9122.9674 3 Ar I
  9148.67   1 Ne I
  9226.69   1 Ne I
  9665.424  3 Ne I
