 $#  Uses Murphy approved list for HIRESb 
3058.426284 1   Th
3060.438957 1   Th
3060.905473 1   Ar
3065.683758 1   Th
3065.930013 1   Th
3066.412051 1   Th
3067.729409 1   Th
3069.255822 1   Th
3072.115012 1   Th
3072.825235 1   Th
3073.803950 1   XX
3075.056529 1   Th
3077.339066 1   Th
3077.717166 1   Th
3077.931848 1   Th
3078.828026 1   Th
3079.887460 1   Th
3080.217043 1   Th
3081.032158 1   XX
3081.981001 1   Th
3082.504712 1   Th
3085.025579 1   Ar
3086.566720 1   XX
3093.401536 1   Ar
3097.267189 1   Th
3097.974304 1   Th
3100.938252 1   Th
3101.689840 1   Th
3107.026136 1   Th
3108.296793 1   Th
3110.020904 1   Th
3111.430176 1   Th
3112.089063 1   Th
3116.479185 1   Th
3117.684010 1   Th
3121.767497 1   XX
3124.387391 1   Th
3125.209127 1   Th
3126.053162 1   Th
3127.208241 1   Th
3129.974056 1   Th
3133.619655 1   Th
3134.425744 1   Th
3135.533583 1   XX
3136.216082 1   Th
3136.483049 1   Ar
3136.829275 1   Th
3137.171915 1   Th
3137.632620 1   Ar
3139.017198 1   Ar
3140.272028 1   Th
3141.847238 1   Th
3142.835605 1   Th
3145.636991 1   Th
3146.043368 1   Th
3146.810869 1   Th
3153.218199 1   Th
3153.784399 1   Ar
3154.300879 1   Th
3155.830181 1   Th
3156.400648 1   Th
3158.402581 1   XX
3158.617344 1   Th
3158.869053 1   Ca
3159.072264 1   Th
3159.707222 1   XX
3161.688137 1   Th
3162.029026 1   XX
3163.094967 1   XX
3164.481563 1   Th
3165.291051 1   Ar
3166.098416 1   Th
3169.328492 1   Th
3169.668007 1   Ar
3171.275477 1   Th
3172.111202 1   XX
3173.426654 1   Th
3173.704570 1   XX
3174.204340 1   Th
3175.057311 1   Th
3175.725737 1   Th
3176.167080 1   Th
3178.243304 1   Th
3179.048191 1   Th
3179.627395 1   XX
3180.193754 1   Th
3181.037112 1   Ar
3182.405455 1   Th
3182.642528 1   Th
3184.614959 1   Th
3184.949173 1   Th
3185.676757 1   XX
3186.171701 1   Ar
3192.585625 1   Th
3193.159769 1   Th
3193.368884 1   Th
3193.780994 1   Th
3195.313946 1   Th
3195.689137 1   Th
3203.879949 1   Th
3204.320885 1   Ar
3205.288757 1   Th
3207.581032 1   Ar
3207.782509 1   Th
3210.308825 1   Th
3211.194319 1   Th
3212.518078 1   Ar
3214.074664 1   Th
3214.380124 1   Th
3216.997913 1   Th
3218.309076 1   Th
3220.350851 1   Th
3221.864105 1   Th
3222.397889 1   Ar
3225.411053 1   Th
3226.119007 1   Th
3227.470455 1   XX
3229.009593 1   Th
3230.867963 1   Th
3232.306180 1   Th
3233.627614 1   Th
3235.667388 1   XX
3235.839985 1   XX
3237.232332 1   XX
3238.115747 1   Th
3238.934310 1   Th
3241.107950 1   Th
3243.688079 1   Ar
3244.448809 1   Th
3244.881507 1   Th
3248.893834 1   Th
3251.915910 1   Th
3252.964413 1   XX
3254.067323 1   Th
3254.809902 1   Th
3255.510061 1   Th
3256.273854 1   Th
3257.162051 1   Th
3257.366748 1   Th
3257.934784 1   Th
3259.060869 1   Th
3259.245136 1   Th
3262.668454 1   Th
3264.121613 1   Th
3265.577869 1   Th
3267.002454 1   Th
3269.469866 1   Th
3272.026800 1   Th
3273.317142 1   Ar
3274.403982 1   Th
3275.067597 1   Th
3275.643359 1   Ar
3281.700950 1   Ar
3282.616574 1   XX
3286.582912 1   Th
3287.789301 1   Th
3288.160274 1   Th
3290.126665 1   Th
3290.599620 1   Th
3291.739449 1   Th
3294.245237 1   Th
3297.374831 1   Th
3297.833304 1   Th
3298.049858 1   Th
3301.651140 1   Th
3303.481848 1   Th
3304.238360 1   Th
3307.228257 1   Ar
3309.135852 1   Th
3317.558479 1   Th
3319.341912 1   Ar
3319.910160 1   Th
3321.450839 1   Th
3322.093322 1   Th
3322.470927 1   Th
3324.752706 1   Th
3325.120752 1   Th
3325.965805 1   XX
3326.465259 1   Th
3327.193167 1   Th
3327.712760 1   XX
3329.728397 1   Th
3330.477007 1   Th
3333.128998 1   Th
3334.604120 1   Th
3337.870357 1   Th
3338.397050 1   Th
3338.598026 1   XX
3341.740642 1   Ar
3343.618348 1   Th
3343.812927 1   Th
3346.555999 1   Th
3349.329470 1   XX
3350.923835 1   Ar
3351.228617 1   Th
3353.948473 1   Th
3354.179605 1   Th
3354.618517 1   Th
3355.106131 1   Th
3357.058119 1   Th
3357.235167 1   Th
3357.405535 1   Th
3358.601994 1   Th
3359.756883 1   Th
3360.159295 1   Th
3360.373550 1   Th
3362.676256 1   Th
3365.520271 1   Ar
3367.582229 1   Th
3371.796762 1   Th
3372.334739 1   XX
3373.844479 1   Ar
3374.581445 1   Th
3374.974894 1   Th
3376.435792 1   Ar
3376.839609 1   Th
3378.573379 1   Th
3380.859541 1   Th
3384.992426 1   Th
3385.531607 1   Th
3386.500660 1   Th
3387.920553 1   Th
3389.037362 1   XX
3389.640541 1   Th
3390.368122 1   XX
3392.034957 1   Th
3393.230819 1   Th
3393.421494 1   Th
3394.797014 1   Th
3395.112389 1   Th
3395.986186 1   XX
3397.516114 1   Th
3398.544852 1   Th
3402.026404 1   Th
3405.558381 1   Th
3407.830184 1   Th
3408.749883 1   Th
3409.269918 1   Th
3411.783744 1   Th
3417.125544 1   Th
3417.497794 1   Th
3419.173303 1   Th
3423.129072 1   XX
3423.989681 1   Th
3425.943588 1   Th
3426.742667 1   XX
3427.993575 1   Th
3428.999181 1   Th
3429.389270 1   Th
3430.415118 1   Ar
3431.810465 1   Th
3432.583087 1   Ar
3433.555396 1   Ni
3433.998848 1   Th
3435.193443 1   XX
3435.977129 1   Th
3437.024211 1   Th
3437.307095 1   Th
3438.950331 1   Th
3439.398751 1   Th
3439.711804 1   Th
3440.605808 1   Fe
3441.364697 1   Th
3442.579014 1   Th
3445.217278 1   Th
3445.744152 1   Th
3446.547456 1   Th
3448.948718 1   Th
3449.287076 1   Th
3449.644796 1   Th
3450.947518 1   Th
3451.702372 1   Th
3452.682073 1   Th
3454.094963 1   Ar
3455.272624 1   Th
3455.613072 1   Th
3456.441731 1   Th
3457.069153 1   Th
3457.433993 1   XX
3461.018679 1   Th
3461.217251 1   Th
3462.850565 1   Th
3463.719710 1   Th
3464.126777 1   Ar
3466.332950 1   Ar
3466.896805 1   Th
3468.219799 1   Th
3469.345454 1   Th
3469.920804 1   Th
3470.567491 1   Th
3471.596494 1   Ar
3471.959330 1   Th
3473.029075 1   Th
3473.780741 1   Th
3476.747140 1   Ar
3477.704260 1   Th
3478.463542 1   Th
3479.684721 1   Th
3480.505247 1   Ar
3481.002984 1   Th
3484.080004 1   Th
3485.472192 1   Th
3488.833855 1   Th
3489.184152 1   Th
3489.507600 1   Th
3490.872959 1   Ar
3491.243710 1   Ar
3491.535601 1   Ar
3493.518543 1   Th
3496.810716 1   Th
3497.262877 1   Th
3498.009831 1   Th
3500.842386 1   Th
3501.455948 1   Th
3505.494138 1   Th
3506.852035 1   Th
3509.777919 1   Ar
3514.387363 1   Ar
3516.354506 1   XX
3516.577158 1   Th
3516.824308 1   Th
3518.404024 1   Th
3519.993364 1   Ar
3521.059481 1   Th
3521.259918 1   Ar
3523.506150 1   Th
3523.758548 1   Th
3524.178731 1   Th
3524.536471 1   Ni
3527.000519 1   XX
3527.322379 1   Th
3528.411658 1   Th
3529.385973 1   Th
3530.514780 1   Th
3531.450561 1   Th
3535.319295 1   Ar
3537.159758 1   Th
3538.212569 1   Th
3539.322306 1   Th
3539.587276 1   Th
3541.615914 1   Th
3541.969699 1   Th
3543.146944 1   Ar
3545.595189 1   Ar
3545.843139 1   Ar
3547.917487 1   XX
3548.514041 1   Ar
3550.292441 1   Th
3551.401923 1   Th
3553.110325 1   Th
3553.377187 1   Th
3554.305517 1   Ar
3555.704633 1   Th
3556.314437 1   Th
3556.903771 1   Ar
3559.507869 1   Ar
3561.030143 1   Ar
3561.780880 1   Th
3562.191140 1   Ar
3565.029311 1   Ar
3566.371807 1   Ni
3567.263810 1   Th
3569.620438 1   Th
3569.820475 1   Th
3571.009220 1   XX
3571.573099 1   Th
3573.219647 1   Th
3576.615368 1   Ar
3577.215674 1   Th
3577.599396 1   Th
3578.355625 1   Ar
3578.686375 1   Cr
3578.949763 1   Th
3581.608015 1   Ar
3582.009135 1   Th
3582.354424 1   Ar
3584.175638 1   Th
3588.440232 1   Ar
3589.360309 1   Th
3589.749503 1   Th
3589.994165 1   Th
3591.452414 1   Th
3592.073770 1   XX
3594.111161 1   Th
3594.985616 1   Th
3595.617736 1   Th
3597.495522 1   XX
3598.119977 1   Th
3600.221726 1   Ar
3600.432327 1   Th
3601.771594 1   Th
3603.204207 1   Th
3605.193661 1   Th
3606.521607 1   Ar
3607.393345 1   Th
3609.445187 1   Th
3610.397099 1   Th
3611.160461 1   Th
3611.813042 1   Ar
3612.427480 1   Th
3612.866647 1   Th
3615.132757 1   Th
3615.850348 1   Th
3616.177796 1   Th
3618.363366 1   Th
3622.137205 1   Ar
3622.795452 1   Th
3624.472007 1   Th
3625.628038 1   Th
3634.213564 1   Th
3635.419485 1   Th
3635.943368 1   XX
3636.566730 1   Th
3637.031051 1   Ar
3638.644471 1   Th
3639.446974 1   Th
3641.112866 1   Th
3642.249004 1   Th
3642.572916 1   Th
3643.512345 1   Th
3643.825007 1   Th
3646.884173 1   Th
3648.421263 1   Th
3648.855241 1   Th
3649.249611 1   Th
3650.204603 1   Th
3652.168348 1   Th
3652.537225 1   Th
3654.461786 1   Th
3655.277777 1   Ar
3656.693835 1   Th
3657.055400 1   Th
3658.808733 1   Th
3659.629386 1   Th
3663.202503 1   Th
3663.702358 1   Th
3665.181162 1   Th
3666.981142 1   Th
3668.139866 1   XX
3671.004152 1   Ar
3671.539836 1   Th
3672.300297 1   Th
3672.521789 1   Th
3673.793557 1   Th
3674.646692 1   Th
3674.891013 1   Th
3675.137204 1   Th
3675.567575 1   Th
3675.789326 1   Th
3676.689687 1   Th
3679.134333 1   XX
3679.710495 1   Th
3680.060450 1   Ar
3680.447719 1   Th
3683.493166 1   Th
3684.932899 1   Th
3685.587034 1   Th
3687.670047 1   Th
3690.623869 1   Th
3690.894860 1   Ar
3691.411749 1   Th
3691.614109 1   Th
3692.566417 1   Th
3695.288968 1   Th
3695.973758 1   Th
3697.030856 1   Th
3697.743648 1   Th
3698.106179 1   Th
3698.754555 1   XX
3699.880809 1   Th
3700.765379 1   Th
3700.978233 1   Th
3702.863833 1   Th
3703.229921 1   Th
3703.774325 1   Th
3704.337359 1   XX
3706.767261 1   Th
3711.304110 1   Th
3714.070569 1   XX
3715.560653 1   XX
3717.170997 1   Ar
3717.829327 1   Th
3719.434728 1   Th
3721.215223 1   Th
3721.825450 1   Th
3723.289817 1   Th
3725.393215 1   XX
3727.612014 1   Th
3727.902757 1   Th
3728.675715 1   XX
3729.308136 1   Ar
3730.748519 1   Th
3732.985429 1   Th
3734.863800 1   Fe
3737.512535 1   Th
3737.888945 1   Ar
3740.855132 1   Th
3741.183057 1   Th
3742.923393 1   Th
3743.508280 1   XX
3747.539032 1   Th
3752.568973 1   Th
3753.242101 1   Th
3754.288404 1   XX
3754.593057 1   Th
3755.212137 1   Th
3756.294123 1   Th
3757.694157 1   Th
3758.467089 1   Th
3761.704389 1   Th
3764.657484 1   XX
3768.435890 1   Th
3770.055998 1   Th
3771.370827 1   Th
3772.236947 1   Th
3772.649869 1   Th
3773.052086 1   XX
3773.757441 1   Th
3774.733159 1   XX
3775.902786 1   Th
3776.271162 1   Th
3783.012697 1   Th
3783.296425 1   Th
3784.574884 1   XX
3785.600691 1   Th
3786.383000 1   Ar
3788.359497 1   Th
3790.083796 1   XX
3790.795014 1   Th
3792.730469 1   Th
3794.150875 1   Th
3797.454398 1   Th
3800.198363 1   Th
3800.372370 1   Th
3800.588763 1   Th
3804.698560 1   Th
3807.272730 1   Th
3807.874216 1   Th
3808.128934 1   Th
3809.456226 1   Ar
3809.835378 1   Th
3810.995489 1   Th
3812.397900 1   Th
3813.067943 1   Th
3815.026758 1   Th
3815.565429 1   Th
3815.839782 1   XX
3818.685274 1   Th
3820.792436 1   Th
3821.430886 1   Th
3822.862544 1   XX
3823.067356 1   Th
3824.443265 1   XX
3825.672458 1   Ar
3826.368830 1   Th
3826.807333 1   Ar
3828.384620 1   Th
3830.060435 1   Th
3830.773695 1   Th
3832.788843 1   Th
3834.678239 1   Ar
3835.710528 1   Th
3837.024398 1   Th
3837.875485 1   Th
3840.800127 1   Th
3841.518528 1   Ar
3841.960320 1   Th
3844.731154 1   Ar
3845.405511 1   Ar
3846.249004 1   Th
3847.619324 1   Th
3849.182350 1   Th
3850.133154 1   Th
3850.581478 1   Ar
3852.135168 1   Th
3852.958630 1   Th
3854.510257 1   Th
3863.405946 1   Th
3867.578321 1   Th
3868.528624 1   Ar
3869.663262 1   Th
3872.137342 1   Ar
3873.147903 1   Th
3873.822102 1   Th
3874.243737 1   Th
3874.862342 1   Th
3875.646477 1   Th
3879.268711 1   Th
3879.644138 1   Th
3880.332530 1   Ar
3881.498950 1   Th
3882.144129 1   Th
3884.819980 1   XX
3885.768405 1   Th
3889.906259 1   Th
3891.401794 1   Ar
3891.726166 1   Th
3891.979258 1   Ar
3893.651916 1   Th
3894.408678 1   Th
3894.660049 1   Ar
3895.419264 1   Th
3895.656074 1   XX
3898.795701 1   XX
3900.878145 1   Th
3901.152563 1   Th
3901.661916 1   Th
3903.102286 1   Th
3903.481532 1   Th
3905.186018 1   Th
3907.543305 1   Th
3908.748399 1   Th
3909.138646 1   Th
3910.521068 1   Th
3910.773586 1   Th
3911.576209 1   Ar
3914.164876 1   XX
3914.768255 1   Ar
3915.848553 1   Th
3916.417436 1   Th
3917.269011 1   Th
3918.501434 1   XX
3919.460113 1   XX
3922.217151 1   Th
3922.911845 1   XX
3923.799400 1   Th
3924.404367 1   XX
3925.093681 1   Th
3925.719162 1   Ar
3926.045746 1   Ar
3928.623574 1   Ar
3929.669203 1   Th
3931.997851 1   XX
3932.226498 1   Th
3932.546855 1   Ar
3932.911332 1   Th
3933.661199 1   Ca
3934.797506 1   XX
3935.940375 1   Th
3937.039891 1   Th
3937.924236 1   Th
3938.422467 1   Th
3939.154490 1   XX
3939.538116 1   XX
3945.507354 1   Th
3945.820294 1   Th
3947.504607 1   Ar
3950.395397 1   Th
3950.804941 1   Th
3951.107448 1   Th
3964.029968 1   Th
3966.964231 1   XX
3967.392112 1   Th
3969.002322 1   Th
3972.154338 1   XX
3972.639300 1   Th
3974.476567 1   Ar
3975.220269 1   Th
3976.414779 1   Th
3979.355779 1   Ar
3980.754517 1   Th
3981.106438 1   Th
3981.828197 1   Th
3982.102662 1   Th
3984.094828 1   Th
3984.374301 1   Th
3984.879451 1   Th
3987.705550 1   Th
3988.600082 1   Th
3988.845145 1   Th
3990.492442 1   Th
3991.731075 1   Th
3992.053554 1   Ar
3992.273486 1   Th
3993.299140 1   XX
3993.723783 1   Th
3994.549534 1   Th
3994.792091 1   Ar
3996.061659 1   Th
3996.669562 1   Th
3997.466523 1   Th
4000.280454 1   Th
4003.105728 1   Th
4005.092975 1   Th
4006.380689 1   Th
4008.210288 1   Th
4011.209659 1   Ar
4012.495421 1   Th
4013.856750 1   Ar
4014.716342 1   Th
4024.802230 1   Th
4025.655661 1   Th
4027.341056 1   Th
4029.826137 1   Th
4030.292633 1   XX
4030.842436 1   Th
4034.246283 1   Th
4035.460437 1   Ar
4036.047864 1   Th
4036.565449 1   Th
4038.804857 1   Ar
4039.865616 1   Th
4040.392894 1   Th
4041.203396 1   Th
4042.894358 1   Ar
4043.130267 1   Th
4043.395046 1   Th
4044.418042 1   Ar
4044.926781 1   Th
4046.251809 1   Th
4049.944572 1   Th
4050.887229 1   XX
4051.499156 1   Th
4052.921010 1   Ar
4054.302003 1   Th
4054.526327 1   Ar
4059.252861 1   Th
4061.625023 1   Th
4064.331561 1   Th
4067.450978 1   Th
4069.201920 1   Th
4069.760850 1   Th
4070.238160 1   Th
4072.384820 1   Ar
4074.641923 1   Th
4075.503004 1   Th
4076.628745 1   Ar
4076.943344 1   Ar
4081.367927 1   Th
4085.042472 1   Th
4085.433751 1   Th
4086.520592 1   Th
4089.137621 1   Th
4093.392143 1   Th
4093.671618 1   Th
4094.747403 1   Th
4096.076549 1   Th
4097.747286 1   Th
4098.933009 1   Th
4100.341269 1   Th
4102.617755 1   Th
4104.381577 1   Th
4104.837546 1   XX
4107.050320 1   XX
4108.419732 1   Th
4109.323634 1   Th
4113.558041 1   Th
4114.489721 1   Ar
4115.758823 1   Th
4116.713432 1   Th
4128.640145 1   Ar
4130.324641 1   XX
4131.002095 1   Th
4132.752737 1   Th
4135.479805 1   Th
4138.040573 1   Th
4140.235001 1   Th
4142.474639 1   Th
4142.700927 1   Th
4148.181686 1   Th
4151.145471 1   Th
4154.720565 1   Th
4156.085726 1   Ar
4156.515996 1   Th
4163.180012 1   Th
4165.766346 1   Th
4166.905758 1   Th
4167.865471 1   Th
4168.634060 1   Th
4168.968795 1   Ar
4171.341017 1   XX
4174.439626 1   XX
4178.059409 1   Th
4178.848605 1   Th
4181.883406 1   Ar
4184.137634 1   Th
4185.805041 1   XX
4187.140573 1   Th
4191.827206 1   Th
4192.361872 1   Th
4193.016371 1   Th
4194.082412 1   Th
4194.936108 1   Th
4195.558254 1   Th
4205.790752 1   XX
4207.612643 1   Th
4208.411158 1   Th
4210.456944 1   Th
4210.923021 1   Th
4211.514424 1   Th
4213.067117 1   Th
4215.627803 1   Th
4220.731987 1   Th
4221.691494 1   Th
4222.637351 1   Ar
4227.387297 1   Th
4228.157937 1   Ar
4229.147346 1   Th
4229.454187 1   Th
4230.426111 1   Th
4230.823466 1   Th
4232.261317 1   XX
4233.288251 1   Th
4233.906232 1   Th
4235.463786 1   Th
4236.390268 1   XX
4240.594678 1   Th
4241.094942 1   Th
4242.719927 1   Th
4243.019662 1   XX
4243.261039 1   Th
4243.924623 1   Th
4247.598794 1   Th
4247.987695 1   Th
4249.679373 1   Th
4253.538831 1   Th
4255.237191 1   XX
4256.253647 1   Th
4258.519951 1   Th
4261.275159 1   Th
4263.356268 1   Th
4264.106807 1   Th
4266.286458 1   Ar
4266.527325 1   Ar
4269.627600 1   XX
4269.942283 1   Th
4270.328531 1   Th
4272.874347 1   Th
4273.357439 1   Th
4274.024833 1   Th
4276.807189 1   Th
4278.322907 1   Th
4279.059142 1   Th
4280.567019 1   Th
4281.068158 1   Th
4281.414763 1   Th
4282.042086 1   Th
4283.518230 1   Th
4285.939783 1   Th
4286.699974 1   Th
4288.668800 1   Th
4291.809723 1   Th
4295.584873 1   Th
4295.815748 1   Th
4299.634234 1   Th
4299.839604 1   Th
4300.649946 1   Ar
4303.989208 1   Th
4307.176075 1   Th
4311.799273 1   Th
4313.310306 1   Th
4315.254471 1   Th
4319.098199 1   Th
4320.126431 1   Th
4325.274266 1   Th
4328.915443 1   Th
4330.411334 1   Th
4330.844120 1   Th
4332.029855 1   Ar
4337.277141 1   Th
4338.799024 1   XX
4340.895167 1   Th
4342.443971 1   Th
4343.381800 1   Th
4343.603671 1   Th
4343.951448 1   Th
4344.326495 1   Th
4349.072129 1   Th
4349.629976 1   Th
4355.320241 1   Th
4357.613456 1   Th
4358.320293 1   Th
4359.372555 1   Th
4360.167295 1   Th
4361.307194 1   Th
4362.066631 1   Ar
4363.794730 1   Ar
4365.930205 1   Th
4369.875571 1   Th
4372.489522 1   Ar
4376.530911 1   XX
4378.176824 1   Th
4379.213895 1   Ar
4379.667209 1   Ar
4380.286039 1   Th
4381.859986 1   Th
4385.057274 1   Ar
4391.110881 1   Th
4392.974102 1   Th
4393.759438 1   Th
4394.894594 1   Th
4396.478255 1   Th
4397.914880 1   Th
4400.096854 1   Ar
4401.580930 1   Th
4402.926798 1   Th
4409.898820 1   Th
4414.486318 1   Th
4416.237933 1   Th
4416.845034 1   Th
4419.770424 1   Th
4422.048113 1   Th
4423.261994 1   Th
4423.720151 1   Th
4430.996494 1   Ar
4432.252182 1   Th
4432.962762 1   Th
4433.838218 1   Ar
4435.678467 1   XX
4436.047887 1   Th
4436.283559 1   Th
4437.444892 1   Th
4439.123394 1   Th
4439.461496 1   Ar
4440.573767 1   Th
4440.866037 1   Th
4443.085922 1   Th
4447.229655 1   Th
4447.834068 1   Th
4448.879769 1   Ar
4449.520160 1   Ar
4451.050772 1   Th
4451.740841 1   Th
4452.565919 1   Th
4454.139273 1   Th
4454.515415 1   Th
4454.773868 1   Ca
4458.001577 1   Th
4460.557349 1   Ar
4465.340307 1   Th
4468.320958 1   Th
4469.189256 1   Th
4469.525401 1   Th
4470.990465 1   Th
4474.073418 1   Th
4475.221486 1   Th
4476.493374 1   XX
4477.467605 1   XX
4478.595578 1   Th
4479.637221 1   Th
4482.169703 1   Th
4483.347289 1   Th
4486.897614 1   Th
4487.495789 1   Th
4488.311951 1   Th
4488.679208 1   Th
4490.982155 1   Ar
4494.690823 1   Th
4494.962173 1   Th
4495.236832 1   Th
4496.310967 1   Th
4498.539067 1   Ar
4499.983224 1   Th
4502.927116 1   Ar
4504.630538 1   Th
4505.216342 1   Th
4513.222627 1   Th
4513.679940 1   Th
4515.118228 1   Th
4515.627500 1   Th
4519.259216 1   Th
4524.128670 1   Th
4524.838426 1   Th
4525.090255 1   Th
4526.027843 1   Th
4527.177005 1   XX
4528.410040 1   Th
4528.974416 1   Th
4530.319024 1   Th
4530.552330 1   Ar
4531.713294 1   Th
4532.257632 1   Th
4533.304041 1   Th
4534.119077 1   Th
4535.254374 1   Th
4535.979533 1   Th
4537.642250 1   Ar
4540.998918 1   Th
4544.513519 1   Th
4547.759159 1   Ar
4548.979758 1   Th
4549.834344 1   Th
4556.387047 1   XX
4556.807521 1   XX
4558.345945 1   Th
4559.312010 1   Th
4560.394230 1   Th
4561.012595 1   Ar
4562.080492 1   Th
4564.405822 1   Ar
4564.835313 1   Th
4566.650292 1   Th
4567.239946 1   Th
4568.142371 1   Th
4570.972161 1   Th
4571.218853 1   Th
4571.957776 1   Th
4572.892195 1   XX
4573.703117 1   Th
4574.027011 1   Th
4574.305291 1   Th
4579.827278 1   Th
4583.654394 1   Th
4584.652635 1   XX
4586.269884 1   Th
4588.426418 1   Th
4592.666430 1   Th
4596.096466 1   Ar
4598.762949 1   Ar
4602.886400 1   Th
4603.143767 1   Th
4604.652617 1   Th
4608.619441 1   Th
4611.244453 1   Ar
4611.859039 1   Th
4613.604010 1   Th
4615.024319 1   Th
4615.334111 1   Th
4616.452497 1   Th
4620.242532 1   Th
4623.890992 1   Th
4625.053142 1   Th
4625.494718 1   Th
4627.298084 1   Th
4628.201884 1   Th
4628.441048 1   Ar
4629.008560 1   Th
4629.769269 1   Th
4630.354049 1   Th
4631.761946 1   Th
4638.125558 1   Th
4638.684582 1   Th
4643.864399 1   XX
4644.707008 1   Th
4647.250193 1   Th
4649.977396 1   Th
4650.234614 1   Th
4651.989384 1   Th
4652.417715 1   Th
4655.212846 1   XX
4656.182882 1   XX
4659.570368 1   Th
4662.594029 1   Th
4663.202971 1   Th
4666.005161 1   Th
4666.516185 1   Th
4666.798835 1   Th
4668.171424 1   Th
4669.984249 1   Th
4680.645261 1   Th
4681.496464 1   Ar
4682.730405 1   Th
4683.351536 1   Th
4686.194700 1   Th
4686.572008 1   Th
4688.277539 1   Th
4690.334215 1   Th
4690.622309 1   Th
4691.049606 1   Th
4694.091583 1   Th
4700.771172 1   Th
4705.296017 1   Th
4706.250317 1   Th
4708.293640 1   Th
4710.823515 1   Ar
4712.840378 1   Th
4715.430361 1   Th
4717.389871 1   Th
4719.692712 1   Th
4720.457623 1   XX
4720.780633 1   Th
4721.276176 1   Th
4721.590308 1   Ar
4722.088747 1   Th
4723.784408 1   Th
4729.128367 1   Th
4729.879829 1   Th
4732.054032 1   Ar
4734.045668 1   Th
4737.918238 1   Th
4739.676734 1   Th
4742.566519 1   XX
4748.590862 1   Th
4749.199831 1   Th
4752.414027 1   Th
4759.192055 1   XX
4760.054719 1   Th
4761.109795 1   Th
4761.861061 1   Th
4762.524882 1   Th
4765.595474 1   Th
4766.601069 1   Th
4766.961860 1   Th
4767.482687 1   XX
4772.796238 1   XX
4775.313691 1   Th
4775.794315 1   Th
4776.779309 1   XX
4777.191733 1   Th
4781.290151 1   XX
4782.761194 1   Th
4783.637168 1   Th
4784.931003 1   Th
4786.147921 1   Ar
4786.530632 1   Th
4787.147499 1   Th
4789.386339 1   Th
4790.437579 1   Th
4792.081510 1   Ar
4792.594889 1   XX
4793.244880 1   Th
4793.677241 1   XX
4795.913819 1   Th
4800.171433 1   Th
4801.348222 1   XX
4803.955663 1   Th
4809.614655 1   Th
4812.376111 1   Th
4817.832418 1   Th
4818.647871 1   Th
4819.193168 1   Th
4820.884994 1   Th
4823.182264 1   Th
4823.605718 1   Th
4823.996682 1   Th
4824.649210 1   Th
4828.463501 1   Th
4828.951594 1   XX
4829.796917 1   Th
4831.120944 1   Th
4831.597425 1   Th
4832.802415 1   Th
4837.695793 1   Th
4838.355464 1   Th
4839.103612 1   XX
4840.475242 1   XX
4840.842740 1   Th
4845.163006 1   Th
4848.362742 1   Th
4849.862041 1   Th
4850.439875 1   Th
4852.868708 1   XX
4858.332526 1   Th
4867.554787 1   Ar
4868.273716 1   Th
4868.880725 1   Th
4871.288590 1   Th
4873.627885 1   XX
4874.364234 1   Th
4878.733135 1   Th
4881.204677 1   Th
4881.597495 1   Th
4881.853970 1   Th
4882.243739 1   Ar
4887.948196 1   XX
4889.490314 1   Th
4889.857693 1   Th
4892.759664 1   Th
4893.445228 1   Th
4897.588328 1   XX
4897.926578 1   XX
4900.178054 1   XX
4902.792955 1   Th
4907.208698 1   XX
4910.156909 1   Th
4911.140413 1   Th
4912.528468 1   Th
4919.816059 1   Th
4921.614811 1   Th
4922.944940 1   Th
4924.422901 1   Th
4925.424769 1   Th
4927.299697 1   Th
4929.085714 1   Th
4929.986413 1   Th
4933.209697 1   Ar
4937.829231 1   Th
4939.270487 1   Th
4939.641603 1   Th
4941.415690 1   Th
4945.859799 1   Th
4946.662819 1   Th
4949.397483 1   Ar
4950.626354 1   Th
4955.965368 1   XX
4958.097352 1   Th
4958.724975 1   Th
4961.382796 1   Th
4961.726585 1   Th
4963.188471 1   Th
4964.118987 1   Th
4965.732215 1   Th
4968.755634 1   Th
4975.948676 1   Th
4976.594022 1   Th
4980.185897 1   Th
4980.950241 1   Th
4982.486931 1   Th
4985.372021 1   Th
4987.146715 1   Th
4992.633479 1   Th
4996.533624 1   XX
4997.325079 1   Th
4999.940293 1   Th
5002.097356 1   Th
5002.894914 1   Th
5003.598696 1   Th
5008.189708 1   Th
5009.335298 1   Ar
5010.417290 1   Th
5011.477936 1   Th
5014.448752 1   Th
5015.890001 1   Th
5016.535411 1   Th
5018.053828 1   Th
5019.806082 1   Th
5021.252837 1   Th
5023.708441 1   Th
5025.860934 1   Th
5029.891591 1   Th
5033.311842 1   Th
5036.729092 1   Th
5039.230522 1   Th
5041.600659 1   XX
5043.515543 1   Th
5045.248316 1   Th
5046.353235 1   XX
5046.637502 1   XX
5047.043744 1   Th
5047.426158 1   Th
5049.797100 1   Th
5050.784272 1   Th
5051.888619 1   Th
5054.620905 1   XX
5055.347671 1   Th
5057.986289 1   Th
5059.860949 1   Th
5061.222408 1   Th
5061.656103 1   Th
5063.514632 1   Th
5064.601734 1   Th
5064.944882 1   Th
5066.135402 1   Th
5066.777182 1   Th
5067.137803 1   Th
5069.334846 1   Th
5070.451884 1   Th
5074.646784 1   Th
5075.466404 1   Th
5076.592766 1   Th
5078.033036 1   XX
5079.139590 1   Th
5081.446377 1   Th
5084.994251 1   Th
5085.839710 1   Th
5089.219457 1   Th
5095.855643 1   XX
5096.484919 1   Th
5098.043343 1   Th
5101.129448 1   Th
5106.667313 1   Th
5109.732496 1   Th
5111.277808 1   Th
5115.044494 1   Th
5128.490403 1   Th
5129.846844 1   Th
5130.234482 1   Th
5131.073187 1   Th
5134.746459 1   Th
5137.473905 1   Th
5143.267423 1   Th
5145.037484 1   Th
5145.308610 1   Ar
5146.055581 1   Th
5148.211631 1   Th
5149.206958 1   Th
5153.517477 1   Th
5154.242014 1   Th
5154.897731 1   Th
5158.604754 1   Th
5161.539521 1   Th
5162.285814 1   Ar
5163.458074 1   Th
5165.772981 1   Ar
5168.585992 1   Th
5172.917297 1   Th
5173.672033 1   Th
5175.325212 1   Th
5175.911809 1   Th
5180.721481 1   Th
5182.527281 1   Th
5183.606671 1   Mg
5183.990252 1   Th
5186.413027 1   Th
5188.366006 1   Th
5190.871176 1   Th
5193.825474 1   Th
5194.457234 1   Th
5195.813306 1   Th
5197.235729 1   Th
5208.423641 1   Cr
5209.724726 1   Th
5211.230608 1   Th
5212.347549 1   Th
5212.682412 1   Th
5214.160788 1   Th
5215.765395 1   XX
5216.596580 1   Th
5218.527844 1   Th
5219.110260 1   Th
5219.965167 1   Th
5220.927451 1   Th
5221.862481 1   Ar
5222.262956 1   Th
5224.121923 1   Th
5228.224679 1   Th
5228.994997 1   Th
5233.225429 1   Th
5237.627634 1   Th
5237.905723 1   Th
5238.813071 1   Th
5240.196395 1   Th
5242.089528 1   Th
5245.376753 1   Ar
5247.654859 1   Th
5249.545574 1   Ar
5250.872810 1   Th
5256.562889 1   Ar
5258.360132 1   Th
5259.775891 1   Th
5260.104444 1   Th
5262.236470 1   XX
5265.551661 1   XX
5266.710292 1   Th
5267.163945 1   Ar
5267.965177 1   XX
5268.255384 1   XX
5272.644123 1   Th
5272.927040 1   Th
5274.118669 1   Th
5276.408426 1   Th
5277.499639 1   Th
5281.068457 1   Th
5281.628674 1   Ar
5284.542059 1   Th
5286.069521 1   XX
5286.886950 1   Ar
5293.811852 1   Ar
5294.396938 1   Th
5295.088540 1   Th
5298.282447 1   Th
5299.080921 1   Ar
5300.523253 1   Th
5301.404493 1   Th
5306.98638  1   Th
5307.46549  1   Th
5309.60933  1   Th
5310.26656  1   Th
5312.00178  1   Th
5312.52880  1   Th
5312.90456  1   Th
5315.22777  1   Th
5317.49444  1   Th
5318.42681  1   Th
5320.76993  1   Th
5322.89885  1   Th
5325.14384  1   Th
5325.43168  1   Th
5326.27745  1   Th
5326.97566  1   Th
5329.37450  1   Th
5329.69916  1   Th
5329.75593  1   Th
5330.08045  1   Th
5337.01543  1   Th
5338.639308 1   Th
5340.498065 1   Th
5343.581173 1   Th
5344.524321 1   Ar
5345.311470 1   XX
5346.377927 1   Th
5347.971782 1   Th
5349.005334 1   Th
5349.460441 1   XX
5350.205297 1   Th
5351.126857 1   Th
5354.601394 1   Th
5355.636115 1   Th
5358.707408 1   Th
5359.066905 1   Ar
5359.826437 1   Th
5360.149511 1   Th
5361.155263 1   Th
5362.575235 1   Th
5370.709320 1   Th
5371.488998 1   XX
5371.994848 1   XX
5372.702205 1   Th
5374.821567 1   XX
5375.352518 1   Th
5375.768622 1   Th
5376.130050 1   Th
5378.835215 1   Th
5379.110219 1   Th
5382.927239 1   Th
5384.035411 1   Th
5387.813206 1   XX
5388.051083 1   Th
5391.076288 1   Th
5392.572787 1   Th
5393.600197 1   Ar
5394.761204 1   Th
5396.110525 1   Th
5397.516616 1   Ar
5398.205732 1   Th
5399.175200 1   XX
5399.622162 1   Th
5400.146164 1   Th
5402.605040 1   Ar
5403.199272 1   Th
5405.208258 1   Th
5407.343610 1   Ar
5407.653006 1   Th
5410.768418 1   Th
5421.836182 1   Th
5424.007403 1   Th
5425.677824 1   Th
5429.104937 1   Th
5431.111593 1   Th
5433.291671 1   Th
5433.700392 1   Th
5434.151676 1   Th
5435.123689 1   Th
5436.500247 1   Th
5437.388347 1   Th
5438.137887 1   XX
5440.601143 1   Th
5446.022761 1   Th
5447.154440 1   Th
5448.272401 1   Th
5449.479790 1   Th
5449.899736 1   Th
5451.652050 1   Ar
5452.218660 1   Th
5454.305823 1   Ar
5455.609068 1   XX
5457.797894 1   XX
5458.969195 1   Th
5459.652295 1   XX
5461.156733 1   Th
5461.736883 1   Th
5462.612784 1   Th
5463.318337 1   Th
5464.205069 1   Th
5470.758744 1   Th
5471.388309 1   Th
5472.069345 1   XX
5477.054205 1   Th
5477.553591 1   Th
5479.074296 1   Th
5479.684032 1   Th
5480.890801 1   Th
5481.480095 1   Th
5484.986993 1   Th
5488.629240 1   Th
5488.925667 1   Th
5490.682264 1   XX
5491.532366 1   XX
5492.643935 1   Th
5493.204396 1   Th
5495.875079 1   Ar
5499.647681 1   Th
5501.280955 1   Th
5501.944769 1   Th
5503.265610 1   XX
5504.301590 1   Th
5506.111995 1   Ar
5507.538772 1   Th
5508.558582 1   Th
5509.993104 1   Th
5510.683504 1   Th
5514.873106 1   Th
5518.989225 1   Th
5521.753080 1   Th
5524.219219 1   Th
5524.956476 1   Ar
5527.294542 1   Th
5530.075524 1   Th
5530.696840 1   Th
5535.970908 1   Th
5537.131601 1   Th
5537.555881 1   Th
5539.261800 1   Th
5539.910639 1   Th
5541.582669 1   Th
5541.935830 1   Th
5542.890641 1   Th
5545.050449 1   Ar
5546.120730 1   Th
5547.134707 1   Th
5551.371239 1   Th
5555.531191 1   Th
5556.148467 1   Th
5557.045427 1   Th
5559.142762 1   XX
5559.891048 1   Th
5573.871849 1   Th
5576.204181 1   Th
5579.357544 1   Th
5580.077108 1   Th
5580.755059 1   Th
5582.366961 1   Th
5583.762480 1   Th
5587.734996 1   Th
5593.268918 1   Th
5593.612466 1   XX
5594.461338 1   XX
5595.064394 1   Th
5597.476746 1   Ar
5599.655001 1   Th
5600.466990 1   XX
5601.603067 1   Th
5604.515166 1   Th
5610.680538 1   Th
5612.067646 1   Th
5612.616566 1   Th
5615.728961 1   Th
5620.921620 1   Ar
5622.083659 1   XX
5625.678431 1   Ar
5626.058349 1   Th
5633.294805 1   Th
5635.575186 1   XX
5639.746033 1   Th
5643.109871 1   Th
5647.706340 1   Th
5648.990954 1   Th
5650.705120 1   Ar
5652.902246 1   Th
5655.751792 1   XX
5657.181915 1   Th
5657.925206 1   Th
5659.127298 1   Ar
5660.014531 1   Th
5663.041672 1   Th
5664.620855 1   Th
5665.179556 1   Th
5665.628288 1   Th
5666.419209 1   Th
5667.127984 1   Th
5673.836093 1   Th
5677.052542 1   Th
5680.210406 1   XX
5683.730633 1   XX
5685.192577 1   Th
5686.875995 1   Th
5687.348449 1   Th
5689.629466 1   XX
5696.390416 1   Th
5698.294609 1   Th
5700.917632 1   Th
5702.651464 1   Th
5703.271499 1   XX
5703.942328 1   Th
5704.376668 1   Ar
5707.103137 1   Th
5709.507176 1   XX
5711.996529 1   Th
5717.170806 1   Th
5717.523879 1   Th
5721.423878 1   Th
5723.532425 1   XX
5725.011923 1   Th
5727.710012 1   Th
5729.982784 1   Th
5736.029422 1   Th
5737.894918 1   XX
5738.964396 1   Th
5739.520188 1   Ar
5741.171037 1   Th
5741.829296 1   Th
5742.655924 1   XX
5745.674893 1   Th
5748.324266 1   XX
5748.741222 1   Th
5749.389072 1   Th
5749.786680 1   Th
5750.269815 1   XX
5753.026927 1   Th
5754.552917 1   Th
5762.796577 1   Th
5763.528456 1   Th
5767.778495 1   Th
5768.181074 1   Th
5768.633272 1   Th
5769.660481 1   XX
5771.136797 1   XX
5771.759798 1   Th
5776.167328 1   Th
5777.099293 1   XX
5777.400224 1   Th
5783.537950 1   Ar
5784.866577 1   Th
5789.644814 1   Th
5792.430723 1   Th
5796.068933 1   Th
5796.418553 1   Th
5797.319784 1   Th
5798.478775 1   Th
5800.829807 1   Th
5802.081595 1   Ar
5805.700655 1   Th
5808.075650 1   XX
5808.656496 1   Th
5811.844256 1   Th
5815.421655 1   Th
5817.734068 1   Th
5818.449035 1   Th
5819.126399 1   Th
5819.602612 1   Th
5822.521761 1   Th
5828.075657 1   Ar
5829.110750 1   Th
5830.827386 1   Th
5832.370428 1   Th
5834.264304 1   Ar
5838.949666 1   Th
5839.850998 1   Th
5840.640000 1   Th
5843.804948 1   XX
5845.919546 1   Th
5852.176086 1   XX
5852.680944 1   Th
5853.474514 1   Th
5854.120429 1   Th
5857.448710 1   XX
5860.310810 1   Ar
5863.719119 1   Th
5866.812191 1   Th
5868.374378 1   Th
5869.851186 1   Th
5870.552532 1   Th
5871.182407 1   Th
5872.602399 1   Th
5874.350625 1   Th
5878.276421 1   Th
5882.624429 1   Ar
5885.701097 1   Th
5886.531229 1   Th
5891.450790 1   Th
5895.281404 1   Th
5895.924028 1   Na
5896.363174 1   Th
5899.844054 1   Th
5902.601574 1   Th
5905.175364 1   Th
5905.570764 1   Th
5906.319412 1   XX
5911.230285 1   Th
5914.385629 1   Th
5918.945499 1   Th
5925.404219 1   Th
5926.231866 1   Th
5929.479837 1   Th
5929.933924 1   Th
5936.874664 1   Th
5937.663235 1   Th
5940.565552 1   Th
5942.357950 1   XX
5944.647267 1   Th
5946.235714 1   Th
5948.798653 1   Th
5953.248492 1   XX
5953.581960 1   Th
5955.561293 1   Th
5956.257260 1   Th
5960.782045 1   Th
5964.472956 1   Ar
5967.511634 1   Th
5968.319156 1   Ar
5969.736805 1   Th
5971.600039 1   Ar
5975.065492 1   Th
5985.915285 1   Ar
5986.266195 1   Th
5987.301034 1   Ar
5989.044879 1   Th
5991.006437 1   Th
5993.492876 1   Th
5995.219797 1   Th
5996.629542 1   Th
6001.203223 1   Th
6001.733060 1   Th
6005.165380 1   Th
6007.071707 1   Th
6010.160403 1   Th
6013.677581 1   Ar
6015.421838 1   Th
6016.359238 1   Th
6017.527619 1   XX
6017.859221 1   Th
6018.995197 1   Th
6021.035954 1   Th
6021.410945 1   Th
6022.697352 1   XX
6023.224636 1   Th
6025.150120 1   Ar
6026.045185 1   Th
6029.226527 1   Th
6029.649655 1   Th
6030.444634 1   Th
6032.872513 1   Th
6034.540851 1   XX
6035.192945 1   Th
6036.763611 1   Th
6038.680894 1   Th
6042.589816 1   Th
6044.432509 1   Th
6046.898423 1   Ar
6049.775078 1   Th
6050.981354 1   Th
6052.723191 1   Ar
6053.380881 1   Th
6055.593561 1   Th
6058.179884 1   Th
6064.750220 1   Ar
6065.779692 1   Th
6066.495775 1   Th
6067.079317 1   Th
6069.020461 1   Th
6070.341055 1   XX
6073.103405 1   Th
6076.195905 1   XX
6077.106230 1   Th
6077.873444 1   Th
6078.421720 1   Th
6079.223155 1   Th
6087.262239 1   Th
6088.030147 1   Th
6090.107849 1   Th
6090.786428 1   Ar
6097.193296 1   Th
6098.119995 1   XX
6099.083282 1   Th
6099.989363 1   Th
6101.161657 1   Ar
6101.725299 1   Th
6105.635022 1   Ar
6107.533218 1   XX
6112.837405 1   Th
6113.465684 1   Ar
6113.963466 1   XX
6116.166035 1   Th
6120.556142 1   Th
6122.214611 1   XX
6123.362088 1   Ar
6123.833472 1   Th
6124.480350 1   Th
6125.739064 1   Th
6130.456217 1   XX
6133.814129 1   Th
6137.927168 1   Th
6142.074202 1   XX
6142.611849 1   XX
6144.757809 1   Th
6150.683097 1   Th
6151.993136 1   Th
6154.067977 1   Th
6154.515407 1   Th
6157.087549 1   Th
6162.170209 1   XX
6165.123306 1   Ar
6167.626663 1   Ar
6173.095869 1   Ar
6178.431309 1   Th
6179.848762 1   Th
6180.704936 1   Th
6187.135068 1   Ar
6189.144126 1   Th
6193.855665 1   Th
6195.320590 1   Th
6196.394898 1   Th
6200.432855 1   Th
6201.101178 1   Ar
6205.256378 1   Th
6205.859937 1   Th
6208.686951 1   Th
6209.951376 1   Th
6213.654840 1   XX
6215.939548 1   Ar
6220.011596 1   Th
6226.369616 1   Th
6231.122014 1   Th
6232.977724 1   Th
6234.855274 1   Th
6235.354578 1   XX
6239.713735 1   Ar
6240.303448 1   Th
6240.953508 1   Th
6245.040985 1   Th
6246.174431 1   Th
6248.405488 1   Ar
6250.485123 1   Th
6257.423258 1   Th
6258.606445 1   Th
6260.217164 1   Th
6261.063971 1   Th
6264.714995 1   Th
6266.172075 1   Th
6268.200175 1   Th
6271.545663 1   Th
6274.117134 1   Th
6276.163901 1   Th
6277.240161 1   Th
6279.163311 1   Th
6279.977795 1   Th
6285.278073 1   Th
6287.255422 1   Th
6289.487365 1   Th
6290.403628 1   XX
6291.191394 1   Th
6291.629035 1   Th
6292.891193 1   Th
6293.242453 1   Th
6296.873431 1   Ar
6298.902103 1   Th
6300.916443 1   Th
6301.412500 1   Th
6303.250903 1   Th
6304.242481 1   Th
6312.624675 1   Th
6315.774781 1   Th
6317.183397 1   Th
6321.820008 1   Th
6325.004860 1   XX
6326.366601 1   Th
6331.414229 1   Th
6333.147867 1   Ar
6335.405108 1   Th
6337.620376 1   Th
6339.668592 1   Th
6346.120802 1   Th
6347.105992 1   XX
6348.737373 1   Th
6350.895933 1   XX
6355.910728 1   Th
6357.022890 1   Ar
6358.620763 1   Th
6359.131200 1   Th
6359.674339 1   XX
6362.251095 1   Th
6363.271719 1   XX
6364.893897 1   Ar
6369.575508 1   Ar
6370.796002 1   Th
6371.943933 1   Th
6374.824923 1   Th
6376.930646 1   Th
6377.494975 1   XX
6378.760078 1   Th
6379.171933 1   Th
6380.473655 1   XX
6381.360396 1   Th
6387.395420 1   Th
6387.864845 1   XX
6388.813122 1   Th
6390.128335 1   Th
6392.368363 1   Th
6394.729845 1   Ar
6399.207531 1   Ar
6400.697592 1   Th
6406.445887 1   Th
6413.614241 1   Th
6418.370414 1   Ar
6428.773744 1   Th
6432.957684 1   XX
6436.670214 1   Th
6441.281232 1   XX
6441.900583 1   Ar
6446.135927 1   Th
6446.770949 1   Th
6450.954302 1   Th
6452.058673 1   Th
6460.474603 1   Th
6471.213617 1   Th
6471.657629 1   XX
6472.429914 1   Ar
6475.323342 1   Ar
6483.083300 1   Ar
6485.378057 1   Th
6487.480759 1   Th
6488.883005 1   Th
6490.737378 1   Th
6493.197488 1   Th
6495.255569 1   Th
6497.490430 1   Th
6499.645056 1   XX
6500.657413 1   Th
6501.361901 1   Ar
6503.511916 1   Th
6506.986702 1   Th
6518.443924 1   Th
6522.042420 1   Th
6532.223048 1   Th
6536.144540 1   XX
6545.718868 1   Th
6550.185283 1   XX
6550.548760 1   Th
6551.705620 1   Th
6560.056865 1   Th
6564.444993 1   Th
6569.632213 1   Th
6571.399020 1   XX
6576.123271 1   Th
6577.656281 1   Th
6579.479916 1   Th
6580.229860 1   Th
6586.001055 1   Th
6596.113003 1   Ar
6598.675206 1   Ar
6599.482253 1   Th
6601.129285 1   XX
6603.620514 1   Th
6604.853430 1   Ar
6605.416955 1   Th
6608.445136 1   Th
  6613.3740 1 ThAr
  6617.0580 1 ThAr
  6617.5154 1 ThAr
  6618.1668 1 ThAr
  6619.9458 1 ThAr
  6620.9665 1 ThAr
  6632.0837 1 ThAr
  6633.4579 1 ThAr
  6638.2207 1 ThAr
  6638.9119 1 ThAr
  6639.7403 1 ThAr
  6643.6976 1 ThAr
  6644.6635 1 ThAr
  6646.5407 1 ThAr
  6648.4954 1 ThAr
  6648.9586 1 ThAr
  6654.3675 1 ThAr
  6655.4892 1 ThAr
  6656.9386 1 ThAr
  6658.6774 1 ThAr
  6660.6761 1 ThAr
  6662.2686 1 ThAr
  6663.6966 1 ThAr
  6664.0510 1 ThAr
  6666.3588 1 ThAr
  6668.8163 1 ThAr
  6673.5797 1 ThAr
  6674.6969 1 ThAr
  6677.2817 1 ThAr
  6678.7067 1 ThAr
  6680.0811 1 ThAr
  6683.3673 1 ThAr
  6684.2929 1 ThAr
  6687.5207 1 ThAr
  6692.7262 1 ThAr
  6694.0068 1 ThAr
  6694.4967 1 ThAr
  6696.1400 1 ThAr
  6697.7123 1 ThAr
  6700.7499 1 ThAr
  6711.2521 1 ThAr
  6713.9700 1 ThAr
  6717.3851 1 ThAr
  6719.1995 1 ThAr
  6722.8899 1 ThAr
  6726.3091 1 ThAr
  6727.4583 1 ThAr
  6728.1183 1 ThAr
  6728.7595 1 ThAr
  6729.9328 1 ThAr
  6732.6491 1 ThAr
  6733.7488 1 ThAr
  6738.1800 1 ThAr
  6741.9212 1 ThAr
  6742.8845 1 ThAr
  6746.1355 1 ThAr
  6751.4267 1 ThAr
  6752.8335 1 ThAr
  6753.6598 1 ThAr
  6756.4528 1 ThAr
  6757.1092 1 ThAr
  6758.2035 1 ThAr
  6766.6117 1 ThAr
  6770.1069 1 ThAr
  6772.1745 1 ThAr
  6773.0973 1 ThAr
  6778.3123 1 ThAr
  6779.3242 1 ThAr
  6780.1252 1 ThAr
  6780.4131 1 ThAr
  6787.7364 1 ThAr
  6788.8403 1 ThAr
  6791.2351 1 ThAr
  6795.7982 1 ThAr
  6798.4868 1 ThAr
  6800.4645 1 ThAr
  6807.3190 1 ThAr
  6808.5311 1 ThAr
  6809.1000 1 ThAr
  6809.3173 1 ThAr
  6809.5094 1 ThAr
  6809.6773 1 ThAr
  6810.5494 1 ThAr
  6812.4915 1 ThAr
  6812.7752 1 ThAr
  6815.6123 1 ThAr
  6823.5084 1 ThAr
  6824.6774 1 ThAr
  6827.2488 1 ThAr
  6829.0355 1 ThAr
  6829.3472 1 ThAr
  6832.8927 1 ThAr
  6834.9246 1 ThAr
  6839.2949 1 ThAr
  6846.4790 1 ThAr
  6851.8842 1 ThAr
  6852.3545 1 ThAr
  6853.5234 1 ThAr
  6854.1093 1 ThAr
  6854.5128 1 ThAr
  6855.3150 1 ThAr
  6855.6891 1 ThAr
  6861.2688 1 ThAr
  6862.8685 1 ThAr
  6863.5350 1 ThAr
  6866.3666 1 ThAr
  6866.7634 1 ThAr
  6868.4508 1 ThAr
  6871.2891 1 ThAr
  6874.7530 1 ThAr
  6879.5824 1 ThAr
  6882.8114 1 ThAr
  6886.4082 1 ThAr
  6887.0881 1 ThAr
  6888.1742 1 ThAr
  6889.3032 1 ThAr
  6892.2502 1 ThAr
  6894.2303 1 ThAr
  6900.7632 1 ThAr
  6902.2105 1 ThAr
  6908.9905 1 ThAr
  6909.8491 1 ThAr
  6911.2264 1 ThAr
  6914.7127 1 ThAr
  6916.1289 1 ThAr
  6920.0394 1 ThAr
  6925.0094 1 ThAr
  6936.6528 1 ThAr
  6937.6642 1 ThAr
  6942.5380 1 ThAr
  6943.6105 1 ThAr
  6945.4902 1 ThAr
  6946.2134 1 ThAr
  6951.4776 1 ThAr
  6952.9666 1 ThAr
  6954.6560 1 ThAr
  6955.3150 1 ThAr
  6960.2500 1 ThAr
  6962.3117 1 ThAr
  6965.4307 1 ThAr
  6969.2976 1 ThAr
  6981.0831 1 ThAr
  6985.4718 1 ThAr
  6986.0298 1 ThAr
  6989.6553 1 ThAr
  6992.2126 1 ThAr
  6992.6966 1 ThAr
  6993.0371 1 ThAr
  6993.9873 1 ThAr
  6996.7573 1 ThAr
  6999.6238 1 ThAr
  7000.8036 1 ThAr
  7002.8829 1 ThAr
  7007.0961 1 ThAr
  7014.9689 1 ThAr
  7015.3172 1 ThAr
  7018.5675 1 ThAr
  7020.4841 1 ThAr
  7021.2832 1 ThAr
  7025.2251 1 ThAr
  7026.4616 1 ThAr
  7028.0228 1 ThAr
  7030.2514 1 ThAr
  7032.9310 1 ThAr
  7036.2831 1 ThAr
  7038.7202 1 ThAr
  7045.7970 1 ThAr
  7053.6196 1 ThAr
  7054.4177 1 ThAr
  7058.4895 1 ThAr
  7059.5253 1 ThAr
  7060.0417 1 ThAr
  7060.6538 1 ThAr
  7061.3942 1 ThAr
  7064.4515 1 ThAr
  7067.2181 1 ThAr
  7068.7358 1 ThAr
  7071.0942 1 ThAr
  7071.4800 1 ThAr
  7072.3939 1 ThAr
  7074.2563 1 ThAr
  7075.3336 1 ThAr
  7077.3690 1 ThAr
  7084.1690 1 ThAr
  7086.7044 1 ThAr
  7088.8232 1 ThAr
  7089.3395 1 ThAr
  7100.5144 1 ThAr
  7107.4778 1 ThAr
  7109.1819 1 ThAr
  7109.8602 1 ThAr
  7112.9189 1 ThAr
  7113.9879 1 ThAr
  7114.3984 1 ThAr
  7124.5607 1 ThAr
  7125.8200 1 ThAr
  7130.1846 1 ThAr
  7130.7236 1 ThAr
  7131.3586 1 ThAr
  7132.6100 1 ThAr
  7140.4617 1 ThAr
  7142.3310 1 ThAr
  7147.0416 1 ThAr
  7148.5589 1 ThAr
  7150.2844 1 ThAr
  7153.5877 1 ThAr
  7156.9416 1 ThAr
  7158.8387 1 ThAr
  7159.9470 1 ThAr
  7162.5569 1 ThAr
  7167.2028 1 ThAr
  7168.8952 1 ThAr
  7170.3607 1 ThAr
  7173.3725 1 ThAr
  7176.1860 1 ThAr
  7176.7213 1 ThAr
  7188.5320 1 ThAr
  7191.1328 1 ThAr
  7200.0454 1 ThAr
  7201.8091 1 ThAr
  7202.1910 1 ThAr
  7202.5166 1 ThAr
  7206.4830 1 ThAr
  7206.9804 1 ThAr
  7208.0063 1 ThAr
  7212.6896 1 ThAr
  7218.0542 1 ThAr
  7219.1515 1 ThAr
  7220.9809 1 ThAr
  7225.1099 1 ThAr
  7229.9380 1 ThAr
  7229.9386 1 ThAr
  7230.8623 1 ThAr
  7233.5365 1 ThAr
  7240.1848 1 ThAr
  7242.0919 1 ThAr
  7244.6965 1 ThAr
  7246.1277 1 ThAr
  7250.5895 1 ThAr
  7253.6760 1 ThAr
  7255.3541 1 ThAr
  7256.9860 1 ThAr
  7258.1770 1 ThAr
  7265.1724 1 ThAr
  7270.6636 1 ThAr
  7272.9359 1 ThAr
  7284.9033 1 ThAr
  7285.4437 1 ThAr
  7296.2659 1 ThAr
  7298.1434 1 ThAr
  7305.4043 1 ThAr
  7311.7159 1 ThAr
  7315.0661 1 ThAr
  7316.0050 1 ThAr
  7323.2106 1 ThAr
  7324.8073 1 ThAr
  7326.1491 1 ThAr
  7328.2850 1 ThAr
  7329.4916 1 ThAr
  7335.5772 1 ThAr
  7339.6035 1 ThAr
  7341.1515 1 ThAr
  7342.5769 1 ThAr
  7345.3996 1 ThAr
  7346.3428 1 ThAr
  7348.0530 1 ThAr
  7350.8140 1 ThAr
  7353.2930 1 ThAr
  7358.3449 1 ThAr
  7361.3472 1 ThAr
  7370.8255 1 ThAr
  7372.1184 1 ThAr
  7376.8772 1 ThAr
  7380.4263 1 ThAr
  7383.9805 1 ThAr
  7385.5006 1 ThAr
  7392.9801 1 ThAr
  7393.4377 1 ThAr
  7402.2521 1 ThAr
  7410.9683 1 ThAr
  7411.7363 1 ThAr
  7412.3368 1 ThAr
  7417.7908 1 ThAr
  7418.5499 1 ThAr
  7422.3118 1 ThAr
  7423.8044 1 ThAr
  7425.2942 1 ThAr
  7428.9405 1 ThAr
  7430.2533 1 ThAr
  7435.3683 1 ThAr
  7436.2970 1 ThAr
  7440.4933 1 ThAr
  7444.7489 1 ThAr
  7447.8488 1 ThAr
  7455.2080 1 ThAr
  7458.7541 1 ThAr
  7461.8746 1 ThAr
  7462.9910 1 ThAr
  7469.0566 1 ThAr
  7471.1641 1 ThAr
  7481.3545 1 ThAr
  7483.6256 1 ThAr
  7484.3267 1 ThAr
  7487.9738 1 ThAr
  7493.4276 1 ThAr
  7495.5641 1 ThAr
  7499.0024 1 ThAr
  7500.6556 1 ThAr
  7503.8691 1 ThAr
  7508.4787 1 ThAr
  7510.4082 1 ThAr
  7511.3498 1 ThAr
  7511.7902 1 ThAr
  7514.6518 1 ThAr
  7518.7824 1 ThAr
  7523.1347 1 ThAr
  7525.5079 1 ThAr
  7528.4892 1 ThAr
  7531.1437 1 ThAr
  7536.4365 1 ThAr
  7537.4287 1 ThAr
  7549.3138 1 ThAr
  7555.3254 1 ThAr
  7565.8515 1 ThAr
  7566.5296 1 ThAr
  7567.7417 1 ThAr
  7569.5115 1 ThAr
  7570.5590 1 ThAr
  7571.0326 1 ThAr
  7573.3437 1 ThAr
  7589.3151 1 ThAr
  7598.2054 1 ThAr
  7607.8230 1 ThAr
  7618.3443 1 ThAr
  7620.0773 1 ThAr
  7625.7053 1 ThAr
  7627.1749 1 ThAr
  7628.8818 1 ThAr
  7630.3106 1 ThAr
  7632.1305 1 ThAr
  7635.1060 1 ThAr
  7637.3852 1 ThAr
  7638.7805 1 ThAr
  7647.3794 1 ThAr
  7651.7451 1 ThAr
  7652.3202 1 ThAr
  7653.8284 1 ThAr
  7654.6998 1 ThAr
  7658.3246 1 ThAr
  7660.0234 1 ThAr
  7660.8903 1 ThAr
  7666.5679 1 ThAr
  7668.9608 1 ThAr
  7670.0575 1 ThAr
  7672.2552 1 ThAr
  7676.2195 1 ThAr
  7678.1267 1 ThAr
  7683.0189 1 ThAr
  7685.3075 1 ThAr
  7691.7706 1 ThAr
  7693.8016 1 ThAr
  7699.4034 1 ThAr
  7699.7794 1 ThAr
  7701.1081 1 ThAr
  7703.6850 1 ThAr
  7704.8169 1 ThAr
  7710.2692 1 ThAr
  7712.4050 1 ThAr
  7713.9378 1 ThAr
  7721.2023 1 ThAr
  7723.7611 1 ThAr
  7724.2072 1 ThAr
  7728.9510 1 ThAr
  7731.7385 1 ThAr
  7742.5628 1 ThAr
  7743.9552 1 ThAr
  7761.7133 1 ThAr
  7762.7320 1 ThAr
  7771.9468 1 ThAr
  7776.6727 1 ThAr
  7778.4922 1 ThAr
  7782.3165 1 ThAr
  7787.8002 1 ThAr
  7788.9342 1 ThAr
  7798.3579 1 ThAr
  7810.6245 1 ThAr
  7813.4761 1 ThAr
  7813.9729 1 ThAr
  7814.3230 1 ThAr
  7816.1534 1 ThAr
  7817.7669 1 ThAr
  7822.3877 1 ThAr
  7834.4578 1 ThAr
  7835.6209 1 ThAr
  7836.4597 1 ThAr
  7840.2981 1 ThAr
  7841.7911 1 ThAr
  7842.2656 1 ThAr
  7847.5394 1 ThAr
  7848.4547 1 ThAr
  7861.9100 1 ThAr
  7861.9110 1 ThAr
  7864.0218 1 ThAr
  7865.9698 1 ThAr
  7868.1946 1 ThAr
  7872.6316 1 ThAr
  7875.4626 1 ThAr
  7877.0756 1 ThAr
  7886.2830 1 ThAr
  7891.0750 1 ThAr
  7893.6191 1 ThAr
  7896.4528 1 ThAr
  7899.6229 1 ThAr
  7900.3200 1 ThAr
  7916.4420 1 ThAr
  7924.9914 1 ThAr
  7925.7478 1 ThAr
  7937.7335 1 ThAr
  7941.7259 1 ThAr
  7948.1764 1 ThAr
  7954.5923 1 ThAr
  7956.9740 1 ThAr
  7972.5960 1 ThAr
  7974.1592 1 ThAr
  7978.9731 1 ThAr
  7981.2262 1 ThAr
  7987.9731 1 ThAr
  7991.3655 1 ThAr
  7993.6808 1 ThAr
  8000.0449 1 ThAr
  8006.1567 1 ThAr
  8014.7857 1 ThAr
  8017.5275 1 ThAr
  8022.2014 1 ThAr
  8024.2530 1 ThAr
  8025.7271 1 ThAr
  8026.2135 1 ThAr
  8030.2004 1 ThAr
  8032.4313 1 ThAr
  8037.2183 1 ThAr
  8046.1169 1 ThAr
  8050.6480 1 ThAr
  8053.3085 1 ThAr
  8054.5355 1 ThAr
  8062.6304 1 ThAr
  8075.6518 1 ThAr
  8085.2190 1 ThAr
  8089.4852 1 ThAr
  8092.2373 1 ThAr
  8093.6238 1 ThAr
  8094.0559 1 ThAr
  8103.6931 1 ThAr
  8115.3110 1 ThAr
  8119.1811 1 ThAr
  8122.7234 1 ThAr
  8129.4051 1 ThAr
  8138.4753 1 ThAr
  8139.9032 1 ThAr
  8143.1380 1 ThAr
  8149.7021 1 ThAr
  8152.3818 1 ThAr
  8157.5434 1 ThAr
  8159.7277 1 ThAr
  8163.1210 1 ThAr
  8166.4477 1 ThAr
  8169.7865 1 ThAr
  8177.1788 1 ThAr
  8186.9113 1 ThAr
  8190.8849 1 ThAr
  8194.3943 1 ThAr
  8198.4420 1 ThAr
  8202.1469 1 ThAr
  8207.4785 1 ThAr
  8209.4461 1 ThAr
  8214.1472 1 ThAr
  8217.2264 1 ThAr
  8231.4069 1 ThAr
  8234.9381 1 ThAr
  8252.3936 1 ThAr
  8253.6156 1 ThAr
  8254.7422 1 ThAr
  8259.5110 1 ThAr
  8261.0143 1 ThAr
  8264.5225 1 ThAr
  8275.6266 1 ThAr
  8288.4143 1 ThAr
  8292.5272 1 ThAr
  8295.5497 1 ThAr
  8297.1765 1 ThAr
  8304.4244 1 ThAr
  8311.6306 1 ThAr
  8320.8554 1 ThAr
  8330.4494 1 ThAr
  8335.7067 1 ThAr
  8341.4770 1 ThAr
  8356.0627 1 ThAr
  8356.0693 1 ThAr
  8358.7260 1 ThAr
  8360.4915 1 ThAr
  8366.0741 1 ThAr
  8367.3936 1 ThAr
  8369.3404 1 ThAr
  8379.2261 1 ThAr
  8384.7240 1 ThAr
  8385.7280 1 ThAr
  8387.1053 1 ThAr
  8388.5363 1 ThAr
  8398.1780 1 ThAr
  8399.2578 1 ThAr
  8401.9890 1 ThAr
  8403.7965 1 ThAr
  8408.2096 1 ThAr
  8411.9172 1 ThAr
  8416.7269 1 ThAr
  8417.9982 1 ThAr
  8421.2254 1 ThAr
  8424.6475 1 ThAr
  8432.4935 1 ThAr
  8445.4870 1 ThAr
  8446.5116 1 ThAr
  8450.6754 1 ThAr
  8456.3468 1 ThAr
  8464.2367 1 ThAr
  8465.6706 1 ThAr
  8471.8260 1 ThAr
  8478.3580 1 ThAr
  8490.3065 1 ThAr
  8500.6797 1 ThAr
  8510.6240 1 ThAr
  8511.9091 1 ThAr
  8516.5542 1 ThAr
  8521.4422 1 ThAr
  8539.7930 1 ThAr
  8542.0871 1 ThAr
  8543.7225 1 ThAr
  8544.5955 1 ThAr
  8554.9440 1 ThAr
  8556.3250 1 ThAr
  8558.4464 1 ThAr
  8560.4348 1 ThAr
  8568.2088 1 ThAr
  8573.1205 1 ThAr
  8575.3305 1 ThAr
  8577.2768 1 ThAr
  8587.6342 1 ThAr
  8591.8387 1 ThAr
  8593.1089 1 ThAr
  8599.7553 1 ThAr
  8604.0163 1 ThAr
  8605.7762 1 ThAr
  8616.2219 1 ThAr
  8620.4602 1 ThAr
  8621.3225 1 ThAr
  8629.1415 1 ThAr
  8631.3565 1 ThAr
  8638.3623 1 ThAr
  8639.4416 1 ThAr
  8645.3087 1 ThAr
  8649.1490 1 ThAr
  8655.8760 1 ThAr
  8662.1372 1 ThAr
  8665.4855 1 ThAr
  8667.9442 1 ThAr
  8675.3983 1 ThAr
  8678.4083 1 ThAr
  8687.8480 1 ThAr
  8701.1209 1 ThAr
  8703.7025 1 ThAr
  8704.8601 1 ThAr
  8707.3592 1 ThAr
  8709.2341 1 ThAr
  8710.4142 1 ThAr
  8712.8528 1 ThAr
  8713.6547 1 ThAr
  8719.6290 1 ThAr
  8721.6595 1 ThAr
  8722.4577 1 ThAr
  8723.7177 1 ThAr
  8724.3761 1 ThAr
  8732.4240 1 ThAr
  8734.0234 1 ThAr
  8739.7816 1 ThAr
  8748.0309 1 ThAr
  8749.1697 1 ThAr
  8751.2062 1 ThAr
  8758.2434 1 ThAr
  8760.4496 1 ThAr
  8761.6862 1 ThAr
  8766.7450 1 ThAr
  8771.8602 1 ThAr
  8772.8052 1 ThAr
  8775.5733 1 ThAr
  8782.7156 1 ThAr
  8784.5621 1 ThAr
  8790.3761 1 ThAr
  8792.0572 1 ThAr
  8798.1720 1 ThAr
  8799.0875 1 ThAr
  8804.5894 1 ThAr
  8810.2540 1 ThAr
  8816.1728 1 ThAr
  8817.7431 1 ThAr
  8829.6938 1 ThAr
  8841.1822 1 ThAr
  8842.0744 1 ThAr
  8849.9165 1 ThAr
  8852.7916 1 ThAr
  8854.9079 1 ThAr
  8868.8334 1 ThAr
  8875.2324 1 ThAr
  8889.1939 1 ThAr
  8892.9865 1 ThAr
  8899.2971 1 ThAr
  8905.6581 1 ThAr
  8907.0331 1 ThAr
  8910.8566 1 ThAr
  8920.2012 1 ThAr
  8928.0925 1 ThAr
  8941.6608 1 ThAr
  8949.1227 1 ThAr
  8955.8467 1 ThAr
  8957.9860 1 ThAr
  8962.1468 1 ThAr
  8967.6403 1 ThAr
  8969.8667 1 ThAr
  8985.2808 1 ThAr
  8987.4079 1 ThAr
  8990.8935 1 ThAr
  8995.1893 1 ThAr
  8997.8763 1 ThAr
  9008.4636 1 ThAr
  9009.8832 1 ThAr
  9012.5263 1 ThAr
  9016.5903 1 ThAr
  9017.5912 1 ThAr
  9031.8194 1 ThAr
  9035.9195 1 ThAr
  9037.8938 1 ThAr
  9038.6911 1 ThAr
  9040.1229 1 ThAr
  9045.3532 1 ThAr
  9048.2501 1 ThAr
  9053.4858 1 ThAr
  9056.0813 1 ThAr
  9062.5631 1 ThAr
  9063.9600 1 ThAr
  9066.1115 1 ThAr
  9068.0230 1 ThAr
  9069.5817 1 ThAr
  9072.2785 1 ThAr
  9075.3945 1 ThAr
  9090.8186 1 ThAr
  9094.8289 1 ThAr
  9107.2269 1 ThAr
  9111.5314 1 ThAr
  9122.9674 1 ThAr
  9132.2739 1 ThAr
  9134.6919 1 ThAr
  9140.5559 1 ThAr
  9159.0346 1 ThAr
  9165.8950 1 ThAr
  9170.8220 1 ThAr
  9178.7795 1 ThAr
  9187.5654 1 ThAr
  9193.5928 1 ThAr
  9194.6385 1 ThAr
  9199.6841 1 ThAr
  9203.9617 1 ThAr
  9208.5811 1 ThAr
  9215.9197 1 ThAr
  9224.4992 0 ThAr
  9227.5119 1 ThAr
  9232.4960 1 ThAr
  9233.8574 1 ThAr
  9239.3261 1 ThAr
  9250.5782 1 ThAr
  9260.3254 1 ThAr
  9263.6930 1 ThAr
  9266.2070 1 ThAr
  9266.9198 1 ThAr
  9267.6895 1 ThAr
  9270.1501 1 ThAr
  9276.2732 1 ThAr
  9289.5624 1 ThAr
  9291.5313 1 ThAr
  9294.9740 1 ThAr
  9300.0131 1 ThAr
  9307.8956 1 ThAr
  9310.4440 1 ThAr
  9317.7296 1 ThAr
  9336.1509 1 ThAr
  9336.1624 1 ThAr
  9340.7053 1 ThAr
  9354.2198 1 ThAr
  9360.9879 1 ThAr
  9383.2722 1 ThAr
  9388.9308 1 ThAr
  9390.5852 1 ThAr
  9399.0891 1 ThAr
  9409.3488 1 ThAr
  9414.0886 1 ThAr
  9420.4985 1 ThAr
  9431.5996 1 ThAr
  9432.2827 1 ThAr
  9436.8127 1 ThAr
  9455.2023 1 ThAr
  9461.0279 1 ThAr
  9467.1954 1 ThAr
  9470.6819 1 ThAr
  9474.8793 1 ThAr
  9486.9256 1 ThAr
  9494.0442 1 ThAr
  9495.4979 1 ThAr
  9497.1891 1 ThAr
  9500.2999 1 ThAr
  9505.3930 1 ThAr
  9507.6525 1 ThAr
  9508.4513 1 ThAr
  9535.6566 1 ThAr
  9548.0303 1 ThAr
  9561.2452 1 ThAr
  9577.3475 1 ThAr
  9582.8133 1 ThAr
  9595.3906 1 ThAr
  9613.6911 1 ThAr
  9629.5693 1 ThAr
  9632.6439 1 ThAr
  9657.7863 1 ThAr
  9664.6983 1 ThAr
  9700.563011  1  ThAr
  9702.271906  1  ThAr
  9716.141919  1  ThAr
  9718.492085  1  ThAr
  9726.582216  1  ThAr
  9734.553690  1  ThAr
  9736.212381  1  ThAr
  9739.768676  1  ThAr
  9743.561364  1  ThAr
  9746.462788  1  ThAr
  9753.591926  1  ThAr
  9757.2197 1 ThAr
  9764.6062 1 ThAr
  9769.5348 1 ThAr
  9779.4532 1 ThAr
  9784.5028 1 ThAr
  9789.5111 1 ThAr
  9796.2002 1 ThAr
  9797.2456 1 ThAr
  9800.3629 1 ThAr
  9801.7074 1 ThAr
  9812.6976 1 ThAr
  9814.9578 1 ThAr
  9819.1781 1 ThAr
  9826.4497 1 ThAr
  9833.4232 1 ThAr
  9837.1669 1 ThAr
  9838.0046 1 ThAr
  9840.9172 1 ThAr
  9845.6835 1 ThAr
  9855.7421 1 ThAr
  9864.5972 1 ThAr
  9865.4489 1 ThAr
  9867.8902 1 ThAr
  9868.9206 1 ThAr
  9871.9947 1 ThAr
  9872.6300 1 ThAr
  9873.8151 1 ThAr
  9878.5208 1 ThAr
  9880.7853 1 ThAr
  9896.0483 1 ThAr
  9898.3532 1 ThAr
  9902.3569 1 ThAr
  9906.3907 1 ThAr
  9907.4718 1 ThAr
  9910.0750 1 ThAr
  9911.1129 1 ThAr
  9912.1996 1 ThAr
  9913.6234 1 ThAr
  9923.3088 1 ThAr
  9927.3252 1 ThAr
  9932.7748 1 ThAr
  9934.7173 1 ThAr
  9935.1992 1 ThAr
  9938.8355 1 ThAr
  9943.0647 1 ThAr
  9952.3704 1 ThAr
  9952.8033 1 ThAr
  9963.4911 1 ThAr
  9970.4625 1 ThAr
  9974.6893 1 ThAr
  9985.0500 1 ThAr
  9987.6352 1 ThAr
  9989.9371 1 ThAr
  9992.6485 1 ThAr
  9993.8630 1 ThAr
  9998.5092 1 ThAr
  9998.9599 1 ThAr
  10011.3953 1 ThAr
  10022.2836 1 ThAr
  10033.2218 1 ThAr
  10037.1188 1 ThAr
  10039.3641 1 ThAr
  10045.3125 1 ThAr
  10048.0365 1 ThAr
  10054.9620 1 ThAr
  10056.2091 1 ThAr
  10079.5414 1 ThAr
  10082.8793 1 ThAr
  10083.7854 1 ThAr
  10086.4035 1 ThAr
  10089.1351 1 ThAr
  10102.5746 1 ThAr
  10105.0769 1 ThAr
  10117.9901 1 ThAr
  10133.5662 1 ThAr
  10137.3865 1 ThAr
  10140.4309 1 ThAr
  10141.3970 1 ThAr
  10144.2649 1 ThAr
  10175.0079 1 ThAr
  10178.5192 1 ThAr
  10180.5933 1 ThAr
  10184.5392 1 ThAr
  10188.4156 1 ThAr
  10211.5330 1 ThAr
  10218.4327 1 ThAr
  10223.6585 1 ThAr
  10236.0280 1 ThAr
  10241.7747 1 ThAr
  10247.5568 1 ThAr
  10250.6792 1 ThAr
  10255.5804 1 ThAr
  10257.3690 1 ThAr
  10258.1668 1 ThAr
  10271.1881 1 ThAr
  10273.6965 1 ThAr
  10276.7976 1 ThAr
  10283.1162 1 ThAr
  10288.9919 1 ThAr
  10293.0491 1 ThAr
  10301.1668 1 ThAr
  10308.5442 1 ThAr
  10316.8910 1 ThAr
  10343.8210 1 ThAr
  10346.5367 1 ThAr
  10349.0483 1 ThAr
  10358.1678 1 ThAr
  10412.9915 1 ThAr
  10419.5787 1 ThAr
  10429.6706 1 ThAr
  10450.4421 1 ThAr
  10459.7208 1 ThAr
  10470.0535 1 ThAr
  10492.2578 1 ThAr
  10494.8400 1 ThAr
  10498.4920 1 ThAr
  10512.2045 1 ThAr
  10527.7862 1 ThAr
  10556.4500 1 ThAr
  10565.3047 1 ThAr
