       1.3008236       1 OH      0.79325192
       1.3021635       1 OH       31.618292
       1.3052730       1 OH       12.310541
       1.3085264       1 OH       34.316647
       1.3127822       1 OH       10.621416
       1.3156795       1 OH       25.895986
       1.3210849       1 OH       6.8374548
       1.3236515       1 OH       14.179704
       1.3301918       1 OH       3.4250575
       1.3324682       1 OH       6.3382443
       1.3401248       1 OH       1.4654491
       1.3421535       1 OH       2.2242109
       1.3509129       1 OH      0.57210604
       1.3527337       1 OH      0.73025837
       1.3625919       1 OH      0.27022571
       1.3642384       1 OH      0.29588418
       1.3665107       1 OH       6.8103167
       1.3674787       1 OH       13.832540
       1.3691688       1 OH       16.880376
       1.3715723       1 OH       13.186658
       1.3747766       1 OH       6.5506017
       1.3823628       1 OH       43.779772
       1.3842112       1 OH       17.182843
       1.3860268       1 OH      0.81515369
       1.3868320       1 OH       6.7959356
       1.3893438       1 OH      0.44056091
       1.3902720       1 OH       2.5744242
       1.3911547       1 OH       9.1217352
       1.3935820       1 OH      0.27190473
       1.3951008       1 OH       30.466328
       1.3976899       1 OH      0.47869843
       1.3985877       1 OH       12.937473
       1.3997349       1 OH      0.36024460
       1.4007897       1 OH       1.8478407
       1.4022222       1 OH       37.269792
       1.4044573       1 OH       7.4793945
       1.4058865       1 OH       3.8453796
       1.4069795       1 OH       11.204285
       1.4086711       1 OH       21.727569
       1.4102763       1 OH       27.245625
       1.4134002       1 OH       48.843641
       1.4163033       1 OH       27.270727
       1.4186058       1 OH       63.302466
       1.4191710       1 OH       11.379383
       1.4227200       1 OH       23.447904
       1.4266357       1 OH       3.9611300
       1.4292924       1 OH       7.3995309
       1.4344305       1 OH       176.86284
       1.4356709       1 OH       59.107294
       1.4374414       1 OH       18.079549
       1.4397766       1 OH       4.8309794
       1.4426902       1 OH       1.1220504
       1.4469111       1 OH       39.309248
       1.4502863       1 OH      0.69727076
       1.4518960       1 OH       132.59971
       1.4563983       1 OH       47.989765
       1.4604833       1 OH       130.58029
       1.4637094       1 OH      0.29938409
       1.4645389       1 OH      0.25850808
       1.4656896       1 OH      0.32546649
       1.4665071       1 OH       34.754166
       1.4678551       1 OH      0.55659086
       1.4698458       1 OH       77.480704
       1.4713305       1 OH       2.1079205
       1.4740015       1 OH       13.542685
       1.4755588       1 OH       7.1485256
       1.4772384       1 OH       17.133244
       1.4783737       1 OH       40.631978
       1.4799839       1 OH       33.910429
       1.4805003       1 OH       15.795183
       1.4833094       1 OH       85.393610
       1.4864396       1 OH       34.786698
       1.4887632       1 OH       111.18249
       1.4909026       1 OH       10.263680
       1.4931883       1 OH       40.122130
       1.5006737       1 OH       1.7271667
       1.5026055       1 OH       2.4952092
       1.5055418       1 OH       295.83455
       1.5068962       1 OH       101.98966
       1.5088275       1 OH       32.311007
       1.5113724       1 OH       8.7215549
       1.5135436       1 OH      0.39027953
       1.5145523       1 OH       2.0791822
       1.5187137       1 OH       66.689163
       1.5240954       1 OH       215.06867
       1.5287789       1 OH       79.403916
       1.5332402       1 OH       218.77624
       1.5395334       1 OH       60.619025
       1.5405156       1 OH      0.29864340
       1.5410407       1 OH      0.21977693
       1.5432148       1 OH       135.44446
       1.5462125       1 OH       4.6973216
       1.5474213       1 OH       2.7471217
       1.5500864       1 OH       16.923462
       1.5509769       1 OH       31.256300
       1.5517872       1 OH       8.8316363
       1.5540357       1 OH       60.493499
       1.5570160       1 OH       22.032606
       1.5597631       1 OH       97.108572
       1.5631508       1 OH       52.321668
       1.5655182       1 OH       127.17154
       1.5702539       1 OH       44.410670
       1.5760329       1 OH       3.3450411
       1.5782125       1 OH       4.8821901
       1.5833146       1 OH       318.23972
       1.5848058       1 OH       112.13007
       1.5862507       1 OH       4.0450883
       1.5869307       1 OH       36.975069
       1.5890041       1 OH       1.5187627
       1.5897279       1 OH       10.885101
       1.5915922       1 OH       1.0012537
       1.5924975       1 OH      0.51781210
       1.5932211       1 OH       2.5068727
       1.5972605       1 OH       71.375384
       1.6030832       1 OH       231.36695
       1.6042096       1 OH      0.23193742
       1.6058511       1 OH      0.25215639
       1.6079753       1 OH       90.950708
       1.6128608       1 OH       242.22964
       1.6194616       1 OH       69.056540
       1.6235377       1 OH       156.03380
       1.6246073       1 OH      0.33192492
       1.6251646       1 OH      0.22167397
       1.6270318       1 OH       1.3207105
       1.6279727       1 OH      0.80321434
       1.6302278       1 OH       5.2332610
       1.6317063       1 OH       37.862787
       1.6341756       1 OH       17.797688
       1.6351303       1 OH       73.288182
       1.6360386       1 OH       9.2222987
       1.6388492       1 OH       47.585347
       1.6414737       1 OH       22.170171
       1.6442169       1 OH       91.179828
       1.6477909       1 OH       44.739013
       1.6502366       1 OH       111.20572
       1.6553814       1 OH       39.738277
       1.6586323       1 OH       4.2801070
       1.6611023       1 OH       6.4326870
       1.6692252       1 OH       297.82814
       1.6708850       1 OH       105.04751
       1.6724745       1 OH       3.9373432
       1.6732506       1 OH       37.076722
       1.6755148       1 OH       2.6692550
       1.6763572       1 OH       10.411254
       1.6793986       1 OH      0.51859788
       1.6802369       1 OH       2.6358632
       1.6840482       1 OH       65.416833
       1.6890016       1 OH      0.27384319
       1.6903680       1 OH       219.10431
       1.6955079       1 OH       81.634133
       1.7008756       1 OH       229.95962
       1.7078369       1 OH       64.954648
       1.7123659       1 OH       153.47656
       1.7188968       1 OH      0.35021745
       1.7194948       1 OH      0.21121447
       1.7210357       1 OH       37.265901
       1.7221992       1 OH      0.81131375
       1.7248614       1 OH       73.447566
       1.7256542       1 OH       2.2483414
       1.7282867       1 OH       16.583414
       1.7303370       1 OH       8.6823560
       1.7330870       1 OH       41.758647
       1.7351153       1 OH       15.583474
       1.7359687       1 OH       19.795655
       1.7386018       1 OH       82.718189
       1.7427044       1 OH       31.777788
       1.7449967       1 OH       93.570571
       1.7505830       1 OH       32.835521
       1.7529362       1 OH       7.2371207
       1.7653098       1 OH       237.85921
       1.7671811       1 OH       88.030321
       1.7698442       1 OH       31.237766
       1.7723861       1 OH       1.2821051
       1.7733455       1 OH       9.3761250
       1.7767379       1 OH      0.46746172
       1.7777130       1 OH       2.5391537
       1.7811475       1 OH       51.836158
       1.7830020       1 OH      0.79925329
       1.7852444       1 OH      0.34594902
       1.7880299       1 OH       176.84172
       1.7891392       1 OH      0.19797942
       1.7934743       1 OH       67.903641
       1.7993961       1 OH       192.28723
       1.8067934       1 OH       57.083269
       1.8118494       1 OH       130.62921
       1.8211014       1 OH       32.655701
       1.8254214       1 OH       65.103796
       1.8271478       1 OH      0.24677504
       1.8283468       1 OH       1.2664741
       1.8294806       1 OH      0.76951572
       1.8313307       1 OH       4.6933631
       1.8329390       1 OH       2.5816065
       1.8352823       1 OH       14.025926
       1.8364213       1 OH       14.569950
       1.8375503       1 OH       7.0869915
       1.8401556       1 OH       57.617812
       1.8433546       1 OH       15.733766
       1.8459584       1 OH       59.985213
       1.8504004       1 OH       24.449643
       1.8526166       1 OH       72.904583
       1.8560158       1 OH       7.2584633
       1.8587328       1 OH       24.695422
       1.8702612       1 OH       1.3114175
       1.8730890       1 OH       1.6908912
       1.8744398       1 OH       180.03958
       1.8758262       1 OH       5.9638181
       1.8765882       1 OH       67.462138
       1.8786373       1 OH       2.4781435
       1.8796409       1 OH       24.250949
       1.8825399       1 OH       1.0242154
       1.8836520       1 OH       7.7496653
       1.8875108       1 OH      0.39932066
       1.8886729       1 OH       2.2939310
       1.8914828       1 OH       39.184892
       1.8935460       1 OH      0.18094425
       1.8946785       1 OH      0.57430374
       1.8990080       1 OH       130.09899
