       1.9017515       1 OH      0.17605063
       1.9048432       1 OH       43.685582
       1.9114083       1 OH       125.25023
       1.9193538       1 OH       36.897428
       1.9250307       1 OH       91.523267
       1.9350117       1 OH       23.314119
       1.9399176       1 OH       48.597989
       1.9518440       1 OH       10.850068
       1.9541093       1 OH      0.57720242
       1.9560830       1 OH       19.239315
       1.9571418       1 OH       1.1814149
       1.9593421       1 OH       9.2508800
       1.9618726       1 OH       4.4889714
       1.9642469       1 OH       20.594006
       1.9677999       1 OH       9.5813502
       1.9701864       1 OH       37.163738
       1.9736210       1 OH       6.2271192
       1.9751513       1 OH       14.438995
       1.9771861       1 OH       40.046484
       1.9839727       1 OH       14.353899
       1.9892162       1 OH       1.1726914
       1.9925080       1 OH       1.5967836
       2.0007943       1 OH       106.52045
       2.0033211       1 OH       39.487811
       2.0057586       1 OH       1.5013227
       2.0068996       1 OH       14.752375
       2.0101627       1 OH      0.65337672
       2.0115974       1 OH       4.9372209
       2.0126966       1 OH      0.39787194
       2.0161037       1 OH      0.30392989
       2.0174565       1 OH       1.5205026
       2.0193226       1 OH       21.982270
       2.0231581       1 OH      0.17236990
       2.0245153       1 OH      0.46058696
       2.0275840       1 OH       76.427015
       2.0339501       1 OH       30.309841
       2.0412679       1 OH       86.962577
       2.0499364       1 OH       26.441802
       2.0563548       1 OH       64.436188
       2.0672845       1 OH       17.575460
       2.0729014       1 OH       35.934209
       2.0860246       1 OH       8.4844853
       2.0909569       1 OH       15.448800
       2.1012482       1 OH      0.82666798
       2.1033207       1 OH       2.2516188
       2.1105683       1 OH       5.2631709
       2.1115848       1 OH       13.275491
       2.1156116       1 OH       5.9347361
       2.1176556       1 OH       21.907707
       2.1232425       1 OH       8.8693430
       2.1249592       1 OH       23.730367
       2.1279057       1 OH       1.1835642
       2.1325902       1 OH       8.6386347
       2.1507122       1 OH       63.151665
       2.1537521       1 OH       24.452257
       2.1567779       1 OH       1.0970666
       2.1580643       1 OH       9.7125595
       2.1622182       1 OH      0.60891206
       2.1637230       1 OH       3.4214719
       2.1691767       1 OH      0.39087410
       2.1711011       1 OH       13.746912
       2.1761509       1 OH      0.32225864
       2.1802311       1 OH       46.486741
       2.1873519       1 OH       19.239375
       2.1893158       1 OH      0.36177968
       2.1955639       1 OH       54.837099
       2.2052367       1 OH       17.895330
       2.2125516       1 OH       42.082148
       2.2247809       1 OH       12.250440
       2.2312725       1 OH       24.558857
       2.2460263       1 OH       6.4942779
       2.2517969       1 OH       11.483191
       2.2690402       1 OH       3.0595049
       2.2741963       1 OH       4.5173920
       2.2939095       1 OH       1.5440224
       2.2985508       1 OH       1.8553301
       2.3207367       1 OH       1.1231036
       2.3249493       1 OH       1.1888640
       2.3496393       1 OH       1.2020082
       2.3533453       1 OH       1.2393718
       2.3640000       1 H2O       5.0000000
       2.3672300       1 H2O       5.0000000
       2.3689500       1 H2O       5.0000000
       2.3713900       1 H2O       5.0000000
       2.3782100       1 H2O       5.0000000
       2.3833800       1 H2O       5.0000000
       2.3840400       1 H2O       5.0000000
       2.3859700       1 H2O       5.0000000
       2.3881500       1 H2O       5.0000000
       2.3915000       1 H2O       5.0000000
       2.3967400       1 H2O       5.0000000
       2.3975500       1 H2O       5.0000000
       2.4143400       1 H2O       5.0000000
       2.4161500       1 H2O       5.0000000
       2.4185700       1 H2O       5.0000000
       2.4333600       1 H2O       5.0000000
       2.4354400       1 H2O       5.0000000
       2.4362000       1 H2O       5.0000000
       2.4461100       1 H2O       5.0000000
       2.4472700       1 H2O       5.0000000
       2.4513500       1 H2O       5.0000000
       2.4722600       1 H2O       5.0000000
       2.4729400       1 H2O       5.0000000
       2.4815300       1 H2O       5.0000000
       2.4842600       1 H2O       5.0000000
       2.4879000       1 H2O       5.0000000
       2.4920900       1 H2O       5.0000000
       2.4946600       1 H2O       5.0000000
       2.4965700       1 H2O       5.0000000
       2.4977600       1 H2O       5.0000000
