       1.0015746       1 OH       5.2856222
       1.0028594       1 OH       1.9953306
       1.0040660       1 OH      0.34428838
       1.0046238       1 OH      0.93875065
       1.0063262       1 OH       1.2608187
       1.0073867       1 OH      0.70838733
       1.0085224       1 OH       2.9979956
       1.0099560       1 OH      0.34444941
       1.0106443       1 OH       1.4173319
       1.0126818       1 OH       3.5218182
       1.0135411       1 OH      0.37539328
       1.0151309       1 OH      0.51374061
       1.0167224       1 OH      0.69289028
       1.0174661       1 OH       4.9531715
       1.0183894       1 OH       1.3171905
       1.0192486       1 OH       4.6555070
       1.0205813       1 OH       2.1754722
       1.0213779       1 OH       5.7889928
       1.0233516       1 OH       2.6037053
       1.0273883       1 OH      0.66202032
       1.0289338       1 OH       17.185484
       1.0298804       1 OH       5.7208685
       1.0312148       1 OH       2.1940500
       1.0330020       1 OH      0.81639066
       1.0342838       1 OH      0.42299312
       1.0350141       1 OH       3.7703247
       1.0356821       1 OH      0.53003533
       1.0375778       1 OH       10.698973
       1.0399453       1 OH       4.3355519
       1.0421208       1 OH       11.158326
       1.0431436       1 OH      0.35257788
       1.0453360       1 OH       3.2529566
       1.0471858       1 OH       8.4742248
       1.0511984       1 OH       1.9547285
       1.0527653       1 OH       4.0077912
       1.0575410       1 OH       1.0059860
       1.0588811       1 OH       1.5389814
       1.0643734       1 OH      0.45735018
       1.0655230       1 OH      0.62862008
       1.0691016       1 OH      0.77070130
       1.0700033       1 OH       1.6981451
       1.0706405       1 OH       1.0735914
       1.0713707       1 OH       4.5472331
       1.0723417       1 OH       2.0940583
       1.0731770       1 OH       7.8325500
       1.0746214       1 OH       3.2111158
       1.0753898       1 OH       9.2748883
       1.0775053       1 OH       3.2880977
       1.0834235       1 OH       23.834936
       1.0844696       1 OH       9.4846432
       1.0854900       1 OH      0.53255165
       1.0859625       1 OH       2.9167369
       1.0879258       1 OH       1.1648876
       1.0898738       1 OH       5.0494461
       1.0926417       1 OH       16.078586
       1.0951347       1 OH       6.2442512
       1.0975315       1 OH       17.350162
       1.1009346       1 OH       5.3475307
       1.1029857       1 OH       11.754818
       1.1072511       1 OH       3.0884435
       1.1090029       1 OH       6.4775270
       1.1140899       1 OH       1.3672091
       1.1156066       1 OH       2.3884799
       1.1214792       1 OH      0.59995729
       1.1227956       1 OH      0.86181335
       1.1291020       1 OH       1.0149625
       1.1306315       1 OH       1.4178280
       1.1312861       1 OH       6.0791022
       1.1323352       1 OH       2.6864566
       1.1331240       1 OH       9.7577188
       1.1346885       1 OH       4.0285998
       1.1354220       1 OH       11.321530
       1.1377139       1 OH       4.5073638
       1.1439816       1 OH       28.130047
       1.1451133       1 OH       10.971498
       1.1467813       1 OH       3.9216946
       1.1484396       1 OH      0.38433599
       1.1490325       1 OH       1.4306450
       1.1508666       1 OH       6.2966594
       1.1517772       1 OH      0.54820792
       1.1538784       1 OH       19.970283
       1.1550778       1 OH      0.29418512
       1.1565241       1 OH       8.2484412
       1.1591707       1 OH       24.894212
       1.1627889       1 OH       6.5210409
       1.1650743       1 OH       15.306258
       1.1696348       1 OH       4.1007126
       1.1716161       1 OH       7.9718118
       1.1770862       1 OH       1.8446332
       1.1788045       1 OH       3.4007707
       1.1851473       1 OH      0.83212080
       1.1866517       1 OH       1.1676421
       1.1938431       1 OH      0.38092853
       1.1951717       1 OH      0.45584619
       1.1968731       1 OH       1.4367918
       1.1975645       1 OH       3.2705941
       1.1988457       1 OH       7.6523233
       1.2000146       1 OH       3.3535686
       1.2007073       1 OH       11.807641
       1.2024280       1 OH       5.3058356
       1.2030880       1 OH       13.145489
       1.2043603       1 OH      0.26108257
       1.2055874       1 OH       4.7711085
       1.2122516       1 OH       32.420021
       1.2136191       1 OH       13.546986
       1.2148689       1 OH      0.64664686
       1.2154935       1 OH       4.7190197
       1.2173066       1 OH      0.40031030
       1.2179922       1 OH       1.6431768
       1.2196385       1 OH       6.9514184
       1.2204081       1 OH      0.27608563
       1.2211106       1 OH      0.62690533
       1.2229332       1 OH       24.206884
       1.2248632       1 OH      0.30206387
       1.2257760       1 OH       10.140724
       1.2286987       1 OH       25.621674
       1.2325947       1 OH       7.9108632
       1.2351612       1 OH       19.446650
       1.2400913       1 OH       5.0129793
       1.2423378       1 OH       10.953141
       1.2482726       1 OH       2.4705912
       1.2502396       1 OH       4.2904069
       1.2571579       1 OH      0.96938952
       1.2589002       1 OH       1.6215783
       1.2667759       1 OH      0.43031169
       1.2683222       1 OH      0.55697766
       1.2753340       1 OH       4.8816337
       1.2764361       1 OH       8.5042031
       1.2777371       1 OH       3.8954926
       1.2782569       1 OH       13.463304
       1.2801537       1 OH       5.4537545
       1.2807009       1 OH       15.974929
       1.2834593       1 OH       5.4667541
       1.2905603       1 OH       37.149455
       1.2915844       1 OH       1.3543166
       1.2921149       1 OH       14.502490
       1.2936070       1 OH      0.68447564
       1.2943189       1 OH       5.3152366
       1.2964173       1 OH      0.40915829
       1.2972134       1 OH       1.9051595
       1.2985677       1 OH       8.3313459
       1.2999984       1 OH      0.26904472
       1.3008264       1 OH      0.73494858
       1.3021660       1 OH       25.767838
       1.3052744       1 OH       10.310160
       1.3085270       1 OH       28.506225
       1.3127834       1 OH       8.8213717
       1.3156804       1 OH       21.397562
       1.3210879       1 OH       6.1574953
       1.3236521       1 OH       11.940497
       1.3301879       1 OH       2.8539816
       1.3324690       1 OH       5.3192157
       1.3401274       1 OH       1.2635499
       1.3421565       1 OH       2.0396898
       1.3509090       1 OH      0.50002448
       1.3527351       1 OH      0.67765647
       1.3625822       1 OH      0.25685992
       1.3642187       1 OH      0.29105167
       1.3665061       1 OH       5.8279189
       1.3674782       1 OH       11.480301
       1.3691816       1 OH       15.137066
       1.3747780       1 OH       5.4391887
       1.3823591       1 OH       37.125368
       1.3836575       1 OH       1.3964470
       1.3842140       1 OH       15.095816
       1.3860291       1 OH      0.71654645
       1.3868351       1 OH       5.9870571
       1.3893468       1 OH      0.40412565
       1.3902742       1 OH       2.1453081
       1.3911566       1 OH       7.9721381
       1.3935820       1 OH      0.25021296
       1.3951015       1 OH       25.643705
       1.3976926       1 OH      0.44854494
       1.3985880       1 OH       10.394279
       1.3997362       1 OH      0.33416909
       1.4007923       1 OH       1.6926437
       1.4022243       1 OH       31.878921
       1.4044602       1 OH       6.2214474
       1.4058893       1 OH       3.3410105
       1.4069826       1 OH       10.099395
       1.4086724       1 OH       18.902719
       1.4102744       1 OH       22.985225
       1.4134034       1 OH       41.513879
       1.4163040       1 OH       23.376767
       1.4186063       1 OH       52.368814
       1.4192837       1 OH       13.721424
       1.4227224       1 OH       20.563034
       1.4266387       1 OH       3.5835238
       1.4292873       1 OH       6.4173376
       1.4344223       1 OH       150.22531
       1.4356720       1 OH       50.704210
       1.4369165       1 OH       1.9405446
       1.4397480       1 OH       4.2520980
       1.4402730       1 OH       2.2721454
       1.4421551       1 OH      0.30702169
       1.4426915       1 OH      0.97323042
       1.4462065       1 OH      0.30077313
       1.4469125       1 OH       34.006659
       1.4502711       1 OH      0.59617770
       1.4518990       1 OH       116.54351
       1.4564009       1 OH       40.447801
       1.4604853       1 OH       114.87979
       1.4637100       1 OH      0.27956912
       1.4645445       1 OH      0.24533467
       1.4651601       1 OH      0.20964087
       1.4657004       1 OH      0.31914152
       1.4665083       1 OH       28.709326
       1.4678582       1 OH      0.51007719
       1.4698484       1 OH       66.088525
       1.4713323       1 OH       1.8519382
       1.4740015       1 OH       11.347411
       1.4755598       1 OH       5.9819113
       1.4772404       1 OH       14.458408
       1.4783737       1 OH       33.967911
       1.4799891       1 OH       28.809477
       1.4805197       1 OH       14.872059
       1.4833110       1 OH       69.152597
       1.4864427       1 OH       30.759017
       1.4887507       1 OH       92.732166
       1.4908823       1 OH       9.1529139
       1.4931889       1 OH       32.463865
       1.5006593       1 OH       1.4791702
       1.5026062       1 OH       2.2383749
       1.5055397       1 OH       252.77606
       1.5068966       1 OH       83.835876
       1.5082585       1 OH       3.2164293
       1.5088303       1 OH       27.442542
       1.5107644       1 OH       1.1626112
       1.5113731       1 OH       7.4151135
       1.5139727       1 OH      0.41592382
       1.5177940       1 OH      0.20601836
       1.5187165       1 OH       55.300852
       1.5240979       1 OH       191.79476
       1.5287744       1 OH       67.692696
       1.5332427       1 OH       185.49736
       1.5395340       1 OH       49.515671
       1.5405215       1 OH      0.27837668
       1.5411292       1 OH      0.22746235
       1.5431941       1 OH       115.71121
       1.5462138       1 OH       3.9828337
       1.5474240       1 OH       2.3088757
       1.5500870       1 OH       14.847020
       1.5509781       1 OH       25.757388
       1.5517826       1 OH       7.4085637
       1.5540223       1 OH       52.999909
       1.5545247       1 OH       34.525269
       1.5570095       1 OH       18.837561
       1.5597520       1 OH       79.930531
       1.5631536       1 OH       43.410774
       1.5655189       1 OH       108.66129
       1.5702391       1 OH       36.177431
       1.5760349       1 OH       2.9226825
       1.5781944       1 OH       4.5263218
       1.5833148       1 OH       286.04326
       1.5845039       1 OH       16.851090
       1.5848056       1 OH       93.249020
       1.5862870       1 OH       3.5125049
       1.5869186       1 OH       30.844251
       1.5890168       1 OH       1.3019559
       1.5897306       1 OH       9.5286942
       1.5915427       1 OH      0.93876958
       1.5925027       1 OH      0.46708854
       1.5932211       1 OH       2.1712146
       1.5972615       1 OH       61.384460
       1.6030853       1 OH       206.21048
       1.6041861       1 OH      0.21993109
       1.6058164       1 OH      0.24812619
       1.6079770       1 OH       78.286750
       1.6128622       1 OH       216.23442
       1.6194428       1 OH       57.028628
       1.6235390       1 OH       132.66358
       1.6246102       1 OH      0.30037552
       1.6252735       1 OH      0.23442127
       1.6270336       1 OH       1.1571173
       1.6279751       1 OH      0.71029395
       1.6302303       1 OH       4.5397747
       1.6317005       1 OH       33.133563
       1.6341777       1 OH       15.788416
       1.6351314       1 OH       64.543451
       1.6360389       1 OH       7.6864598
       1.6388477       1 OH       40.912595
       1.6414708       1 OH       18.971662
       1.6442111       1 OH       78.555203
       1.6478101       1 OH       41.982185
       1.6502388       1 OH       93.656927
       1.6553836       1 OH       35.042807
       1.6586231       1 OH       3.7994349
       1.6611018       1 OH       5.9937972
       1.6692243       1 OH       256.69150
       1.6705234       1 OH       10.122412
       1.6708859       1 OH       93.182238
       1.6724555       1 OH       3.2577681
       1.6732527       1 OH       31.762314
       1.6755166       1 OH       2.4510010
       1.6763588       1 OH       9.2724391
       1.6793715       1 OH      0.45022052
       1.6802371       1 OH       2.2287012
       1.6840484       1 OH       53.236047
       1.6889916       1 OH      0.26118675
       1.6903687       1 OH       178.59765
       1.6955098       1 OH       69.356070
       1.7008777       1 OH       195.05105
       1.7078300       1 OH       56.398077
       1.7123543       1 OH       132.90023
       1.7188984       1 OH      0.32255131
       1.7196246       1 OH      0.23611873
       1.7210369       1 OH       33.328516
       1.7222010       1 OH      0.71210483
       1.7248579       1 OH       65.088031
       1.7257593       1 OH       2.4284902
       1.7282886       1 OH       14.452905
       1.7303375       1 OH       7.4853100
       1.7330831       1 OH       36.548731
       1.7351084       1 OH       13.353688
       1.7359538       1 OH       16.497037
       1.7386203       1 OH       74.137884
       1.7427063       1 OH       27.532551
       1.7449957       1 OH       80.082807
       1.7505830       1 OH       29.300073
       1.7529361       1 OH       6.5574180
       1.7653108       1 OH       202.24020
       1.7664572       1 OH       6.8125043
       1.7671658       1 OH       75.665166
       1.7688932       1 OH       3.0393098
       1.7698455       1 OH       25.949418
       1.7723871       1 OH       1.1278369
       1.7733459       1 OH       8.3298442
       1.7767382       1 OH      0.40988813
       1.7777145       1 OH       2.1412371
       1.7811476       1 OH       43.533878
       1.7829932       1 OH      0.73379666
       1.7852287       1 OH      0.34163932
       1.7880122       1 OH       150.39573
       1.7891390       1 OH      0.18366324
       1.7934751       1 OH       60.390577
       1.7993975       1 OH       162.34993
       1.8067950       1 OH       47.843855
       1.8118333       1 OH       115.54763
       1.8211026       1 OH       28.499626
       1.8254084       1 OH       58.992678
       1.8271473       1 OH      0.22247740
       1.8283482       1 OH       1.0944028
       1.8294671       1 OH      0.67790845
       1.8313320       1 OH       3.9661951
       1.8329235       1 OH       2.2091860
       1.8352834       1 OH       12.279227
       1.8363877       1 OH       12.229868
       1.8375511       1 OH       6.2098355
       1.8401569       1 OH       50.786992
       1.8433557       1 OH       12.977412
       1.8459584       1 OH       50.293808
       1.8504018       1 OH       20.937388
       1.8525866       1 OH       61.334757
       1.8560103       1 OH       6.6971610
       1.8587342       1 OH       21.003523
       1.8702182       1 OH       1.1506480
       1.8730483       1 OH       1.6091158
       1.8744415       1 OH       150.88647
       1.8758097       1 OH       5.1747713
       1.8765887       1 OH       56.545440
       1.8786389       1 OH       2.1379047
       1.8796252       1 OH       21.081745
       1.8825403       1 OH      0.86409972
       1.8836529       1 OH       6.7488449
       1.8874906       1 OH      0.35830999
       1.8886674       1 OH       2.0633164
       1.8914836       1 OH       32.842309
       1.8935466       1 OH      0.17081368
       1.8946441       1 OH      0.50326784
       1.8990091       1 OH       111.58471
       1.9017523       1 OH      0.17688504
       1.9048445       1 OH       44.117463
       1.9114091       1 OH       126.90981
       1.9193540       1 OH       36.888547
       1.9250122       1 OH       91.900307
       1.9350119       1 OH       23.690150
       1.9398996       1 OH       48.704690
       1.9518223       1 OH       10.905843
       1.9528604       1 OH      0.94853918
       1.9540863       1 OH      0.58010396
       1.9560957       1 OH       19.641458
       1.9573023       1 OH       1.7568389
       1.9593256       1 OH       9.2735372
       1.9618375       1 OH       4.5055423
       1.9642172       1 OH       20.723956
       1.9677843       1 OH       9.5977202
       1.9701706       1 OH       37.044094
       1.9736026       1 OH       6.1832197
       1.9751519       1 OH       14.631209
       1.9771862       1 OH       40.652284
       1.9839730       1 OH       14.557265
       1.9892151       1 OH       1.1838975
       1.9925080       1 OH       1.5969692
       2.0007854       1 OH       105.71941
       2.0024577       1 OH       3.4912050
       2.0032938       1 OH       39.739611
       2.0057592       1 OH       1.5143862
       2.0068686       1 OH       14.848483
       2.0102433       1 OH      0.70133727
       2.0115980       1 OH       4.9834986
       2.0127830       1 OH      0.40369705
       2.0161042       1 OH      0.30441431
       2.0174559       1 OH       1.5395386
       2.0193231       1 OH       22.052786
       2.0231586       1 OH      0.17297450
       2.0244934       1 OH      0.46273887
       2.0275832       1 OH       77.456732
       2.0328142       1 OH      0.19046146
       2.0339145       1 OH       30.469671
       2.0412682       1 OH       87.832678
       2.0499368       1 OH       26.476548
       2.0563114       1 OH       64.576527
       2.0672644       1 OH       17.667990
       2.0728638       1 OH       36.235498
       2.0859797       1 OH       8.4808650
       2.0909547       1 OH       15.546167
       2.1008594       1 OH      0.33246950
       2.1012234       1 OH      0.83121795
       2.1028848       1 OH      0.53377473
       2.1033247       1 OH       2.2648362
       2.1053506       1 OH       1.2660996
       2.1062135       1 OH       3.5706094
       2.1067646       1 OH       6.0345281
       2.1096657       1 OH       3.0846762
       2.1105080       1 OH       5.2463569
       2.1115785       1 OH       13.354007
       2.1156116       1 OH       5.9885692
       2.1176519       1 OH       22.100814
       2.1232424       1 OH       8.9622314
       2.1249304       1 OH       23.924802
       2.1278949       1 OH       1.1835051
       2.1318061       1 OH       1.5605632
       2.1325633       1 OH       8.6480763
       2.1506695       1 OH       63.063713
       2.1529029       1 OH       2.2198983
       2.1537502       1 OH       24.704352
       2.1567426       1 OH       1.1035754
       2.1580456       1 OH       9.7259520
       2.1622107       1 OH      0.61044637
       2.1637232       1 OH       3.4316971
       2.1691357       1 OH      0.39138571
       2.1711063       1 OH       13.784479
       2.1761378       1 OH      0.32215118
       2.1802072       1 OH       46.831766
       2.1873474       1 OH       19.378306
       2.1892668       1 OH      0.36179061
       2.1955633       1 OH       55.375647
       2.2052221       1 OH       17.799410
       2.2125012       1 OH       42.083106
       2.2247622       1 OH       12.210580
       2.2312724       1 OH       24.599486
       2.2459798       1 OH       6.5094440
       2.2517923       1 OH       11.524742
       2.2690403       1 OH       3.0643060
       2.2741864       1 OH       4.5180008
       2.2938660       1 OH       1.5484044
       2.2984903       1 OH       1.8449073
       2.3006887       1 H2O      0.94054005
       2.3014880       1 H2O      0.92405183
       2.3025649       1 H2O      0.95345045
       2.3042323       1 H2O       1.0015443
       2.3056235       1 H2O      0.98700499
       2.3065807       1 H2O      0.97850634
       2.3075443       1 H2O      0.98277837
       2.3096952       1 H2O       1.4410847
       2.3117072       1 H2O       1.2162963
       2.3149492       1 H2O       1.2070731
       2.3166066       1 H2O       2.0109127
       2.3182364       1 H2O       1.5972972
       2.3200781       1 H2O       1.0865828
       2.3206579       1 H2O       1.3111038
       2.3219673       1 H2O       7.0257258
       2.3231758       1 H2O       4.2757974
       2.3264033       1 H2O       1.0608330
       2.3284823       1 H2O       2.1878085
       2.3296598       1 H2O       1.0901728
       2.3309199       1 H2O       1.6087402
       2.3312641       1 H2O       1.9409545
       2.3329469       1 H2O       1.1516977
       2.3350885       1 H2O       2.4661948
       2.3388759       1 H2O       3.0449661
       2.3403175       1 H2O       4.0752741
       2.3411653       1 H2O       4.0980133
       2.3420061       1 H2O       10.005155
       2.3435393       1 H2O       1.3636637
       2.3449807       1 H2O       4.8689677
       2.3475845       1 H2O       2.7064906
       2.3497390       1 H2O       7.6188155
       2.3510547       1 H2O       2.9732956
       2.3516413       1 H2O       14.709956
       2.3524527       1 H2O       24.132721
       2.3547478       1 H2O       1.6523225
       2.3560339       1 H2O       1.8250663
       2.3568829       1 H2O       4.6544012
       2.3585385       1 H2O       7.1438318
       2.3602215       1 H2O       1.6874596
       2.3616523       1 H2O       1.7743675
       2.3639275       1 H2O       10.887823
       2.3672387       1 H2O       11.182196
       2.3689169       1 H2O       11.426069
       2.3706912       1 H2O       10.854485
       2.3713878       1 H2O       23.914301
       2.3729408       1 H2O       3.2507960
       2.3738509       1 H2O       2.0694524
       2.3765311       1 H2O       14.313688
       2.3782055       1 H2O       57.599523
       2.3796381       1 H2O       6.0514917
       2.3807981       1 H2O       7.0502669
       2.3840329       1 H2O       54.264719
       2.3859549       1 H2O       33.149802
       2.3881064       1 H2O       55.238512
       2.3914465       1 H2O       82.627338
       2.3944101       1 H2O       8.3283494
       2.3967770       1 H2O       42.659754
       2.4003651       1 H2O       14.186346
       2.4017950       1 H2O       5.5529026
       2.4042766       1 H2O       78.518908
       2.4060905       1 H2O       12.285047
       2.4069331       1 H2O       51.861939
       2.4076088       1 H2O       37.338131
       2.4098937       1 H2O       44.950701
       2.4117841       1 H2O       30.775257
       2.4143104       1 H2O       70.127341
       2.4160907       1 H2O       209.21387
       2.4191310       1 H2O       195.66784
       2.4220506       1 H2O       19.043642
       2.4240756       1 H2O       45.406858
       2.4263443       1 H2O       62.910928
       2.4292001       1 H2O       4.0047695
       2.4311984       1 H2O       3.1007478
       2.4333518       1 H2O       67.612290
       2.4353996       1 H2O       710.36669
       2.4400547       1 H2O       3.2429179
       2.4417157       1 H2O       3.8579917
       2.4428990       1 H2O       27.231983
       2.4461034       1 H2O       539.14030
       2.4472736       1 H2O       151.09163
       2.4501766       1 H2O       198.55598
       2.4513411       1 H2O       563.01487
       2.4538467       1 H2O       52.509919
       2.4546745       1 H2O       207.00639
       2.4566962       1 H2O       7.4834546
       2.4594528       1 H2O       7.5061657
       2.4627689       1 H2O       480.45653
       2.4643608       1 H2O       49.118240
       2.4660942       1 H2O       11.648642
       2.4677975       1 H2O       128.45560
       2.4722163       1 H2O       1615.6324
       2.4752968       1 H2O       41.449930
       2.4774410       1 H2O       35.313338
       2.4786185       1 H2O       86.666440
       2.4805405       1 H2O       237.96656
       2.4815039       1 H2O       317.47505
       2.4842393       1 H2O       1547.5906
       2.4868690       1 H2O       161.52162
       2.4879064       1 H2O       1047.4560
       2.4893914       1 H2O       198.18318
       2.4904338       1 H2O       125.73425
       2.4920937       1 H2O       546.46163
       2.4933072       1 H2O       93.791725
       2.4946124       1 H2O       2131.1240
       2.4965253       1 H2O       188.30336
       2.4980635       1 H2O       193.95960
