  3718.2101 1 Cd I
  3729.2905 1 Cd I
  3737.8900 1 Cd I
  3780.8403 1 Cd I
  3850.5702 1 Cd I
  3888.6459 1 He I
  3928.6201 1 Cd I
  3964.7269 1 Cd I
  4026.1890 1 He I
  4044.4179 1 Cd I
  4046.5599 5 Hg I
  4072.1999 1 Cd I
  4077.8290 1 Hg I
  4131.7299 1 Cd I
  4158.5896 1 Cd I
  4259.3604 1 Cd I
  4277.5499 1 Cd I
  4300.3998 1 Cd I
  4358.3201 1 Hg I
  4426.0097 1 Cd I
  4471.4767 1 Cd I
  4510.7324 1 Cd I
  4545.0797 1 Cd I
  4579.3895 1 Cd I 
  4657.9394 1 Cd I
  4678.1391 1 Cd I
  4713.1425 1 Cd I
  4764.8895 1 Cd I
  4799.8943 1 Cd I
  4806.0695 1 Cd I
  4879.8989 1 Cd I
  4921.9282 1 He I
  4965.1194 1 Cd I
  5015.6737 1 He I
  5085.7844 1 Cd I
  5187.7450 1 Cd I
  5221.2692 1 Cd I
  5400.5605 1 Cd I
  5460.6914 1 Hg I
  5495.8709 1 Cd I
  5572.5461 1 Cd I
  5606.7303 1 Cd I
  5650.7014 1 Cd I
  5748.2973 1 Cd I
  5764.4165 1 Cd I
  5769.5294 5 Hg I
  5790.5887 1 Hg I
  5852.4856 1 Cd I
  5875.6161 1 He I
  5944.8318 1 Cd I
  6029.9950 1 Cd I
  6074.3356 1 Cd I
  6096.1607 1 Cd I
  6143.0602 1 Cd I
  6163.5913 1 Cd I
  6217.2790 1 Cd I
  6266.4923 1 Cd I
  4552.000  2 UK
  4921.042  1 Ar I
  4933.000  2 UK
  5117.000  2 UK
  5144.000  2 UK
  5152.000  2 UK
  5161.000  2 UK
  5189.000  2 UK
  5330.000  2 UK
  5342.000  2 UK
  5401.000  2 UK
  5537.000  2 UK
  5852.488  5 Ne I
  5881.895  3 Ne I
  5944.834  3 Ne I
  5974.627  1 Ne I
  5975.534  1 Ne I
  6029.997  3 Ne I
  6074.338  3 Ne I
  6096.163  3 Ne I
  6143.063  5 Ne I
  6163.594  3 Ne I
  6217.281  3 Ne I
  6266.495  3 Ne I
  6304.789  3 Ne I
  6334.428  3 Ne I
  6382.992  3 Ne I
  6402.246  3 Ne I
  6438.100  2 UK
  6506.528  3 Ne I
  6532.882  3 Ne I 
  6598.953  3 Ne I
  6678.276  1 Ne I
  6717.043  3 Ne I
  6929.467  3 Ne I
  7024.050  1 Ne I
  7032.413  1 Ne I
  7173.938  3 Ne I
  7245.167  3 Ne I
  7383.9805 1 Ar I
  7438.90   3 Ne I
  7488.871  3 Ne I
  7503.8691 3 Ar I
  7514.6518 3 Ar I
  7535.774  3 Ne I
  7544.0443 1 Ne I
  7635.106  2 Ar I
  7723.761  1 Ar I
  7724.207  1 Ar I
  7948.176  1 Ar I
  8006.157  1 Ar I
  8014.786  3 Ar I
  8082.457  1 Ne I
  8103.693  3 Ar I
  8115.311  1 Ar I
  8118.549  3 Ne I
  8128.911  1 Ne I
  8136.406  1 Ne I  
  8264.522  1 Ar I
  8300.326  3 Ne I
  8377.6065 3 Ne I
  8408.2096 3 Ar I
  8417.159  1 Ne I
  8418.427  1 Ne I
  8424.6475 1 Ar I
  8495.3598 3 Ne I
  8521.4422 3 Ar I
  8591.2583 3 Ne I
  8634.647  3 Ne I
  8654.3831 3 Ne I
  8679.492  1 Ne I
  8681.921  1 Ne I
  8780.621  1 Ne I
  8783.753  1 Ne I
  8853.867  3 Ne I
  8865.306  1 Ne I
  8865.755  1 Ne I
  9122.9674 3 Ar I
  9148.67   1 Ne I
  9226.69   1 Ne I
  9665.424  3 Ne I
