  3080.8220 2 Cd I
  3082.5930 2 Cd I
  3125.67   2 Hg 
  3129.0260 2 Cd I
  3187.7433 2 Cd I
  3261.0727 2 Cd I
  3403.6686 1 Cd I
  3466.5676 1 Cd I
  3520.5005 2 Cd I
  3545.5804 2 Cd I
  3559.5102 2 Cd I
  3610.5231 1 Cd I
  3650.1621 2 Hg I
  3718.2101 2 Cd I
  3729.2905 2 Cd I
  3737.8900 2 Cd I
  3780.8403 2 Cd I
  3850.5702 2 Cd I
  3888.6459 1 He I
  3928.6201 2 Cd I
  3964.7269 2 Cd I
  4026.1890 2 He I
  4046.5599 1 Hg I
  4077.8290 1 Hg I
  4131.7299 2 Cd I
  4158.5896 2 Cd I
  4259.3604 2 Cd I
  4277.5499 2 Cd I
  4300.3998 2 Cd I
  4358.3201 1 Hg I
  4426.0097 2 Cd I
  4471.4767 1 Cd I
  4510.7324 2 Cd I
  4545.0797 2 Cd I
  4579.3895 2 Cd I 
  4657.9394 2 Cd I
  4678.1391 1 Cd I
  4713.1425 2 Cd I
  4764.8895 2 Cd I
  4799.8943 1 Cd I
  4806.0695 2 Cd I
  4879.8989 2 Cd I
  4921.9282 2 He I
  4965.1194 2 Cd I
  5015.6737 1 He I
  5085.7844 2 Cd I
  5187.7450 2 Cd I
  5221.2692 2 Cd I
  5400.5605 2 Cd I
  5460.6914 1 Hg I
  5495.8709 2 Cd I
  5572.5461 2 Cd I
  5606.7303 2 Cd I
  5650.7014 2 Cd I
  5748.2973 2 Cd I
  5764.4165 2 Cd I
  5769.5294 2 Hg I
  5790.5887 2 Hg I
  5852.4856 2 Cd I
  5875.6161 2 He I
  5944.8318 2 Cd I
  6029.9950 2 Cd I
  6074.3356 2 Cd I
  6096.1607 2 Cd I
  6143.0602 2 Cd I
  6163.5913 2 Cd I
  6217.2790 2 Cd I
  6266.4923 2 Cd I
