## Got this line list from George Becker. 
## units Angstroms (vacuum)
7915.885   1  OH
7966.841   1  OH
7995.531   1  OH
8290.881   1  OH
8301.177   1  OH
8346.896   1  OH
8355.162   1  OH
8401.478   1  OH
8432.491   1  OH
8467.684   1  OH
8507.178   1  OH
8763.720   1  OH
8770.320   1  OH
8780.744   1  OH
8829.519   1  OH
8838.864   1  OH
8870.018   1  OH
8888.289   1  OH
8905.559   1  OH
8922.084   1  OH
8945.851   1  OH
8960.543   1  OH
9003.817   1  OH
9309.925   1  OH
9315.901   1  OH
9326.287   1  OH
9378.533   1  OH
9389.284   1  OH
9422.314   1  OH
9442.240   1  OH
9461.123   1  OH
9479.454   1  OH
9505.422   1  OH
9521.966   1  OH
9555.155   1  OH
9569.963   1  OH
9623.604   1  OH
9684.900   1  OH
9701.998   1  OH
9714.370   1  OH
9722.497   1  OH
9740.761   1  OH
9792.100   1  OH
9793.803   1  OH
9802.357   1  OH
9814.675   1  OH
9851.185   1  OH
9874.844   1  OH
9897.458   1  OH
9917.390   1  OH
9944.370   1  OH
9944.919   1  OH
9947.989   1  OH
9949.236   1  OH
9959.307   1  OH
9959.383   1  OH
9964.662   1  OH
9975.083   1  OH
10002.737  1  OH
10015.555  1  OH
10016.731  1  OH
10028.200  1  OH
10046.266  1  OH
10063.472  1  OH
10085.231  1  OH
10106.374  1  OH
10126.784  1  OH
10155.755  1  OH
10161.266  1  OH
10174.488  1  OH
10174.898  1  OH
10183.825  1  OH
10192.499  1  OH
10205.844  1  OH
10211.576  1  OH
10213.851  1  OH
10228.587  1  OH
10233.464  1  OH
10287.588  1  OH
10288.921  1  OH
10289.458  1  OH
10289.670  1  OH
10295.345  1  OH
10298.845  1  OH
10312.344  1  OH
10330.129  1  OH
10350.127  1  OH
10375.720  1  OH
10399.386  1  OH
10421.218  1  OH
10453.365  1  OH
10471.831  1  OH
10512.012  1  OH
10527.657  1  OH
10575.401  1  OH
10588.762  1  OH
10700.044  1  OH
10706.409  1  OH
10713.681  1  OH
10723.351  1  OH
10731.714  1  OH
10746.152  1  OH
10753.920  1  OH
10775.059  1  OH
10832.257  1  OH
10834.289  1  OH
10840.781  1  OH
10844.693  1  OH
10859.628  1  OH
10879.288  1  OH
10898.680  1  OH
10926.430  1  OH
10951.349  1  OH
10975.331  1  OH
11009.293  1  OH
11029.815  1  OH
11072.457  1  OH
11090.019  1  OH
11140.912  1  OH
11156.034  1  OH
11227.947  1  OH
11291.166  1  OH
11299.441  1  OH
11306.335  1  OH
11312.851  1  OH
11323.366  1  OH
11331.193  1  OH
11346.886  1  OH
11354.235  1  OH
11377.136  1  OH
11437.764  1  OH
11439.940  1  OH
11447.236  1  OH
11451.604  1  OH
11468.326  1  OH
11490.320  1  OH
11508.616  1  OH
11538.791  1  OH
11565.249  1  OH
11591.684  1  OH
11627.846  1  OH
11650.746  1  OH
11696.348  1  OH
11716.151  1  OH
11770.827  1  OH
11788.029  1  OH
11851.443  1  OH
11866.503  1  OH
11968.862  1  OH
11973.556  1  OH
11975.834  1  OH
11983.323  1  OH
11988.647  1  OH
12000.141  1  OH
12007.078  1  OH
12024.246  1  OH
12030.885  1  OH
12055.878  1  OH
12120.387  1  OH
12122.640  1  OH
12131.067  1  OH
12135.923  1  OH
12154.935  1  OH
12179.923  1  OH
12196.386  1  OH
12229.294  1  OH
12257.729  1  OH
12286.988  1  OH
12325.913  1  OH
12351.597  1  OH
12400.878  1  OH
12423.347  1  OH
12482.708  1  OH
12502.417  1  OH
12571.579  1  OH
12588.979  1  OH
12747.959  1  OH
12752.797  1  OH
12752.995  1  OH
12760.993  1  OH
12764.418  1  OH
12777.100  1  OH
12782.567  1  OH
12801.543  1  OH
12806.984  1  OH
12834.564  1  OH
12903.533  1  OH
12905.711  1  OH
12915.800  1  OH
12921.132  1  OH
12943.176  1  OH
12972.127  1  OH
12985.646  1  OH
13008.234  1  OH
13021.635  1  OH
13052.740  1  OH
13085.264  1  OH
13127.822  1  OH
13156.793  1  OH
13210.848  1  OH
13236.516  1  OH
13301.917  1  OH
13324.683  1  OH
13401.247  1  OH
13421.535  1  OH
13527.336  1  OH
13664.103  1  OH
13665.451  1  OH
13669.549  1  OH
13671.122  1  OH
13674.536  1  OH
13674.888  1  OH
13689.090  1  OH
13692.115  1  OH
13713.422  1  OH
13716.835  1  OH
13747.764  1  OH
13821.960  1  OH
13823.761  1  OH
13836.390  1  OH
13842.113  1  OH
13860.266  1  OH
13868.320  1  OH
13902.718  1  OH
13911.548  1  OH
13945.629  1  OH
13951.010  1  OH
13985.895  1  OH
14007.896  1  OH
14018.044  1  OH
14022.226  1  OH
14044.573  1  OH
14058.865  1  OH
14069.797  1  OH
14086.711  1  OH
14102.697  1  OH
14107.007  1  OH
14134.002  1  OH
14162.960  1  OH
14163.235  1  OH
14186.057  1  OH
14192.812  1  OH
14227.201  1  OH
14266.356  1  OH
14292.924  1  OH
14342.005  1  OH
14344.442  1  OH
14352.271  1  OH
14356.719  1  OH
14369.083  1  OH
14374.414  1  OH
14379.438  1  OH
14392.188  1  OH
14397.753  1  OH
14403.382  1  OH
14426.905  1  OH
14469.109  1  OH
14518.961  1  OH
14524.566  1  OH
14563.983  1  OH
14604.833  1  OH
14665.068  1  OH
14670.644  1  OH
14698.437  1  OH
14702.242  1  OH
14713.306  1  OH
14740.015  1  OH
14755.589  1  OH
14772.383  1  OH
14783.736  1  OH
14799.832  1  OH
14805.789  1  OH
14833.093  1  OH
14864.397  1  OH
14886.165  1  OH
14887.699  1  OH
14909.027  1  OH
14931.883  1  OH
15006.737  1  OH
15026.056  1  OH
15052.866  1  OH
15055.550  1  OH
15063.998  1  OH
15068.968  1  OH
15082.254  1  OH
15088.276  1  OH
15107.382  1  OH
15113.725  1  OH
15145.498  1  OH
15187.140  1  OH
15240.954  1  OH
15287.789  1  OH
15332.403  1  OH
15395.335  1  OH
15430.163  1  OH
15432.156  1  OH
15462.125  1  OH
15474.212  1  OH
15500.864  1  OH
15509.769  1  OH
15517.873  1  OH
15540.328  1  OH
15546.141  1  OH
15570.159  1  OH
15597.631  1  OH
15630.972  1  OH
15631.561  1  OH
15631.677  1  OH
15654.953  1  OH
15656.963  1  OH
15702.539  1  OH
15760.328  1  OH
15782.127  1  OH
15830.335  1  OH
15833.272  1  OH
15842.504  1  OH
15848.061  1  OH
15862.489  1  OH
15869.307  1  OH
15890.034  1  OH
15896.477  1  OH
15897.288  1  OH
15897.794  1  OH
15915.922  1  OH
15932.211  1  OH
15972.596  1  OH
16030.832  1  OH
16079.753  1  OH
16128.609  1  OH
16194.615  1  OH
16235.376  1  OH
16270.319  1  OH
16279.727  1  OH
16302.279  1  OH
16315.516  1  OH
16317.162  1  OH
16341.755  1  OH
16351.302  1  OH
16360.386  1  OH
16388.492  1  OH
16414.737  1  OH
16442.156  1  OH
16447.616  1  OH
16476.483  1  OH
16479.061  1  OH
16502.365  1  OH
16553.815  1  OH
16586.323  1  OH
16611.023  1  OH
16689.201  1  OH
16692.380  1  OH
16702.639  1  OH
16708.852  1  OH
16724.739  1  OH
16732.480  1  OH
16733.660  1  OH
16753.832  1  OH
16755.245  1  OH
16756.299  1  OH
16763.573  1  OH
16802.368  1  OH
16840.482  1  OH
16903.679  1  OH
16955.078  1  OH
17008.757  1  OH
17078.370  1  OH
17123.659  1  OH
17210.319  1  OH
17211.664  1  OH
17221.991  1  OH
17243.039  1  OH
17248.623  1  OH
17257.607  1  OH
17282.868  1  OH
17303.370  1  OH
17330.869  1  OH
17351.152  1  OH
17359.686  1  OH
17383.806  1  OH
17386.696  1  OH
17427.045  1  OH
17449.967  1  OH
17501.229  1  OH
17505.897  1  OH
17529.364  1  OH
17649.854  1  OH
17653.222  1  OH
17660.965  1  OH
17664.881  1  OH
17671.812  1  OH
17685.493  1  OH
17689.636  1  OH
17698.442  1  OH
17723.861  1  OH
17733.455  1  OH
17777.130  1  OH
17811.475  1  OH
17880.298  1  OH
17934.744  1  OH
17993.962  1  OH
18067.935  1  OH
18118.494  1  OH
18211.014  1  OH
18254.214  1  OH
18283.469  1  OH
18294.806  1  OH
18313.307  1  OH
18329.390  1  OH
18352.825  1  OH
18364.214  1  OH
18375.503  1  OH
18400.404  1  OH
18401.707  1  OH
18402.314  1  OH
18433.546  1  OH
18459.584  1  OH
18504.005  1  OH
18526.067  1  OH
18527.923  1  OH
18560.160  1  OH
18587.329  1  OH
18702.613  1  OH
18730.882  1  OH
18741.117  1  OH
18744.540  1  OH
18758.194  1  OH
18765.882  1  OH
18786.374  1  OH
18796.412  1  OH
18825.399  1  OH
18836.520  1  OH
18886.546  1  OH
18914.833  1  OH
18990.082  1  OH
19048.434  1  OH
19114.085  1  OH
19193.537  1  OH
19250.306  1  OH
19350.119  1  OH
19399.176  1  OH
19518.440  1  OH
19528.615  1  OH
19555.347  1  OH
19561.033  1  OH
19573.219  1  OH
19593.420  1  OH
19618.724  1  OH
19642.467  1  OH
19677.998  1  OH
19698.938  1  OH
19702.083  1  OH
19736.210  1  OH
19751.515  1  OH
19771.862  1  OH
19839.728  1  OH
19892.161  1  OH
19925.083  1  OH
20005.015  1  OH
20008.163  1  OH
20024.830  1  OH
20033.211  1  OH
20057.585  1  OH
20068.995  1  OH
20103.037  1  OH
20115.975  1  OH
20174.565  1  OH
20193.227  1  OH
20275.840  1  OH
20339.497  1  OH
20412.680  1  OH
20499.364  1  OH
20563.548  1  OH
20672.844  1  OH
20729.014  1  OH
20860.246  1  OH
20909.569  1  OH
21012.298  1  OH
21033.264  1  OH
21053.424  1  OH
21062.093  1  OH
21067.935  1  OH
21096.603  1  OH
21105.690  1  OH
21115.857  1  OH
21156.117  1  OH
21176.557  1  OH
21232.424  1  OH
21249.592  1  OH
21279.056  1  OH
21317.916  1  OH
21325.974  1  OH
21505.044  1  OH
21507.308  1  OH
21528.663  1  OH
21537.522  1  OH
21567.779  1  OH
21580.643  1  OH
21637.230  1  OH
21707.826  1  OH
21711.170  1  OH
21802.312  1  OH
21873.518  1  OH
21955.638  1  OH
22052.366  1  OH
22125.518  1  OH
22247.809  1  OH
22312.725  1  OH
22460.264  1  OH
22517.969  1  OH
22690.402  1  OH
22741.965  1  OH
22939.096  1  OH
22985.505  1  OH
## JFH added these extra K-band lines from the OH line list oh_linelist.lst
## which were taken off of the diagram on the K-band plot 
## in the crsp.7.figs.ps. For some reason many these lines are not in the
##  Rousellot OH line list compilation. 
22998.0000  1 OH
23172.8000  1 OH
23225.0000  1 OH
23401.7000  1 OH
23512.3000  1 OH
23582.7000  1 OH
23641.8000  1 OH
23711.9000  1 OH
23773.9000  1 OH
23837.9000  1 OH
23913.0000  1 OH
23968.2000  1 OH
24002.7000  1 OH
24158.7000  1 OH
24190.2000  1 OH
24357.0000  1 OH
24466.0000  1 OH
24509.8000  1 OH
24545.3000  1 OH
24630.5000  1 OH
24679.2000  1 OH
24724.9000  1 OH
24809.6000  1 OH
24842.3000  1 OH
24879.3000  1 OH
24947.0000  1 OH
25035.0000  1 OH
25058.3000  1 OH
25114.9000  1 OH
25162.9000  1 OH