# units Angstroms (air)
4306.672    2    Cd 
4358.327    1    Hg
4412.989    2    Cd 
4629.8100   2    Zn
4662.3520   2    Cd
#4678.1490   2    Cd
4679.325    1  CdI/ZnIblend
#4680.1400   2    Zn
4722.1500   1    Zn
# Line below is from ESI_ech.lst HgNe
4788.9253   2    Hg
4799.9120   1    Cd
4806.0695   2    Cd
4810.5300   1    Zn
4916.0680   2    Hg
5068.6600   2    Zn
5069.5800   2    Zn
5085.8220   1    Cd
5154.6600   1    Cd
5181.9800   2    Zn
5308.6500   2    Zn
5310.2400   2    Zn
5311.0200   2    Zn
5330.7773   2	 Ne
#5341.0938   2    Ne
5400.5620   2    Ne
5460.7350   1    Hg
5769.5980   1    Hg
5772.1000   2    Zn
5775.5000   2    Zn
5777.1100   2    Zn
5820.1538   2    Ne
5790.6630   1    Hg
5852.4880   1    Ne
5881.8950   1    Ne
5902.4600   2    Ne
#5906.4258   2    Ne 
5944.8340   1    Ne
#5965.4695   2    Ne     
5975.5340   2    Ne
6029.9970   1    Ne
6074.3370   1    Ne
6096.1630   1    Ne
6099.1420   2    Cd
6111.4900   2    Cd
6128.4500   1    Ne
6143.0620   1    Ne
6163.5940   1    Ne
6217.2810   1    Ne
6237.9000   2    Zn
6239.1700   2    Zn
6266.4950   1    Ne
6304.7890   1    Ne
6325.1660   2    Cd
6330.0130   2    Cd
6334.4280   1    Ne
6362.3400   1    Zn
6382.9910   1    Ne
6402.2460   1    Ne
6438.4700   1    Cd
6479.1800   2    Zn
6506.5280   1    Ne
6532.8820   1    Ne
6598.9530   1    Ne
6652.0920   2    Ne
6678.2760   1    Ne
6717.0430   1    Ne
6778.1160   2    Cd
6928.3200   2    Zn
6929.4670   1    Ne
6938.4700   2    Zn
6943.2000   2    Zn
6965.4300   1    Ar
7024.0500   2    Ne
7032.4130   1    Ne
7067.2170   1    Ar
7147.0410   1    Ar
7173.9380   1    Ne
7245.1660   1    Ne
7272.9350   1    Ar
7345.6700   1    Cd
7383.9790   1    Ar
7438.8980   1    Ne
7488.8710   1    Ne
7503.8680   1    Ar
7514.6510   2    Ar
7535.7740   2    Ne
7544.0440   2    Ne
7635.1060   1    Ar
7723.7600   1    Ar
7799.3600   1    Zn
7943.1800   2    Ne
7948.1750   1    Ar
#MF Jan 2011 -- Add a couple of red lines from lris_red_600
 8006.1560   2    Ar  ## Blended
 8014.7850   2    Ar
 8082.4570   1    Ne
 8103.6920   2    Ar
 8115.3110   1    Ar
 8136.4060   2    Ne
 8264.5220   1    Ar 
 8408.2090   1    Ar
 8418.4260   2    Ne
 8424.6470   1    Ar
 8495.3590   1    Ne
 8521.4430   1    Ar
 8591.2580   1    Ne
 8634.6470   1    Ne
 8654.3840   1    Ne
 8667.9450   1    Ar
 8853.8670   2    Ne
 8865.7560   2    Ne
 8919.4990   2    Ne
#8988.5800   2    Ne
 9122.9660   1    Ar
# 9148.6800   2    Ne
# 9201.7600   2    Ne
 9224.4950   1    Ar
 9300.8500   2    Ne
 9313.9800   2    Ne
 9326.5200   2    Ne
# 9354.2198   1    Ar
# 9354.2180   2    Ne
# 9425.3800   2    Ne
 9459.2100   2    Ne
 9486.6800   2    Ne
 9534.1670   2    Ne
 9547.4000   2    Ne
 9657.7840   1    Ar
 9665.4240   2    Ne
 9751.7588   2	KrI
 9784.5029   1	ArI
 9856.2402   2	KrI
