# units Angstroms (air)
4358.327    1    Hg
4629.8100   2    Zn
4662.3520   2    Cd
#4678.1490   2    Cd
4679.325    1  CdI/ZnIblend
#4680.1400   2    Zn
4722.1500   1    Zn
# Line below is from ESI_ech.lst HgNe
4788.9253   2    Hg
4799.9120   1    Cd
4806.0695   2    Cd
4810.5300   1    Zn
4916.0680   2    Hg
5068.6600   2    Zn
5069.5800   2    Zn
5085.8220   1    Cd
5154.6600   1    Cd
5181.9800   2    Zn
5308.6500   2    Zn
5310.2400   2    Zn
5311.0200   2    Zn
5460.7350   1    Hg
5769.5980   1    Hg
5772.1000   2    Zn
5775.5000   2    Zn
5777.1100   2    Zn
5790.6630   1    Hg
6099.1420   2    Cd
6111.4900   2    Cd
6237.9000   2    Zn
6239.1700   2    Zn
6325.1660   2    Cd
6330.0130   2    Cd
6362.3400   1    Zn
6438.4700   1    Cd
6479.1800   2    Zn
6778.1160   2    Cd
6928.3200   2    Zn
6938.4700   2    Zn
6943.2000   2    Zn
6965.4300   1    Ar
7067.2170   1    Ar
7147.0410   1    Ar
7272.9350   1    Ar
7345.6700   1    Cd
7383.9790   1    Ar
7503.8680   1    Ar
7514.6510   2    Ar
7635.1060   1    Ar
7723.7600   1    Ar
7799.3600   1    Zn
7948.1750   1    Ar
#MF Jan 2011 -- Add a couple of red lines from lris_red_600
 8006.1560   2    Ar  ## Blended
 8014.7850   2    Ar
 8103.6920   2    Ar
 8115.3110   1    Ar
 8264.5220   1    Ar 
 8408.2090   1    Ar
 8424.6470   1    Ar
 8521.4430   1    Ar
 8667.9450   1    Ar
 9122.9660   1    Ar
 9224.4950   1    Ar
# 9354.2198   1    Ar
 9657.7840   1    Ar
 9751.7588   2	KrI
 9784.5029   1	ArI
 9856.2402   2	KrI
10052.0996   2  ArI
10139.7439   1  Hg
10254.0400   2  ArI
10309.1504   2  ArI
10332.7598   2  ArI
10360.3701   2  KrI
10470.0537   2  ArI
#10506.4697   2 ArI # I think this line is screwing up my fits for R400
10529.3203   2  ArI
10593.0098   2  KrI
10673.5498   2  ArI
10681.7803   2  ArI
10712.7695   2  ArI
10733.8701   2  ArI
10759.1299   2  ArI
10773.3496   2  ArI
10798.1201   2  NeI
10830.3369   2  HeI
10844.5400   2  NeI
10880.9600   2  ArI
10950.7402   1  ArI
11078.8701   2  ArI
