2968.687    1    Ar # (added by JFH from ThAr list)
3018.36     1    Zn
3021.5003   1    Hg # (added by JFH from DEIMOS list)
3035.78     1    Zn
3072.06     3    Zn
3075.90     1    Zn 
3080.8220   3    Cd
3082.5930   3    Cd
3125.67     3    Hg
3129.4400   3    HgIblend
3131.70     1    Hg
3133.1670   3    Cd
#3252.524    1    Cd 
3261.055    1    Cd 
3282.33     1    Zn 
3302.58     1    Zn 
#3302.9400   3    Zn
#3341.4800   3    Hg
#3345.0200   3    Zn
3345.04     1    ZnI/HgIblend
#3345.5700   3    Zn
#3345.9400   3    Zn
3403.652    1    Cd 
#3417.9035   3    Ne # (added by JFH)
#3466.2000   3    Cd
3466.85     1    CdIblend
#3467.6550   3    Cd
#3472.5711   3    Ne # (added by JFH)
#3499.952    3    Cd
#3515.1900   3    Ne # (added by JFH)
#3520.5005   3    Cd  # (added by JFH)
#3593.5263   3    Ne # (added by JFH)
#3600.1691   3    Ne # (added by JFH)
#3610.5080   3    Cd
3611.01     1    CdIblend 
#3612.8730   3    Cd
#3614.4530   3    Cd
#3649.5580   3    Cd
#3650.153    1    Hg
#3654.84     1    Hg
#3650.87     3    HgIblend
3663.1800   3    HgIblend
#3663.279    1    Hg
#3799.0000   3    Zn
#3883.3400   3    Zn
#3948.9789   3    Ar
#3981.9260   3    Cd
4046.563    1    Hg
4077.831    2    Hg
#4113.2100   1    Zn
#4140.5000   3    Cd
#4158.5896   3    Cd # (added by JFH)
#4164.1795   3    Ar # (added by JFH)
#4181.8836   3    Ar # (added by JFH)
#4190.7126   3    Ar # (added by JFH)
#4200.6745   3    Ar	
#4292.8800   1    Zn
#4298.3300   1    Zn
#4306.672    1    Cd 
4358.327    1    Hg
4412.989    2    Cd 
4629.8100   3    Zn
#4662.3520   1    Cd
#4678.1490   1    Cd
4679.3250   1    CdI/ZnIblend # blend wavelength is worse
#4680.1400   3    Zn
4722.1500   1    Zn
#4799.9120   1    Cd
#4806.0695   3    Cd
4808.0000   1    Cd/Zn blend # added by eyeballing peak by JFH
#4810.5300   1    Zn
#4916.0680   3    Hg
#5068.6600   3    Zn
#5069.5800   3    Zn
5085.8220   1    Cd
#5154.6600   1    Cd
#5181.9800   3    Zn
#5308.6500   3    Zn
#5310.2400   3    Zn
#5311.0200   3    Zn
5460.7350   1    Hg
5769.5980   1    Hg
#5772.1000   3    Zn
#5775.5000   3    Zn
#5777.1100   3    Zn
5790.6630   1    Hg
5852.4880   1    Ne
5881.8950   1    Ne
5944.8340   1    Ne
5975.5340   1    Ne
6029.9970   1    Ne
6074.3370   1    Ne
6096.1630   1    Ne
#6099.1420   3    Cd
#6111.4900   3    Cd
6128.4500   1    Ne
6143.0620   1    Ne
6163.5940   1    Ne
6217.2810   1    Ne
#6237.9000   3    Zn
#6239.1700   3    Zn
6266.4950   1    Ne
6304.7890   1    Ne
#6325.1660   3    Cd
#6330.0130   3    Cd
6334.4280   1    Ne
6362.3400   1    Zn
6382.9910   1    Ne
6402.2460   1    Ne
6438.4700   1    Cd
#6479.1800   3    Zn
6506.5280   1    Ne
6532.8820   1    Ne
6598.9530   1    Ne
6652.0920   3    Ne
6678.2760   1    Ne
6717.0430   1    Ne
#6778.1160   3    Cd
#6928.3200   3    Zn
6929.4670   1    Ne
#6938.4700   3    Zn
#6943.2000   3    Zn
#6965.4300   1    Ar
7024.0500   3    Ne
7032.4130   1    Ne
7067.2170   1    Ar
7147.0410   1    Ar
7173.9380   1    Ne
7245.1660   1    Ne
7272.9350   1    Ar
#7345.6700   1    Cd
7383.9790   1    Ar
7438.8980   1    Ne
7488.8710   1    Ne
7503.8680   1    Ar
7514.6510   3    Ar
7535.7740   3    Ne
7544.0440   3    Ne
7635.1060   1    Ar
7723.7600   1    Ar
#7799.3600   1    Zn
7943.1800   3    Ne
7948.1750   1    Ar
8006.1560   3    Ar
8014.7850   3    Ar
8082.4570   1    Ne
8103.6920   3    Ar
8115.3110   1    Ar
8136.4060   3    Ne
#8300.3240   1    Ne
#8377.6060   1    Ne
#8408.2090   1    Ar
#8418.4260   3    Ne
#8424.6470   1    Ar
#8495.3590   1    Ne
#8521.4430   1    Ar
#8591.2580   1    Ne
#8634.6470   1    Ne
#8654.3840   1    Ne
#8667.9450   1    Ar
#8853.8670   3    Ne
#8865.7560   3    Ne
#8919.4990   3    Ne
#8988.5800   3    Ne
#9122.9660   1    Ar
#9148.6800   3    Ne
#9201.7600   3    Ne
#9224.4950   1    Ar
#9300.8500   3    Ne
#9313.9800   3    Ne
#9326.5200   3    Ne
#9354.2180   3    Ne
#9425.3800   3    Ne
#9459.2100   3    Ne
#9486.6800   3    Ne
#9534.1670   3    Ne
#9547.4000   3    Ne
#9657.7840   3    Ar
#9665.4240   3    Ne
#9751.7588   3    Kr
#9784.5029   3    Ar
#9856.2402   3    Kr
#10052.0996   3    Ar
#10139.7439   1    Hg
#10254.0400   3    Ar
#10309.1504   3    Ar
#10332.7598   3    Ar
#10360.3701   3    Kr
#10470.0537   3    Ar
#10506.4697   3    Ar
#10529.3203   3    Ar
#10593.0098   3    Kr
#10673.5498   3    Ar
#10681.7803   3    Ar
#10712.7695   3    Ar
#10733.8701   3    Ar
#10759.1299   3    Ar
#10773.3496   3    Ar
#10798.1201   3    Ne
#10830.3369   3    He
#10844.5400   3    Ne
#10880.9600   3    Ar
#10950.7402   3    Ar
#11078.8701   3    Ar
#7913.50   1  Bs
#8548.00   1  Bs
