# units Angstroms (air)
2968.687  1 Ar # (added by JFH from ThAr list)
3018.36   1 Zn
3021.5003 1 Hg # (added by JFH from DEIMOS list)
3035.78   1 Zn
3072.06   2 Zn
3075.90   1 Zn 
3125.67   2 Hg
3131.70   1 Hg
3252.524  1 Cd 
3261.055  1 Cd 
3282.33   1 Zn 
3302.58   1 Zn 
3345.04   1 ZnI/HgIblend
3403.652  1 Cd 
#3417.9035 2 NeI # (added by JFH)
3466.85   1 CdIblend
3472.5711 2 NeI # (added by JFH)
3499.952  2 Cd
3515.1900 2 NeI # (added by JFH)
3520.5005 2 Cd  # (added by JFH)
3593.5263 2 NeI # (added by JFH)
3600.1691 2 NeI # (added by JFH)
3611.01   1 CdIblend 
#3650.153  1 Hg
#3654.84   1 Hg
3650.87   1 HgIblend
3663.279  1 Hg
3948.9789 2 Ar
4046.563  1 Hg
4077.831  1 Hg
4158.5896 2 Cd # (added by JFH)
4164.1795 2 Ar # (added by JFH)
4181.8836 2 Ar # (added by JFH)
4190.7126 2 Ar # (added by JFH)
4200.6745 2 Ar	
4306.672  1 Cd 
4358.327  1 Hg
4412.989  1 Cd 
4629.8100   2    Zn
4662.3520   1    Cd
4678.1490   1    Cd
#4679.3250   1    CdI/ZnIblend blend wavelength is worse
#4680.1400   2    Zn
4722.1500   1    Zn
4799.9120   1    Cd
4806.0695   2    Cd
4810.5300   1    Zn
4916.0680   2    Hg
5068.6600   2    Zn
5069.5800   2    Zn
5085.8220   1    Cd
5154.6600   1    Cd
5181.9800   2    Zn
5308.6500   2    Zn
5310.2400   2    Zn
5311.0200   2    Zn
5460.7350   1    Hg
5769.5980   1    Hg
5772.1000   2    Zn
5775.5000   2    Zn
5777.1100   2    Zn
