       1.4022245       1 OH       13.386701
       1.4044444       1 OH       2.5268581
       1.4134146       1 OH       17.166487
       1.4163011       1 OH       10.966042
       1.4187279       1 OH       21.325979
       1.4227149       1 OH       8.8914108
       1.4266354       1 OH       1.7304739
       1.4293083       1 OH       2.9884657
       1.4344428       1 OH       70.923628
       1.4399591       1 OH       2.3611029
       1.4469256       1 OH       14.203616
       1.4518878       1 OH       46.022256
       1.4564207       1 OH       16.325758
       1.4604722       1 OH       45.949906
       1.4665006       1 OH       12.421862
       1.4698512       1 OH       27.542737
       1.4739982       1 OH       5.0636022
       1.4833021       1 OH       31.563372
       1.4864570       1 OH       12.660810
       1.4887565       1 OH       37.175778
       1.4908985       1 OH       4.0014065
       1.4931805       1 OH       14.793446
       1.5025948       1 OH       1.1734437
       1.5055175       1 OH       104.60307
       1.5113473       1 OH       3.4025497
       1.5187377       1 OH       22.145524
       1.5240838       1 OH       77.318972
       1.5287668       1 OH       27.361202
       1.5332516       1 OH       85.123227
       1.5395213       1 OH       20.777201
       1.5432412       1 OH       48.734902
       1.5463045       1 OH       1.6676500
       1.5507139       1 OH       10.910283
       1.5542820       1 OH       31.749310
       1.5570356       1 OH       7.4322459
       1.5597515       1 OH       34.444619
       1.5631390       1 OH       17.588637
       1.5655503       1 OH       48.807091
       1.5702784       1 OH       15.177277
       1.5760218       1 OH       1.2687655
       1.5782008       1 OH       2.1945509
       1.5832881       1 OH       114.91571
       1.5869030       1 OH       15.006039
       1.5896832       1 OH       3.8568617
       1.5972727       1 OH       27.052645
       1.6030744       1 OH       79.215080
       1.6079804       1 OH       35.327673
       1.6128822       1 OH       83.234662
       1.6194492       1 OH       23.980116
       1.6235629       1 OH       57.603829
       1.6316016       1 OH       15.398885
       1.6351349       1 OH       28.952491
       1.6388408       1 OH       17.914813
       1.6414750       1 OH       8.8939332
       1.6442863       1 OH       33.094501
       1.6477875       1 OH       21.953503
       1.6502581       1 OH       37.632068
       1.6554045       1 OH       13.722459
       1.6586276       1 OH       1.8186401
       1.6610940       1 OH       2.8522792
       1.6691996       1 OH       106.26585
       1.6732137       1 OH       14.006139
       1.6762521       1 OH       4.2098490
       1.6840624       1 OH       24.865298
       1.6903573       1 OH       76.914741
       1.6954969       1 OH       28.996869
       1.7008995       1 OH       82.826847
       1.7078532       1 OH       22.276484
       1.7123680       1 OH       63.140258
       1.7210582       1 OH       14.156197
       1.7248571       1 OH       32.347271
       1.7282945       1 OH       6.8050268
       1.7303309       1 OH       3.1646695
       1.7331090       1 OH       15.395115
       1.7386012       1 OH       40.999663
       1.7427005       1 OH       10.981801
       1.7449939       1 OH       35.293143
       1.7505343       1 OH       13.217168
       1.7529521       1 OH       3.1994964
       1.7697949       1 OH       10.945068
       1.7733063       1 OH       3.5676408
       1.7811588       1 OH       20.543546
       1.7880423       1 OH       68.359792
       1.7934663       1 OH       24.380960
       1.7993960       1 OH       67.240350
       1.8067858       1 OH       20.025097
       1.8118562       1 OH       47.668065
       1.8211112       1 OH       13.139634
       1.8254364       1 OH       27.636974
       1.8313320       1 OH       1.8150300
       1.8356449       1 OH       4.5871204
       1.8401699       1 OH       21.999007
       1.8433503       1 OH       5.7480117
       1.8459573       1 OH       22.905757
       1.8504199       1 OH       8.9523232
       1.8526343       1 OH       25.780428
       1.8560314       1 OH       3.3412720
       1.8587291       1 OH       8.7085852
       1.8744403       1 OH       71.555693
       1.8765787       1 OH       26.057065
       1.8796352       1 OH       8.9795713
       1.8836233       1 OH       2.7944913
       1.8914807       1 OH       14.655354
       1.8990238       1 OH       46.477853
       1.9048474       1 OH       20.156722
       1.9114250       1 OH       54.934786
       1.9193496       1 OH       15.731960
       1.9250349       1 OH       42.028503
       1.9350267       1 OH       10.291963
       1.9399167       1 OH       20.988373
       1.9518758       1 OH       4.7104229
       1.9560743       1 OH       10.274409
       1.9593409       1 OH       3.9592706
       1.9618701       1 OH       1.9539412
       1.9642616       1 OH       9.1322350
       1.9678072       1 OH       3.9451197
       1.9701883       1 OH       18.106466
       1.9753516       1 OH       6.1144500
       1.9839854       1 OH       6.5264635
       2.0007995       1 OH       47.302176
       2.0032987       1 OH       18.512305
       2.0068901       1 OH       6.2593360
       2.0116139       1 OH       2.1576428
       2.0193349       1 OH       9.4563672
       2.0275832       1 OH       31.562006
       2.0339596       1 OH       12.843014
       2.0412733       1 OH       36.984210
       2.0499354       1 OH       11.250693
       2.0563547       1 OH       28.061073
       2.0672944       1 OH       8.1253025
       2.0729123       1 OH       17.729672
       2.0860240       1 OH       3.7176629
       2.0909670       1 OH       7.9725121
       2.1065267       1 OH       3.4889778
       2.1156156       1 OH       2.6083823
       2.1176694       1 OH       9.5751376
       2.1248828       1 OH       11.010699
       2.1325067       1 OH       4.1050308
       2.1507179       1 OH       29.590866
       2.1537308       1 OH       11.132850
       2.1580570       1 OH       4.3037662
       2.1637226       1 OH       1.6134390
       2.1710946       1 OH       6.2346882
       2.1802371       1 OH       20.497319
       2.1873588       1 OH       8.2361475
       2.1955404       1 OH       23.496061
       2.2052467       1 OH       8.2623711
       2.2125610       1 OH       20.345840
       2.2247558       1 OH       5.2942262
       2.2312758       1 OH       11.514117
       2.2460369       1 OH       3.2970776
       2.2517829       1 OH       5.8242858
       2.2741413       1 OH       2.6371993
       2.3097626       1 H2O       1.9816426
       2.3169216       1 H2O       3.5742478
       2.3221495       1 H2O       13.804013
       2.3284485       1 H2O       3.1930443
       2.3311562       1 H2O       3.4509071
       2.3351217       1 H2O       3.5474349
       2.3418457       1 H2O       17.465086
       2.3450250       1 H2O       7.7730213
       2.3475200       1 H2O       4.9530578
       2.3508984       1 H2O       13.867215
       2.3521819       1 H2O       50.758983
       2.3586328       1 H2O       11.964996
       2.3638881       1 H2O       18.702441
       2.3689453       1 H2O       20.981618
       2.3711906       1 H2O       46.602943
       2.3781933       1 H2O       93.184438
       2.3839085       1 H2O       110.44090
       2.3881512       1 H2O       89.252841
       2.3914289       1 H2O       135.17703
       2.3940880       1 H2O       11.631684
       2.3968916       1 H2O       85.217293
       2.4004126       1 H2O       23.259883
       2.4042685       1 H2O       133.15899
       2.4071885       1 H2O       122.53941
       2.4099396       1 H2O       75.772287
       2.4116695       1 H2O       54.411128
       2.4162109       1 H2O       391.72862
       2.4188657       1 H2O       485.14435
       2.4239453       1 H2O       78.989205
       2.4263415       1 H2O       103.26097
       2.4295974       1 H2O       7.8208024
       2.4342578       1 H2O       212.33372
       2.4355627       1 H2O       1414.2847
       2.4429246       1 H2O       49.703958
       2.4462623       1 H2O       963.75097
       2.4511530       1 H2O       1012.8786
       2.4545303       1 H2O       373.04387
       2.4604687       1 H2O       14.997231
       2.4627107       1 H2O       845.17576
       2.4678383       1 H2O       226.27021
       2.4724132       1 H2O       3212.1503
       2.4810416       1 H2O       695.32326
       2.4841976       1 H2O       2643.1203
       2.4879647       1 H2O       2125.5075
       2.4921173       1 H2O       994.75866
       2.4947130       1 H2O       3878.7629
