#FORPRINT: Wed Dec 20 18:42:01 2006
  3080.822000  2   Cd
  3082.593000  2   Cd
  3129.440000  2   HgIblend
  3133.167000  2   Cd
  3252.524000  2   Cd
  3261.055000  1   Cd
  3341.480000  2   Hg
  3403.652000  1   Cd
  3466.850000  1   CdIblend
  3491.536000  2   ArII
  3499.952000  2   Cd
  3576.616000  2   ArII
  3588.441000  2   ArII
  3611.010000  1   CdIblend
  3612.873000  2   Cd
  3614.453000  2   Cd
  3650.870000  1   HgIblend
  3654.840000  2   Hg
  3663.180000  2   HgIblend
  3663.279000  2   Hg
  3718.207000  2   ArII
  3729.309000  1   ArII
  3737.889000  2   ArII
  3780.840000  1   ArII
  3850.581000  1   ArII
  3868.528000  1   ArII
  3888.645600  1   HeI
  3928.623000  1   ArII
  3964.728500  1   HeI
  3981.926000  2   Cd
  4026.191000  1   He
#  4026.360000  1   He
  4046.563000  1   Hg
  4077.831000  1   Hg
  4103.912000  1   ArII
  4131.724000  1   ArII
  4140.500000  2   Cd
  4158.590000  1   ArI
  4164.180000  2   ArI
  4181.884000  2   ArI
  4228.158000  1   ArII
  4237.220000  2   ArII
  4259.362000  1   ArI
  4272.169000  1   ArI
  4277.528000  2   ArII
  4300.101000  1   ArI
  4306.672000  2   Cd
  4358.327000  2   Hg
  4375.954000  1   ArII
  4379.667000  2   ArII
  4387.929100  2   HeI
  4412.989000  2   Cd
  4426.001000  1   ArII
  4471.479000  1   He
#  4471.680000  5   He
  4481.811000  2   ArII
  4510.733000  1   ArI
  4545.052000  1   ArII
  4552.000000  2   UK
  4579.350000  1   ArII
  4589.898000  2   ArII
  4609.567000  1   ArII
  4657.901000  1   ArII
  4662.352000  2   Cd
  4678.149000  1   Cd
  4713.145500  1   He
  4726.868000  1   ArII
  4735.906000  2   ArII
  4764.865000  1   ArII
  4799.912000  2   Cd
  4806.069500  1   Cd
  4847.810000  1   ArII
  4879.864000  1   ArII
  4889.042000  2   ArII
  4916.068000  2   Hg
  4921.042000  1   Ar
  4921.931000  2   He
  4933.000000  2   UK
  4965.080000  1   ArII
  5009.334000  2   ArII
  5015.678000  1   He
  5047.738400  1   HeI
  5062.037000  2   ArII
  5085.822000  2   Cd
  5117.000000  2   UK
  5145.3081    1   ArII
  5151.3906    2   ArI
#  5144.000000  2   UK
#  5152.000000  2   UK
  5154.660000  2   Cd
#  5161.000000  2   UK
  5162.285000  1   ArI
  5187.746000  1   ArI
  5189.000000  2   UK
  5221.270000  1   ArI
  5252.7881    1   ArI
  5330.000000  2   UK
  5342.000000  2   UK
#  5401.000000  2   UK
   5400.5615	1   NeI
   5421.3516	1  ArI
  5460.735000  1   Hg
  5495.8740    1   ArI
  5506.1128    2   ArI
  5537.000000  2   UK
  5558.6996    1    Ar 
  5572.5461 1 Cd 
  5606.7303 1 Cd
  5650.7014 1 Cd
  5739.5195 1 ArI
  5769.598000  1   Hg
  5790.663000  2   Hg
  5852.488000  1   Ne
  5875.620000  1   He
#  5875.970000  1   He
  5881.895000  2   Ne
  5944.834000  1   Ne
  5974.627000  1   Ne
  5975.534000  2   Ne
  6029.997000  1   Ne
  6074.337000  1   Ne
  6096.163000  1   Ne
  6099.142000  2   Cd
  6111.490000  2   Cd
  6128.450000  1   Ne
  6143.062000  1   Ne
  6163.594000  1   Ne
  6217.281000  1   Ne
  6266.495000  1   Ne
  6304.789000  1   Ne
  6325.166000  2   Cd
  6330.013000  2   Cd
  6334.428000  1   Ne
  6382.991000  1   Ne
  6402.246000  1   Ne
  6438.100000  2   UK
  6438.470000  2   Cd
  6506.528000  1   Ne
  6532.882000  1   Ne
  6598.953000  1   Ne
  6652.092000  2   Ne
  6678.149000  1   He
  6678.276000  1   Ne
  6717.043000  1   Ne
  6778.116000  2   Cd
  6929.467000  1   Ne
  6965.430000  1   Ar
  7024.050000  2   Ne
  7032.413000  1   Ne
  7065.190000  2   He
  7065.710000  1   He
  7067.217000  2   Ar
  7147.041000  1   Ar
  7173.938000  1   Ne
  7245.166000  1   Ne
  7272.935000  1   Ar
  7345.670000  2   Cd
  7383.979000  1   Ar
  7438.898000  1   Ne
  7488.871000  1   Ne
  7503.868000  1   Ar
  7514.651000  2   Ar
  7535.774000  2   Ne
  7544.044000  2   Ne
  7635.106000  1   Ar
  7723.760000  1   Ar
  7724.207000  2   Ar
  7943.180000  2   Ne
  7948.175000  1   Ar
  8006.156000  2   Ar
  8014.785000  2   Ar
  8082.457000  1   Ne
  8103.692000  2   Ar
  8115.311000  1   Ar
  8118.549000  3   Ne
  8128.911000  2   Ne
  8136.406000  2   Ne
  8264.522000  1   Ar
  8300.324000  1   Ne
  8377.606000  1   Ne
  8408.209000  1   Ar
  8417.159000  1   Ne
  8418.426000  2   Ne
  8424.647000  1   Ar
  8495.359000  1   Ne
  8521.443000  1   Ar
  8591.258000  1   Ne
  8634.647000  1   Ne
  8654.384000  1   Ne
  8667.945000  1   Ar
  8679.492000  1   Ne
  8681.921000  1   Ne
  8780.621000  1   Ne
  8783.753000  1   Ne
  8853.867000  2   Ne
  8865.306000  1   Ne
  8865.756000  2   Ne
  8919.499000  2   Ne
  8988.580000  2   Ne
  9122.966000  1   Ar
  9148.680000  2   Ne
  9201.760000  2   Ne
  9224.495000  1   Ar
  9226.690000  1   Ne
  9300.850000  2   Ne
  9313.980000  2   Ne
  9326.520000  2   Ne
  9354.218000  2   Ne
  9425.380000  2   Ne
  9459.210000  2   Ne
  9486.680000  2   Ne
  9534.167000  2   Ne
  9547.400000  2   Ne
  9657.784000  2   Ar
  9665.424000  2   Ne
  9751.758800  2   KrI
  9784.502900  2   ArI
  9856.240200  2   KrI
 10052.099600  2   ArI
 10139.743900  1   Hg
 10254.040000  2   ArI
 10309.150400  2   ArI
 10332.759800  2   ArI
 10360.370100  2   KrI
 10470.053700  2   ArI
 10506.469700  2   ArI
 10529.320300  2   ArI
 10593.009800  2   KrI
 10673.549800  2   ArI
 10681.780300  2   ArI
 10712.769500  2   ArI
 10733.870100  2   ArI
 10759.129900  2   ArI
 10773.349600  2   ArI
 10798.120100  2   NeI
 10830.336900  2   HeI
 10844.540000  2   NeI
 10880.960000  2   ArI
 10950.740200  2   ArI
 11078.870100  2   ArI
