3506.7400   1  Xe
3613.0601   1  Xe
3665.3254   1  Kr
3679.5608   1  Kr
3773.4238   1  Kr
3812.2151   1  Kr
3837.7029   1  Kr
3837.8152   1  Kr
3950.9241   1  Xe
3967.5410   1  Xe
3974.4170   1  Xe
3991.2581   1  Kr
4078.8203   1  Xe
4109.7090   1  Xe
4116.1147   1  Xe
4184.4727   1  Kr
4193.5278   1  Xe
4203.6948   1  Xe
4273.9692   1  Kr
4282.9673   1  Kr
4286.4868   1  Kr
4300.4863   1  Kr
4318.5522   1  Kr
4319.5796   1  Kr
4351.3599   1  Kr
4376.1216   1  Kr
4385.7681   1  Xe
4399.9663   1  Kr
4425.1899   1  Kr
4463.6899   1  Kr
4502.3545   1  Kr
4524.6807   1  Xe
4550.2983   1  Kr
4582.7471   1  Xe
4611.8882   1  Xe
4624.2749   1  Xe
4671.2256   1  Xe
4697.0210   1  Xe
4734.1519   1  Xe
4792.6191   1  Xe
4807.0190   1  Xe
4812.6367   1  Kr
4843.2935   1  Xe
4916.5068   1  Xe
4923.1519   1  Xe
5028.2793   1  Xe
5215.8179   1  Kr
5228.1772   1  Kr
5279.8345   1  Kr
5334.7549   1  Kr
5339.1182   1  Kr
5379.6367   1  Kr
5392.7949   1  Xe
5439.9229   1  Xe
5460.0371   1  Xe
5488.5552   1  Xe
5490.9360   1  Kr
5500.7100   1  Kr
5516.6665   1  Kr
5520.5103   1  Kr
5562.2251   1  Kr
5570.2896   1  Kr
5580.3872   1  Kr
5649.5620   1  Kr
5672.4507   1  Kr
5707.5127   1  Kr
5824.5186   1  Kr
5832.8564   1  Kr
5866.7500   1  Kr
5870.9160   1  Kr
5879.9004   1  Kr
5894.9878   1  Xe
5945.4521   1  Kr
5977.6455   1  Kr
5993.8501   1  Kr
