 5037.7510   1  Ne
 5187.7461   1  Ar
 5330.7773   1  Ne
 5341.0938   1  Ne
 5400.5620   1  Ne
 5495.8740   1  Ar
 5558.7021   1  Ar
 5562.7661   1  Ne
 5606.7329   1  Ar
 5650.7041   1  Ar
 5656.6587   1  Ne
 5719.2246   1  Ne
 5748.2983   1  Ne
 5764.4189   1  Ne
 5804.4497   1  Ne
 5820.1558   1  Ne
 5852.4878   1  Ne
 5872.8276   1  Ne
 5881.8950   1  Ne
 5888.5840   1  Ar
 5902.4624   1  Ne
 5906.4292   1  Ne
 5912.0850   1  Ar
 5944.8340   1  Ne
 5965.4712   1  Ne
 5974.6274   1  Ne
 5975.5342   1  Ne
 5987.9072   1  Ne
 6029.9971   1  Ne
 6032.1270   1  Ar
 6043.2231   1  Ar
 6074.3379   1  Ne
 6096.1631   1  Ne
 6128.4497   1  Ne
 6143.0625   1  Ne
 6163.5938   1  Ne
 6182.1460   1  Ne
 6217.2812   1  Ne
 6266.4951   1  Ne
 6304.7891   1  Ne
 6328.1646   1  Ne
 6334.4277   1  Ne
 6382.9917   1  Ne
 6384.7168   1  Ar
 6402.2480   1  Ne
 6416.3071   1  Ar
 6506.5283   1  Ne
 6532.8823   1  Ne
 6598.9531   1  Ne
 6652.0928   1  Ne
 6677.2822   1  Ar
 6678.2764   1  Ne
 6717.0430   1  Ne
 6752.8340   1  Ar
 6871.2891   1  Ar
 6929.4673   1  Ne
 6937.6641   1  Ar
 6965.4312   1  Ar
 7024.0503   1  Ne
 7030.2510   1  Ar
 7032.4131   1  Ne
 7051.2925   1  Ne
 7059.1074   1  Ne
 7067.2178   1  Ar
 7068.7358   1  Ar
 7107.4780   1  Ar
 7125.8198   1  Ar
 7147.0420   1  Ar
 7173.9380   1  Ne
 7206.9800   1  Ar
 7245.1665   1  Ne
 7272.9360   1  Ar
 7311.7158   1  Ar
 7316.0049   1  Ar
 7353.2930   1  Ar
 7372.1182   1  Ar
 7383.9800   1  Ar
 7392.9800   1  Ar
 7435.3682   1  Ar
 7438.8979   1  Ne
 7472.4385   1  Ne
 7488.8711   1  Ne
 7503.8691   1  Ar
 7514.6519   1  Ar
 7535.7739   1  Ne
 7544.0444   1  Ne
 7635.1060   1  Ar
 7723.7612   1  Ar
 7724.2070   1  Ar
 7839.0527   1  Ne
 7927.1177   1  Ne
 7936.9961   1  Ne
 7943.1816   1  Ne
 7948.1758   1  Ar
 8006.1572   1  Ar
 8014.7861   1  Ar
 8082.4580   1  Ne
 8103.6929   1  Ar
 8115.3110   1  Ar
 8118.5493   1  Ne
 8128.9106   1  Ne
 8136.4053   1  Ne
 8259.3789   1  Ne
 8264.5225   1  Ar
 8266.0771   1  Ne
 8300.3262   1  Ne
 8365.7471   1  Ne
 8377.6084   1  Ne
 8408.2100   1  Ar
 8418.4277   1  Ne
 8424.6484   1  Ar
 8463.3574   1  Ne
 8484.4434   1  Ne
 8495.3594   1  Ne
 8521.4424   1  Ar
 8544.6953   1  Ne
 8571.3525   1  Ne
 8591.2588   1  Ne
 8634.6475   1  Ne
 8647.0410   1  Ne
 8654.3828   1  Ne
 8655.5225   1  Ne
 8667.9443   1  Ar
 8679.4922   1  Ne
 8681.9209   1  Ne
 8704.1113   1  Ne
 8771.6562   1  Ne
 8780.6230   1  Ne
 8783.7529   1  Ne
 8830.9072   1  Ne
 8853.8672   1  Ne
 8865.3066   1  Ne
 8865.7549   1  Ne
 8919.5010   1  Ne
 8988.5566   1  Ne
 9122.9668   1  Ar
 9148.6719   1  Ne
 9194.6377   1  Ar
 9201.7588   1  Ne
 9220.0605   1  Ne
 9224.4990   1  Ar
 9226.6904   1  Ne
 9275.5195   1  Ne
 9291.5312   1  Ar
 9300.8525   1  Ne
 9326.5068   1  Ne
 9354.2197   1  Ar
 9373.3076   1  Ne
 9425.3789   1  Ne
 9459.2100   1  Ne
 9486.6816   1  Ne
 9534.1631   1  Ne
 9547.4053   1  Ne
 9657.7861   1  Ar
 9665.4199   1  Ne
 9784.5029   1  Ar
10470.0537   1  Ar
