8264.534    0.0 Ar
8300.3263   0.0 Ne
8377.6065   0.0 Ne
8408.213    0.0 Ar
8424.638    0.0 Ar
8495.3598   0.0 Ne
8521.440    0.0 Ar
8591.2583   0.0 Ne
8783.75     0.0 Ne
8853.867    0.0 Ne
8919.5007   0.0 Ne
9224.510    0.0 Ar
9425.379    0.0 Ne
9486.68     0.0 Ne
9534.163    0.0 Ne
9784.510    0.0 Ar
10470.054   0.0 Ar
10673.545   0.0 Ar
11177.371   0.0 Ne
11522.577   0.0 Ne
12455.929   0.0 Ar
12702.092   0.0 Ar
12802.548   0.0 Ar
12956.466   0.0 Ar
13366.912   0.0 Ar
13503.989   0.0 Ar
13718.370   0.0 Ar
13910.354   0.0 Ar
14093.430   0.0 Ar
15046.282   0.0 Ar
15989.253   0.0 Ar
16519.618   0.0 Ar
16940.331   0.0 Ar
17444.639   0.0 Ar
17914.451   0.0 Ar
19817.207   0.0 Ar
19965.432   0.0 Ar
20615.920   0.0 Ar
21040.959   0.0 Ne
23951.038   0.0 Ne
24364.649   0.0 Ne
