  3187.743  1  HeAr
  3464.140  1  HeAr
  3520.000  1  HeAr
  3545.580  1  HeAr
  3559.510  1  HeAr
  3718.210  1  HeAr
  3729.290  1  HeAr
  3737.890  1  HeAr
  3780.840  1  HeAr
  3850.570  1  HeAr
  3888.646  1  HeAr
  3928.620  1  HeAr
  3948.979  1  HeAr
  3964.727  1  HeAr
  4026.189  1  HeAr
  4044.418  1  HeAr
  4072.200  1  HeAr
  4131.730  1  HeAr
  4158.590  1  HeAr
  4200.674  1  HeAr
  4259.361  1  HeAr
  4277.550  1  HeAr
  4300.400  1  HeAr
  4333.561  1  HeAr
  4426.010  1  HeAr
  4471.477  1  HeAr
  4510.733  1  HeAr
  4545.080  1  HeAr
  4579.390  1  HeAr
  4657.940  1  HeAr
  4713.143  1  HeAr
  4764.890  1  HeAr
  4806.070  1  HeAr
  4879.900  1  HeAr
  4921.929  1  HeAr
  4965.120  1  HeAr
  5015.675  1  HeAr
  5187.746  1  HeAr
  5221.270  1  HeAr
  5495.872  1  HeAr
  5572.548  1  HeAr
  5606.732  1  HeAr
  5650.703  1  HeAr
  5875.618  1  HeAr
  6114.923  1  HeAr
  6172.278  1  HeAr
  6416.300  1  HeAr
  6678.149  1  HeAr
  6752.832  1  HeAr
  6871.290  1  HeAr
  6965.430  1  HeAr
  7065.188  1  HeAr
  7107.496  1  HeAr
  7125.800  1  HeAr
  7147.041  1  HeAr
  7206.986  1  HeAr
  7272.936  1  HeAr
  7281.349  1  HeAr
  7311.710  1  HeAr
  7353.316  1  HeAr
  7372.118  1  HeAr
  7383.980  1  HeAr
  7503.867  1  HeAr
  7514.651  1  HeAr
  7635.105  1  HeAr
  7670.040  1  HeAr
  7723.800  1  HeAr
  7891.075  1  HeAr
  7948.175  1  HeAr
  8006.156  1  HeAr
  8012.000  1  HeAr
  8014.786  1  HeAr
  8053.307  1  HeAr
  8103.692  1  HeAr
  8110.000  1  HeAr
  8115.311  1  HeAr
  8264.521  1  HeAr
  8408.210  1  HeAr
  8424.647  1  HeAr
  8521.441  1  HeAr
  8605.780  1  HeAr
  8620.470  1  HeAr
  8667.943  1  HeAr
  8761.720  1  HeAr
  9075.420  1  HeAr
  9122.966  1  HeAr
  9194.680  1  HeAr
  9224.498  1  HeAr
  9291.580  1  HeAr
  9354.218  1  HeAr
  9657.784  1  HeAr
  9784.501  1  HeAr
 10830.300  1  HeAr
