# units Angstroms (vacuum)
   7401.688  1 OH
   7438.243  1 OH
   7479.015  1 OH
   7524.111  1 OH
   7573.651  1 OH
   7598.443  1 OH
   7628.630  1 OH
   7662.175  1 OH
   7699.461  1 OH 
   7794.120  1 OH  
   7821.503  1 OH
   7853.232  1 OH
   7889.664  1 OH
   7930.868  1 OH
   7964.650  1 OH
   7993.332  1 OH
   8025.668  1 OH
   8061.979  1 OH
   8084.582  1 OH
   8102.239  1 OH
   8399.170  1 OH
   8430.174  1 OH
   8465.208  1 OH
   8504.628  1 OH
   8596.686  1 OH
   8706.932  1 OH
   8885.830  1 OH
   8919.610  1 OH
   8958.060  1 OH
   9001.330  1 OH
   9049.520  1 OH  
   9439.6600  1 OH
   9476.8700  1 OH
   9519.3700  1 OH
   9567.3600  1 OH
   9620.9900  1 OH
   9680.4100  1 OH
   9872.1400  1 OH
   9914.6700  1 OH
   9961.9300  1 OH
  10013.9900  1 OH
  10082.4800  1 OH
  10124.0200  1 OH
  10171.7200  1 OH
  10372.8800  1 OH
  10375.6400  1 OH
  10421.3700  1 OH
  10471.6000  1 OH
  10527.3460  1 OH
  10588.3590  1 OH
  10753.8700  1 OH
  10834.2800  1 OH
  10899.3000  1 OH
  10927.3000  1 OH
  10952.3000  1 OH
  10976.3000  1 OH
  11010.3000  1 OH
  11030.3000  1 OH
  11073.3000  1 OH
  11090.3000  1 OH
  11141.3000  1 OH
  11156.3000  1 OH
  11313.4000  1 OH
  11331.4000  1 OH
  11354.4000  1 OH
  11436.4000  1 OH
  11539.5000  1 OH
  11566.5000  1 OH
  11592.5000  1 OH
  11628.5000  1 OH
  11651.5000  1 OH
  11696.5000  1 OH
  11716.5000  1 OH
  11771.5000  1 OH
  11787.5000  1 OH
  11864.6000  1 OH
  12001.6000  1 OH
  12007.6000  1 OH
  12025.6000  1 OH
  12031.6000  1 OH
  12055.9000  1 OH
  12122.6000  1 OH
  12135.9000  1 OH
  12155.0000  1 OH
  12196.4000  1 OH
  12229.3000  1 OH
  12257.8000  1 OH
  12287.0000  1 OH
  12325.9000  1 OH
  12351.6000  1 OH
  12400.9000  1 OH
  12423.0000  1 OH
  12482.7000  1 OH
  12502.4000  1 OH
  12589.1000  1 OH
  12752.8000  1 OH
  12764.4000  1 OH
  12782.5000  1 OH
  12807.0000  1 OH
  12834.6000  1 OH
  12905.7000  1 OH
  12921.2000  1 OH
  12943.1000  1 OH
  12985.7000  1 OH
  13021.6000  1 OH
  13052.8000  1 OH
  13085.2000  1 OH
  13127.8000  1 OH
  13156.7000  1 OH
  13211.0000  1 OH
  13236.6000  1 OH
  13301.9000  1 OH
  13324.7000  1 OH
  13420.8000  1 OH
  13674.9000  1 OH
  13677.2000  1 OH
  13692.1000  1 OH
  13716.8000  1 OH
  13823.7000  1 OH
  13951.0000  1 OH
  13985.9000  1 OH
  14022.2000  1 OH
  14044.6000  1 OH
  14058.8000  1 OH
  14069.8000  1 OH
  14086.7000  1 OH
  14102.7000  1 OH
  14107.0000  1 OH
  14134.0000  1 OH
  14162.9000  1 OH
  14186.1000  1 OH
  14192.9000  1 OH
  14227.2000  1 OH
  14292.9000  1 OH
  14342.0000  1 OH
  14344.4000  1 OH
  14356.7000  1 OH
  14374.4000  1 OH
  14469.1000  1 OH
  14519.0000  1 OH
  14564.0000  1 OH
  14604.8000  1 OH
  14665.1000  1 OH
  14698.4000  1 OH
  14702.2000  1 OH
  14713.3000  1 OH
  14740.0000  1 OH
  14755.6000  1 OH
  14772.4000  1 OH
  14783.7000  1 OH
  14799.8000  1 OH
  14805.7000  1 OH
  14833.0000  1 OH
  14864.4000  1 OH
  14886.2000  1 OH
  14887.7000  1 OH
  14909.1000  1 OH
  14931.9000  1 OH
  15006.7000  1 OH
  15026.1000  1 OH
  15052.8000  1 OH
  15055.5000  1 OH
  15064.0000  1 OH
  15068.9000  1 OH
  15088.2000  1 OH
  15113.7000  1 OH
  15187.0000  1 OH
  15241.0000  1 OH
  15287.8000  1 OH
  15332.4000  1 OH
  15395.3000  1 OH
  15432.1000  1 OH
  15462.1000  1 OH
  15474.4000  1 OH
  15500.8000  1 OH
  15509.8000  1 OH
  15517.9000  1 OH
  15540.4000  1 OH
  15546.2000  1 OH
  15570.2000  1 OH
  15597.7000  1 OH
  15631.3000  1 OH
  15631.6000  1 OH
  15655.0000  1 OH
  15657.0000  1 OH
  15702.5000  1 OH
  15760.3000  1 OH
  15782.1000  1 OH
  15830.3000  1 OH
  15833.2000  1 OH
  15848.1000  1 OH
  15869.3000  1 OH
  15897.3000  1 OH
  15915.9000  1 OH
  15972.6000  1 OH
  16030.8000  1 OH
  16079.8000  1 OH
  16128.6000  1 OH
  16194.7000  1 OH
  16235.4000  1 OH
  16317.2000  1 OH
  16341.8000  1 OH
  16351.3000  1 OH
  16360.4000  1 OH
  16388.5000  1 OH
  16414.7000  1 OH
  16442.1000  1 OH
  16447.6000  1 OH
  16476.4000  1 OH
  16479.0000  1 OH
  16502.3000  1 OH
  16553.9000  1 OH
  16586.3000  1 OH
  16611.0000  1 OH
  16689.2000  1 OH
  16692.1000  1 OH
  16708.8000  1 OH
  16732.5000  1 OH
  16763.6000  1 OH
  16840.5000  1 OH
  16903.7000  1 OH
  16955.1000  1 OH
  17008.0000  1 OH
  17078.3000  1 OH
  17123.6000  1 OH
  17210.4000  1 OH
  17248.6000  1 OH
  17282.9000  1 OH
  17330.9000  1 OH
  17351.1000  1 OH
  17359.7000  1 OH
  17383.8000  1 OH
  17386.7000  1 OH
  17427.0000  1 OH
  17449.9000  1 OH
  17501.3000  1 OH
  17506.0000  1 OH
  17529.4000  1 OH
  17653.2000  1 OH
  17671.8000  1 OH
  17698.4000  1 OH
  17811.4000  1 OH
  17880.3000  1 OH
  17934.8000  1 OH
  17994.0000  1 OH
  18067.9000  1 OH
  18118.5000  1 OH
  18211.0000  1 OH
  18254.2000  1 OH
  18352.8000  1 OH
  18364.6000  1 OH
  18400.4000  1 OH
  18401.7000  1 OH
  18402.3000  1 OH
  18433.5000  1 OH
  18459.5000  1 OH
  18504.1000  1 OH
  18526.1000  1 OH
  18560.2000  1 OH
  18587.4000  1 OH
  18744.5000  1 OH
  18765.9000  1 OH
  18914.9000  1 OH
  18990.1000  1 OH
  19048.4000  1 OH
  19114.1000  1 OH
  19193.2000  1 OH
  19250.3000  1 OH
  19350.1000  1 OH
  19399.2000  1 OH
  19518.1000  1 OH
  19561.1000  1 OH
  19593.2000  1 OH
  19642.5000  1 OH
  19699.0000  1 OH
  19702.9000  1 OH
  19736.2000  1 OH
  19751.5000  1 OH
  19771.8000  1 OH
  19839.7000  1 OH
  20008.2000  1 OH
  20033.2000  1 OH
  20193.3000  1 OH
  20275.9000  1 OH
  20339.5000  1 OH
  20412.7000  1 OH
  20499.3000  1 OH
  20563.6000  1 OH
  20672.9000  1 OH
  20729.0000  1 OH
  20860.3000  1 OH
  20909.6000  1 OH
  21068.0000  1 OH
  21096.6000  1 OH
  21105.7000  1 OH
  21115.9000  1 OH
  21156.1000  1 OH
  21176.6000  1 OH
  21232.5000  1 OH
  21249.7000  1 OH
  21279.1000  1 OH
  21318.0000  1 OH
  21326.0000  1 OH
  21505.0000  1 OH
  21507.3000  1 OH
  21512.1000  1 OH
  21537.6000  1 OH
  21580.5000  1 OH
  21711.1000  1 OH
  21802.2000  1 OH
  21873.5000  1 OH
  21855.6000  1 OH
  21955.6000  1 OH
  22125.5000  1 OH
  22247.9000  1 OH
  22312.7000  1 OH
  22460.3000  1 OH
  22518.0000  1 OH
  22742.0000  1 OH
  22998.0000  1 OH
  23172.0000  1 OH
  23225.0000  1 OH
  23401.7000  1 OH
  23512.3000  1 OH
  23582.7000  1 OH
  23641.8000  1 OH
  23711.9000  1 OH
  23773.9000  1 OH
  23837.9000  1 OH
  24190.0000  1 OH
  24357.0000  1 OH
  24466.0000  1 OH
  24509.8000  1 OH
  24724.0000  1 OH
  24947.0000  1 OH
  25162.9000  1 OH
