      9003.82 1 OH
      9048.23 1 OH
      9101.73 1 OH
      9160.37 1 OH
      9227.35 1 OH
      9319.98 1 OH
      9383.52 1 OH
      9422.72 1 OH
      9447.66 1 OH
      9479.46 1 OH
      9505.42 1 OH
      9521.97 1 OH
      9555.16 1 OH
      9569.96 1 OH
      9610.36 1 OH
      9623.60 1 OH
      9690.85 1 OH
      9720.51 1 OH
      9741.16 1 OH
      9797.89 1 OH
      9851.17 1 OH
      9874.84 1 OH
      9897.46 1 OH
      9917.39 1 OH
      9955.97 1 OH
      10017.5 1 OH
      10045.8 1 OH
      10084.1 1 OH
      10182.0 1 OH
      10231.3 1 OH
      10273.9 1 OH
      10293.2 1 OH
      10329.6 1 OH
      10350.4 1 OH
      10375.7 1 OH
      10399.4 1 OH
      10421.3 1 OH
      10453.4 1 OH
      10471.8 1 OH
      10511.9 1 OH
      10527.7 1 OH
      10575.4 1 OH
      10588.8 1 OH
      10602.8 1 OH
      10651.1 1 OH
      10720.2 1 OH
      10751.9 1 OH
      10775.1 1 OH
      10801.1 1 OH
      10838.7 1 OH
      10878.7 1 OH
      10898.9 1 OH
      10926.4 1 OH
      10951.3 1 OH
      10975.3 1 OH
      11009.3 1 OH
      11029.8 1 OH
      11072.5 1 OH
      11090.0 1 OH
      11140.9 1 OH
      11156.0 1 OH
      11214.8 1 OH
      11227.9 1 OH
      11318.9 1 OH
      11352.3 1 OH
      11377.2 1 OH
      11445.0 1 OH
      11489.7 1 OH
      11509.1 1 OH
      11538.8 1 OH
      11565.2 1 OH
      11591.7 1 OH
      11627.8 1 OH
      11650.7 1 OH
      11696.3 1 OH
      11716.2 1 OH
      11770.8 1 OH
      11788.0 1 OH
      11851.4 1 OH
      11866.5 1 OH
      11938.4 1 OH
      11951.7 1 OH
      11994.7 1 OH
      12034.7 1 OH
      12128.6 1 OH
      12179.2 1 OH
      12197.2 1 OH
      12229.3 1 OH
      12257.6 1 OH
      12287.0 1 OH
      12325.9 1 OH
      12351.6 1 OH
      12400.9 1 OH
      12423.3 1 OH
      12482.7 1 OH
      12502.4 1 OH
      12571.6 1 OH
      12589.0 1 OH
      12667.7 1 OH
      12683.2 1 OH
      12770.5 1 OH
      12805.5 1 OH
      12834.6 1 OH
      12909.7 1 OH
      12942.6 1 OH
      12971.3 1 OH
      12985.6 1 OH
      13007.2 1 OH
      13021.6 1 OH
      13052.7 1 OH
      13085.3 1 OH
      13127.8 1 OH
      13156.8 1 OH
      13210.8 1 OH
      13236.5 1 OH
      13301.9 1 OH
      13324.7 1 OH
      13401.2 1 OH
      13421.5 1 OH
