  2768.842  1 ThAr
  2795.531  1 ThAr
  2832.315  1 ThAr
  2837.295  1 ThAr
  2842.812  1 ThAr
  2851.259  1 ThAr
  2852.125  1 ThAr
  2870.406  1 ThAr
  2884.290  1 ThAr
  2885.049  1 ThAr
  2887.818  1 ThAr
  2898.934  1 ThAr
  2899.720  1 ThAr
  2921.620  1 ThAr
  2925.051  1 ThAr
  2928.254  1 ThAr
  2942.860  1 ThAr
  2957.583  1 ThAr
  2957.916  1 ThAr
  2968.687  1 ThAr
  2974.012  1 ThAr
  2978.660  1 ThAr
  2983.817  1 ThAr
  2993.799  1 ThAr
  2999.094  1 ThAr
  3006.932  1 ThAr
  3008.497  1 ThAr
  3034.066  1 ThAr
  3046.951  1 ThAr
  3049.092  1 ThAr
  3060.439  1 ThAr
  3061.700  1 ThAr
  3067.729  1 ThAr
  3072.115  1 ThAr
  3078.828  1 ThAr
  3080.217  1 ThAr
  3082.981  1 ThAr
  3085.026  1 ThAr
  3088.203  1 ThAr
  3088.470  1 ThAr
  3090.094  1 ThAr
  3093.396  1 ThAr
  3104.352  1 ThAr
  3105.747  1 ThAr
  3107.026  1 ThAr
  3108.297  1 ThAr
  3110.021  1 ThAr
  3117.684  1 ThAr
  3119.526  1 ThAr
  3122.963  1 ThAr
  3124.387  1 ThAr
  3125.507  1 ThAr
  3131.070  1 ThAr
  3136.216  1 ThAr
  3136.829  1 ThAr
  3139.017  1 ThAr
  3140.272  1 ThAr
  3142.836  1 ThAr
  3145.637  1 ThAr
  3146.043  1 ThAr
  3150.455  1 ThAr
  3154.301  1 ThAr
  3154.775  1 ThAr
  3161.394  1 ThAr
  3165.296  1 ThAr
  3166.098  1 ThAr
  3169.329  1 ThAr
  3169.673  1 ThAr
  3171.276  1 ThAr
  3173.427  1 ThAr
  3174.204  1 ThAr
  3175.726  1 ThAr
  3178.243  1 ThAr
  3179.048  1 ThAr
  3180.194  1 ThAr
  3184.9486 1 ThAr
  3188.2339 1 ThAr
  3204.3210 1 ThAr
  3205.0912 1 ThAr
  3210.3085 1 ThAr
  3211.1943 1 ThAr
  3212.0220 1 ThAr
  3213.5741 1 ThAr
  3220.3508 1 ThAr
  3227.8028 1 ThAr
  3229.0096 1 ThAr
  3234.9962 1 ThAr
  3235.8400 1 ThAr
  3238.9343 1 ThAr
  3241.1079 1 ThAr
  3242.3790 1 ThAr
  3243.6887 1 ThAr
  3244.4488 1 ThAr
  3245.7603 1 ThAr
  3249.8003 1 ThAr
  3251.9159 1 ThAr
  3253.8659 1 ThAr
  3256.2738 1 ThAr
  3257.3667 1 ThAr
  3258.1220 1 ThAr
  3262.6684 1 ThAr
  3272.0268 1 ThAr
  3273.9157 1 ThAr
  3275.0676 1 ThAr
  3276.1712 1 ThAr
  3280.3713 1 ThAr
  3281.7016 1 ThAr
  3282.6166 1 ThAr
  3285.7525 1 ThAr
  3286.5829 1 ThAr
  3287.7893 1 ThAr
  3291.7394 1 ThAr
  3292.5209 1 ThAr
  3293.6988 1 ThAr
  3298.0498 1 ThAr
  3299.6687 1 ThAr
  3304.2383 1 ThAr
  3305.3036 1 ThAr
  3307.2283 1 ThAr
  3309.3654 1 ThAr
  3313.6784 1 ThAr
  3314.8268 1 ThAr
  3321.4508 1 ThAr
  3322.0933 1 ThAr
  3327.1931 1 ThAr
  3329.7284 1 ThAr
  3330.4770 1 ThAr
  3333.1290 1 ThAr
  3334.6041 1 ThAr
  3336.1618 1 ThAr
  3337.8703 1 ThAr
  3340.7254 1 ThAr
  3346.5560 1 ThAr
  3348.7684 1 ThAr
  3354.1796 1 ThAr
  3358.6020 1 ThAr
  3360.9982 1 ThAr
  3364.6855 1 ThAr
  3365.3383 1 ThAr
  3366.5171 1 ThAr
  3371.7967 1 ThAr
  3372.8230 1 ThAr
  3373.4925 1 ThAr
  3374.9749 1 ThAr
  3376.4359 1 ThAr
  3378.5734 1 ThAr
  3380.8595 1 ThAr
  3383.1068 1 ThAr
  3385.5316 1 ThAr
  3386.5006 1 ThAr
  3388.5309 1 ThAr
  3392.0349 1 ThAr
  3396.7278 1 ThAr
  3397.5161 1 ThAr
  3398.5448 1 ThAr
  3401.7110 1 ThAr
  3402.6952 1 ThAr
  3405.5584 1 ThAr
  3408.7499 1 ThAr
  3410.0756 1 ThAr
  3413.0130 1 ThAr
  3415.8846 1 ThAr
  3417.4978 1 ThAr
  3421.2100 1 ThAr
  3422.6561 1 ThAr
  3423.9897 1 ThAr
  3427.0923 1 ThAr
  3428.9992 1 ThAr
  3431.8104 1 ThAr
  3433.9988 1 ThAr
  3434.7271 0 ThAr
  3435.9771 1 ThAr
  3436.7272 1 ThAr
  3437.3071 1 ThAr
  3439.3987 1 ThAr
  3442.5790 1 ThAr
  3446.5474 1 ThAr
  3451.7023 1 ThAr
  3452.6820 1 ThAr
  3454.0952 1 ThAr
  3457.0691 1 ThAr
  3462.8505 1 ThAr
  3464.1272 1 ThAr
  3465.0626 1 ThAr
  3465.7650 1 ThAr
  3468.2198 1 ThAr
  3469.3454 1 ThAr
  3469.9208 1 ThAr
  3471.2186 1 ThAr
  3471.9593 1 ThAr
  3476.7474 1 ThAr
  3478.2324 1 ThAr
  3479.1725 1 ThAr
  3480.5055 1 ThAr
  3482.7613 1 ThAr
  3486.5512 1 ThAr
  3489.5076 1 ThAr
  3491.5360 1 ThAr
  3493.5185 1 ThAr
  3495.6998 1 ThAr
  3496.8107 1 ThAr
  3498.0098 1 ThAr
  3498.6210 1 ThAr
  3501.8666 1 ThAr
  3505.4946 1 ThAr
  3509.7785 1 ThAr
  3511.1574 1 ThAr
  3514.3877 1 ThAr
  3518.4040 1 ThAr
  3519.9936 1 ThAr
  3521.9139 1 ThAr
  3523.5061 1 ThAr
  3526.6342 1 ThAr
  3528.4116 1 ThAr
  3528.9544 1 ThAr
  3529.3859 1 ThAr
  3530.5148 1 ThAr
  3531.4505 1 ThAr
  3533.1826 1 ThAr
  3535.3196 1 ThAr
  3536.0108 1 ThAr
  3539.5872 1 ThAr
  3542.4979 1 ThAr
  3544.0179 1 ThAr
  3547.3376 1 ThAr
  3548.5144 1 ThAr
  3549.5959 1 ThAr
  3551.4019 1 ThAr
  3554.3058 1 ThAr
  3555.0135 1 ThAr
  3556.9041 1 ThAr
  3559.5081 1 ThAr
  3561.0304 1 ThAr
  3561.7809 1 ThAr
  3565.0298 1 ThAr
  3569.8204 1 ThAr
  3572.3923 1 ThAr
  3576.6156 1 ThAr
  3581.6084 1 ThAr
  3582.3546 1 ThAr
  3583.1022 1 ThAr
  3584.1756 1 ThAr
  3588.4407 1 ThAr
  3591.4524 1 ThAr
  3592.7794 1 ThAr
  3598.1199 1 ThAr
  3601.0344 1 ThAr
  3604.6819 1 ThAr
  3606.5218 1 ThAr
  3608.3770 1 ThAr
  3609.4452 1 ThAr
  3612.4275 1 ThAr
  3612.8666 1 ThAr
  3615.1327 1 ThAr
  3615.8503 1 ThAr
  3618.3633 1 ThAr
  3619.2119 1 ThAr
  3622.7954 1 ThAr
  3632.8303 1 ThAr
  3634.5822 1 ThAr
  3635.9433 1 ThAr
  3642.2490 1 ThAr
  3643.5123 1 ThAr
  3649.2496 1 ThAr
  3649.7349 1 ThAr
  3652.1683 1 ThAr
  3654.4618 1 ThAr
  3656.6938 1 ThAr
  3658.8087 1 ThAr
  3659.6294 1 ThAr
  3660.4370 1 ThAr
  3661.6214 1 ThAr
  3663.2025 1 ThAr
  3666.9811 1 ThAr
  3668.1398 1 ThAr
  3671.5398 1 ThAr
  3672.3003 1 ThAr
  3672.5218 1 ThAr
  3673.7935 1 ThAr
  3674.8910 1 ThAr
  3675.1372 1 ThAr
  3675.5675 1 ThAr
  3675.7893 1 ThAr
  3675.9592 1 ThAr
  3676.1424 1 ThAr
  3678.2701 1 ThAr
  3678.4804 1 ThAr
  3679.1343 1 ThAr
  3679.5444 1 ThAr
  3679.7105 1 ThAr
  3680.0609 1 ThAr
  3680.4477 1 ThAr
  3680.6053 1 ThAr
  3681.8836 1 ThAr
  3682.4863 1 ThAr
  3684.9329 1 ThAr
  3687.6700 1 ThAr
  3687.9841 1 ThAr
  3688.7604 1 ThAr
  3690.6238 1 ThAr
  3691.4117 1 ThAr
  3691.6141 1 ThAr
  3692.5664 1 ThAr
  3694.1785 1 ThAr
  3695.2889 1 ThAr
  3695.9737 1 ThAr
  3697.0308 1 ThAr
  3697.7436 1 ThAr
  3698.1061 1 ThAr
  3699.8808 1 ThAr
  3700.9872 1 ThAr
  3703.2299 1 ThAr
  3703.7743 1 ThAr
  3704.8616 1 ThAr
  3706.7672 1 ThAr
  3711.3041 1 ThAr
  3711.6229 1 ThAr
  3715.5606 1 ThAr
  3715.8615 1 ThAr
  3716.5836 1 ThAr
  3717.1713 1 ThAr
  3717.8293 1 ThAr
  3718.2065 1 ThAr
  3719.4347 1 ThAr
  3719.8362 1 ThAr
  3720.3073 1 ThAr
  3721.2152 1 ThAr
  3721.8254 1 ThAr
  3723.6561 1 ThAr
  3725.3932 1 ThAr
  3726.7246 1 ThAr
  3727.6120 1 ThAr
  3727.9027 1 ThAr
  3729.3087 1 ThAr
  3730.3683 1 ThAr
  3730.7485 1 ThAr
  3732.9854 1 ThAr
  3733.6724 1 ThAr
  3737.5125 1 ThAr
  3737.8890 1 ThAr
  3740.8551 1 ThAr
  3741.1830 1 ThAr
  3742.9234 1 ThAr
  3743.5083 1 ThAr
  3744.7367 1 ThAr
  3745.6591 1 ThAr
  3745.9706 1 ThAr
  3747.5390 1 ThAr
  3748.2838 1 ThAr
  3749.0843 1 ThAr
  3750.4939 1 ThAr
  3751.0219 1 ThAr
  3752.5700 1 ThAr
  3753.2421 1 ThAr
  3753.5177 1 ThAr
  3754.0308 1 ThAr
  3754.5930 1 ThAr
  3755.2121 1 ThAr
  3756.2941 1 ThAr
  3757.6941 1 ThAr
  3758.4671 1 ThAr
  3758.7063 1 ThAr
  3763.5053 1 ThAr
  3765.2700 1 ThAr
  3766.1186 1 ThAr
  3766.4473 1 ThAr
  3767.9007 1 ThAr
  3770.0560 1 ThAr
  3770.5200 1 ThAr
  3771.3708 1 ThAr
  3772.6498 1 ThAr
  3773.7574 1 ThAr
  3776.2711 1 ThAr
  3777.4167 1 ThAr
  3781.3189 1 ThAr
  3783.0127 1 ThAr
  3783.2964 1 ThAr
  3784.5749 1 ThAr
  3784.7942 1 ThAr
  3785.2804 1 ThAr
  3785.6002 1 ThAr
  3786.3824 1 ThAr
  3786.8830 1 ThAr
  3789.1680 1 ThAr
  3790.3560 1 ThAr
  3790.7950 1 ThAr
  3792.3740 1 ThAr
  3792.7300 1 ThAr
  3794.1510 1 ThAr
  3795.3800 1 ThAr
  3798.1030 1 ThAr
  3799.3820 1 ThAr
  3800.1980 1 ThAr
  3801.4430 1 ThAr
  3803.0750 1 ThAr
  3803.9840 1 ThAr
  3805.8200 1 ThAr
  3807.8740 1 ThAr
  3808.1290 1 ThAr
  3809.4561 1 ThAr
  3809.8350 1 ThAr
  3813.0680 1 ThAr
  3816.1666 1 ThAr
  3818.6860 1 ThAr
  3820.7926 1 ThAr
  3821.4308 1 ThAr
  3822.1485 1 ThAr
  3822.8619 1 ThAr
  3823.0676 1 ThAr
  3823.4577 1 ThAr
  3825.1331 1 ThAr
  3825.6729 1 ThAr
  3826.3688 1 ThAr
  3826.8072 1 ThAr
  3828.3846 1 ThAr
  3830.0606 1 ThAr
  3830.7736 1 ThAr
  3831.6398 1 ThAr
  3833.0860 1 ThAr
  3834.6787 1 ThAr
  3835.7111 1 ThAr
  3836.5851 1 ThAr
  3837.8752 1 ThAr
  3839.6953 1 ThAr
  3840.8004 1 ThAr
  3841.5187 1 ThAr
  3841.9601 1 ThAr
  3842.8968 1 ThAr
  3844.7311 1 ThAr
  3845.4055 1 ThAr
  3846.8876 1 ThAr
  3850.5813 1 ThAr
  3852.1353 1 ThAr
  3854.5108 1 ThAr
  3856.3544 1 ThAr
  3859.8396 1 ThAr
  3861.3524 1 ThAr
  3862.0522 1 ThAr
  3862.4218 1 ThAr
  3863.4059 1 ThAr
  3866.9092 1 ThAr
  3867.5786 1 ThAr
  3868.2547 1 ThAr
  3868.5284 1 ThAr
  3869.6633 1 ThAr
  3871.6174 1 ThAr
  3872.1371 1 ThAr
  3872.7222 1 ThAr
  3873.1479 1 ThAr
  3873.4740 1 ThAr
  3873.8224 1 ThAr
  3874.2438 1 ThAr
  3874.8619 1 ThAr
  3875.3731 1 ThAr
  3875.6462 1 ThAr
  3877.4630 1 ThAr
  3878.6620 1 ThAr
  3879.2688 1 ThAr
  3879.4454 1 ThAr
  3879.6441 1 ThAr
  3880.1948 1 ThAr
  3880.3332 1 ThAr
  3881.4980 1 ThAr
  3882.1430 1 ThAr
  3884.5245 1 ThAr
  3884.8225 1 ThAr
  3885.2254 1 ThAr
  3885.7681 1 ThAr
  3886.9159 1 ThAr
  3889.9059 1 ThAr
  3891.4017 1 ThAr
  3891.7260 1 ThAr
  3891.9792 1 ThAr
  3893.6519 1 ThAr
  3894.6600 1 ThAr
  3895.4192 1 ThAr
  3898.4374 1 ThAr
  3898.7967 1 ThAr
  3899.0310 1 ThAr
  3900.5767 1 ThAr
  3900.8785 1 ThAr
  3901.6621 1 ThAr
  3903.1024 1 ThAr
  3903.4812 1 ThAr
  3904.0828 1 ThAr
  3905.1865 1 ThAr
  3907.1603 1 ThAr
  3907.5432 1 ThAr
  3908.7491 1 ThAr
  3908.9797 1 ThAr
  3909.1390 1 ThAr
  3910.7734 1 ThAr
  3911.5760 1 ThAr
  3911.9091 1 ThAr
  3913.6450 1 ThAr
  3914.1623 1 ThAr
  3915.2953 1 ThAr
  3915.8489 1 ThAr
  3916.4176 1 ThAr
  3917.2693 1 ThAr
  3918.0701 1 ThAr
  3918.5115 1 ThAr
  3919.0234 1 ThAr
  3921.7799 1 ThAr
  3922.2191 1 ThAr
  3923.7995 1 ThAr
  3924.4034 1 ThAr
  3925.0934 1 ThAr
  3925.7188 1 ThAr
  3926.0456 1 ThAr
  3927.8062 1 ThAr
  3928.6233 1 ThAr
  3929.2904 1 ThAr
  3929.6693 1 ThAr
  3930.3303 1 ThAr
  3931.2566 1 ThAr
  3932.2264 1 ThAr
  3932.9113 1 ThAr
  3933.2375 1 ThAr
  3933.6611 1 ThAr
  3934.2742 1 ThAr
  3936.3532 1 ThAr
  3936.6718 1 ThAr
  3937.0406 1 ThAr
  3937.9237 1 ThAr
  3938.6144 1 ThAr
  3942.0732 1 ThAr
  3944.2534 1 ThAr
  3945.5072 1 ThAr
  3945.8201 1 ThAr
  3946.1455 1 ThAr
  3947.3308 1 ThAr
  3947.5046 1 ThAr
  3948.0305 1 ThAr
  3948.9789 1 ThAr
  3950.3951 1 ThAr
  3950.8050 1 ThAr
  3951.5149 1 ThAr
  3952.7608 1 ThAr
  3955.1699 1 ThAr
  3955.8903 1 ThAr
  3956.6908 1 ThAr
  3959.3000 1 ThAr
  3960.2692 1 ThAr
  3962.4196 1 ThAr
  3963.4688 1 ThAr
  3964.0302 1 ThAr
  3964.7257 1 ThAr
  3966.9647 1 ThAr
  3967.3921 1 ThAr
  3968.4673 1 ThAr
  3969.0026 1 ThAr
  3969.6641 1 ThAr
  3972.1545 1 ThAr
  3972.6395 1 ThAr
  3973.1961 1 ThAr
  3974.4766 1 ThAr
  3974.7590 1 ThAr
  3975.4674 1 ThAr
  3976.4149 1 ThAr
  3979.0433 1 ThAr
  3979.3559 1 ThAr
  3980.0896 1 ThAr
  3980.7550 1 ThAr
  3981.1065 1 ThAr
  3981.8281 1 ThAr
  3982.1020 1 ThAr
  3982.8956 1 ThAr
  3984.8795 1 ThAr
  3986.0739 1 ThAr
  3987.2061 1 ThAr
  3988.5997 1 ThAr
  3988.8456 1 ThAr
  3990.4922 1 ThAr
  3991.7309 1 ThAr
  3992.0535 1 ThAr
  3992.2726 1 ThAr
  3993.2989 1 ThAr
  3994.5494 1 ThAr
  3994.7918 1 ThAr
  3996.0617 1 ThAr
  3996.6687 1 ThAr
  3997.8654 1 ThAr
  3998.4038 1 ThAr
  3998.7334 1 ThAr
  3998.9526 1 ThAr
  4000.2811 1 ThAr
  4001.0581 1 ThAr
  4001.8935 1 ThAr
  4003.1057 1 ThAr
  4003.3086 1 ThAr
  4003.5740 1 ThAr
  4005.0928 1 ThAr
  4005.3628 1 ThAr
  4005.9615 1 ThAr
  4006.3806 1 ThAr
  4007.0188 1 ThAr
  4008.2102 1 ThAr
  4009.0112 1 ThAr
  4011.5916 1 ThAr
  4011.7398 1 ThAr
  4012.4952 1 ThAr
  4013.8566 1 ThAr
  4014.5143 1 ThAr
  4014.7164 1 ThAr
  4018.0990 1 ThAr
  4019.1289 1 ThAr
  4020.3541 1 ThAr
  4021.1498 1 ThAr
  4021.7506 1 ThAr
  4022.0674 1 ThAr
  4023.3378 1 ThAr
  4024.8025 1 ThAr
  4025.6556 1 ThAr
  4027.0091 1 ThAr
  4029.8256 1 ThAr
  4030.2925 1 ThAr
  4030.8424 1 ThAr
  4034.2461 1 ThAr
  4034.9218 1 ThAr
  4035.4600 1 ThAr
  4036.0479 1 ThAr
  4036.5652 1 ThAr
  4037.5614 1 ThAr
  4038.2287 1 ThAr
  4038.8043 1 ThAr
  4039.8648 1 ThAr
  4040.9155 1 ThAr
  4041.2036 1 ThAr
  4042.8937 1 ThAr
  4043.1302 1 ThAr
  4043.3948 1 ThAr
  4044.4179 1 ThAr
  4044.9269 1 ThAr
  4045.2268 1 ThAr
  4045.9654 1 ThAr
  4047.4815 1 ThAr
  4048.2876 1 ThAr
  4049.5361 1 ThAr
  4049.9447 1 ThAr
  4050.8872 1 ThAr
  4051.4991 1 ThAr
  4052.9208 1 ThAr
  4053.5277 1 ThAr
  4054.3017 1 ThAr
  4054.5258 1 ThAr
  4057.9412 1 ThAr
  4059.2529 1 ThAr
  4063.4071 1 ThAr
  4064.3315 1 ThAr
  4065.6187 1 ThAr
  4067.4507 1 ThAr
  4069.2014 1 ThAr
  4069.2833 1 ThAr
  4069.4612 1 ThAr
  4070.2383 1 ThAr
  4071.7513 1 ThAr
  4071.9967 1 ThAr
  4072.3849 1 ThAr
  4072.6284 1 ThAr
  4073.8563 1 ThAr
  4074.6420 1 ThAr
  4075.5030 1 ThAr
  4075.9070 1 ThAr
  4076.6284 1 ThAr
  4076.9432 1 ThAr
  4078.3015 1 ThAr
  4078.8751 1 ThAr
  4079.5738 1 ThAr
  4080.3580 1 ThAr
  4080.7058 1 ThAr
  4081.3678 1 ThAr
  4081.5914 1 ThAr
  4082.0817 1 ThAr
  4082.3872 1 ThAr
  4083.4688 1 ThAr
  4084.6192 1 ThAr
  4085.0421 1 ThAr
  4085.2564 1 ThAr
  4085.4341 1 ThAr
  4086.5205 1 ThAr
  4087.2848 1 ThAr
  4088.7264 1 ThAr
  4089.1379 1 ThAr
  4091.3476 1 ThAr
  4093.3921 1 ThAr
  4093.6713 1 ThAr
  4094.7470 1 ThAr
  4096.0759 1 ThAr
  4097.7478 1 ThAr
  4098.7316 1 ThAr
  4098.9327 1 ThAr
  4100.3414 1 ThAr
  4102.6177 1 ThAr
  4103.9121 1 ThAr
  4104.3821 1 ThAr
  4104.8385 1 ThAr
  4105.9150 1 ThAr
  4107.0506 1 ThAr
  4107.8614 1 ThAr
  4108.4198 1 ThAr
  4109.3234 1 ThAr
  4110.8260 1 ThAr
  4112.7545 1 ThAr
  4115.7589 1 ThAr
  4116.7137 1 ThAr
  4118.4893 1 ThAr
  4124.0403 1 ThAr
  4127.4120 1 ThAr
  4128.0499 1 ThAr
  4128.6400 1 ThAr
  4129.5116 1 ThAr
  4131.0021 1 ThAr
  4131.7235 1 ThAr
  4132.7533 1 ThAr
  4134.0681 1 ThAr
  4134.3235 1 ThAr
  4135.4800 1 ThAr
  4138.0406 1 ThAr
  4140.2350 1 ThAr
  4140.3855 1 ThAr
  4141.6321 1 ThAr
  4142.4741 1 ThAr
  4142.7010 1 ThAr
  4143.6491 1 ThAr
  4147.5396 1 ThAr
  4148.1816 1 ThAr
  4148.7269 1 ThAr
  4151.1453 1 ThAr
  4154.7205 1 ThAr
  4156.5166 1 ThAr
  4158.5905 1 ThAr
  4159.6599 1 ThAr
  4161.7389 1 ThAr
  4162.5090 1 ThAr
  4163.6469 1 ThAr
  4163.9479 1 ThAr
  4164.1795 1 ThAr
  4164.2550 1 ThAr
  4165.7661 1 ThAr
  4168.0464 1 ThAr
  4168.6341 1 ThAr
  4170.5333 1 ThAr
  4171.3410 1 ThAr
  4172.6257 1 ThAr
  4173.4475 1 ThAr
  4174.4396 1 ThAr
  4178.0597 1 ThAr
  4178.3658 1 ThAr
  4178.8481 1 ThAr
  4179.9601 1 ThAr
  4181.8836 1 ThAr
  4182.9342 1 ThAr
  4184.1376 1 ThAr
  4185.1447 1 ThAr
  4187.1410 1 ThAr
  4190.7129 1 ThAr
  4191.0294 1 ThAr
  4192.3620 1 ThAr
  4193.0164 1 ThAr
  4194.9318 1 ThAr
  4198.3170 1 ThAr
  4200.6745 1 ThAr
  4207.6122 1 ThAr
  4208.4108 1 ThAr
  4208.8907 1 ThAr
  4209.1964 1 ThAr
  4210.9232 1 ThAr
  4213.0673 1 ThAr
  4213.3779 1 ThAr
  4214.8285 1 ThAr
  4215.6272 1 ThAr
  4216.0698 1 ThAr
  4216.3722 1 ThAr
  4217.4308 1 ThAr
  4218.6649 1 ThAr
  4220.0651 1 ThAr
  4220.7323 1 ThAr
  4221.1530 1 ThAr
  4221.6921 1 ThAr
  4222.6373 1 ThAr
  4223.4403 1 ThAr
  4224.2413 1 ThAr
  4224.6151 1 ThAr
  4226.2994 1 ThAr
  4226.7267 1 ThAr
  4226.9876 1 ThAr
  4227.3872 1 ThAr
  4228.1580 1 ThAr
  4228.4166 1 ThAr
  4229.1477 1 ThAr
  4229.4545 1 ThAr
  4229.8644 1 ThAr
  4230.4267 1 ThAr
  4230.8242 1 ThAr
  4233.2873 1 ThAr
  4235.4636 1 ThAr
  4236.0471 1 ThAr
  4237.2198 1 ThAr
  4239.7873 1 ThAr
  4240.5947 1 ThAr
  4241.0948 1 ThAr
  4241.9725 1 ThAr
  4242.7197 1 ThAr
  4243.0195 1 ThAr
  4243.2611 1 ThAr
  4243.9241 1 ThAr
  4247.5988 1 ThAr
  4247.9886 1 ThAr
  4248.3908 1 ThAr
  4249.4761 1 ThAr
  4249.6791 1 ThAr
  4250.3146 1 ThAr
  4250.7749 1 ThAr
  4251.1846 1 ThAr
  4253.5385 1 ThAr
  4253.8674 1 ThAr
  4255.2373 1 ThAr
  4256.2537 1 ThAr
  4257.4963 1 ThAr
  4257.8982 1 ThAr
  4258.5204 1 ThAr
  4259.3619 0 ThAr
  4260.3330 1 ThAr
  4260.9845 1 ThAr
  4261.2754 1 ThAr
  4261.4920 1 ThAr
  4261.9665 1 ThAr
  4262.6124 1 ThAr
  4263.3561 1 ThAr
  4264.1064 1 ThAr
  4264.3399 1 ThAr
  4266.2864 1 ThAr
  4266.5271 1 ThAr
  4267.5191 1 ThAr
  4269.0639 1 ThAr
  4269.9426 1 ThAr
  4272.1689 1 ThAr
  4272.8745 1 ThAr
  4273.3574 1 ThAr
  4274.0246 1 ThAr
  4275.1596 1 ThAr
  4276.8073 1 ThAr
  4277.3139 1 ThAr
  4277.5282 1 ThAr
  4278.3232 1 ThAr
  4279.0627 1 ThAr
  4280.5680 1 ThAr
  4281.0678 1 ThAr
  4281.4145 1 ThAr
  4282.0413 1 ThAr
  4282.8976 1 ThAr
  4283.5184 1 ThAr
  4284.9749 1 ThAr
  4285.1823 1 ThAr
  4286.2285 1 ThAr
  4287.0808 1 ThAr
  4288.6688 1 ThAr
  4289.6551 1 ThAr
  4290.3937 1 ThAr
  4291.8098 1 ThAr
  4292.3057 1 ThAr
  4293.7698 1 ThAr
  4294.7193 1 ThAr
  4295.5849 1 ThAr
  4295.8155 1 ThAr
  4297.3066 1 ThAr
  4299.8393 1 ThAr
  4300.1008 1 ThAr
  4300.6495 1 ThAr
  4302.5261 1 ThAr
  4303.9892 1 ThAr
  4304.9565 1 ThAr
  4306.3668 1 ThAr
  4307.1762 1 ThAr
  4308.1220 1 ThAr
  4308.6001 1 ThAr
  4309.2392 1 ThAr
  4311.7994 1 ThAr
  4312.9975 1 ThAr
  4313.3084 1 ThAr
  4313.6025 1 ThAr
  4314.3195 1 ThAr
  4315.2543 1 ThAr
  4315.9484 1 ThAr
  4316.1094 1 ThAr
  4316.3726 1 ThAr
  4317.8400 1 ThAr
  4318.4157 1 ThAr
  4319.0973 1 ThAr
  4320.1264 1 ThAr
  4325.2741 1 ThAr
  4325.8599 1 ThAr
  4327.7145 1 ThAr
  4328.6879 1 ThAr
  4328.9154 1 ThAr
  4330.4120 1 ThAr
  4330.8438 1 ThAr
  4331.1995 1 ThAr
  4332.0297 1 ThAr
  4332.3395 1 ThAr
  4333.5612 1 ThAr
  4333.9369 1 ThAr
  4335.3379 1 ThAr
  4337.0708 1 ThAr
  4337.2774 1 ThAr
  4338.1078 1 ThAr
  4339.8716 1 ThAr
  4340.8954 1 ThAr
  4342.4442 1 ThAr
  4343.3817 1 ThAr
  4343.6035 1 ThAr
  4343.9515 1 ThAr
  4344.3265 1 ThAr
  4345.1680 1 ThAr
  4346.4367 1 ThAr
  4347.6385 1 ThAr
  4348.0640 1 ThAr
  4348.5982 1 ThAr
  4349.0722 1 ThAr
  4350.2717 1 ThAr
  4351.2719 1 ThAr
  4352.2049 1 ThAr
  4352.6122 1 ThAr
  4352.8201 1 ThAr
  4353.4487 1 ThAr
  4354.4824 1 ThAr
  4355.3205 1 ThAr
  4355.5259 1 ThAr
  4356.0445 1 ThAr
  4357.6132 1 ThAr
  4358.3200 1 ThAr
  4359.3719 1 ThAr
  4360.1672 1 ThAr
  4360.7178 1 ThAr
  4361.3071 1 ThAr
  4362.0662 1 ThAr
  4362.4721 1 ThAr
  4363.7945 1 ThAr
  4364.0401 1 ThAr
  4365.9301 1 ThAr
  4366.9657 1 ThAr
  4367.4180 1 ThAr
  4367.8316 1 ThAr
  4369.8756 1 ThAr
  4370.7532 1 ThAr
  4371.3290 1 ThAr
  4372.4900 1 ThAr
  4374.1239 1 ThAr
  4374.7851 1 ThAr
  4375.9542 1 ThAr
  4376.5309 1 ThAr
  4378.1768 1 ThAr
  4379.6668 1 ThAr
  4380.2863 1 ThAr
  4381.4018 1 ThAr
  4381.8601 1 ThAr
  4385.0566 1 ThAr
  4385.7535 1 ThAr
  4388.1014 1 ThAr
  4388.9680 1 ThAr
  4391.1105 1 ThAr
  4391.3893 1 ThAr
  4392.9740 1 ThAr
  4393.7590 1 ThAr
  4396.1394 1 ThAr
  4396.4783 1 ThAr
  4397.0097 1 ThAr
  4397.9149 1 ThAr
  4399.4060 1 ThAr
  4400.0968 1 ThAr
  4400.3863 1 ThAr
  4400.9863 1 ThAr
  4401.5810 1 ThAr
  4402.2452 1 ThAr
  4402.6001 1 ThAr
  4402.9271 1 ThAr
  4408.8828 1 ThAr
  4409.8991 1 ThAr
  4413.3745 1 ThAr
  4413.6324 1 ThAr
  4414.4863 1 ThAr
  4414.7670 1 ThAr
  4416.2370 1 ThAr
  4416.8447 1 ThAr
  4418.4157 1 ThAr
  4419.7692 1 ThAr
  4420.2571 1 ThAr
  4421.5439 1 ThAr
  4422.0479 1 ThAr
  4423.7202 1 ThAr
  4424.8373 1 ThAr
  4426.0011 1 ThAr
  4428.5536 1 ThAr
  4429.6348 1 ThAr
  4429.8227 1 ThAr
  4430.1890 1 ThAr
  4430.9963 1 ThAr
  4432.2523 1 ThAr
  4432.9628 1 ThAr
  4433.4907 1 ThAr
  4433.8380 1 ThAr
  4434.8266 1 ThAr
  4434.9564 1 ThAr
  4435.6787 1 ThAr
  4436.0484 1 ThAr
  4436.2844 1 ThAr
  4436.9961 1 ThAr
  4438.7464 1 ThAr
  4439.1237 1 ThAr
  4439.4614 1 ThAr
  4439.8793 1 ThAr
  4440.5737 1 ThAr
  4440.8659 1 ThAr
  4441.6084 1 ThAr
  4443.0863 1 ThAr
  4443.6657 1 ThAr
  4445.0338 1 ThAr
  4445.9012 1 ThAr
  4447.2296 1 ThAr
  4447.8346 1 ThAr
  4448.8792 1 ThAr
  4449.5206 1 ThAr
  4450.8040 1 ThAr
  4452.5655 1 ThAr
  4454.1392 1 ThAr
  4454.7738 1 ThAr
  4456.7080 1 ThAr
  4457.2362 1 ThAr
  4458.0015 1 ThAr
  4458.7384 1 ThAr
  4459.5477 1 ThAr
  4460.5574 1 ThAr
  4461.5278 1 ThAr
  4463.6660 1 ThAr
  4463.8346 1 ThAr
  4464.1386 1 ThAr
  4465.3406 1 ThAr
  4465.9751 1 ThAr
  4468.3208 1 ThAr
  4469.1891 1 ThAr
  4469.5253 1 ThAr
  4470.9906 1 ThAr
  4474.7594 1 ThAr
  4475.2214 1 ThAr
  4478.4032 1 ThAr
  4478.5958 1 ThAr
  4479.6376 1 ThAr
  4480.2661 1 ThAr
  4480.5453 1 ThAr
  4481.8107 1 ThAr
  4483.3468 1 ThAr
  4486.8973 1 ThAr
  4487.4955 1 ThAr
  4488.3123 1 ThAr
  4488.6803 1 ThAr
  4489.6645 1 ThAr
  4490.6715 1 ThAr
  4490.9816 1 ThAr
  4492.1007 1 ThAr
  4493.3337 1 ThAr
  4494.6907 1 ThAr
  4494.9616 1 ThAr
  4495.2378 1 ThAr
  4496.3155 1 ThAr
  4496.6381 1 ThAr
  4497.9144 1 ThAr
  4498.5384 1 ThAr
  4498.9401 1 ThAr
  4499.7037 1 ThAr
  4499.9832 1 ThAr
  4500.5769 1 ThAr
  4502.9268 1 ThAr
  4504.6306 1 ThAr
  4505.2167 1 ThAr
  4506.4730 1 ThAr
  4507.8339 1 ThAr
  4510.5259 1 ThAr
  4510.7332 1 ThAr
  4512.4832 1 ThAr
  4513.2231 1 ThAr
  4513.6799 1 ThAr
  4514.0573 1 ThAr
  4514.5503 1 ThAr
  4515.1182 1 ThAr
  4515.6274 1 ThAr
  4517.0352 1 ThAr
  4519.2592 1 ThAr
  4521.1939 1 ThAr
  4521.7407 1 ThAr
  4522.3230 1 ThAr
  4522.7839 1 ThAr
  4524.1289 1 ThAr
  4524.8379 1 ThAr
  4525.4456 1 ThAr
  4526.0286 1 ThAr
  4527.7086 1 ThAr
  4528.0208 1 ThAr
  4528.4097 1 ThAr
  4528.9740 1 ThAr
  4530.3191 1 ThAr
  4530.5523 1 ThAr
  4531.7134 1 ThAr
  4532.2577 1 ThAr
  4533.0770 1 ThAr
  4533.3042 1 ThAr
  4534.1198 1 ThAr
  4534.4025 1 ThAr
  4535.2546 1 ThAr
  4535.4903 1 ThAr
  4535.9798 1 ThAr
  4537.6426 1 ThAr
  4540.9990 1 ThAr
  4542.0513 1 ThAr
  4543.4153 1 ThAr
  4543.8692 1 ThAr
  4544.5142 1 ThAr
  4545.0519 1 ThAr
  4545.9156 1 ThAr
  4546.6757 1 ThAr
  4547.2498 1 ThAr
  4547.7589 1 ThAr
  4548.3261 1 ThAr
  4551.4736 1 ThAr
  4552.1536 1 ThAr
  4553.8376 1 ThAr
  4555.8127 1 ThAr
  4556.3872 1 ThAr
  4558.3458 1 ThAr
  4559.0571 1 ThAr
  4559.3120 1 ThAr
  4561.3477 1 ThAr
  4562.0803 1 ThAr
  4562.4756 1 ThAr
  4563.6609 1 ThAr
  4564.4054 1 ThAr
  4564.8354 1 ThAr
  4567.2403 1 ThAr
  4568.1426 1 ThAr
  4568.5235 1 ThAr
  4570.9722 1 ThAr
  4571.2195 1 ThAr
  4571.5312 1 ThAr
  4573.7038 1 ThAr
  4574.0279 1 ThAr
  4574.3058 1 ThAr
  4575.2338 1 ThAr
  4575.4259 1 ThAr
  4576.7405 1 ThAr
  4577.5822 1 ThAr
  4579.3495 1 ThAr
  4579.8272 1 ThAr
  4581.1732 1 ThAr
  4584.3671 1 ThAr
  4588.4261 1 ThAr
  4589.1222 1 ThAr
  4589.2668 1 ThAr
  4589.8978 0 ThAr
  4592.6660 1 ThAr
  4592.9675 1 ThAr
  4593.6437 1 ThAr
  4595.4206 1 ThAr
  4596.0967 1 ThAr
  4596.3078 1 ThAr
  4598.7627 1 ThAr
  4599.7046 1 ThAr
  4600.8717 1 ThAr
  4602.8862 1 ThAr
  4603.1446 1 ThAr
  4604.6529 1 ThAr
  4605.8237 1 ThAr
  4606.5021 1 ThAr
  4607.3780 1 ThAr
  4607.9347 1 ThAr
  4608.6201 1 ThAr
  4609.5673 1 ThAr
  4610.0809 1 ThAr
  4610.6272 1 ThAr
  4611.8597 1 ThAr
  4612.5435 1 ThAr
  4613.6044 1 ThAr
  4615.0240 1 ThAr
  4615.3340 1 ThAr
  4615.8838 1 ThAr
  4616.4523 1 ThAr
  4617.9065 1 ThAr
  4619.4794 1 ThAr
  4620.2408 1 ThAr
  4620.4476 1 ThAr
  4621.1629 1 ThAr
  4622.1209 1 ThAr
  4623.1169 1 ThAr
  4623.8911 1 ThAr
  4624.1365 1 ThAr
  4624.3140 1 ThAr
  4624.6776 1 ThAr
  4625.0538 1 ThAr
  4625.2747 1 ThAr
  4625.4938 1 ThAr
  4627.2980 1 ThAr
  4628.2015 1 ThAr
  4628.4409 1 ThAr
  4631.7617 1 ThAr
  4633.7657 1 ThAr
  4637.2328 1 ThAr
  4638.1259 1 ThAr
  4638.6849 1 ThAr
  4639.5188 1 ThAr
  4639.7036 1 ThAr
  4640.0462 1 ThAr
  4643.5566 1 ThAr
  4644.7072 1 ThAr
  4646.6861 1 ThAr
  4647.2509 1 ThAr
  4647.9564 1 ThAr
  4649.9777 1 ThAr
  4650.2343 1 ThAr
  4651.5552 1 ThAr
  4651.9895 1 ThAr
  4654.0057 1 ThAr
  4655.2126 1 ThAr
  4656.1849 1 ThAr
  4656.5518 1 ThAr
  4657.9012 1 ThAr
  4659.5698 1 ThAr
  4660.3941 1 ThAr
  4662.5936 1 ThAr
  4663.2026 1 ThAr
  4664.9704 1 ThAr
  4666.0050 1 ThAr
  4666.5158 1 ThAr
  4666.7985 1 ThAr
  4668.1716 1 ThAr
  4669.6658 1 ThAr
  4669.9842 1 ThAr
  4672.4372 1 ThAr
  4673.6609 1 ThAr
  4675.3760 1 ThAr
  4676.0555 1 ThAr
  4676.9721 1 ThAr
  4678.2352 1 ThAr
  4680.2377 1 ThAr
  4680.6460 1 ThAr
  4682.2319 1 ThAr
  4682.7322 1 ThAr
  4683.3517 1 ThAr
  4686.1946 1 ThAr
  4686.5715 1 ThAr
  4690.3343 1 ThAr
  4690.6219 1 ThAr
  4691.0516 1 ThAr
  4691.3452 1 ThAr
  4691.6354 1 ThAr
  4691.8842 1 ThAr
  4694.0914 1 ThAr
  4695.0381 1 ThAr
  4695.4542 1 ThAr
  4698.2248 1 ThAr
  4700.1402 1 ThAr
  4700.7711 1 ThAr
  4702.3161 1 ThAr
  4703.3581 1 ThAr
  4703.9898 1 ThAr
  4705.2986 1 ThAr
  4705.7606 1 ThAr
  4706.2511 1 ThAr
  4707.0450 1 ThAr
  4708.2940 1 ThAr
  4710.8238 1 ThAr
  4712.0056 1 ThAr
  4712.4814 1 ThAr
  4712.8408 1 ThAr
  4714.6715 1 ThAr
  4715.4308 1 ThAr
  4717.3905 1 ThAr
  4719.4424 1 ThAr
  4719.9795 1 ThAr
  4720.4586 1 ThAr
  4720.7811 1 ThAr
  4721.2765 1 ThAr
  4721.5910 1 ThAr
  4722.0886 1 ThAr
  4723.4382 1 ThAr
  4723.7840 1 ThAr
  4724.7723 1 ThAr
  4726.8683 1 ThAr
  4727.8491 1 ThAr
  4728.1330 1 ThAr
  4729.1282 1 ThAr
  4729.8795 1 ThAr
  4730.6593 1 ThAr
  4730.8815 1 ThAr
  4732.0532 1 ThAr
  4734.0458 1 ThAr
  4735.9058 1 ThAr
  4737.9172 1 ThAr
  4739.6764 1 ThAr
  4740.5292 1 ThAr
  4740.9585 1 ThAr
  4741.3039 1 ThAr
  4742.1174 1 ThAr
  4742.5671 1 ThAr
  4743.6870 1 ThAr
  4745.3375 1 ThAr
  4747.6176 1 ThAr
  4748.5911 1 ThAr
  4749.2002 1 ThAr
  4749.9713 1 ThAr
  4752.4141 1 ThAr
  4757.2196 1 ThAr
  4761.1101 1 ThAr
  4762.5242 1 ThAr
  4764.3463 1 ThAr
  4764.8646 1 ThAr
  4765.5950 1 ThAr
  4766.6006 1 ThAr
  4768.0578 1 ThAr
  4773.2410 1 ThAr
  4775.3130 1 ThAr
  4775.7940 1 ThAr
  4776.7792 1 ThAr
  4777.1915 1 ThAr
  4778.2940 1 ThAr
  4779.7286 1 ThAr
  4780.7505 1 ThAr
  4781.2902 1 ThAr
  4781.5260 1 ThAr
  4782.7612 1 ThAr
  4783.6389 1 ThAr
  4783.8617 1 ThAr
  4784.0396 1 ThAr
  4786.5310 1 ThAr
  4787.1480 1 ThAr
  4788.6781 1 ThAr
  4789.3868 1 ThAr
  4790.4373 1 ThAr
  4791.5157 1 ThAr
  4792.0819 1 ThAr
  4793.2446 1 ThAr
  4793.9052 1 ThAr
  4795.9131 1 ThAr
  4796.2429 1 ThAr
  4800.1724 1 ThAr
  4801.0517 1 ThAr
  4802.6714 1 ThAr
  4803.9559 1 ThAr
  4805.6063 1 ThAr
  4806.0205 1 ThAr
  4808.1337 1 ThAr
  4809.6140 1 ThAr
  4811.8710 1 ThAr
  4812.3755 1 ThAr
  4813.0069 1 ThAr
  4813.7204 1 ThAr
  4813.8963 1 ThAr
  4817.0206 1 ThAr
  4818.6477 1 ThAr
  4819.1930 1 ThAr
  4820.4649 1 ThAr
  4820.8847 1 ThAr
  4821.5878 1 ThAr
  4821.8646 1 ThAr
  4822.0140 1 ThAr
  4822.8548 1 ThAr
  4823.1823 1 ThAr
  4823.6058 1 ThAr
  4823.9967 1 ThAr
  4824.6484 1 ThAr
  4826.7004 1 ThAr
  4828.6596 1 ThAr
  4829.7973 1 ThAr
  4831.1213 1 ThAr
  4831.5975 1 ThAr
  4832.4233 1 ThAr
  4832.8025 1 ThAr
  4833.6759 1 ThAr
  4837.4121 1 ThAr
  4838.3546 1 ThAr
  4840.4744 1 ThAr
  4840.8492 1 ThAr
  4842.1676 1 ThAr
  4843.9413 1 ThAr
  4844.1653 1 ThAr
  4844.7553 1 ThAr
  4844.9251 1 ThAr
  4845.1626 1 ThAr
  4847.3263 1 ThAr
  4847.8095 1 ThAr
  4848.3625 1 ThAr
  4849.1399 1 ThAr
  4849.8617 1 ThAr
  4850.4397 1 ThAr
  4852.8685 1 ThAr
  4853.6087 1 ThAr
  4856.2756 1 ThAr
  4857.5385 1 ThAr
  4858.0944 1 ThAr
  4858.3327 1 ThAr
  4861.2167 1 ThAr
  4861.7173 1 ThAr
  4863.1724 1 ThAr
  4865.4775 1 ThAr
  4865.9100 1 ThAr
  4867.5560 1 ThAr
  4868.2742 1 ThAr
  4868.5277 1 ThAr
  4868.8814 1 ThAr
  4871.2890 1 ThAr
  4872.0309 1 ThAr
  4872.9169 1 ThAr
  4874.3645 1 ThAr
  4876.4949 1 ThAr
  4877.0015 1 ThAr
  4877.8128 1 ThAr
  4878.0094 1 ThAr
  4878.7330 1 ThAr
  4879.3497 1 ThAr
  4879.8635 1 ThAr
  4881.2046 1 ThAr
  4881.8531 1 ThAr
  4882.2432 1 ThAr
  4885.9843 1 ThAr
  4886.8661 1 ThAr
  4888.2612 1 ThAr
  4889.0422 1 ThAr
  4889.4903 1 ThAr
  4889.8553 1 ThAr
  4890.4582 1 ThAr
  4891.0379 1 ThAr
  4891.6606 1 ThAr
  4892.7592 1 ThAr
  4893.4453 1 ThAr
  4894.9551 1 ThAr
  4898.8044 1 ThAr
  4899.2401 1 ThAr
  4902.0545 1 ThAr
  4902.7943 1 ThAr
  4904.7516 1 ThAr
  4907.2093 1 ThAr
  4909.8431 1 ThAr
  4910.1576 1 ThAr
  4910.5488 1 ThAr
  4910.7929 1 ThAr
  4911.1358 0 ThAr
  4911.3787 1 ThAr
  4912.0428 1 ThAr
  4912.5293 1 ThAr
  4913.4789 1 ThAr
  4914.1210 1 ThAr
  4915.4155 1 ThAr
  4917.8220 1 ThAr
  4919.8157 1 ThAr
  4921.6134 1 ThAr
  4922.9442 1 ThAr
  4924.4223 1 ThAr
  4925.4254 1 ThAr
  4925.9501 1 ThAr
  4926.2529 1 ThAr
  4927.2988 1 ThAr
  4927.7803 1 ThAr
  4929.0860 1 ThAr
  4929.9850 1 ThAr
  4933.2091 1 ThAr
  4933.8521 1 ThAr
  4934.3306 1 ThAr
  4936.7746 1 ThAr
  4937.8295 1 ThAr
  4938.5047 1 ThAr
  4939.0605 1 ThAr
  4939.2707 1 ThAr
  4939.6422 1 ThAr
  4941.4160 1 ThAr
  4941.9174 1 ThAr
  4943.0642 1 ThAr
  4943.7076 1 ThAr
  4945.4587 1 ThAr
  4946.6637 1 ThAr
  4947.5752 1 ThAr
  4950.2513 1 ThAr
  4950.6264 1 ThAr
  4952.6908 1 ThAr
  4953.5320 1 ThAr
  4957.2963 1 ThAr
  4958.0988 1 ThAr
  4958.7240 1 ThAr
  4961.3814 1 ThAr
  4961.7260 1 ThAr
  4962.0621 1 ThAr
  4963.1881 1 ThAr
  4965.0795 1 ThAr
  4965.7315 1 ThAr
  4967.0628 1 ThAr
  4967.6529 1 ThAr
  4968.7556 1 ThAr
  4970.0785 1 ThAr
  4972.1597 1 ThAr
  4975.0917 1 ThAr
  4975.9485 1 ThAr
  4976.5938 1 ThAr
  4977.3906 1 ThAr
  4980.1859 1 ThAr
  4980.7561 1 ThAr
  4980.9513 1 ThAr
  4982.4875 1 ThAr
  4983.5324 1 ThAr
  4985.3725 1 ThAr
  4985.9486 1 ThAr
  4987.1470 1 ThAr
  4987.5582 1 ThAr
  4989.3086 1 ThAr
  4992.1257 1 ThAr
  4992.6372 1 ThAr
  4993.7488 1 ThAr
  4994.1058 1 ThAr
  4997.8189 1 ThAr
  4999.9398 1 ThAr
  5000.2463 1 ThAr
  5002.0972 1 ThAr
  5003.5981 1 ThAr
  5004.1279 1 ThAr
  5008.1897 1 ThAr
  5009.3344 1 ThAr
  5009.9367 1 ThAr
  5010.4174 1 ThAr
  5011.4774 1 ThAr
  5013.1647 1 ThAr
  5014.7539 1 ThAr
  5015.8893 1 ThAr
  5016.5356 1 ThAr
  5017.1628 1 ThAr
  5017.5084 1 ThAr
  5018.0535 1 ThAr
  5019.8062 1 ThAr
  5020.5458 1 ThAr
  5021.2531 1 ThAr
  5022.0051 1 ThAr
  5022.1740 1 ThAr
  5023.7084 1 ThAr
  5028.6556 1 ThAr
  5029.0119 1 ThAr
  5029.6295 1 ThAr
  5029.6370 1 ThAr
  5029.8916 1 ThAr
  5035.3375 1 ThAr
  5036.7284 1 ThAr
  5038.3018 1 ThAr
  5039.2303 1 ThAr
  5039.5265 1 ThAr
  5040.6805 1 ThAr
  5041.1224 1 ThAr
  5041.5998 1 ThAr
  5043.5145 1 ThAr
  5044.7195 1 ThAr
  5045.2481 1 ThAr
  5046.3527 1 ThAr
  5046.6372 1 ThAr
  5047.0434 1 ThAr
  5048.9366 1 ThAr
  5049.7960 1 ThAr
  5050.7842 1 ThAr
  5051.8887 1 ThAr
  5055.3473 1 ThAr
  5057.9866 1 ThAr
  5059.8611 1 ThAr
  5061.6562 1 ThAr
  5062.0371 1 ThAr
  5062.9325 1 ThAr
  5063.5157 1 ThAr
  5063.9988 1 ThAr
  5064.6020 1 ThAr
  5064.9454 1 ThAr
  5066.1355 1 ThAr
  5066.7773 1 ThAr
  5067.1379 1 ThAr
  5067.9737 1 ThAr
  5069.3384 1 ThAr
  5074.6465 1 ThAr
  5075.4659 1 ThAr
  5079.1374 1 ThAr
  5079.9079 1 ThAr
  5081.4462 1 ThAr
  5084.6994 1 ThAr
  5084.9935 1 ThAr
  5085.2955 1 ThAr
  5086.1774 1 ThAr
  5089.2192 1 ThAr
  5090.0513 1 ThAr
  5090.5455 1 ThAr
  5095.0639 1 ThAr
  5096.4848 1 ThAr
  5098.0432 1 ThAr
  5100.6211 1 ThAr
  5101.1299 1 ThAr
  5109.7331 1 ThAr
  5111.2781 1 ThAr
  5115.0448 1 ThAr
  5117.2923 1 ThAr
  5118.2023 1 ThAr
  5122.4995 1 ThAr
  5125.4895 1 ThAr
  5125.9502 1 ThAr
  5128.4897 1 ThAr
  5130.2338 1 ThAr
  5131.0720 1 ThAr
  5133.1051 1 ThAr
  5134.7460 1 ThAr
  5136.1210 1 ThAr
  5137.4733 1 ThAr
  5140.7736 1 ThAr
  5141.7827 1 ThAr
  5143.2673 1 ThAr
  5143.9165 1 ThAr
  5145.3083 1 ThAr
  5146.0557 1 ThAr
  5148.2115 1 ThAr
  5149.2069 1 ThAr
  5151.6120 1 ThAr
  5154.2430 1 ThAr
  5158.6041 1 ThAr
  5161.5396 1 ThAr
  5162.2846 1 ThAr
  5163.4584 1 ThAr
  5165.7728 1 ThAr
  5166.6553 1 ThAr
  5168.9225 1 ThAr
  5170.2227 1 ThAr
  5173.6715 1 ThAr
  5174.7988 1 ThAr
  5175.3248 1 ThAr
  5175.9115 1 ThAr
  5176.2292 1 ThAr
  5176.4037 1 ThAr
  5176.9610 1 ThAr
  5177.6228 1 ThAr
  5178.4800 1 ThAr
  5180.7209 1 ThAr
  5182.5269 1 ThAr
  5183.0897 1 ThAr
  5183.6044 1 ThAr
  5183.9896 1 ThAr
  5184.4534 1 ThAr
  5184.7315 1 ThAr
  5186.4132 1 ThAr
  5187.3374 1 ThAr
  5187.7462 1 ThAr
  5190.8720 1 ThAr
  5193.8256 1 ThAr
  5194.4576 1 ThAr
  5195.8136 1 ThAr
  5197.2360 1 ThAr
  5198.7999 1 ThAr
  5199.1637 1 ThAr
  5202.0087 1 ThAr
  5203.8479 1 ThAr
  5205.1522 1 ThAr
  5207.8015 1 ThAr
  5209.7246 1 ThAr
  5211.2305 1 ThAr
  5213.3492 1 ThAr
  5216.5966 1 ThAr
  5216.8139 1 ThAr
  5218.5271 1 ThAr
  5219.1099 1 ThAr
  5220.7068 1 ThAr
  5220.9263 1 ThAr
  5221.2710 1 ThAr
  5228.2246 1 ThAr
  5228.9951 1 ThAr
  5231.1597 1 ThAr
  5233.2254 1 ThAr
  5234.1069 1 ThAr
  5238.8137 1 ThAr
  5239.5520 1 ThAr
  5240.1968 1 ThAr
  5247.6547 1 ThAr
  5250.8727 1 ThAr
  5253.4441 1 ThAr
  5254.4648 1 ThAr
  5258.3602 1 ThAr
  5260.1041 1 ThAr
  5261.4720 1 ThAr
  5264.2332 1 ThAr
  5265.5514 1 ThAr
  5266.7103 1 ThAr
  5269.7927 1 ThAr
  5270.2660 1 ThAr
  5272.6439 1 ThAr
  5272.9270 1 ThAr
  5273.1317 1 ThAr
  5274.1188 1 ThAr
  5276.4089 1 ThAr
  5277.1460 1 ThAr
  5277.5002 1 ThAr
  5280.0855 1 ThAr
  5280.3441 1 ThAr
  5281.0687 1 ThAr
  5281.6285 1 ThAr
  5286.8870 1 ThAr
  5289.8974 1 ThAr
  5291.8163 1 ThAr
  5294.3971 1 ThAr
  5295.0886 1 ThAr
  5296.2787 1 ThAr
  5297.7431 1 ThAr
  5298.2824 1 ThAr
  5300.5234 1 ThAr
  5301.4043 1 ThAr
  5306.9864 1 ThAr
  5307.4655 1 ThAr
  5309.6093 1 ThAr
  5310.2665 1 ThAr
  5312.0018 1 ThAr
  5312.5288 1 ThAr
  5312.9045 1 ThAr
  5315.2278 1 ThAr
  5317.4944 1 ThAr
  5318.4268 1 ThAr
  5320.7699 1 ThAr
  5322.8988 1 ThAr
  5325.1438 1 ThAr
  5325.4317 1 ThAr
  5326.2774 1 ThAr
  5326.9756 1 ThAr
  5329.3745 1 ThAr
  5329.6979 1 ThAr
  5329.7559 1 ThAr
  5330.0804 1 ThAr
  5337.0154 1 ThAr
  5340.4982 1 ThAr
  5343.5812 1 ThAr
  5345.3117 1 ThAr
  5346.3778 1 ThAr
  5347.9714 1 ThAr
  5349.0054 1 ThAr
  5349.4608 1 ThAr
  5351.1265 1 ThAr
  5351.8365 1 ThAr
  5354.6016 1 ThAr
  5355.6365 1 ThAr
  5358.7059 1 ThAr
  5359.8269 1 ThAr
  5360.1501 1 ThAr
  5361.1556 1 ThAr
  5362.5751 1 ThAr
  5365.4705 1 ThAr
  5369.2819 1 ThAr
  5369.4470 1 ThAr
  5370.7096 1 ThAr
  5372.7027 1 ThAr
  5373.4943 1 ThAr
  5374.8219 1 ThAr
  5375.3526 1 ThAr
  5375.7688 1 ThAr
  5376.1304 1 ThAr
  5376.7809 1 ThAr
  5378.8356 1 ThAr
  5379.1105 1 ThAr
  5381.3709 1 ThAr
  5382.9276 1 ThAr
  5384.0356 1 ThAr
  5386.6107 1 ThAr
  5388.0507 1 ThAr
  5392.5726 1 ThAr
  5393.5995 1 ThAr
  5393.9719 1 ThAr
  5394.7608 1 ThAr
  5397.5160 1 ThAr
  5398.7015 1 ThAr
  5398.9219 1 ThAr
  5399.1745 1 ThAr
  5399.6218 1 ThAr
  5400.1455 1 ThAr
  5402.6048 1 ThAr
  5403.1993 1 ThAr
  5406.7553 1 ThAr
  5407.3439 1 ThAr
  5407.6535 1 ThAr
  5410.7687 1 ThAr
  5415.5226 1 ThAr
  5417.4858 1 ThAr
  5419.1285 1 ThAr
  5421.3517 1 ThAr
  5421.6628 1 ThAr
  5421.8359 1 ThAr
  5424.0079 1 ThAr
  5425.6783 1 ThAr
  5426.4075 1 ThAr
  5429.1048 1 ThAr
  5431.1120 1 ThAr
  5432.7650 1 ThAr
  5433.2919 1 ThAr
  5433.7005 1 ThAr
  5434.1514 1 ThAr
  5435.1229 1 ThAr
  5435.7236 1 ThAr
  5435.8925 1 ThAr
  5437.3877 1 ThAr
  5438.1374 1 ThAr
  5439.9891 1 ThAr
  5440.6015 1 ThAr
  5441.2145 1 ThAr
  5442.2477 1 ThAr
  5443.1187 1 ThAr
  5443.6893 1 ThAr
  5447.1536 1 ThAr
  5448.2719 1 ThAr
  5449.4788 1 ThAr
  5451.6520 1 ThAr
  5452.2187 1 ThAr
  5455.1524 1 ThAr
  5458.9676 1 ThAr
  5461.7358 1 ThAr
  5462.6129 1 ThAr
  5464.2055 1 ThAr
  5467.1704 1 ThAr
  5470.7591 1 ThAr
  5477.5522 1 ThAr
  5479.0751 1 ThAr
  5480.8907 1 ThAr
  5484.1467 1 ThAr
  5487.8414 1 ThAr
  5488.6287 1 ThAr
  5488.9254 1 ThAr
  5489.0885 1 ThAr
  5490.1194 1 ThAr
  5492.6435 1 ThAr
  5493.2040 1 ThAr
  5494.3306 1 ThAr
  5495.8738 1 ThAr
  5496.1370 1 ThAr
  5498.1841 1 ThAr
  5499.2554 1 ThAr
  5499.6478 1 ThAr
  5501.2814 1 ThAr
  5501.9439 1 ThAr
  5504.3018 1 ThAr
  5506.1128 1 ThAr
  5506.9196 1 ThAr
  5507.5385 1 ThAr
  5508.5585 1 ThAr
  5509.9938 1 ThAr
  5514.8731 1 ThAr
  5518.9893 1 ThAr
  5519.2353 1 ThAr
  5521.7532 1 ThAr
  5524.5824 0 ThAr
  5524.9570 1 ThAr
  5527.2953 1 ThAr
  5528.2272 1 ThAr
  5529.0972 1 ThAr
  5530.0763 1 ThAr
  5530.6977 1 ThAr
  5535.9710 1 ThAr
  5537.5563 1 ThAr
  5538.6087 0 ThAr
  5539.2618 1 ThAr
  5539.9106 1 ThAr
  5541.1466 1 ThAr
  5541.5815 1 ThAr
  5541.9357 1 ThAr
  5542.8900 1 ThAr
  5545.0495 1 ThAr
  5545.8058 1 ThAr
  5546.1204 1 ThAr
  5547.1339 1 ThAr
  5548.1758 1 ThAr
  5551.3719 1 ThAr
  5552.6229 1 ThAr
  5555.5312 1 ThAr
  5556.1487 1 ThAr
  5557.0454 0 ThAr
  5557.9214 1 ThAr
  5558.3422 1 ThAr
  5558.7020 1 ThAr
  5559.8912 1 ThAr
  5564.2011 1 ThAr
  5567.9986 1 ThAr
  5570.9268 0 ThAr
  5571.1913 1 ThAr
  5572.0951 1 ThAr
  5572.4649 0 ThAr
  5573.3535 1 ThAr
  5574.9153 1 ThAr
  5576.2045 1 ThAr
  5577.6845 1 ThAr
  5579.3583 1 ThAr
  5580.0771 1 ThAr
  5580.7547 1 ThAr
  5581.9668 0 ThAr
  5582.8665 1 ThAr
  5583.7621 1 ThAr
  5585.8472 1 ThAr
  5587.0263 1 ThAr
  5587.7351 1 ThAr
  5588.7506 0 ThAr
  5590.1127 1 ThAr
  5593.6129 1 ThAr
  5594.4604 1 ThAr
  5595.0635 1 ThAr
  5597.4756 1 ThAr
  5598.4794 1 ThAr
  5599.6548 1 ThAr
  5601.1216 1 ThAr
  5601.6032 1 ThAr
  5602.8630 1 ThAr
  5604.5154 1 ThAr
  5606.3861 1 ThAr
  5606.7330 1 ThAr
  5609.5735 1 ThAr
  5610.6809 1 ThAr
  5612.0679 1 ThAr
  5612.6174 1 ThAr
  5615.3195 1 ThAr
  5616.6908 0 ThAr
  5617.2897 1 ThAr
  5617.6417 1 ThAr
  5619.9755 1 ThAr
  5624.9129 1 ThAr
  5625.6782 1 ThAr
  5630.2969 1 ThAr
  5633.2950 1 ThAr
  5635.8792 1 ThAr
  5639.7461 1 ThAr
  5641.5575 0 ThAr
  5641.7342 1 ThAr
  5645.5249 0 ThAr
  5645.6688 0 ThAr
  5645.8947 0 ThAr
  5646.4514 1 ThAr
  5647.7069 1 ThAr
  5648.6863 0 ThAr
  5648.9910 1 ThAr
  5650.7043 1 ThAr
  5652.9020 1 ThAr
  5654.0234 1 ThAr
  5654.5185 0 ThAr
  5655.4897 0 ThAr
  5657.9255 1 ThAr
  5659.1272 1 ThAr
  5660.6594 1 ThAr
  5663.0420 1 ThAr
  5664.6210 1 ThAr
  5665.1799 1 ThAr
  5665.6283 1 ThAr
  5666.4185 1 ThAr
  5667.1281 1 ThAr
  5673.8358 1 ThAr
  5674.9864 0 ThAr
  5677.0529 1 ThAr
  5679.0050 0 ThAr
  5681.9001 1 ThAr
  5685.1921 1 ThAr
  5687.3489 1 ThAr
  5690.6934 1 ThAr
  5691.6612 1 ThAr
  5696.3904 1 ThAr
  5698.2937 1 ThAr
  5700.9176 1 ThAr
  5702.6511 1 ThAr
  5705.6371 1 ThAr
  5707.1033 1 ThAr
  5708.6794 1 ThAr
  5715.7244 0 ThAr
  5717.1711 1 ThAr
  5719.6227 1 ThAr
  5720.1828 1 ThAr
  5724.2374 0 ThAr
  5724.4638 0 ThAr
  5725.3885 1 ThAr
  5727.7103 1 ThAr
  5729.9823 1 ThAr
  5736.0297 1 ThAr
  5739.5196 1 ThAr
  5741.1705 1 ThAr
  5741.8290 1 ThAr
  5742.0838 1 ThAr
  5747.1931 0 ThAr
  5747.3849 0 ThAr
  5748.7412 1 ThAr
  5749.3883 1 ThAr
  5749.7862 1 ThAr
  5753.0265 1 ThAr
  5760.5508 1 ThAr
  5762.7941 1 ThAr
  5763.5290 1 ThAr
  5767.7785 1 ThAr
  5768.1812 1 ThAr
  5771.7601 1 ThAr
  5772.1143 1 ThAr
  5773.9463 1 ThAr
  5777.4006 1 ThAr
  5779.8352 1 ThAr
  5789.6451 1 ThAr
  5792.4304 1 ThAr
  5796.0683 1 ThAr
  5797.3194 1 ThAr
  5798.4780 1 ThAr
  5800.8297 1 ThAr
  5802.0798 1 ThAr
  5804.1412 1 ThAr
  5805.7017 1 ThAr
  5807.6814 1 ThAr
  5808.6569 1 ThAr
  5812.9725 0 ThAr
  5815.4219 1 ThAr
  5818.4495 1 ThAr
  5819.6027 1 ThAr
  5822.7933 1 ThAr
  5826.2722 1 ThAr
  5829.1097 1 ThAr
  5829.8625 1 ThAr
  5830.8272 1 ThAr
  5832.3705 1 ThAr
  5834.2633 1 ThAr
  5838.9502 1 ThAr
  5839.8514 1 ThAr
  5840.6404 1 ThAr
  5842.0500 1 ThAr
  5843.8069 1 ThAr
  5844.7909 1 ThAr
  5845.9188 1 ThAr
  5852.6806 1 ThAr
  5853.4745 1 ThAr
  5854.1207 1 ThAr
  5855.4986 1 ThAr
  5857.4491 1 ThAr
  5860.3103 1 ThAr
  5863.7184 1 ThAr
  5866.8119 1 ThAr
  5868.3745 1 ThAr
  5869.8507 1 ThAr
  5870.5526 1 ThAr
  5871.1828 1 ThAr
  5872.6028 1 ThAr
  5874.0383 1 ThAr
  5874.3513 1 ThAr
  5874.9865 1 ThAr
  5879.1265 0 ThAr
  5882.6242 1 ThAr
  5884.0331 0 ThAr
  5885.7016 1 ThAr
  5886.5314 1 ThAr
  5888.2622 1 ThAr
  5888.5841 1 ThAr
  5889.9531 1 ThAr
  5891.4510 1 ThAr
  5894.6979 1 ThAr
  5895.2818 1 ThAr
  5896.3631 1 ThAr
  5899.8441 1 ThAr
  5902.6021 1 ThAr
  5904.1592 1 ThAr
  5905.1763 1 ThAr
  5905.5707 1 ThAr
  5911.2296 1 ThAr
  5912.0853 1 ThAr
  5913.3638 1 ThAr
  5914.3856 1 ThAr
  5914.6709 1 ThAr
  5916.7282 0 ThAr
  5918.9442 1 ThAr
  5925.4036 1 ThAr
  5927.1258 0 ThAr
  5928.8130 1 ThAr
  5929.9343 1 ThAr
  5932.4274 0 ThAr
  5936.3861 1 ThAr
  5937.1619 1 ThAr
  5937.6634 0 ThAr
  5938.4570 0 ThAr
  5938.8252 1 ThAr
  5940.5653 0 ThAr
  5942.3585 1 ThAr
  5943.4653 0 ThAr
  5944.6472 0 ThAr
  5946.2347 1 ThAr
  5948.7991 1 ThAr
  5954.5852 0 ThAr
  5955.5616 1 ThAr
  5956.2588 1 ThAr
  5960.7806 1 ThAr
  5964.4723 1 ThAr
  5968.3199 1 ThAr
  5969.7373 1 ThAr
  5971.6008 1 ThAr
  5972.4351 1 ThAr
  5973.6649 1 ThAr
  5975.0648 1 ThAr
  5976.2005 0 ThAr
  5981.8846 1 ThAr
  5982.0960 1 ThAr
  5986.2665 1 ThAr
  5987.3016 1 ThAr
  5989.0447 1 ThAr
  5991.0071 1 ThAr
  5993.4941 1 ThAr
  5994.1287 1 ThAr
  5996.6297 1 ThAr
  5998.9987 1 ThAr
  6001.2033 1 ThAr
  6001.7339 1 ThAr
  6005.1650 1 ThAr
  6005.7242 1 ThAr
  6007.0722 1 ThAr
  6010.1606 1 ThAr
  6011.5337 1 ThAr
  6013.6777 1 ThAr
  6015.4218 1 ThAr
  6016.3589 1 ThAr
  6018.9934 1 ThAr
  6020.2715 1 ThAr
  6021.0357 1 ThAr
  6021.4113 1 ThAr
  6023.2242 1 ThAr
  6025.1500 1 ThAr
  6026.0448 1 ThAr
  6028.2713 0 ThAr
  6029.2257 1 ThAr
  6029.6500 1 ThAr
  6030.4450 1 ThAr
  6032.1274 1 ThAr
  6032.8726 0 ThAr
  6035.1923 1 ThAr
  6036.7622 1 ThAr
  6037.6975 1 ThAr
  6038.6805 1 ThAr
  6042.5898 1 ThAr
  6043.2233 1 ThAr
  6044.4327 1 ThAr
  6046.8977 1 ThAr
  6049.0510 1 ThAr
  6050.9818 1 ThAr
  6052.7229 1 ThAr
  6053.3808 1 ThAr
  6055.5937 1 ThAr
  6058.1813 1 ThAr
  6059.3725 1 ThAr
  6061.5361 0 ThAr
  6064.7508 1 ThAr
  6065.7799 1 ThAr
  6067.0803 1 ThAr
  6069.0207 1 ThAr
  6070.3412 1 ThAr
  6073.1036 1 ThAr
  6077.1057 1 ThAr
  6077.8728 1 ThAr
  6078.4212 1 ThAr
  6079.2227 1 ThAr
  6081.2433 1 ThAr
  6085.3748 0 ThAr
  6085.8797 0 ThAr
  6087.2622 1 ThAr
  6088.0305 1 ThAr
  6090.4482 1 ThAr
  6097.1945 1 ThAr
  6098.1205 1 ThAr
  6098.8031 1 ThAr
  6099.0831 1 ThAr
  6099.9886 0 ThAr
  6101.7251 1 ThAr
  6105.6351 1 ThAr
  6107.5337 1 ThAr
  6112.8375 1 ThAr
  6113.4657 1 ThAr
  6114.5392 1 ThAr
  6114.9234 1 ThAr
  6116.1661 1 ThAr
  6119.6998 1 ThAr
  6120.5564 1 ThAr
  6121.4075 1 ThAr
  6122.2144 1 ThAr
  6123.3619 1 ThAr
  6123.8331 1 ThAr
  6124.0687 0 ThAr
  6124.4805 1 ThAr
  6125.7396 1 ThAr
  6127.4160 1 ThAr
  6129.5458 1 ThAr
  6133.8143 1 ThAr
  6137.9260 1 ThAr
  6138.6465 1 ThAr
  6144.7581 1 ThAr
  6145.4411 1 ThAr
  6150.6830 1 ThAr
  6151.9929 1 ThAr
  6154.0682 1 ThAr
  6154.5162 1 ThAr
  6155.2385 1 ThAr
  6155.5810 1 ThAr
  6157.0878 1 ThAr
  6161.3534 1 ThAr
  6162.1700 1 ThAr
  6162.9699 0 ThAr
  6164.4796 1 ThAr
  6165.1232 1 ThAr
  6169.8221 1 ThAr
  6170.1740 1 ThAr
  6172.2778 1 ThAr
  6173.0964 1 ThAr
  6178.4315 1 ThAr
  6180.7050 1 ThAr
  6182.6217 1 ThAr
  6187.1350 1 ThAr
  6188.1251 1 ThAr
  6189.1449 0 ThAr
  6191.9053 1 ThAr
  6193.8563 1 ThAr
  6198.2227 1 ThAr
  6200.4325 1 ThAr
  6201.1002 1 ThAr
  6203.4925 1 ThAr
  6205.8599 1 ThAr
  6207.2201 1 ThAr
  6207.7504 1 ThAr
  6208.6869 0 ThAr
  6215.9383 1 ThAr
  6220.0112 1 ThAr
  6221.3192 1 ThAr
  6224.5272 1 ThAr
  6226.3697 1 ThAr
  6232.9745 1 ThAr
  6234.1962 0 ThAr
  6234.8554 1 ThAr
  6239.7121 1 ThAr
  6240.9536 1 ThAr
  6243.1201 0 ThAr
  6245.0409 1 ThAr
  6245.6182 1 ThAr
  6246.1736 1 ThAr
  6248.4055 1 ThAr
  6250.4858 1 ThAr
  6257.4237 1 ThAr
  6258.6068 1 ThAr
  6261.4181 1 ThAr
  6264.7139 1 ThAr
  6265.6036 0 ThAr
  6266.1737 1 ThAr
  6268.2001 1 ThAr
  6271.5444 1 ThAr
  6274.1166 0 ThAr
  6276.1646 1 ThAr
  6277.2385 1 ThAr
  6278.6453 1 ThAr
  6279.1660 1 ThAr
  6279.9776 1 ThAr
  6285.2780 1 ThAr
  6286.0453 1 ThAr
  6287.2554 1 ThAr
  6289.4882 1 ThAr
  6291.1915 1 ThAr
  6291.6286 1 ThAr
  6292.0601 1 ThAr
  6292.8909 1 ThAr
  6293.2424 1 ThAr
  6296.8722 1 ThAr
  6298.9027 1 ThAr
  6300.9165 1 ThAr
  6301.4128 1 ThAr
  6303.2507 1 ThAr
  6304.2423 1 ThAr
  6307.6570 1 ThAr
  6309.1600 1 ThAr
  6310.8101 1 ThAr
  6312.6222 1 ThAr
  6314.2693 1 ThAr
  6315.7750 1 ThAr
  6317.1824 1 ThAr
  6321.3004 1 ThAr
  6321.8199 1 ThAr
  6324.3978 1 ThAr
  6326.3669 1 ThAr
  6327.2778 1 ThAr
  6331.4137 1 ThAr
  6332.5118 1 ThAr
  6333.1459 1 ThAr
  6335.4060 1 ThAr
  6337.6201 1 ThAr
  6339.6684 1 ThAr
  6342.8595 1 ThAr
  6346.1209 1 ThAr
  6348.2321 1 ThAr
  6348.7375 1 ThAr
  6355.6300 1 ThAr
  6355.9108 1 ThAr
  6357.0229 1 ThAr
  6357.6779 1 ThAr
  6358.6211 1 ThAr
  6359.1345 1 ThAr
  6359.6744 1 ThAr
  6362.2518 1 ThAr
  6364.8937 1 ThAr
  6369.1394 1 ThAr
  6369.5748 1 ThAr
  6371.9436 1 ThAr
  6376.9305 1 ThAr
  6378.7604 1 ThAr
  6379.6733 1 ThAr
  6381.3598 1 ThAr
  6381.7588 1 ThAr
  6384.7169 1 ThAr
  6387.3957 1 ThAr
  6388.8134 1 ThAr
  6389.3900 1 ThAr
  6390.1289 1 ThAr
  6391.1774 1 ThAr
  6392.3685 1 ThAr
  6393.7972 1 ThAr
  6394.0498 1 ThAr
  6394.7289 1 ThAr
  6396.9499 1 ThAr
  6399.2065 1 ThAr
  6399.9498 1 ThAr
  6400.6961 1 ThAr
  6403.0128 1 ThAr
  6406.4462 1 ThAr
  6411.8991 1 ThAr
  6413.6145 1 ThAr
  6415.5374 1 ThAr
  6416.3071 1 ThAr
  6418.3703 1 ThAr
  6422.1075 1 ThAr
  6422.8969 1 ThAr
  6424.8127 1 ThAr
  6428.7733 1 ThAr
  6431.5550 1 ThAr
  6436.6699 1 ThAr
  6437.7613 1 ThAr
  6438.3095 1 ThAr
  6438.9160 1 ThAr
  6439.0715 1 ThAr
  6441.8994 1 ThAr
  6443.8598 1 ThAr
  6445.6407 1 ThAr
  6446.7712 1 ThAr
  6450.0060 1 ThAr
  6450.9557 1 ThAr
  6452.0591 1 ThAr
  6455.2647 1 ThAr
  6457.2824 1 ThAr
  6460.4750 1 ThAr
  6461.0596 1 ThAr
  6467.6754 1 ThAr
  6471.2131 1 ThAr
  6483.0825 1 ThAr
  6485.3759 1 ThAr
  6487.4811 1 ThAr
  6488.8832 1 ThAr
  6490.7372 1 ThAr
  6493.1975 1 ThAr
  6493.7777 1 ThAr
  6493.9694 1 ThAr
  6495.2573 1 ThAr
  6496.0292 1 ThAr
  6497.4919 1 ThAr
  6499.1061 1 ThAr
  6499.6456 1 ThAr
  6500.6575 1 ThAr
  6501.3608 1 ThAr
  6501.9919 1 ThAr
  6503.5111 1 ThAr
  6506.9868 1 ThAr
  6508.3605 1 ThAr
  6509.0503 1 ThAr
  6512.3639 1 ThAr
  6513.8462 1 ThAr
  6522.0432 1 ThAr
  6522.4994 1 ThAr
  6531.3418 1 ThAr
  6534.6056 1 ThAr
  6536.1441 1 ThAr
  6537.1775 1 ThAr
  6537.6139 1 ThAr
  6538.1120 1 ThAr
  6542.0498 1 ThAr
  6545.7186 1 ThAr
  6550.1877 1 ThAr
  6551.7055 1 ThAr
  6554.1603 1 ThAr
  6558.8756 1 ThAr
  6560.0574 1 ThAr
  6564.4445 1 ThAr
  6565.0700 1 ThAr
  6569.6322 1 ThAr
  6576.1221 1 ThAr
  6577.2146 1 ThAr
  6577.6552 1 ThAr
  6580.2299 1 ThAr
  6583.9060 1 ThAr
  6584.6130 1 ThAr
  6585.6945 1 ThAr
  6588.5396 1 ThAr
  6591.4845 1 ThAr
  6593.4628 1 ThAr
  6593.9391 1 ThAr
  6596.1141 1 ThAr
  6598.6778 1 ThAr
  6599.4824 1 ThAr
  6600.7311 1 ThAr
  6602.7620 1 ThAr
  6603.6209 1 ThAr
  6604.8534 1 ThAr
  6605.4165 1 ThAr
  6613.3740 1 ThAr
  6617.0580 1 ThAr
  6617.5154 1 ThAr
  6618.1668 1 ThAr
  6619.9458 1 ThAr
  6620.9665 1 ThAr
  6632.0837 1 ThAr
  6633.4579 1 ThAr
  6638.2207 1 ThAr
  6638.9119 1 ThAr
  6639.7403 1 ThAr
  6643.6976 1 ThAr
  6644.6635 1 ThAr
  6646.5407 1 ThAr
  6648.4954 1 ThAr
  6648.9586 1 ThAr
  6654.3675 1 ThAr
  6655.4892 1 ThAr
  6656.9386 1 ThAr
  6658.6774 1 ThAr
  6660.6761 1 ThAr
  6662.2686 1 ThAr
  6663.6966 1 ThAr
  6664.0510 1 ThAr
  6666.3588 1 ThAr
  6668.8163 1 ThAr
  6673.5797 1 ThAr
  6674.6969 1 ThAr
  6677.2817 1 ThAr
  6678.7067 1 ThAr
  6680.0811 1 ThAr
  6683.3673 1 ThAr
  6684.2929 1 ThAr
  6687.5207 1 ThAr
  6692.7262 1 ThAr
  6694.0068 1 ThAr
  6694.4967 1 ThAr
  6696.1400 1 ThAr
  6697.7123 1 ThAr
  6700.7499 1 ThAr
  6711.2521 1 ThAr
  6713.9700 1 ThAr
  6717.3851 1 ThAr
  6719.1995 1 ThAr
  6722.8899 1 ThAr
  6726.3091 1 ThAr
  6727.4583 1 ThAr
  6728.1183 1 ThAr
  6728.7595 1 ThAr
  6729.9328 1 ThAr
  6732.6491 1 ThAr
  6733.7488 1 ThAr
  6738.1800 1 ThAr
  6741.9212 1 ThAr
  6742.8845 1 ThAr
  6746.1355 1 ThAr
  6751.4267 1 ThAr
  6752.8335 1 ThAr
  6753.6598 1 ThAr
  6756.4528 1 ThAr
  6757.1092 1 ThAr
  6758.2035 1 ThAr
  6766.6117 1 ThAr
  6770.1069 1 ThAr
  6772.1745 1 ThAr
  6773.0973 1 ThAr
  6778.3123 1 ThAr
  6779.3242 1 ThAr
  6780.1252 1 ThAr
  6780.4131 1 ThAr
  6787.7364 1 ThAr
  6788.8403 1 ThAr
  6791.2351 1 ThAr
  6795.7982 1 ThAr
  6798.4868 1 ThAr
  6800.4645 1 ThAr
  6807.3190 1 ThAr
  6808.5311 1 ThAr
  6809.1000 1 ThAr
  6809.3173 1 ThAr
  6809.5094 1 ThAr
  6809.6773 1 ThAr
  6810.5494 1 ThAr
  6812.4915 1 ThAr
  6812.7752 1 ThAr
  6815.6123 1 ThAr
  6823.5084 1 ThAr
  6824.6774 1 ThAr
  6827.2488 1 ThAr
  6829.0355 1 ThAr
  6829.3472 1 ThAr
  6832.8927 1 ThAr
  6834.9246 1 ThAr
  6839.2949 1 ThAr
  6846.4790 1 ThAr
  6851.8842 1 ThAr
  6852.3545 1 ThAr
  6853.5234 1 ThAr
  6854.1093 1 ThAr
  6854.5128 1 ThAr
  6855.3150 1 ThAr
  6855.6891 1 ThAr
  6861.2688 1 ThAr
  6862.8685 1 ThAr
  6863.5350 1 ThAr
  6866.3666 1 ThAr
  6866.7634 1 ThAr
  6868.4508 1 ThAr
  6871.2891 1 ThAr
  6874.7530 1 ThAr
  6879.5824 1 ThAr
  6882.8114 1 ThAr
  6886.4082 1 ThAr
  6887.0881 1 ThAr
  6888.1742 1 ThAr
  6889.3032 1 ThAr
  6892.2502 1 ThAr
  6894.2303 1 ThAr
  6900.7632 1 ThAr
  6902.2105 1 ThAr
  6908.9905 1 ThAr
  6909.8491 1 ThAr
  6911.2264 1 ThAr
  6914.7127 1 ThAr
  6916.1289 1 ThAr
  6920.0394 1 ThAr
  6925.0094 1 ThAr
  6936.6528 1 ThAr
  6937.6642 1 ThAr
  6942.5380 1 ThAr
  6943.6105 1 ThAr
  6945.4902 1 ThAr
  6946.2134 1 ThAr
  6951.4776 1 ThAr
  6952.9666 1 ThAr
  6954.6560 1 ThAr
  6955.3150 1 ThAr
  6960.2500 1 ThAr
  6962.3117 1 ThAr
  6965.4307 1 ThAr
  6969.2976 1 ThAr
  6981.0831 1 ThAr
  6985.4718 1 ThAr
  6986.0298 1 ThAr
  6989.6553 1 ThAr
  6992.2126 1 ThAr
  6992.6966 1 ThAr
  6993.0371 1 ThAr
  6993.9873 1 ThAr
  6996.7573 1 ThAr
  6999.6238 1 ThAr
  7000.8036 1 ThAr
  7002.8829 1 ThAr
  7007.0961 1 ThAr
  7014.9689 1 ThAr
  7015.3172 1 ThAr
  7018.5675 1 ThAr
  7020.4841 1 ThAr
  7021.2832 1 ThAr
  7025.2251 1 ThAr
  7026.4616 1 ThAr
  7028.0228 1 ThAr
  7030.2514 1 ThAr
  7032.9310 1 ThAr
  7036.2831 1 ThAr
  7038.7202 1 ThAr
  7045.7970 1 ThAr
  7053.6196 1 ThAr
  7054.4177 1 ThAr
  7058.4895 1 ThAr
  7059.5253 1 ThAr
  7060.0417 1 ThAr
  7060.6538 1 ThAr
  7061.3942 1 ThAr
  7064.4515 1 ThAr
  7067.2181 1 ThAr
  7068.7358 1 ThAr
  7071.0942 1 ThAr
  7071.4800 1 ThAr
  7072.3939 1 ThAr
  7074.2563 1 ThAr
  7075.3336 1 ThAr
  7077.3690 1 ThAr
  7084.1690 1 ThAr
  7086.7044 1 ThAr
  7088.8232 1 ThAr
  7089.3395 1 ThAr
  7100.5144 1 ThAr
  7107.4778 1 ThAr
  7109.1819 1 ThAr
  7109.8602 1 ThAr
  7112.9189 1 ThAr
  7113.9879 1 ThAr
  7114.3984 1 ThAr
  7124.5607 1 ThAr
  7125.8200 1 ThAr
  7130.1846 1 ThAr
  7130.7236 1 ThAr
  7131.3586 1 ThAr
  7132.6100 1 ThAr
  7140.4617 1 ThAr
  7142.3310 1 ThAr
  7147.0416 1 ThAr
  7148.5589 1 ThAr
  7150.2844 1 ThAr
  7153.5877 1 ThAr
  7156.9416 1 ThAr
  7158.8387 1 ThAr
  7159.9470 1 ThAr
  7162.5569 1 ThAr
  7167.2028 1 ThAr
  7168.8952 1 ThAr
  7170.3607 1 ThAr
  7173.3725 1 ThAr
  7176.1860 1 ThAr
  7176.7213 1 ThAr
  7188.5320 1 ThAr
  7191.1328 1 ThAr
  7200.0454 1 ThAr
  7201.8091 1 ThAr
  7202.1910 1 ThAr
  7202.5166 1 ThAr
  7206.4830 1 ThAr
  7206.9804 1 ThAr
  7208.0063 1 ThAr
  7212.6896 1 ThAr
  7218.0542 1 ThAr
  7219.1515 1 ThAr
  7220.9809 1 ThAr
  7225.1099 1 ThAr
  7229.9380 1 ThAr
  7229.9386 1 ThAr
  7230.8623 1 ThAr
  7233.5365 1 ThAr
  7240.1848 1 ThAr
  7242.0919 1 ThAr
  7244.6965 1 ThAr
  7246.1277 1 ThAr
  7250.5895 1 ThAr
  7253.6760 1 ThAr
  7255.3541 1 ThAr
  7256.9860 1 ThAr
  7258.1770 1 ThAr
  7265.1724 1 ThAr
  7270.6636 1 ThAr
  7272.9359 1 ThAr
  7284.9033 1 ThAr
  7285.4437 1 ThAr
  7296.2659 1 ThAr
  7298.1434 1 ThAr
  7305.4043 1 ThAr
  7311.7159 1 ThAr
  7315.0661 1 ThAr
  7316.0050 1 ThAr
  7323.2106 1 ThAr
  7324.8073 1 ThAr
  7326.1491 1 ThAr
  7328.2850 1 ThAr
  7329.4916 1 ThAr
  7335.5772 1 ThAr
  7339.6035 1 ThAr
  7341.1515 1 ThAr
  7342.5769 1 ThAr
  7345.3996 1 ThAr
  7346.3428 1 ThAr
  7348.0530 1 ThAr
  7350.8140 1 ThAr
  7353.2930 1 ThAr
  7358.3449 1 ThAr
  7361.3472 1 ThAr
  7370.8255 1 ThAr
  7372.1184 1 ThAr
  7376.8772 1 ThAr
  7380.4263 1 ThAr
  7383.9805 1 ThAr
  7385.5006 1 ThAr
  7392.9801 1 ThAr
  7393.4377 1 ThAr
  7402.2521 1 ThAr
  7410.9683 1 ThAr
  7411.7363 1 ThAr
  7412.3368 1 ThAr
  7417.7908 1 ThAr
  7418.5499 1 ThAr
  7422.3118 1 ThAr
  7423.8044 1 ThAr
  7425.2942 1 ThAr
  7428.9405 1 ThAr
  7430.2533 1 ThAr
  7435.3683 1 ThAr
  7436.2970 1 ThAr
  7440.4933 1 ThAr
  7444.7489 1 ThAr
  7447.8488 1 ThAr
  7455.2080 1 ThAr
  7458.7541 1 ThAr
  7461.8746 1 ThAr
  7462.9910 1 ThAr
  7469.0566 1 ThAr
  7471.1641 1 ThAr
  7481.3545 1 ThAr
  7483.6256 1 ThAr
  7484.3267 1 ThAr
  7487.9738 1 ThAr
  7493.4276 1 ThAr
  7495.5641 1 ThAr
  7499.0024 1 ThAr
  7500.6556 1 ThAr
  7503.8691 1 ThAr
  7508.4787 1 ThAr
  7510.4082 1 ThAr
  7511.3498 1 ThAr
  7511.7902 1 ThAr
  7514.6518 1 ThAr
  7518.7824 1 ThAr
  7523.1347 1 ThAr
  7525.5079 1 ThAr
  7528.4892 1 ThAr
  7531.1437 1 ThAr
  7536.4365 1 ThAr
  7537.4287 1 ThAr
  7549.3138 1 ThAr
  7555.3254 1 ThAr
  7565.8515 1 ThAr
  7566.5296 1 ThAr
  7567.7417 1 ThAr
  7569.5115 1 ThAr
  7570.5590 1 ThAr
  7571.0326 1 ThAr
  7573.3437 1 ThAr
  7589.3151 1 ThAr
  7598.2054 1 ThAr
  7607.8230 1 ThAr
  7618.3443 1 ThAr
  7620.0773 1 ThAr
  7625.7053 1 ThAr
  7627.1749 1 ThAr
  7628.8818 1 ThAr
  7630.3106 1 ThAr
  7632.1305 1 ThAr
  7635.1060 1 ThAr
  7637.3852 1 ThAr
  7638.7805 1 ThAr
  7647.3794 1 ThAr
  7651.7451 1 ThAr
  7652.3202 1 ThAr
  7653.8284 1 ThAr
  7654.6998 1 ThAr
  7658.3246 1 ThAr
  7660.0234 1 ThAr
  7660.8903 1 ThAr
  7666.5679 1 ThAr
  7668.9608 1 ThAr
  7670.0575 1 ThAr
  7672.2552 1 ThAr
  7676.2195 1 ThAr
  7678.1267 1 ThAr
  7683.0189 1 ThAr
  7685.3075 1 ThAr
  7691.7706 1 ThAr
  7693.8016 1 ThAr
  7699.4034 1 ThAr
  7699.7794 1 ThAr
  7701.1081 1 ThAr
  7703.6850 1 ThAr
  7704.8169 1 ThAr
  7710.2692 1 ThAr
  7712.4050 1 ThAr
  7713.9378 1 ThAr
  7721.2023 1 ThAr
  7723.7611 1 ThAr
  7724.2072 1 ThAr
  7728.9510 1 ThAr
  7731.7385 1 ThAr
  7742.5628 1 ThAr
  7743.9552 1 ThAr
  7761.7133 1 ThAr
  7762.7320 1 ThAr
  7771.9468 1 ThAr
  7776.6727 1 ThAr
  7778.4922 1 ThAr
  7782.3165 1 ThAr
  7787.8002 1 ThAr
  7788.9342 1 ThAr
  7798.3579 1 ThAr
  7810.6245 1 ThAr
  7813.4761 1 ThAr
  7813.9729 1 ThAr
  7814.3230 1 ThAr
  7816.1534 1 ThAr
  7817.7669 1 ThAr
  7822.3877 1 ThAr
  7834.4578 1 ThAr
  7835.6209 1 ThAr
  7836.4597 1 ThAr
  7840.2981 1 ThAr
  7841.7911 1 ThAr
  7842.2656 1 ThAr
  7847.5394 1 ThAr
  7848.4547 1 ThAr
  7861.9100 1 ThAr
  7861.9110 1 ThAr
  7864.0218 1 ThAr
  7865.9698 1 ThAr
  7868.1946 1 ThAr
  7872.6316 1 ThAr
  7875.4626 1 ThAr
  7877.0756 1 ThAr
  7886.2830 1 ThAr
  7891.0750 1 ThAr
  7893.6191 1 ThAr
  7896.4528 1 ThAr
  7899.6229 1 ThAr
  7900.3200 1 ThAr
  7916.4420 1 ThAr
  7924.9914 1 ThAr
  7925.7478 1 ThAr
  7937.7335 1 ThAr
  7941.7259 1 ThAr
  7948.1764 1 ThAr
  7954.5923 1 ThAr
  7956.9740 1 ThAr
  7972.5960 1 ThAr
  7974.1592 1 ThAr
  7978.9731 1 ThAr
  7981.2262 1 ThAr
  7987.9731 1 ThAr
  7991.3655 1 ThAr
  7993.6808 1 ThAr
  8000.0449 1 ThAr
  8006.1567 1 ThAr
  8014.7857 1 ThAr
  8017.5275 1 ThAr
  8022.2014 1 ThAr
  8024.2530 1 ThAr
  8025.7271 1 ThAr
  8026.2135 1 ThAr
  8030.2004 1 ThAr
  8032.4313 1 ThAr
  8037.2183 1 ThAr
  8046.1169 1 ThAr
  8050.6480 1 ThAr
  8053.3085 1 ThAr
  8054.5355 1 ThAr
  8062.6304 1 ThAr
  8075.6518 1 ThAr
  8085.2190 1 ThAr
  8089.4852 1 ThAr
  8092.2373 1 ThAr
  8093.6238 1 ThAr
  8094.0559 1 ThAr
  8103.6931 1 ThAr
  8115.3110 1 ThAr
  8119.1811 1 ThAr
  8122.7234 1 ThAr
  8129.4051 1 ThAr
  8138.4753 1 ThAr
  8139.9032 1 ThAr
  8143.1380 1 ThAr
  8149.7021 1 ThAr
  8152.3818 1 ThAr
  8157.5434 1 ThAr
  8159.7277 1 ThAr
  8163.1210 1 ThAr
  8166.4477 1 ThAr
  8169.7865 1 ThAr
  8177.1788 1 ThAr
  8186.9113 1 ThAr
  8190.8849 1 ThAr
  8194.3943 1 ThAr
  8198.4420 1 ThAr
  8202.1469 1 ThAr
  8207.4785 1 ThAr
  8209.4461 1 ThAr
  8214.1472 1 ThAr
  8217.2264 1 ThAr
  8231.4069 1 ThAr
  8234.9381 1 ThAr
  8252.3936 1 ThAr
  8253.6156 1 ThAr
  8254.7422 1 ThAr
  8259.5110 1 ThAr
  8261.0143 1 ThAr
  8264.5225 1 ThAr
  8275.6266 1 ThAr
  8288.4143 1 ThAr
  8292.5272 1 ThAr
  8295.5497 1 ThAr
  8297.1765 1 ThAr
  8304.4244 1 ThAr
  8311.6306 1 ThAr
  8320.8554 1 ThAr
  8330.4494 1 ThAr
  8335.7067 1 ThAr
  8341.4770 1 ThAr
  8356.0627 1 ThAr
  8356.0693 1 ThAr
  8358.7260 1 ThAr
  8360.4915 1 ThAr
  8366.0741 1 ThAr
  8367.3936 1 ThAr
  8369.3404 1 ThAr
  8379.2261 1 ThAr
  8384.7240 1 ThAr
  8385.7280 1 ThAr
  8387.1053 1 ThAr
  8388.5363 1 ThAr
  8398.1780 1 ThAr
  8399.2578 1 ThAr
  8401.9890 1 ThAr
  8403.7965 1 ThAr
  8408.2096 1 ThAr
  8411.9172 1 ThAr
  8416.7269 1 ThAr
  8417.9982 1 ThAr
  8421.2254 1 ThAr
  8424.6475 1 ThAr
  8432.4935 1 ThAr
  8445.4870 1 ThAr
  8446.5116 1 ThAr
  8450.6754 1 ThAr
  8456.3468 1 ThAr
  8464.2367 1 ThAr
  8465.6706 1 ThAr
  8471.8260 1 ThAr
  8478.3580 1 ThAr
  8490.3065 1 ThAr
  8500.6797 1 ThAr
  8510.6240 1 ThAr
  8511.9091 1 ThAr
  8516.5542 1 ThAr
  8521.4422 1 ThAr
  8539.7930 1 ThAr
  8542.0871 1 ThAr
  8543.7225 1 ThAr
  8544.5955 1 ThAr
  8554.9440 1 ThAr
  8556.3250 1 ThAr
  8558.4464 1 ThAr
  8560.4348 1 ThAr
  8568.2088 1 ThAr
  8573.1205 1 ThAr
  8575.3305 1 ThAr
  8577.2768 1 ThAr
  8587.6342 1 ThAr
  8591.8387 1 ThAr
  8593.1089 1 ThAr
  8599.7553 1 ThAr
  8604.0163 1 ThAr
  8605.7762 1 ThAr
  8616.2219 1 ThAr
  8620.4602 1 ThAr
  8621.3225 1 ThAr
  8629.1415 1 ThAr
  8631.3565 1 ThAr
  8638.3623 1 ThAr
  8639.4416 1 ThAr
  8645.3087 1 ThAr
  8649.1490 1 ThAr
  8655.8760 1 ThAr
  8662.1372 1 ThAr
  8665.4855 1 ThAr
  8667.9442 1 ThAr
  8675.3983 1 ThAr
  8678.4083 1 ThAr
  8687.8480 1 ThAr
  8701.1209 1 ThAr
  8703.7025 1 ThAr
  8704.8601 1 ThAr
  8707.3592 1 ThAr
  8709.2341 1 ThAr
  8710.4142 1 ThAr
  8712.8528 1 ThAr
  8713.6547 1 ThAr
  8719.6290 1 ThAr
  8721.6595 1 ThAr
  8722.4577 1 ThAr
  8723.7177 1 ThAr
  8724.3761 1 ThAr
  8732.4240 1 ThAr
  8734.0234 1 ThAr
  8739.7816 1 ThAr
  8748.0309 1 ThAr
  8749.1697 1 ThAr
  8751.2062 1 ThAr
  8758.2434 1 ThAr
  8760.4496 1 ThAr
  8761.6862 1 ThAr
  8766.7450 1 ThAr
  8771.8602 1 ThAr
  8772.8052 1 ThAr
  8775.5733 1 ThAr
  8782.7156 1 ThAr
  8784.5621 1 ThAr
  8790.3761 1 ThAr
  8792.0572 1 ThAr
  8798.1720 1 ThAr
  8799.0875 1 ThAr
  8804.5894 1 ThAr
  8810.2540 1 ThAr
  8816.1728 1 ThAr
  8817.7431 1 ThAr
  8829.6938 1 ThAr
  8841.1822 1 ThAr
  8842.0744 1 ThAr
  8849.9165 1 ThAr
  8852.7916 1 ThAr
  8854.9079 1 ThAr
  8868.8334 1 ThAr
  8875.2324 1 ThAr
  8889.1939 1 ThAr
  8892.9865 1 ThAr
  8899.2971 1 ThAr
  8905.6581 1 ThAr
  8907.0331 1 ThAr
  8910.8566 1 ThAr
  8920.2012 1 ThAr
  8928.0925 1 ThAr
  8941.6608 1 ThAr
  8949.1227 1 ThAr
  8955.8467 1 ThAr
  8957.9860 1 ThAr
  8962.1468 1 ThAr
  8967.6403 1 ThAr
  8969.8667 1 ThAr
  8985.2808 1 ThAr
  8987.4079 1 ThAr
  8990.8935 1 ThAr
  8995.1893 1 ThAr
  8997.8763 1 ThAr
  9008.4636 1 ThAr
  9009.8832 1 ThAr
  9012.5263 1 ThAr
  9016.5903 1 ThAr
  9017.5912 1 ThAr
  9031.8194 1 ThAr
  9035.9195 1 ThAr
  9037.8938 1 ThAr
  9038.6911 1 ThAr
  9040.1229 1 ThAr
  9045.3532 1 ThAr
  9048.2501 1 ThAr
  9053.4858 1 ThAr
  9056.0813 1 ThAr
  9062.5631 1 ThAr
  9063.9600 1 ThAr
  9066.1115 1 ThAr
  9068.0230 1 ThAr
  9069.5817 1 ThAr
  9072.2785 1 ThAr
  9075.3945 1 ThAr
  9090.8186 1 ThAr
  9094.8289 1 ThAr
  9107.2269 1 ThAr
  9111.5314 1 ThAr
  9122.9674 1 ThAr
  9132.2739 1 ThAr
  9134.6919 1 ThAr
  9140.5559 1 ThAr
  9159.0346 1 ThAr
  9165.8950 1 ThAr
  9170.8220 1 ThAr
  9178.7795 1 ThAr
  9187.5654 1 ThAr
  9193.5928 1 ThAr
  9194.6385 1 ThAr
  9199.6841 1 ThAr
  9203.9617 1 ThAr
  9208.5811 1 ThAr
  9215.9197 1 ThAr
  9224.4992 0 ThAr
  9227.5119 1 ThAr
  9232.4960 1 ThAr
  9233.8574 1 ThAr
  9239.3261 1 ThAr
  9250.5782 1 ThAr
  9260.3254 1 ThAr
  9263.6930 1 ThAr
  9266.2070 1 ThAr
  9266.9198 1 ThAr
  9267.6895 1 ThAr
  9270.1501 1 ThAr
  9276.2732 1 ThAr
  9289.5624 1 ThAr
  9291.5313 1 ThAr
  9294.9740 1 ThAr
  9300.0131 1 ThAr
  9307.8956 1 ThAr
  9310.4440 1 ThAr
  9317.7296 1 ThAr
  9336.1509 1 ThAr
  9336.1624 1 ThAr
  9340.7053 1 ThAr
  9354.2198 1 ThAr
  9360.9879 1 ThAr
  9383.2722 1 ThAr
  9388.9308 1 ThAr
  9390.5852 1 ThAr
  9399.0891 1 ThAr
  9409.3488 1 ThAr
  9414.0886 1 ThAr
  9420.4985 1 ThAr
  9431.5996 1 ThAr
  9432.2827 1 ThAr
  9436.8127 1 ThAr
  9455.2023 1 ThAr
  9461.0279 1 ThAr
  9467.1954 1 ThAr
  9470.6819 1 ThAr
  9474.8793 1 ThAr
  9486.9256 1 ThAr
  9494.0442 1 ThAr
  9495.4979 1 ThAr
  9497.1891 1 ThAr
  9500.2999 1 ThAr
  9505.3930 1 ThAr
  9507.6525 1 ThAr
  9508.4513 1 ThAr
  9535.6566 1 ThAr
  9548.0303 1 ThAr
  9561.2452 1 ThAr
  9577.3475 1 ThAr
  9582.8133 1 ThAr
  9595.3906 1 ThAr
  9613.6911 1 ThAr
  9629.5693 1 ThAr
  9632.6439 1 ThAr
  9657.7863 1 ThAr
  9664.6983 1 ThAr
  9700.563011  1  ThAr
  9702.271906  1  ThAr
  9716.141919  1  ThAr
  9718.492085  1  ThAr
  9726.582216  1  ThAr
  9734.553690  1  ThAr
  9736.212381  1  ThAr
  9739.768676  1  ThAr
  9743.561364  1  ThAr
  9746.462788  1  ThAr
  9753.591926  1  ThAr
