       1.3020867       1 OH       6.6992743
       1.3052167       1 OH       2.8393669
       1.3086946       1 OH       7.4043354
       1.3128679       1 OH       2.4321841
       1.3156502       1 OH       5.8937304
       1.3212147       1 OH       1.5940173
       1.3236492       1 OH       3.4386274
       1.3302570       1 OH      0.89416416
       1.3323437       1 OH       1.6065183
       1.3399949       1 OH      0.45344718
       1.3420816       1 OH      0.70460933
       1.3671219       1 OH       3.8249598
       1.3692086       1 OH       4.8841897
       1.3716431       1 OH       5.3716809
       1.3747731       1 OH       1.5490720
       1.3824243       1 OH       10.208542
       1.3841632       1 OH       4.0749074
       1.3869455       1 OH       1.6282971
       1.3911189       1 OH       2.2923413
       1.3949445       1 OH       6.6170664
       1.3984223       1 OH       2.8055965
       1.4022479       1 OH       8.0908719
       1.4043346       1 OH       1.6930572
       1.4067691       1 OH       2.6419470
       1.4085080       1 OH       4.7526937
       1.4102469       1 OH       7.8720818
       1.4133769       1 OH       10.521231
       1.4161592       1 OH       5.9145479
       1.4185937       1 OH       15.694139
       1.4227671       1 OH       5.1831453
       1.4265927       1 OH      0.99427770
       1.4293749       1 OH       1.8672787
       1.4345916       1 OH       40.832774
       1.4373739       1 OH       4.5752436
       1.4398084       1 OH       1.6882337
       1.4425906       1 OH      0.39550509
       1.4467640       1 OH       8.3683527
       1.4519807       1 OH       28.170052
       1.4565019       1 OH       10.245777
       1.4603275       1 OH       27.677046
       1.4665876       1 OH       7.6487665
       1.4697176       1 OH       18.013671
       1.4738910       1 OH       3.0771138
       1.4756299       1 OH       1.6695041
       1.4780644       1 OH       9.1435292
       1.4801511       1 OH       10.812575
       1.4832811       1 OH       18.128852
       1.4864112       1 OH       7.6250519
       1.4888456       1 OH       24.377911
       1.4909323       1 OH       2.7112719
       1.4930190       1 OH       8.2542206
       1.5006702       1 OH      0.50596704
       1.5027569       1 OH      0.76319648
       1.5055392       1 OH       69.712977
#       1.5069303       1 OH       23.175795
       1.5086692       1 OH       7.3266824
       1.5114515       1 OH       2.0852907
       1.5145815       1 OH      0.67311957
       1.5187549       1 OH       14.058988
       1.5239716       1 OH       45.576748
       1.5288406       1 OH       17.207883
       1.5333617       1 OH       47.182662
       1.5396218       1 OH       12.838011
       1.5430996       1 OH       30.660279
       1.5465774       1 OH       1.2149895
       1.5507508       1 OH       8.4923389
       1.5542287       1 OH       22.119086
       1.5570109       1 OH       4.8736600
       1.5597932       1 OH       20.534776
       1.5632710       1 OH       10.890595
       1.5653577       1 OH       29.252858
       1.5702266       1 OH       9.3513001
       1.5761389       1 OH      0.84220797
       1.5782256       1 OH       1.4184448
       1.5834423       1 OH       73.693702
#       1.5848335       1 OH       25.599119
       1.5869202       1 OH       8.4473360
       1.5897024       1 OH       2.6328266
       1.5917891       1 OH      0.42618863
       1.5931802       1 OH      0.68968418
       1.5973536       1 OH       15.042903
       1.6029181       1 OH       48.654117
       1.6081349       1 OH       18.392024
       1.6130038       1 OH       51.927960
       1.6196117       1 OH       14.265147
       1.6234373       1 OH       34.912793
       1.6272629       1 OH      0.44667391
       1.6317840       1 OH       8.5273701
       1.6349141       1 OH       18.244319
       1.6387397       1 OH       10.162880
       1.6415219       1 OH       4.7881740
       1.6443042       1 OH       21.974149
       1.6477820       1 OH       14.014155
       1.6502165       1 OH       23.764838
       1.6554332       1 OH       8.6224760
       1.6585633       1 OH       1.0675968
       1.6609977       1 OH       1.8278977
       1.6693445       1 OH       67.470991
#       1.6707356       1 OH       23.664198
       1.6731701       1 OH       8.3296851
       1.6763001       1 OH       2.6616733
       1.6801257       1 OH      0.70370791
       1.6839513       1 OH       13.672296
       1.6902114       1 OH       44.796242
       1.6954282       1 OH       17.476697
       1.7009927       1 OH       49.041132
       1.7079483       1 OH       13.817552
       1.7124695       1 OH       33.759447
       1.7211640       1 OH       8.0922690
       1.7249896       1 OH       17.898437
       1.7281197       1 OH       3.5989252
       1.7302064       1 OH       1.8746337
       1.7329886       1 OH       9.0115533
       1.7357709       1 OH       6.1864584
       1.7385531       1 OH       22.825619
       1.7427265       1 OH       6.8603516
       1.7451610       1 OH       19.104533
       1.7503777       1 OH       7.8043193
       1.7528122       1 OH       2.0242486
       1.7653323       1 OH       55.371408
#       1.7670712       1 OH       19.897639
       1.7698535       1 OH       6.9536042
       1.7733313       1 OH       2.2001692
       1.7775047       1 OH      0.64505828
       1.7809825       1 OH       10.901945
       1.7879382       1 OH       37.160774
       1.7935027       1 OH       14.581326
       1.7994150       1 OH       41.560123
       1.8067184       1 OH       11.915765
       1.8119351       1 OH       29.289961
       1.8209775       1 OH       7.0078252
       1.8254986       1 OH       15.431209
       1.8286287       1 OH      0.40900959
       1.8314109       1 OH       1.0719320
       1.8359321       1 OH       4.6527453
       1.8401055       1 OH       13.455206
       1.8432355       1 OH       3.3055178
       1.8460178       1 OH       12.827798
       1.8505389       1 OH       5.1765121
       1.8526256       1 OH       15.727858
       1.8561034       1 OH       2.0557344
       1.8588857       1 OH       5.2182456
       1.8703625       1 OH      0.38235547
       1.8745359       1 OH       40.508344
       1.8766226       1 OH       15.022627
       1.8794048       1 OH       5.2909235
       1.8835782       1 OH       1.7221527
       1.8884472       1 OH      0.60966772
       1.8915772       1 OH       8.3430492
       1.8988806       1 OH       27.487368
       1.9047929       1 OH       11.026907
       1.9114008       1 OH       31.727066
       1.9193998       1 OH       9.3556628
       1.9249643       1 OH       23.201961
       1.9350500       1 OH       5.8052427
       1.9399189       1 OH       12.794684
       1.9520913       1 OH       2.8415220
       1.9559169       1 OH       6.0506493
       1.9593947       1 OH       2.3368126
       1.9618292       1 OH       1.2032269
       1.9642637       1 OH       5.2220516
       1.9677415       1 OH       2.4006633
       1.9701759       1 OH       9.8149632
       1.9736538       1 OH       1.9320449
       1.9750449       1 OH       3.6188674
       1.9771316       1 OH       9.8818396
       1.9840872       1 OH       3.5794121
       1.9893040       1 OH      0.38793280
       1.9924340       1 OH      0.60091335
       2.0007808       1 OH       27.422911
       2.0032152       1 OH       10.309876
       2.0066931       1 OH       3.8104686
       2.0101709       1 OH      0.30878061
       2.0115620       1 OH       1.3193260
       2.0174743       1 OH      0.46210592
       2.0192132       1 OH       5.5768994
       2.0275600       1 OH       18.833891
       2.0338201       1 OH       7.5673181
       2.0411235       1 OH       21.684633
       2.0498180       1 OH       6.6530578
       2.0564259       1 OH       16.742555
       2.0672071       1 OH       4.3707493
       2.0727716       1 OH       9.5911833
       2.0859874       1 OH       2.2605939
       2.0908563       1 OH       4.4401710
