       1.8067948       1 OH       23.659426
       1.8118152       1 OH       56.252726
       1.8211069       1 OH       14.519666
       1.8254291       1 OH       30.133896
       1.8284259       1 OH      0.61071368
       1.8313390       1 OH       2.1170736
       1.8329404       1 OH       1.1007362
       1.8363281       1 OH       6.3560030
       1.8401588       1 OH       27.087425
       1.8433608       1 OH       6.8654238
       1.8459659       1 OH       25.979363
       1.8504056       1 OH       10.730793
       1.8526220       1 OH       30.095161
       1.8560071       1 OH       3.8859524
       1.8586875       1 OH       10.167294
       1.8702685       1 OH      0.66419000
       1.8744291       1 OH       82.194386
       1.8765426       1 OH       28.194468
       1.8796356       1 OH       10.371156
       1.8836425       1 OH       3.2433892
       1.8886762       1 OH       1.0676438
       1.8914721       1 OH       16.498663
       1.8990144       1 OH       57.528577
       1.9048506       1 OH       22.314625
       1.9113933       1 OH       62.495674
       1.9193189       1 OH       18.221996
       1.9250374       1 OH       45.868229
       1.9350189       1 OH       11.620176
       1.9399203       1 OH       24.402164
       1.9518145       1 OH       5.5016434
       1.9560616       1 OH       11.066176
       1.9593484       1 OH       4.6670476
       1.9618732       1 OH       2.2379428
       1.9642507       1 OH       10.083180
       1.9678063       1 OH       4.6807978
       1.9701858       1 OH       19.500797
       1.9736771       1 OH       3.5885299
       1.9751542       1 OH       7.2681794
       1.9771928       1 OH       19.726126
       1.9839779       1 OH       7.3907543
       1.9892219       1 OH      0.67205471
       1.9924986       1 OH       1.0655877
       2.0007380       1 OH       53.288736
       2.0033040       1 OH       20.343751
       2.0068899       1 OH       7.3960313
       2.0115916       1 OH       2.5152233
       2.0174495       1 OH      0.80529570
       2.0193262       1 OH       10.890405
       2.0275902       1 OH       37.822742
       2.0339517       1 OH       14.798694
       2.0412688       1 OH       42.686320
       2.0499366       1 OH       13.537412
       2.0563573       1 OH       34.381928
       2.0672449       1 OH       8.6036816
       2.0729016       1 OH       18.556443
       2.0859820       1 OH       4.3780162
       2.0909381       1 OH       8.7672143
       2.1032482       1 OH       1.2715051
       2.1065816       1 OH       3.8137969
       2.1114909       1 OH       6.7074315
       2.1155752       1 OH       3.0525828
       2.1176232       1 OH       10.872632
       2.1231973       1 OH       4.4694507
       2.1249559       1 OH       11.833359
       2.1278648       1 OH      0.71214482
       2.1325294       1 OH       4.6866402
       2.1507054       1 OH       33.307013
       2.1536587       1 OH       12.088807
       2.1580503       1 OH       4.8788826
       2.1637219       1 OH       1.8121619
       2.1711003       1 OH       7.1762605
       2.1802334       1 OH       23.191815
       2.1873326       1 OH       9.7584379
       2.1955377       1 OH       27.974254
       2.2052074       1 OH       8.9289781
       2.2125258       1 OH       22.244122
       2.2247836       1 OH       6.2778726
       2.2312621       1 OH       13.652528
       2.2459430       1 OH       3.4746122
       2.2517626       1 OH       6.7745586
       2.2690410       1 OH       1.8997346
       2.2741977       1 OH       2.9067907
       2.2985514       1 OH       1.4725735
       2.3311273       1 H2O       2.7453538
       2.3351324       1 H2O       2.9408717
       2.3396484       1 H2O       4.3873334
       2.3419356       1 H2O       13.224288
       2.3449614       1 H2O       6.2524256
       2.3475069       1 H2O       3.9174307
       2.3498646       1 H2O       9.7579867
       2.3522182       1 H2O       36.783443
       2.3569204       1 H2O       6.1923549
       2.3584927       1 H2O       9.1184874
       2.3639282       1 H2O       14.793031
       2.3672025       1 H2O       14.460263
       2.3689031       1 H2O       15.682576
       2.3712526       1 H2O       35.668513
       2.3765475       1 H2O       20.724794
       2.3782060       1 H2O       72.988530
       2.3838753       1 H2O       82.890710
       2.3859697       1 H2O       43.853075
       2.3881501       1 H2O       69.247510
       2.3914943       1 H2O       110.02255
       2.3944372       1 H2O       10.837483
       2.3967778       1 H2O       63.752959
       2.4003164       1 H2O       18.317974
       2.4042836       1 H2O       101.68844
       2.4072057       1 H2O       86.848401
       2.4099211       1 H2O       60.196157
       2.4117928       1 H2O       43.178591
       2.4143294       1 H2O       98.093993
       2.4160735       1 H2O       296.81591
       2.4189871       1 H2O       363.39631
       2.4220148       1 H2O       24.850578
       2.4240443       1 H2O       61.113525
       2.4263601       1 H2O       83.457842
       2.4295424       1 H2O       6.1701714
       2.4333732       1 H2O       93.776592
       2.4354415       1 H2O       1037.2020
       2.4429845       1 H2O       37.856990
       2.4460177       1 H2O       721.44148
       2.4512510       1 H2O       789.57120
       2.4545148       1 H2O       281.53130
       2.4594627       1 H2O       11.024666
       2.4627019       1 H2O       661.38425
       2.4678574       1 H2O       169.10489
       2.4723355       1 H2O       2438.2183
       2.4753050       1 H2O       71.395396
       2.4793944       1 H2O       145.90713
       2.4842527       1 H2O       2019.0804
       2.4878811       1 H2O       1563.4050
       2.4920174       1 H2O       758.40088
       2.4946268       1 H2O       3028.1286
