      0.98022211       1.5845142 OH
      0.98145479      0.68425525 OH
      0.98309159      0.39037092 OH
      0.98511842       1.0623076 OH
      0.98748484       3.0249568 OH
      0.98974559       1.2342343 OH
      0.99173838       3.0492163 OH
      0.99750807      0.67746178 OH
       1.0002745      0.66737575 OH
       1.0015691       3.8894490 OH
       1.0028121       1.3890628 OH
       1.0046251      0.69565560 OH
       1.0063179      0.95717357 OH
       1.0085237       2.2107496 OH
       1.0106375       1.0971217 OH
       1.0126765       2.5752052 OH
       1.0134986      0.35015007 OH
       1.0174676       3.7074026 OH
       1.0183825      0.99021849 OH
       1.0192505       3.4655164 OH
       1.0206025       1.4317360 OH
       1.0213654       4.4371083 OH
       1.0273902      0.52551605 OH
       1.0289312       11.674766 OH
       1.0298691       3.6153729 OH
       1.0312235       1.4728049 OH
       1.0330014      0.59702118 OH
       1.0375726       7.7485821 OH
       1.0399390       2.9064289 OH
       1.0421219       8.0404306 OH
       1.0431412      0.32798696 OH
       1.0453358       2.4105948 OH
       1.0471827       5.4952533 OH
       1.0512011       1.4405828 OH
       1.0527663       2.7435276 OH
       1.0575407      0.72705617 OH
       1.0588758       1.1566040 OH
       1.0643681      0.39837202 OH
       1.0655211      0.50006489 OH
       1.0691744      0.54259590 OH
       1.0713678       2.8248782 OH
       1.0731709       5.3564575 OH
       1.0746170       2.2750635 OH
       1.0753919       6.3787906 OH
       1.0775054       2.3658379 OH
       1.0834119       16.449934 OH
       1.0844569       5.8170021 OH
       1.0859547       2.0987168 OH
       1.0879189      0.75912843 OH
       1.0898698       3.3689226 OH
       1.0926427       11.553877 OH
       1.0951355       4.4074280 OH
       1.0975335       11.867293 OH
       1.1009287       3.6045133 OH
       1.1029822       8.3448170 OH
       1.1072461       2.1516758 OH
       1.1090030       4.0080602 OH
       1.1140917       1.0387127 OH
       1.1156041       1.7617354 OH
       1.1214798      0.49549620 OH
       1.1227948      0.67514029 OH
       1.1312803       3.7081042 OH
       1.1331188       6.4944261 OH
       1.1439766       20.571279 OH
       1.1451464       6.8213339 OH
       1.1490269      0.99809509 OH
       1.1508624       4.2992479 OH
       1.1538797       14.051546 OH
       1.1549490      0.27259663 OH
       1.1591677       15.261185 OH
       1.1627850       4.6002427 OH
       1.1650739       10.619368 OH
       1.1696356       2.7457887 OH
       1.1716145       5.7369947 OH
       1.1770823       1.3512425 OH
       1.1788036       2.3796948 OH
       1.1851449      0.60471555 OH
       1.1866496      0.90557454 OH
       1.1938392      0.32089316 OH
       1.1951709      0.38383122 OH
       1.2043812      0.24987047 OH
       1.2055882       3.2338451 OH
       1.2122464       23.145972 OH
       1.2135823       8.6136829 OH
       1.2154892       3.1372166 OH
       1.2196379       4.8652884 OH
       1.2211068      0.48071396 OH
       1.2229302       15.768858 OH
       1.2257738       6.2694988 OH
       1.2286981       17.747502 OH
       1.2325904       5.2935208 OH
       1.2351599       12.240256 OH
       1.2400884       3.1303952 OH
       1.2423351       6.8474697 OH
       1.2905537       23.344948 OH
       1.2921027       9.2818154 OH
       1.2943155       3.5420896 OH
       1.2985644       4.8920128 OH
       1.3021644       16.692597 OH
       1.3052720       6.9329444 OH
       1.3085258       18.809988 OH
       1.3127822       6.0111511 OH
       1.3156788       14.663954 OH
       1.3210848       3.8974746 OH
       1.3236508       8.3052071 OH
       1.3301911       2.0003250 OH
       1.3324678       3.6097066 OH
       1.3401245      0.85242627 OH
       1.3421545       1.3957371 OH
       1.4163042       14.817564 OH
       1.4186282       33.031769 OH
       1.4227209       12.532718 OH
       1.4266365       2.2290773 OH
       1.4292917       4.3148111 OH
       1.4344251       96.166619 OH
       1.4356500       32.670750 OH
       1.4374397       10.106017 OH
       1.4399614       2.1835805 OH
       1.4426565      0.68507362 OH
       1.4469113       20.852659 OH
       1.4502864      0.44415158 OH
       1.4518981       70.499048 OH
       1.4563975       25.331620 OH
       1.4604843       71.194847 OH
       1.4698545       43.002234 OH
       1.4713299       1.2075665 OH
       1.4740016       7.7195172 OH
       1.4755596       3.9069431 OH
       1.4772383       9.6417818 OH
       1.4783729       20.795462 OH
       1.4801747       19.200396 OH
       1.4833100       45.939002 OH
       1.4864387       18.793300 OH
       1.4887627       59.699157 OH
       1.4909020       6.3991160 OH
       1.4931874       20.938810 OH
       1.5026049       1.6567994 OH
       1.5055332       160.58166 OH
       1.5068768       56.247317 OH
       1.5088101       17.116456 OH
       1.5113501       4.5762104 OH
       1.5145856       1.2198323 OH
       1.5187131       35.712053 OH
       1.5240965       116.27006 OH
       1.5287778       43.703609 OH
       1.5332403       115.00004 OH
       1.5395325       31.971258 OH
       1.5432158       75.827879 OH
       1.5505607       4.9609174 OH
       1.5542178       31.547230 OH
       1.5570166       11.729354 OH
       1.5597618       47.882432 OH
       1.5631500       26.930125 OH
       1.5655256       70.815111 OH
       1.5702540       22.287095 OH
       1.5760318       1.9108812 OH
       1.5782125       3.1377037 OH
       1.5833045       181.21829 OH
       1.5847862       59.976121 OH
       1.5869188       18.683010 OH
       1.5897146       5.9083752 OH
       1.5916063      0.73884289 OH
       1.5932028       1.3918681 OH
       1.5972614       38.080795 OH
       1.6030825       122.50606 OH
       1.6058502      0.22315071 OH
       1.6079750       45.207019 OH
       1.6128618       130.98420 OH
       1.6194600       33.943655 OH
       1.6235386       88.143248 OH
       1.6302276       2.9557553 OH
       1.6317057       20.002925 OH
       1.6388483       25.165136 OH
       1.6414739       12.097098 OH
       1.6442594       50.276392 OH
       1.6477967       31.868831 OH
       1.6502376       59.963433 OH
       1.6553804       20.210255 OH
       1.6586332       2.4938386 OH
       1.6611023       4.1446146 OH
       1.6692114       163.17369 OH
       1.6708635       52.793338 OH
       1.6732421       19.898955 OH
       1.6802249       1.4809116 OH
       1.6840498       34.377753 OH
       1.6903676       116.93435 OH
       1.6955066       43.886985 OH
       1.7008747       122.24329 OH
       1.7078362       35.552058 OH
       1.7123663       80.730879 OH
       1.7191703      0.22650819 OH
       1.7210351       20.283996 OH
       1.7248484       40.320570 OH
       1.7282873       9.2443171 OH
       1.7303367       4.3967796 OH
       1.7330859       22.846396 OH
       1.7354936       6.0415675 OH
       1.7385940       51.060431 OH
       1.7427033       16.013066 OH
       1.7449959       49.824840 OH
       1.7505468       17.874759 OH
       1.7529359       4.6818660 OH
       1.7652934       123.84749 OH
       1.7671640       47.217187 OH
       1.7733405       4.9993819 OH
       1.7777061       1.3539595 OH
       1.7811487       27.488470 OH
       1.7829983      0.50134041 OH
       1.7852482      0.28475881 OH
       1.7880310       94.593857 OH
       1.7934743       37.215106 OH
       1.7993958       105.59993 OH
       1.8067936       30.522813 OH
       1.8118490       70.814012 OH
       1.8210999       16.514283 OH
       1.8254228       37.929079 OH
       1.8283564      0.68379964 OH
       1.8313304       2.4625004 OH
       1.8329404       1.4092223 OH
       1.8353018       7.7349359 OH
       1.8401561       31.266821 OH
       1.8433537       8.3709561 OH
       1.8459585       30.718259 OH
       1.8504009       13.319141 OH
       1.8526195       38.229368 OH
       1.8560156       4.8006880 OH
       1.8587341       13.097604 OH
       1.8702624      0.80358504 OH
       1.8744257       100.63311 OH
       1.9048451       1 OH       8457.9614
       1.9114126       1 OH       23172.562
       1.9193605       1 OH       7938.2436
       1.9250042       1 OH       17042.243
       1.9350139       1 OH       5215.8047
       1.9399221       1 OH       9941.8790
       1.9518291       1 OH       3193.9180
       1.9560582       1 OH       5296.9869
       1.9593354       1 OH       2970.6784
       1.9618784       1 OH       2219.5692
       1.9642488       1 OH       5046.2653
       1.9678060       1 OH       3179.6699
       1.9701841       1 OH       8189.7050
       1.9736015       1 OH       2836.7058
       1.9751580       1 OH       4349.0209
       1.9771613       1 OH       8521.9684
       1.9839485       1 OH       4235.7874
       2.0007948       1 OH       22070.547
       2.0033116       1 OH       9177.7124
       2.0068993       1 OH       4818.6168
       2.0115997       1 OH       3182.8222
       2.0193217       1 OH       6423.6802
       2.0275889       1 OH       16630.114
       2.0339572       1 OH       8635.9107
       2.0412711       1 OH       19041.176
       2.0499419       1 OH       8282.8616
       2.0563623       1 OH       15811.174
       2.0672855       1 OH       6898.2043
       2.0728890       1 OH       10777.506
       2.0860121       1 OH       6132.3982
       2.0909599       1 OH       7772.5149
       2.1065904       1 OH       6816.9626
       2.1115238       1 OH       8247.6981
       2.1156162       1 OH       7080.9290
       2.1176592       1 OH       10016.208
       2.1232321       1 OH       7942.8225
       2.1249612       1 OH       10659.133
       2.1325500       1 OH       8478.8456
       2.1507150       1 OH       19880.750
       2.1537304       1 OH       12495.339
       2.1580694       1 OH       10348.156
       2.1637275       1 OH       9613.5353
       2.1711045       1 OH       12230.439
       2.1802323       1 OH       18231.971
       2.1873399       1 OH       14206.841
       2.1955694       1 OH       21344.110
       2.2052436       1 OH       15661.700
       2.2125595       1 OH       21405.590
       2.2247851       1 OH       16779.726
       2.2312497       1 OH       19921.172
       2.2460255       1 OH       18317.896
       2.2517972       1 OH       20203.940
       2.2741581       1 OH       22097.443
       2.3097483       1 H2O       28577.592
       2.3117047       1 H2O       28596.581
       2.3150116       1 H2O       29152.942
       2.3220158       1 H2O       40909.994
       2.3284024       1 H2O       33455.900
       2.3311755       1 H2O       34062.642
       2.3351266       1 H2O       35296.083
       2.3389197       1 H2O       37422.412
       2.3411338       1 H2O       41061.042
       2.3419162       1 H2O       48770.900
       2.3450532       1 H2O       41711.761
       2.3475146       1 H2O       39157.235
       2.3498455       1 H2O       47270.264
       2.3522120       1 H2O       77642.826
       2.3569465       1 H2O       44328.121
       2.3585321       1 H2O       49148.521
       2.3617641       1 H2O       40504.628
       2.3639374       1 H2O       56647.618
       2.3672985       1 H2O       57810.136
       2.3689118       1 H2O       59811.298
       2.3712335       1 H2O       82977.670
       2.3766734       1 H2O       66756.184
       2.3782112       1 H2O       134875.72
       2.3838992       1 H2O       146202.77
       2.3859774       1 H2O       98574.522
       2.3881562       1 H2O       139035.67
       2.3914878       1 H2O       184201.98
       2.3944409       1 H2O       60447.184
       2.3968738       1 H2O       124898.17
       2.4003663       1 H2O       71964.567
       2.4042821       1 H2O       185164.83
       2.4071795       1 H2O       157278.76
       2.4099101       1 H2O       129137.96
       2.4118339       1 H2O       109557.47
       2.4144416       1 H2O       174651.64
       2.4160859       1 H2O       440535.55
       2.4189861       1 H2O       494407.44
       2.4220750       1 H2O       88883.867
       2.4241285       1 H2O       136584.81
       2.4263752       1 H2O       166158.35
       2.4296091       1 H2O       66156.154
       2.4334210       1 H2O       182492.93
       2.4354606       1 H2O       1377256.7
       2.4429795       1 H2O       112057.38
       2.4461499       1 H2O       1032991.8
       2.4512212       1 H2O       1051138.1
       2.4545956       1 H2O       432440.28
       2.4595638       1 H2O       84642.709
       2.4627080       1 H2O       914143.29
       2.4677757       1 H2O       294871.34
       2.4724040       1 H2O       3261151.4
       2.4752890       1 H2O       165338.35
       2.4786402       1 H2O       246754.14
       2.4842604       1 H2O       2857294.6
       2.4879477       1 H2O       2070169.6
       2.4921025       1 H2O       1092712.0
       2.4946324       1 H2O       3993153.1
