  3888.65   5 He I
  4026.191  1 He I
  4026.36   1 He I
  4471.68   5 He I
  4713.146  5 He I
  4921.931  5 He I
  5015.678  5 He I
  5852.488  5 Ne I
  5875.97   1 He I
  5881.895  1 Ne I
  5944.834  5 Ne I
  5974.627  5 Ne I
  5975.534  1 Ne I
  6029.997  3 Ne I
  6074.338  5 Ne I
  6096.163  3 Ne I
  6143.063  5 Ne I
  6163.594  3 Ne I
  6217.281  5 Ne I
  6266.495  3 Ne I
  6304.789  5 Ne I
  6334.428  3 Ne I
  6382.992  3 Ne I
  6402.246  5 Ne I
  6506.528  3 Ne I
  6532.882  5 Ne I 
  6598.953  3 Ne I
  6678.276  3 Ne I
  6717.043  5 Ne I
  6929.467  5 Ne I
  7024.050  1 Ne I
  7032.413  1 Ne I
  7065.19   5 He I
  7173.938  5 Ne I
  7245.167  5 Ne I
  7438.90   3 Ne I
  7488.871  5 Ne I
  7535.774  3 Ne I
  7544.0443 1 Ne I
  8082.457  3 Ne I
  8118.549  3 Ne I
  8128.911  1 Ne I
  8136.406  3 Ne I  DPF - noisy
  8300.326  3 Ne I
  8377.6065 5 Ne I
  8417.159  1 Ne I
  8418.427  1 Ne I
  8495.3598 5 Ne I
  8591.2583 3 Ne I
  8634.647  3 Ne I
  8654.3831 3 Ne I
  8679.492  1 Ne I
  8681.921  1 Ne I
  8780.621  1 Ne I
  8783.753  1 Ne I
  8853.867  3 Ne I
  8865.755  1 Ne I
