4501.0      1 Xe
4524.7      1 Xe
4624.28     1 Xe
4671.23     1 Xe
4734.15     1 Xe
4807.0      0 Xe
4829.71     0 Xe
4843.29     0 Xe
6318.06     1 Xe
6668.92     1 Xe
6728.01     1 Xe
6827.32     1 Xe
6882.16     1 Xe
6976.18     1 Xe
7119.60     1 Xe
7386.0      1 Xe
7393.79     1 Xe
7584.68     1 Xe
7642.02     1 Xe
7887.40     1 Xe
7967.34     1 Xe
8231.64     1 Xe
8280.12     1 Xe
8346.82     1 Xe
8409.19     1 Xe
8819.41     1 Xe
8952.25     5 Xe
9045.45     5 Xe
9162.65     5 Xe
4046.563   50 HgNe
4077.831   50 HgNe
4358.327    1 HgNe
4916.068   50 HgNe
5460.735   50 HgNe
5769.598    1 HgNe
5790.663    1 HgNe
5852.488    1 HgNe
5881.895    1 HgNe
5944.834    1 HgNe
5975.534    1 HgNe
6029.997    1 HgNe
6074.337    1 HgNe
6096.163    1 HgNe
6143.062    1 HgNe
6217.281    1 HgNe
6266.495    1 HgNe
6304.789    1 HgNe
6334.428    1 HgNe
6402.246    5 HgNe
6506.528    5 HgNe
6598.953    1 HgNe
6678.276    1 HgNe
6717.043    1 HgNe
6929.467    1 HgNe
7032.413    5 HgNe
7173.938    1 HgNe
7245.166    5 HgNe
7438.898    1 HgNe
7488.871    1 HgNe
8300.324    1 HgNe
8377.606    1 HgNe
8495.359    1 HgNe
8988.58     1 HgNe
9148.68     1 HgNe
9201.76     1 HgNe
