  3200.00   50.  9.63 
  3250.00   50.  9.58
  3300.00   50.  9.56
  3350.00   50.  9.57
  3400.00   50.  9.60 
  3450.00   50.  9.64 
  3500.00   50.  9.67 
  3550.00   50.  9.68 
  3600.00   50.  9.71 
  3650.00   50.  9.74 
  3700.00   50.  9.77 
  3750.00   50.  9.80 
  3800.00   50.  9.83 
  3850.00   50.  9.87 
  3900.00   50.  9.89 
  3950.00   50.  9.93 
  4000.00   50.  9.93 
  4050.00   50.  9.93 
  4100.00   50. 10.02 
  4150.00   50.  9.98 
  4200.00   50. 10.01 
  4250.00   50. 10.04 
  4300.00   50. 10.07 
  4350.00   50. 10.16 
  4400.00   50. 10.10 
  4450.00   50. 10.13 
  4500.00   50. 10.15 
  4550.00   50. 10.18 
  4600.00   50. 10.19 
  4650.00   50. 10.21 
  4700.00   50. 10.26 
  4750.00   50. 10.25 
  4800.00   50. 10.28 
  4850.00   50. 10.37 
  4900.00   50. 10.33 
  4950.00   50. 10.34 
  5000.00   50. 10.36 
  5050.00   50. 10.39 
  5100.00   50. 10.40 
  5150.00   50. 10.42 
  5200.00   50. 10.43 
  5250.00   50. 10.45 
  5300.00   50. 10.45 
  5350.00   50. 10.48 
  5400.00   50. 10.52 
  5450.00   50. 10.52 
  5500.00   50. 10.53 
  5550.00   50. 10.56 
  5600.00   50. 10.58 
  5650.00   50. 10.61 
  5700.00   50. 10.64 
  5750.00   50. 10.65 
  5800.00   50. 10.67 
  5850.00   50. 10.68 
  5900.00   50. 10.71 
  5950.00   50. 10.74 
  6000.00   50. 10.76 
  6050.00   50. 10.77 
  6100.00   50. 10.78 
  6150.00   50. 10.80 
  6200.00   50. 10.82 
  6250.00   50. 10.84 
  6300.00   50. 10.88 
  6350.00   50. 10.88 
  6400.00   50. 10.88 
  6450.00   50. 10.91 
  6500.00   50. 10.93 
  6550.00   50. 11.00 
  6600.00   50. 10.95 
  6650.00   50. 10.94 
  6700.00   50. 10.94 
  6750.00   50. 10.95 
  6800.00   50. 10.94 
  6850.00   50. 11.02 
  6900.00   50. 11.08 
  6950.00   50. 11.01 
  7000.00   50. 11.04 
  7050.00   50. 11.03 
  7100.00   50. 11.04 
  7150.00   50. 11.09 
  7200.00   50. 11.21 
  7250.00   50. 11.21 
  7300.00   50. 11.18 
  7350      50. 11.14    
  7400      50. 11.13    
  7450      50. 11.15    
  7500      50. 11.16    
  7750      50. 11.22    
  7800      50. 11.23    
  7850      50. 11.24    
  7900      50. 11.26    
  7950      50. 11.28    
  8000      50. 11.26    
  8050      50. 11.30    
  8600      50. 11.33    
  8650      50. 11.34    
  8700      50. 11.33    
  8750      50. 11.35    
  8800      50. 11.35    
  8850      50. 11.35    
  8900      50. 11.36    
  9700      50. 11.62
  9750      50. 11.63
  9800      50. 11.63
  9850      50. 11.59
  9900      50. 11.57
  9950      50. 11.63
 10000      50. 11.64
 10050      50. 11.71
 10100      50. 11.75 
 10150      50. 11.73  
 10200      50. 11.74   
