   3200.00 50. 10.91
   3250.00 50. 10.94
   3300.00 50. 10.90
   3350.00 50. 10.90
   3400.00 50. 10.92
   3450.00 50. 10.95
   3500.00 50. 10.99
   3550.00 50. 10.99
   3600.00 50. 11.02
   3650.00 50. 11.04
   3700.00 50. 11.06
   3750.00 50. 11.11
   3800.00 50. 11.14
   3850.00 50. 11.16
   3900.00 50. 11.19
   3950.00 50. 11.23
   4000.00 50. 11.21
   4050.00 50. 11.21
   4100.00 50. 11.31
   4150.00 50. 11.25
   4200.00 50. 11.26
   4250.00 50. 11.30
   4300.00 50. 11.35
   4350.00 50. 11.44
   4400.00 50. 11.37
   4450.00 50. 11.38
   4500.00 50. 11.40
   4550.00 50. 11.41
   4600.00 40. 11.44
   4640.00 20. 11.45
   4660.00 20. 11.46
   4680.00 20. 11.47
   4700.00 20. 11.48
   4750.00 50. 11.52
   4800.00 50. 11.55
   4850.00 50. 11.68
   4900.00 50. 11.64
   4950.00 50. 11.62
   5000.00 50. 11.64
   5050.00 50. 11.66
   5100.00 50. 11.67
   5150.00 50. 11.69
   5200.00 50. 11.72
   5250.00 50. 11.73
   5300.00 50. 11.76
   5350.00 50. 11.78
   5400.00 50. 11.80
   5450.00 50. 11.82
   5500.00 50. 11.85
   5550.00 50. 11.85
   5600.00 50. 11.86
   5650.00 50. 11.89
   5700.00 50. 11.90
   5750.00 50. 11.92
   5800.00 50. 11.93
   5850.00 50. 11.95
   5900.00 50. 11.97
   5950.00 50. 11.99
   6000.00 50. 12.01
   6050.00 50. 12.04
   6100.00 50. 12.05
   6150.00 50. 12.08
   6200.00 50. 12.10
   6250.00 50. 12.12
   6300.00 50. 12.16
   6350.00 50. 12.17
   6400.00 50. 12.19
   6450.00 50. 12.21
   6500.00 50. 12.23
   6550.00 50. 12.31
   6600.00 50. 12.26
   6650.00 50. 12.24
   6700.00 50. 12.24
   6750.00 50. 12.25
   6800.00 50. 12.26
   6850.00 50. 12.32
   6900.00 50. 12.36
   6950.00 50. 12.30
   7000.00 50. 12.31
   7050.00 50. 12.33
   7100.00 50. 12.34
   7150.00 50. 12.36
   7200.00 50. 12.47
   7250.00 50. 12.46
   7300.00 50. 12.43
   7350.00 50. 12.43
   7400.00 50. 12.42
   7450.00 50. 12.44
   7500.00 50. 12.45
   7750.00 50. 12.51
   7800.00 50. 12.53
   7850.00 50. 12.53
   7900.00 50. 12.55
   7950.00 50. 12.57
   8000.00 50. 12.56
   8050.00 50. 12.56
   8150.00 50. 12.57
   8200.00 50. 12.57
   8250.00 50. 12.58
   8300.00 50. 12.59
   8350.00 50. 12.60
   8400.00 50. 12.61
   8500.00 50. 12.62
   8600.00 50. 12.63
   8650.00 50. 12.62
   8700.00 50. 12.63
   8750.00 50. 12.64
   8800.00 50. 12.64
   8850.00 50. 12.65
   8900.00 50. 12.66
   9080.   160. 12.70
   9160.   160. 12.72
   9240.   160. 12.80
   9400.   160. 12.85
   9560.   160. 12.89
   9700.00 50. 12.93
   9750.00 50. 12.95
   9800.00 50. 12.95
   9850.00 50. 12.87
   9900.00 50. 12.88
   9950.00 50. 13.00
  10000.00 50. 12.99
  10050.00 50. 12.98
  10100.00 50. 12.98
  10150.00 50. 12.96
  10200.00 50. 12.95
