3200  40   12.17
3350  40   11.79
3400  40   11.67
3450  40   11.73
3500  40   11.58
3571  40   11.68
3636  40   11.52
3704  40   11.42
3790  40   11.31
3862  40   11.22
4036  40   10.89
4167  40   10.77
4255  40   10.83
4464  40   10.56
4566  40   10.49
4675  40   10.40
4785  40   10.37
5000  40   10.35
5130  40   10.34
5263  40   10.27
5420  80   10.21
5556  80   10.18
5700  80   10.15
5840  80   10.10
5950  80   10.11
6056  80   10.08
6180  80   10.07
6310  80   10.04
6436  80   10.01
6640  80   10.02
6790  80   9.97
7100  80   9.95 
7250  80   10.00
7400  80   9.95
7550  80   9.94 
7780  80   9.92 
7890  80   9.89
7990  80   9.94
8080  80   9.96
8180  80   9.93
