26
1253.811    SII 1253  0.01088      1
1260.4221  SiII 1260  1.0070       1
1302.1685    OI 1302  0.04887      1
1304.3702  SiII 1304  0.0940       4
1334.5323   CII 1334  0.1278       1
1393.755   SiIV 1393  0.5280       1
1526.7066  SiII 1526  0.1270       9     ! ApJ 504, 921
1548.195    CIV 1548  0.19080      1
1608.4511  FeII 1608  0.0580      17    ! Bergeson et al. (1996b)
1611.2005  FeII 1611  0.00136     16    ! Raassen & U (1998)
1670.7874  AlII 1670  1.8800       1
1808.0130  SiII 1808  0.002186    11  ! Bergeson & Lawler (1993)
2026.136   ZnII 2026  0.48900     13  ! Bergeson & Lawler (1993b)
2260.7805  FeII 2260  0.00244     14  ! Bergeson et al. (1994)
2344.214   FeII 2344  0.1140       3  ! Morton (2001)
2374.4612  FeII 2374  0.0313       3  ! Morton (2001)
2382.765   FeII 2382  0.320        3  ! Morton (2001)
2576.877   MnII 2576  0.3508       1
2586.6500  FeII 2586  0.0691       3  ! Morton (2001)
2600.1729  FeII 2600  0.2390       3  ! Morton (2001)
2796.352   MgII 2796  0.6123      15
2803.531   MgII 2803  0.3054      15
3073.877   TiII 3073  0.1091       1
3230.131   TiII 3230  0.0586       1
3242.929   TiII 3242  0.1832       1
3384.740   TiII 3384  0.340        1
