213
913.968    PIII 913   0.203100     0
914.039      HI 914a  0.000197     1
914.286      HI 914b  0.000230     1
914.576      HI 914c  0.000270     1
914.919      HI 914d  0.000321     1
915.329      HI 915a  0.000386     1
915.612     NII 915   0.1449       1
915.824      HI 915b  0.000469     1
916.429      HI 916   0.000577     1
917.118    PIII 917   0.404900     1
917.1806     HI 917   7.226e-4     1
918.1294     HI 918   0.000921     1
919.3514     HI 919   0.00120      1
920.9631     HI 920   0.001605     1
921.860      OI 921   0.001173     6
922.200      OI 922   0.00242      6
923.1504     HI 923   0.002216     1
924.952      OI 924   0.001534     6
925.442      OI 925   0.00350      6
926.2257     HI 926   0.003183     1
929.5168     OI 929   0.0022637    6
930.2566     OI 930   0.00532      6
930.7483     HI 930   0.004814     1
933.378     SVI 933   0.4414       1
936.6295     OI 936   0.003735     1
937.8035     HI 937   0.007799     1
944.523     SVI 944   0.2181       1
948.6855     OI 948   0.006446     1
949.7431     HI 949   0.013940     1
950.8846     OI 950   0.001571     1
953.415      NI 953a  0.0132       3
953.655      NI 953b  0.0250       3
953.970      NI 953c  0.0348       3
963.801     PII 963   1.458000     1
963.9903     NI 963   0.01837      1
964.6256     NI 964   0.01180      1
965.0413     NI 965   0.005801     1
971.738      OI 971   0.014800     1
972.5368     HI 972   0.029000     1
976.4481     OI 976   0.0033       1
977.020    CIII 977   0.7620       1
988.5778     OI 988a  0.0005146    1
988.6549     OI 988b  0.007712     1
988.7734     OI 988   0.043180     1
989.799    NIII 989   0.106600     1
989.8731   SiII 989   0.13300      1
1012.502   SIII 1012  0.03550      1
1020.6989  SiII 1020  0.02828      1
1025.7223    HI 1025  0.079120     1
1025.762     OI 1025  0.020300     1
1031.9261   OVI 1031  0.13290      1
1036.3367   CII 1036  0.1231       1
1037.6167   OVI 1037  0.06609      1
1039.2304    OI 1039  0.009197     1
1048.2199   ArI 1048  0.2628       3
1055.2617  FeII 1055  0.007514     2
1062.152   FeII 1062  0.003800     1
1062.662    SIV 1062  0.03999      1
1063.176   FeII 1063  0.060000     1
1063.8311  ClII 1063  5.025E-3     1
1063.9718  FeII 1064  0.003718     2 
1066.660    ArI 1066  0.06747      3
1071.0358  ClII 1071  1.497E-2     1
1081.8748  FeII 1081  0.014000     1
1083.990    NII 1083  0.1031       1
1096.8769  FeII 1096  0.0324       2
1106.3596  FeII 1106  0.00150      1
1112.0480  FeII 1112  0.00629      2
1112.269     CI 1112  0.0161       1
1117.977     PV 1117  0.4732       1
1121.9748  FeII 1121  0.02020      2        ! Howk 2000
1122.526  FeIII 1122  0.0539      16        ! Raasen & Uyelings
1125.4478  FeII 1125  0.016000     2        ! Howk 2000
1128.008     PV 1128  0.2345       1
1129.193     CI 1129  0.00882      1
1133.665   FeII 1133  0.0055       2       ! Howk 2000
1134.1653    NI 1134a 0.01342      1           ! new is 0.0152 (3)
1134.4149    NI 1134b 0.02683      1           ! new is 0.0297 (3)
1134.9803    NI 1134c 0.04023      1           ! new is 0.0435 (3)
1139.793     CI 1139  0.0141       1
1142.3656  FeII 1142  0.00420      2       ! Howk 2000
1143.2260  FeII 1143  0.01770      2       ! Howk 2000
1144.9379  FeII 1144  0.1060       2       ! Howk 2000 
1152.818    PII 1152  0.236        1
1157.1857    CI 1157  0.0244       1
1159.817     NI 1159  0.00000851   3
1160.937     NI 1160  0.00000240   3
1164.8672  Kr I 1164  0.18824      1  
1190.208   SIII 1190  0.02217      1
1190.4158  SiII 1190  0.25020      1
1192.226   SeII 1192  0.02980      1
1193.2897  SiII 1193  0.49910      1
1197.184   MnII 1197  0.1566       1
1199.391   MnII 1199  0.1059       1
1199.5496    NI 1199  0.1300       1
1200.2233    NI 1200  0.08620      1
1200.7098    NI 1200c 0.04300      1
1206.500  SiIII 1206  1.660        1
1215.6701    HI 1215  0.41640      1
1235.838    KrI 1235  1.871E-01    1
1237.059   GeII 1237  1.227         
1238.821     NV 1238  0.1570       1
1239.9253  MgII 1239  0.00064     18
1240.3947  MgII 1240  0.00032     18
1242.804     NV 1242  0.078230     1
1250.584    SII 1250  0.005453     1
1253.811    SII 1253  0.01088      1
1259.519    SII 1259  0.01624      1
1260.4221  SiII 1260  1.0070       1
1260.533   FeII 1260  0.0250       1
1263.770   AsII 1263  0.2592       1
1264.7377  SiII 1264* 0.9034       1
1265.0020  SiII 1265* 0.1004       1
1277.245     CI 1277  0.09665      1
1301.874    PII 1301  0.0173       1
1302.1685    OI 1302  0.04887      1
1304.3702  SiII 1304  0.0940       4
1317.217   NiII 1317  0.07786      5    ! F&L (scaled by 0.534)
1321.6449  TlII 1321  1.3029       3
1328.8333    CI 1328  0.058040     1
1334.5323   CII 1334  0.1278       1
1335.7077  CII* 1335  0.1149       1
1347.240    ClI 1347  1.186E-01    1
1355.5977    OI 1355  0.000001248  1
1355.934   AsII 1355  1.0          1
1358.773   CuII 1358  0.3803       1
1362.461    BII 1362  0.9870       1
1370.131   NiII 1370  0.0769       5    ! F&L (scaled by 0.534)
1393.755   SiIV 1393  0.5280       1
1400.400   SnII 1400  1.0274       3
1402.770   SiIV 1402  0.2620       1
1414.402   GaII 1414  1.80         6
1425.0299    SI 1425  1.918E-1     1
1454.842   NiII 1454  0.0323       7     ! Fedchak et al. (2000)
1466.2120  CoII 1466  0.0310       8     ! Mullman et al. (1998)
1467.259   NiII 1467a 0.0063       7     ! Fedchak et al. (2000)
1467.756   NiII 1467b 0.0099       7     ! Fedchak et al. (2000)
1526.7066  SiII 1526  0.1270       9     ! ApJ 504, 921
1532.533    PII 1532  7.61E-3      1
1548.195    CIV 1548  0.19080      1
1550.770    CIV 1550  0.095220     1
1560.3092    CI 1560  0.08041      1
1560.6822  CI* 1560   0.06030      1
1560.7090  CI* 1560b  0.0201       1
1561.4384  CI** 1561c 0.0675       1
1574.5503  CoII 1574  0.0250       8    ! Mullman et al. (1998)
1602.4863  GeII 1602  0.1436       1
1608.4511  FeII 1608  0.0580      17    ! Bergeson et al. (1996b)
1611.2005  FeII 1611  0.00136     16    ! Raassen & U (1998)
1656.2672  CI* 1656   0.058570     1
1656.9283    CI 1656  0.1405       1
1657.0082  CI** 1657  0.1054       1
1657.3792  CI* 1657a  0.03512      1
1657.9068  CI* 1657b  0.04681      1
1658.1212  CI** 1658  0.035110     1
1670.7874  AlII 1670  1.8800       1
1682.150   PbII 1682  0.15636      0
1703.405   NiII 1703  0.0060       7  ! Fedchak et al. (2000)
1709.6042  NiII 1709  0.0324       7  ! Fedchak et al. (2000)
1741.5531  NiII 1741  0.0427       7  ! Fedchak et al. (2000)
1751.9157  NiII 1751  0.0277       7  ! Fedchak et al. (2000)
1807.311     SI 1807  1.105E-01    1
1808.0130  SiII 1808  0.002186    11  ! Bergeson & Lawler (1993)
1845.520    SiI 1845  0.2290       1
1854.7164 AlIII 1854  0.5390       1
1862.7895 AlIII 1862  0.2680       1
1892.030  SiIII 1892  0.0000269    1
1901.7730  FeII 1901  0.0001009    1
1910.600  TiII 1910a  0.202       12   !!Warning -- Combined f (0.104 )
1910.938  TiII 1910b  0.098       12   !! 
1941.2852  CoII 1941  0.034        8  ! Mullman et al. (1998)
2012.1664  CoII 2012  0.03679      8  ! Mullman et al. (1998)
2026.136   ZnII 2026  0.48900     13  ! Bergeson & Lawler (1993b)
2026.269   CrII 2026  0.00471      6  ! Verner
2026.4768   MgI 2026  0.1120       1
2056.2539  CrII 2056  0.105       13  ! Bergeson & Lawler (1993b)
2062.234   CrII 2062  0.0780      13  ! Bergeson & Lawler (1993b)
2062.664   ZnII 2062  0.2560      13  ! Bergeson & Lawler (1993b)
2066.161   CrII 2066  0.0515      13  ! Bergeson & Lawler (1993b)
2145.0697  CdII 2145  0.4984      20  ! Morton (2000)
2167.453    FeI 2167  0.1500       1
2249.8768  FeII 2249  0.001821    14  ! Bergeson et al. (1994)
2260.7805  FeII 2260  0.00244     14  ! Bergeson et al. (1994)
2325.403    CII 2325  4.483E-8     3  
2344.214   FeII 2344  0.1140       3  ! Morton (2001)
2374.4612  FeII 2374  0.0313       3  ! Morton (2001)
2382.765   FeII 2382  0.320        3  ! Morton (2001)
2463.392    FeI 2463  0.0532       1
2484.021    FeI 2484  0.5570       1
2501.886    FeI 2501  0.0496       1
2515.073    SiI 2515  0.162        1
2523.608    FeI 2523  0.2790       1
2576.877   MnII 2576  0.3508       1
2586.6500  FeII 2586  0.0691       3  ! Morton (2001)
2594.499   MnII 2594  0.2710       1
2600.1729  FeII 2600  0.2390       3  ! Morton (2001)
2606.462   MnII 2606  0.1927       1
2796.352   MgII 2796  0.6123      15
2803.531   MgII 2803  0.3054      15
2852.9642   MgI 2852  1.8100       1
2967.765    FeI 2967  0.0438       1
3021.5189   FeI 3021  0.1039       1
3073.877   TiII 3073  0.1091       1
3230.131   TiII 3230  0.0586       1
3242.929   TiII 3242  0.1832       1
3384.740   TiII 3384  0.340        1
3720.993    FeI 3720  0.04119      1
3934.777   CaII 3934  0.650        1
3969.591   CaII 3969  0.322        1
4227.918   CaI  4227  1.940        1
5891.5833  NaI  5891  0.6311       1
5897.5581  NaI  5897  0.3180       1
6709.613   LiI  6709  0.000        0
