43
919.3514     HI 919   0.00120      1
920.9631     HI 920   0.001605     1
923.1504     HI 923   0.002216     1
926.2257     HI 926   0.003183     1
930.7483     HI 930   0.004814     1
933.378     SVI 933   0.4414       1
937.8035     HI 937   0.007799     1
944.523     SVI 944   0.2181       1
949.7431     HI 949   0.013940     1
963.801     PII 963   1.458000     1
972.5368     HI 972   0.029000     1
977.020    CIII 977   0.7620       1
988.7734     OI 988   0.043180     1
989.799    NIII 989   0.106600     1
1025.7223    HI 1025  0.079120     1
1031.9261   OVI 1031  0.13290      1
1036.3367   CII 1036  0.1231       1
1037.6167   OVI 1037  0.06609      1
1062.662    SIV 1062  0.03999      1
1083.990    NII 1083  0.1031       1
1117.977     PV 1117  0.4732       1
1122.526  FeIII 1122  0.0539      16        ! Raasen & Uyelings
1128.008     PV 1128  0.2345       1
1144.9379  FeII 1144  0.1060       2       ! Howk 2000 
1190.4158  SiII 1190  0.25020      1
1193.2897  SiII 1193  0.49910      1
1200.7098    NI 1200c 0.04320     20
1206.500  SiIII 1206  1.660        1
1215.6701    HI 1215  0.41640      1
1238.821     NV 1238  0.1570       1
1242.804     NV 1242  0.078230     1
1259.519    SII 1259  0.01624      1
1260.4221  SiII 1260  1.0070       1
1302.1685    OI 1302  0.04887      1
1304.3702  SiII 1304  0.0940       4
1334.5323   CII 1334  0.1278       1
1393.755   SiIV 1393  0.5280       1
1402.770   SiIV 1402  0.2620       1
1526.7066  SiII 1526  0.1270       9     ! ApJ 504, 921
1548.195    CIV 1548  0.19080      1
1550.770    CIV 1550  0.095220     1
1608.4511  FeII 1608  0.0580      17    ! Bergeson et al. (1996b)
1670.7874  AlII 1670  1.8800       1
