55
1025.762     OI 1025  0.020300     1
1036.3367   CII 1036  0.1231       1
1039.2304    OI 1039  0.009197     1
1063.176   FeII 1063  0.060000     1
1081.8748  FeII 1081  0.014000     1
1096.8769  FeII 1096  0.0324       2
1121.9748  FeII 1121  0.02020      2        ! Howk 2000
1125.4478  FeII 1125  0.016000     2        ! Howk 2000
1133.665   FeII 1133  0.0055       2       ! Howk 2000
1134.1653    NI 1134a 0.01520     20           ! new is 0.0152 (3)
1134.4149    NI 1134b 0.02970     20           ! new is 0.0297 (3)
1134.9803    NI 1134c 0.04350     20           ! new is 0.0435 (3)
1142.3656  FeII 1142  0.00420      2       ! Howk 2000
1143.2260  FeII 1143  0.01770      2       ! Howk 2000
1144.9379  FeII 1144  0.1060       2       ! Howk 2000 
1190.4158  SiII 1190  0.25020      1
1193.2897  SiII 1193  0.49910      1
1215.6701    HI 1215  0.41640      1
1250.584    SII 1250  0.005453     1
1253.811    SII 1253  0.01088      1
1259.519    SII 1259  0.01624      1
1260.4221  SiII 1260  1.0070       1
1302.1685    OI 1302  0.04887      1
1304.3702  SiII 1304  0.0940       4
1317.217   NiII 1317  0.07786      5    ! F&L (scaled by 0.534)
1328.833     CI 1328  0.089802    22  !    Jenkins2006    
1334.5323   CII 1334  0.1278       1
1335.7077  CII* 1335  0.1149       1
1370.131   NiII 1370  0.0769       5    ! F&L (scaled by 0.534)
1393.755   SiIV 1393  0.5280       1
1402.770   SiIV 1402  0.2620       1
1454.842   NiII 1454  0.0323       7     ! Fedchak et al. (2000)
1526.7066  SiII 1526  0.1270       9     ! ApJ 504, 921
1548.195    CIV 1548  0.19080      1
1550.770    CIV 1550  0.095220     1
1560.3092    CI 1560  0.08041      1
1608.4511  FeII 1608  0.0580      17    ! Bergeson et al. (1996b)
1611.2005  FeII 1611  0.00136     16    ! Raassen & U (1998)
1656.9283    CI 1656  0.1405       1
1670.7874  AlII 1670  1.8800       1
1709.6042  NiII 1709  0.0324       7  ! Fedchak et al. (2000)
1741.5531  NiII 1741  0.0427       7  ! Fedchak et al. (2000)
1751.9157  NiII 1751  0.0277       7  ! Fedchak et al. (2000)
1808.0130  SiII 1808  0.002186    11  ! Bergeson & Lawler (1993)
1854.7164 AlIII 1854  0.5390       1
1862.7895 AlIII 1862  0.2680       1
2026.136   ZnII 2026  0.48900     13  ! Bergeson & Lawler (1993b)
2056.2539  CrII 2056  0.105       13  ! Bergeson & Lawler (1993b)
2062.664   ZnII 2062  0.2560      13  ! Bergeson & Lawler (1993b)
2066.161   CrII 2066  0.0515      13  ! Bergeson & Lawler (1993b)
2344.214   FeII 2344  0.1140       3  ! Morton (2003)
2374.4612  FeII 2374  0.0313       3  ! Morton (2003)
2382.765   FeII 2382  0.320        3  ! Morton (2003)
2586.6500  FeII 2586  0.0691      14  ! Bergeson et al. (1996)
2600.1729  FeII 2600  0.2390      14  ! Bergeson et al. (1996)
