27
1250.584    SII 1250  0.005453     1
1253.811    SII 1253  0.01088      1
1259.519    SII 1259  0.01624      1
1302.1685    OI 1302  0.04887      1
1304.3702  SiII 1304  0.0940       4
1317.217   NiII 1317  0.07786      5    ! F&L (scaled by 0.534)
1334.5323   CII 1334  0.1278       1
1335.7077  CII* 1335  0.1149       1
1370.131   NiII 1370  0.0769       5    ! F&L (scaled by 0.534)
1454.842   NiII 1454  0.0323       7     ! Fedchak et al. (2000)
1526.7066  SiII 1526  0.1270       9     ! ApJ 504, 921
1560.3092    CI 1560  0.08041      1
1608.4511  FeII 1608  0.0580      17    ! Bergeson et al. (1996b)
1611.2005  FeII 1611  0.00136     16    ! Raassen & U (1998)
1656.9283    CI 1656  0.1405       1
1670.7874  AlII 1670  1.8800       1
1741.5531  NiII 1741  0.0427       7  ! Fedchak et al. (2000)
1751.9157  NiII 1751  0.0277       7  ! Fedchak et al. (2000)
1808.0130  SiII 1808  0.002186    11  ! Bergeson & Lawler (1993)
1854.7164 AlIII 1854  0.5390       1
1862.7895 AlIII 1862  0.2680       1
2026.136   ZnII 2026  0.48900     13  ! Bergeson & Lawler (1993b)
2056.2539  CrII 2056  0.105       13  ! Bergeson & Lawler (1993b)
2062.234   CrII 2062  0.0780      13  ! Bergeson & Lawler (1993b)
2066.161   CrII 2066  0.0515      13  ! Bergeson & Lawler (1993b)
2249.8768  FeII 2249  0.001821    14  ! Bergeson et al. (1994)
2260.7805  FeII 2260  0.00244     14  ! Bergeson et al. (1994)
