84
971.738      OI 971   0.014800     1
972.5368     HI 972   0.029000     1
976.4481     OI 976   0.0033       1
977.020    CIII 977   0.7620       1
988.5778     OI 988a  0.0005146    1
988.6549     OI 988b  0.007712     1
988.7734     OI 988   0.043180     1
1020.6989  SiII 1020  0.02828      1
1025.7223    HI 1025  0.079120     1
1025.762     OI 1025  0.020300     1
1031.9261   OVI 1031  0.13290      1
1036.3367   CII 1036  0.1231       1
1037.6167   OVI 1037  0.06609      1
1039.2304    OI 1039  0.009197     1
1048.2199   ArI 1048  0.2628       3
1063.176   FeII 1063  0.060000     1
1083.990    NII 1083  0.1031       1
1096.8769  FeII 1096  0.0324       2
1122.526  FeIII 1122  0.1620       3        ! Morton 2000
1134.1653    NI 1134a 0.01342      1           ! new is 0.0152 (3)
1134.4149    NI 1134b 0.02683      1           ! new is 0.0297 (3)
1134.9803    NI 1134c 0.04023      1           ! new is 0.0435 (3)
1144.9379  FeII 1144  0.1060       2       ! Howk 2000 
1190.4158  SiII 1190  0.25020      1
1193.2897  SiII 1193  0.49910      1
1199.5496    NI 1199  0.1300       1
1200.2233    NI 1200a 0.08620      1
1200.7098    NI 1200b 0.04300      1
1206.500  SiIII 1206  1.660        1
1215.6701    HI 1215  0.41640      1
1250.584    SII 1250  0.005453     1
1253.811    SII 1253  0.01088      1
1259.519    SII 1259  0.01624      1
1260.4221  SiII 1260  1.0070       1
1302.1685    OI 1302  0.04887      1
1304.3702  SiII 1304  0.0940       4
1317.217   NiII 1317  0.07786      5    ! F&L (scaled by 0.534)
1334.5323   CII 1334  0.1278       1
1335.7077  CII* 1335  0.1149       1
1370.131   NiII 1370  0.0769       5    ! F&L (scaled by 0.534)
1393.755   SiIV 1393  0.5280       1
1402.770   SiIV 1402  0.2620       1
1454.842   NiII 1454  0.0323       7     ! Fedchak et al. (2000)
1526.7066  SiII 1526  0.1270       9     ! ApJ 504, 921
1548.195    CIV 1548  0.19080      1
1550.770    CIV 1550  0.095220     1
1560.3092    CI 1560  0.08041      1
1608.4511  FeII 1608  0.0580      17    ! Bergeson et al. (1996b)
1611.2005  FeII 1611  0.00136     16    ! Raassen & U (1998)
1656.9283    CI 1656  0.1405       1
1670.7874  AlII 1670  1.8800       1
1709.6042  NiII 1709  0.0324       7  ! Fedchak et al. (2000)
1741.5531  NiII 1741  0.0427       7  ! Fedchak et al. (2000)
1751.9157  NiII 1751  0.0277       7  ! Fedchak et al. (2000)
1808.0130  SiII 1808  0.002186    11  ! Bergeson & Lawler (1993)
1854.7164 AlIII 1854  0.5390       1
1862.7895 AlIII 1862  0.2680       1
2026.136   ZnII 2026  0.48900     13  ! Bergeson & Lawler (1993b)
2056.2539  CrII 2056  0.105       13  ! Bergeson & Lawler (1993b)
2062.234   CrII 2062  0.0780      13  ! Bergeson & Lawler (1993b)
2066.161   CrII 2066  0.0515      13  ! Bergeson & Lawler (1993b)
2249.8768  FeII 2249  0.001821    14  ! Bergeson et al. (1994)
2260.7805  FeII 2260  0.00244     14  ! Bergeson et al. (1994)
2344.214   FeII 2344  0.1140       3  ! Morton (2001)
2374.4612  FeII 2374  0.0313       3  ! Morton (2001)
2382.765   FeII 2382  0.320        3  ! Morton (2001)
2576.877   MnII 2576  0.3508       1
2586.6500  FeII 2586  0.0691       3  ! Morton (2001)
2594.499   MnII 2594  0.2710       1
2600.1729  FeII 2600  0.2390       3  ! Morton (2001)
2606.462   MnII 2606  0.1927       1
2796.352   MgII 2796  0.6123      15
2803.531   MgII 2803  0.3054      15
2852.9642   MgI 2852  1.8100       1
3073.877   TiII 3073  0.1091       1
3230.131   TiII 3230  0.0586       1
3242.929   TiII 3242  0.1832       1
3384.740   TiII 3384  0.340        1
3934.777   CaII 3934  0.650        1
3969.591   CaII 3969  0.322        1
4227.918   CaI  4227  1.940        1
5891.5833  NaI  5891  0.6311       1
5897.5581  NaI  5897  0.3180       1
6709.613   LiI  6709  0.000        0
