23973.058800 1 ArI
23851.537000 1 ArI
23139.517800 1 ArI
22118.6524   1 ArI
22083.207600 1 ArI
22045.577400 1 ArI
21540.083900 1 ArI
21338.708900 1 ArI
20991.838700 1 ArI
20816.7131   1 ArI
20652.762400 1 ArI
20621.856600 1 ArI
20740.9918   1 ArI
20574.4263   1 ArI
20322.553500 1 ArI
20074.4052   1 ArI
19971.180200 1 ArI
19950.5093   1 ArI
19822.909100 1 ArI
19633.592    1 ArI
19024.172    1 ArI
18750.1178   1 ArI
18637.367800 1 ArI
18575.234800 1 ArI
18433.431200 1 ArI
18432.799400 1 ArI
18353.0116   1 ArI
18248.0031   1 ArI
18190.7249   1 ArI
17919.618600 1 ArI
17892.0671   1 ArI
17828.8641   1 ThI
17449.666200 1 ArI
17406.654000 1 ArI
17300.831    1 ArI
16945.212100 1 ArI
16864.6988   1 ArI
16744.648100 1 ArI
16553.782400 1 ArI
16524.378300 1 ArI
16441.068900 1 ThI
16268.5110   1 ArI
16184.440600 1 ArI
16127.063000 1 ArI
15993.858900 1 ArI
15904.030900 1 ArI
15887.5057   1 ArI
15821.095600 1 ArI
15559.7122   1 ArI
15450.9538   1 ArI
15406.852900 1 ArI
15333.535300 1 ArI
15306.065300 1 ArI
15176.835500 1 ArI
15050.617900 1 ArI
15035.275900 1 ArI
14790.104000 1 ArI
14743.167300 1 ArI
14697.025800 1 ArI
14654.353100 1 ArI
14638.414600 1 ArI
14600.463700 1 ArI
14581.4448   1 ArI
14260.763200 1 ArI
14253.090200 1 ArI
14097.494000 1 ArI
13914.364400 1 ArI
13829.494800 1 ArI
13722.327800 1 ArI
13682.290600 1 ArI
13626.384600 1 ArI
13603.052600 1 ArI
13577.328100 1 ArI
13547.905200 1 ArI
13410.256100 1 ArI
13370.767400 1 ArI
13333.763500 1 ArI
13316.851000 1 ArI
13305.951100 1 ArI
13276.266100 1 ArI
13231.723800 1 ArI
13217.607100 1 ArI
13031.989200 1 ArI
13011.821900 1 ArI
12992.2534   1 ArI
12960.204000 1 ArI
12936.732200 1 ArI
12806.241900 1 ArI
12749.718700 1 ArI
12736.901100 1 ArI
12705.757100 1 ArI
12641.939000 1 ArI
12625.071700 1 ArI
12598.145000 1 ArI
12557.762600 1 ArI
12491.079400 1 ArI
12459.522300 1 ArI
12442.726000 1 ArI
12422.787900 1 ArI
12406.221500 1 ArI
12359.673600 1 ArI
12359.202300 1 ArI
12346.771100 1 ArI
12154.691100 1 ArI
12143.061400 1 ArI
12115.641100 1 ArI
12029.940900 1 ArI
11947.135300 1 ArI
11899.889500 1 ArI
11887.733400 1 ArI
11883.2369   1 ArI
11736.442600 1 ArI
11722.696900 1 ArI
11690.8030   1 ArI
11681.6831   1 ArI
11671.904300 1 ArI
11583.5605   1 ArI
11582.284    1 ArI
11491.254000 1 ArI
11470.685000 1 ArI
11444.964700 1 ArI
11401.7572   1 ArI
11396.820700 1 ArI
11251.4291   1 ArI
11233.329400 1 ThI
11109.492400 1 ArI
11081.903300 1 ArI
10953.727300 1 ArI
10895.346500 1 ArI
10883.923100 1 ArI
10864.0532   1 ArI
10776.320200 1 ArI
10762.093100 1 ArI 
10736.795700 1 ArI
10729.864900 1 ThI
10715.723100 1 ArI
10703.918100 1 ArI
10684.699500 1 ArI
10676.489800 1 ArI
10703.9181   1 ArI
10532.2120   1 ArI
10509.380800 1 ArI
10480.904900 1 ArI
10472.922200 1 ArI
10335.5558  1 ArI
10258.39080 1 ThI
10166.1650  1 ArI
10071.7355  1 ArI 
10054.79630 1 ArI
10032.3914  1 ArI
9954.5763   1 ArI
9821.869400 1 ThI
9787.186010 1 ArI
9660.434890 1 ArI
9461.6564   1 ArI
9356.786550 1 ArI
9294.080770 1 ArI
9227.030630 1 ArI
9218.448400 1 ThI
9200.999500 1 ArI
9197.162070 1 ArI
9125.471210 1 ArI
9077.886100 1 ArI
9075.806600 1 ArI
9069.736500 1 ThI
8852.324800 1 ArI
8801.504000 1 ArI
8786.973200 1 ArI
8764.093000 1 ArI
8726.772600 1 ThI
8670.325190 1 ArI
8622.828400 1 ArI
8608.140900 1 ArI
8523.783500 1 ArI
8492.639300 1 ArI
8426.962750 1 ArI
8410.520820 1 ArI
8266.794340 1 ArI

