 Z  I  J    wrest      Ex       A
 6  1 1.0  1560.6822  16.40   2.191e8
 6  1 1.0  1560.7090  16.40   5.503e7
 6  1 1.0  1656.2672  16.40   8.546e7
 6  1 1.0  1657.0082  16.40   2.560e8
 6  1 1.0  1657.3792  16.40   8.528e7
 6  1 1.0  1657.9068  16.40   3.408e8
 6  1 2.0  1561.4384  43.40   1.319e8
 6  1 2.0  1658.1212  43.40   1.420e8

 6  2 1.5  1037.0182  63.395  1.470e9
 6  2 1.5  1335.7077  63.395  2.88e8
 6  2 1.5  1335.6627  63.395  4.80e7

 7  2 1.0  1084.5659  48.67   1.54e08  
 7  2 1.0  1084.5841  48.67   2.82e08
 7  2 2.0  1085.5328  130.80  9.96e06
 7  2 2.0  1085.5511  130.80  9.10e07
 7  2 2.0  1085.7096  130.80  3.72e08

 8  1 1.0  1304.8576  158.265  1.911e8
 8  1 1.0  1358.5123  158.265  1.36e03
 8  1 0.0  1306.0286  226.977  6.352e7

14  2 1.5  1264.7377  287.24   2.512e9
14  2 1.5  1265.0020  287.24   4.183e8
14  2 1.5  1309.2757  287.24   1.142e9
14  2 1.5  1533.4312  287.24   1.301e9
14  2 1.5  1816.9285  287.24   6.668e6
14  2 1.5  1817.4512  287.24   1.110e6

15  2 1.0  1304.4917  164.90   5.290e7
15  2 1.0  1304.6752  164.90   1.330e7

17  1 0.5  1351.6561  882.353  4.42e08
17  2 1.0  1071.7668  696.00   1.17e08

22  2 0.5  3239.9712   94.11   1.26e08

26  2 3.5  1618.4680  384.790  8.889e7
26  2 3.5  1621.6856  384.790  2.056e8
26  2 3.5  2333.516   384.790  1.130e8
26  2 3.5  2365.552   384.790  6.070e7
26  2 3.5  2383.7884  384.790  8.100e6
26  2 3.5  2389.3582  384.790  1.034e8
26  2 3.5  2396.3559  384.790  2.483e8
26  2 3.5  2599.1465  384.790  1.307e8
26  2 3.5  2612.6542  384.790  1.089e8
26  2 3.5  2626.4511  384.790  3.353e7

26  2 2.5  1629.1596  667.683  2.630e8
26  2 2.5  1631.1285  667.683  2.560e8
26  2 2.5  2328.111   667.683  5.862e7
26  2 2.5  2349.022   667.683  3.097e6
26  2 2.5  2381.489   667.683  2.520e7
26  2 2.5  2396.1497  667.683  2.501e7
26  2 2.5  2399.9728  667.683  1.366e8
26  2 2.5  2405.6186  667.683  1.693e8
26  2 2.5  2607.8664  667.683  1.658e8
26  2 2.5  2618.3991  667.683  4.364e7
26  2 2.5  2632.1081  667.683  6.032e7

26  2 1.5  1634.3498  862.613  2.630e8
26  2 1.5  1636.3313  862.613  2.560e8
26  2 1.5  2338.725   862.613  2.124e6
26  2 1.5  2359.828   862.613  4.573e7
26  2 1.5  2405.164   862.613  5.608e7
26  2 1.5  2407.3942  862.613  1.618e8
26  2 1.5  2411.2533  862.613  1.484e8
26  2 1.5  2614.6051  862.613  1.988e8
26  2 1.5  2621.1912  862.613  3.590e6
26  2 1.5  2631.8321  862.613  7.682e7

26  2 0.5  1639.4012  977.053  2.560e8
26  2 0.5  2345.001   977.053  8.162e7
26  2 0.5  2411.802   977.053  2.390e8
26  2 0.5  2414.0450  977.053  1.063e8
26  2 0.5  2622.4518  977.053  4.850e7
26  2 0.5  2629.0777  977.053  8.560e7
