96
  912.00  2   Ly break               
 1026.00  1   Ly beta                
 1035.00  1   O  VI                   
 1190.42  2   Si II                  
 1193.28  2   Si II                  
 1199.90  2   N  I                    
 1206.51  2   Si III                 
 1216.00  1   Ly alpha               
 1238.81  2   N  V                    
 1242.80  2   N  V                    
 1250.59  2   S  II                   
 1253.81  2   S  II                   
 1255.00  2   Fe V                   
 1259.52  2   Si II                  
 1260.42  2   Si II                  
 1302.08  2   O  I                    
 1304.40  2   Si II                  
 1334.53  2   C  II                   
 1335.70  2   C  II*                   
 1371.00  2   O  V                    
 1393.76  2   Si IV                  
 1402.77  2   Si IV                  
 1406.00  1   O  [IV]                 
 1428.00  2   C  III                  
 1486.00  1   N  IV]                  
 1526.72  2   Si II                  
 1548.20  2   C  IV                   
 1550.77  2   C  IV                   
 1608.45  2   Fe II                  
 1640.00  1   He II                  
 1670.91  2   Al II                  
 1719.00  1   N  IV                   
 1854.72  2   Al III                 
 1862.78  2   Al III                 
 1907.00  1   C  III]                 
 1909.00  1   C  III]                 
 2327.00  1   C  II]                  
 2796.00  2   Mg II                  
 2803.00  2   Mg II                  
 3203.00  1   He II                  
 3345.00  1   Ne [V]                  
 3426.00  1   Ne [V]                  
 3726.03  1   O  [II]                  
 3728.80  1   O  [II]                  
 3749.50  1   Fe I                   
 3797.90  2   H  10                    
 3835.40  2   H  9                     
 3868.74  1   Ne [III]               
 3888.90  2   H  8
 3889.05  2   H  f                     
 3933.68  2   Ca II K                
 3968.49  2   Ca II H                
 3970.07  2   H  e
 4026.00  1   He I                    
 4101.74  2   H  d
 4226.70  2   Ca I                    
 4304.40  2   G  band                
 4340.47  2   H  gamma                 
 4363.21  1   O  [III]                
 4383.55  2   Fe I                   
 4455.00  2   Ca I                   
 4668.00  2   Fe I                   
 4686.00  1   He II                   
 4725.00  1   Ne [IV]                 
 4861.34  2   H  b                     
 4958.91  1   O  [III]                
 5006.84  1   O  [III]                
 5167.30  2   Mg I                   
 5172.70  2   Mg I                   
 5183.60  2   Mg I                   
 5208.00  2   Mg H                   
 5269.00  2   Ca I
 5270.28  2   Fe I                   
 5331.50  2   Fe I                   
 5401.40  2   Fe I                   
 5411.00  1   He II                   
 5875.65  1   He I                   
 5889.98  2   Na I                   
 5892.50  2   Na I                   
 5895.94  2   Na I                   
 6300.30  1   O  [I]                   
 6311.00  1   S  [III]
 6363.00  1   O  [I]                   
 6548.10  1   N  [II]                 
 6562.82  1   H  a                     
 6583.60  1   N  [II]                  
 6678.0   1   HeI
 6717.10  1   S  [II]                 
 6731.30  1   S  [II]                 
 7065.00  1   HI
 7135.00  1   Ar [III]                
 7319.0   1   O [II]
 8237.00  1   He II                   
 9069.00  1   S  [III]                 
 9545.00  1   S  [III]                 
10120.00  1   He II                   
