52
629.730      OV 629   0.515        0
765.148     NIV 765   0.000       99
770.409  NeVIII 770   0.1030       0
780.324  NeVIII 780   0.0505       0
787.711     OIV 787   0.000       99
809.668     SIV 809   0.104        6
832.927    OIII 832   0.107        6
834.4655    OII 834   0.1320       6
858.0918    CII 858   0.0130       6
859.723   FeIII 859   0.115        6
903.9616    CII 903b  0.336        1
912.4        HI LLS   0.0000       1
914.039      HI 914a  0.000197     1
930.7483     HI 930   0.004814     1
937.8035     HI 937   0.007799     1
949.7431     HI 949   0.013940     1
972.5368     HI 972   0.029000     1
977.020    CIII 977   0.7620       1
989.799    NIII 989   0.106600     1
1012.502   SIII 1012  0.03550      1
1025.7223    HI 1025  0.079120     1
1031.9261   OVI 1031  0.13290      1
1036.3367   CII 1036  0.1231       1
1037.6167   OVI 1037  0.06609      1
1083.990    NII 1083  0.1031       1
1122.526  FeIII 1122  0.0539      16        ! Raasen & Uyelings
1144.9379  FeII 1144  0.1060       2       ! Howk 2000
1190.4158  SiII 1190  0.25020      1
1193.2897  SiII 1193  0.49910      1
1200.7098    NI 1200c 0.04300      1
1206.500  SiIII 1206  1.660        1
1215.6701    HI 1215  0.41640      1
1238.821     NV 1238  0.1570       1
1242.804     NV 1242  0.078230     1
1260.4221  SiII 1260  1.0070       1
1302.1685    OI 1302  0.04887      1
1304.3702  SiII 1304  0.0940       4
1334.5323   CII 1334  0.1278       1
1393.755   SiIV 1393  0.5280       1
1402.770   SiIV 1402  0.2620       1
1526.7066  SiII 1526  0.1270       9     ! ApJ 504, 921
1548.195    CIV 1548  0.19080      1
1550.770    CIV 1550  0.095220     1
1608.4511  FeII 1608  0.0580      17    ! Bergeson et al. (1996b)
1670.7874  AlII 1670  1.8800       1
1808.0130  SiII 1808  0.002186    11  ! Bergeson & Lawler (1993)
1854.7164 AlIII 1854  0.5390       1
1862.7895 AlIII 1862  0.2680       1
2026.136   ZnII 2026  0.48900     13  ! Bergeson & Lawler (1993b)
2382.765   FeII 2382  0.320        3  ! Morton (2001)
2600.1729  FeII 2600  0.2390       3  ! Morton (2001)
2796.352   MgII 2796  0.6123      15
2803.531   MgII 2803  0.3054      15
