39
949.7431     HI 949   0.013940     1
972.5368     HI 972   0.029000     1	12.75
1025.7223    HI 1025  0.079120     1	12.09
1215.6701    HI 1215  0.41640      1	10.20
1036.3367   CII 1036  0.1231       1	11.3
1334.5323   CII 1334  0.1278       1	11.3
977.020    CIII 977   0.7620       1	24.4
1548.195    CIV 1548  0.19080      1	47.9
1550.770    CIV 1550  0.095220     1	47.9
1302.1685    OI 1302  0.04887      1	9.53?
1031.9261   OVI 1031  0.13290      1	114
1037.6167   OVI 1037  0.06609      1	114
1190.4158  SiII 1190  0.25020      1
1193.2897  SiII 1193  0.49910      1
1260.4221  SiII 1260  1.0070       1	8.15
1304.3702  SiII 1304  0.0940       4
1526.7066  SiII 1526  0.1270       9     ! ApJ 504, 921
1206.500  SiIII 1206  1.660        1	16.3
1393.755   SiIV 1393  0.5280       1	33.5
1402.770   SiIV 1402  0.2620       1	33.5
1200.7098    NI 1200c 0.04300      1
1083.990    NII 1083  0.1031       1	14.5
989.799    NIII 989   0.106600     1	29.6	
1238.821     NV 1238  0.1570       1	77.5
1242.804     NV 1242  0.078230     1	77.5
1670.7874  AlII 1670  1.8800       1
1854.7164 AlIII 1854  0.5390       1
1862.7895 AlIII 1862  0.2680       1
1608.4511  FeII 1608  0.0580      17    ! Bergeson et al. (1996b)
2344.214   FeII 2344  0.114        3  ! Morton (2001)
2374.4612  FeII 2374  0.0313       3  ! Morton (2003)
2382.765   FeII 2382  0.320        3  ! Morton (2001)
2586.6500  FeII 2586  0.0691      14  ! Bergeson et al. (1996)
2600.1729  FeII 2600  0.2390       3  ! Morton (2001)
2796.352   MgII 2796  0.6123      15
2803.531   MgII 2803  0.3054      15
2852.9642   MgI 2852  1.8100       1
3934.777   CaII 3934  0.650        1
5891.5833  NaI  5891  0.6311       1
