36
3.5469494 1 CH3OH    - 	
3.5212074 1 OCS     (7-6)	
3.4761226 1 SIO     (V1)	
3.4721399 1 H13CN    -	
3.4556484 1 H13CO+   - 	
3.4519653 1 SIO     (V0)	
3.3824556 1 HCN     (1-0)	
3.3613345 1 HCO+    (1-0)	
3.3066473 1 HNC     (1-0)	
3.2951833 1 HC3N    (10-9)	
3.1094615 1 C34S    (2-1)	
3.0810764 1 OCS     (8-7)	
3.0597009 1 CS      (2-1)	
2.9956362 1 HC3N    (11-10)	
2.9382227 1 34SO2    - 	 
2.8630359 1 13C18O  (1-0)	
2.7307934 1 C18O    (1-0)	
2.7204059 1 13CO    (1-0)	
2.6681594 1 C17O    (1-0)	
2.6415531 1 CN(F1)  (1-0)	
2.6007576 1 12CO    (1-0)	
2.1968547 1 HC3N    (15-14)	
2.0730077 1 C34S    (3-2)	
2.0589724 1 H2CO    (146)	
2.0398340 1 CS      (3-2)	
1.3654219 1 C18O    (2-1)	
1.3602280 1 13CO    (2-1)	
1.3580801 1 CH3CN220  - 	
1.3494016 1 CH3CCH222 -	
1.3341045 1 C17O    (2-1)	
1.3282916 1 H2CO225   -	
1.3004037 1 12CO    (2-1)	
1.2438686 1 C34S    (5-4)	
1.2239644 1 CS      (5-4)	
1.1275207 1 HCN     (3-2)	
1.1204781 1 HCO+    (3-2)	
