35
 1026.00  1   Ly  beta
 1035.00  1    O    VI
 1215.67  1   Ly alpha 
 1240.01  2    N     V
 1304.35  2    O     I
 1396.76  2   Si    IV 
 1406.00  1    O  [IV]
 1549.06  2    C    IV 
 1640.42  1    He   II 
 1750.26  1    N  III]
 1857.40  1    Al  III 
 1908.73  1    C  III] 
 2327.71  1    C   II]
 2423.83  1   Ne  [IV]
 2798.75  2   Mg    II 
 3345.96  2   Ne   [V]
 3426.98  2   Ne   [V]
 3587.34  2   Fe [VII]
 3588.30  2   He   I
 3728.30  1   O   [II]  # Boroson et al. 2004 value
 3759.99  2   Fe  [VII]
 3869.85  1   Ne  [III]
 3889.74  2   He   I
 3971.20  1    H   eps
 4341.69  2    H gamma
 4364.44  1    O [III]
 4687.02  1    He II
 4862.68  2    H     b
 4960.29  2    O [III]
 5008.24  2    O [III]
 6549.91  1    N  [II]
 6564.63  1    H     a
 6585.27  1    N  [II] # Boroson et al. 2004 value
 6718.29  1    S  [II] # Boroson et al. 2004 value
 6732.67  1    S  [II] # Boroson et al. 2004 value
# 3728.48  1    O  [II]
# 3729.96  1    O  [II]
