257
6281.727 1 Tl  0.725  
6874.286 1 Tl  0.090  
6885.721 1 Tl  0.332  
6888.182 1 Tl  0.276  
6891.329 1 Tl  0.229  
6894.750 1 Tl  0.208  
6898.348 1 Tl  0.207  
6902.344 1 Tl  0.360  
6906.469 1 Tl  0.404  
6910.895 1 Tl  0.448  
6915.603 1 Tl  0.546  
6920.542 1 Tl  0.607  
6925.638 1 Tl  0.693  
6931.130 1 Tl  0.796  
7183.551 1 Tl  0.754  
7186.487 1 Tl  0.590  
7188.248 1 Tl  0.778  
7189.273 1 Tl  0.667  
7193.644 1 Tl  0.608  
7195.621 1 Tl  0.792  
7202.881 1 Tl  0.631  
7206.218 1 Tl  0.656  
7208.389 1 Tl  0.590  
7234.745 1 Tl  0.662  
7236.658 1 Tl  0.602  
7242.698 1 Tl  0.716  
7245.620 1 Tl  0.672  
7254.937 1 Tl  0.700  
7267.576 1 Tl  0.717  
7274.965 1 Tl  0.731  
7277.396 1 Tl  0.795  
7279.222 1 Tl  0.709  
7292.535 1 Tl  0.777  
7623.325 1 Tl  0.008  
7667.426 1 Tl  0.140  
7673.234 1 Tl  0.329  
7679.192 1 Tl  0.468  
7685.376 1 Tl  0.608  
7691.800 1 Tl  0.729  
8156.123 1 Tl  0.758  
8160.229 1 Tl  0.746  
8164.129 1 Tl  0.689  
8166.807 1 Tl  0.552  
8171.842 1 Tl  0.580  
8179.974 1 Tl  0.522  
8184.077 1 Tl  0.751  
8188.628 1 Tl  0.738  
8191.509 1 Tl  0.524  
8195.364 1 Tl  0.612  
8199.945 1 Tl  0.551  
8220.359 1 Tl  0.785  
8229.202 1 Tl  0.527  
8230.567 1 Tl  0.492  
8231.998 1 Tl  0.773  
8233.648 1 Tl  0.576  
8236.257 1 Tl  0.714  
8245.688 1 Tl  0.678  
8258.770 1 Tl  0.590  
8276.594 1 Tl  0.607  
8284.286 1 Tl  0.703  
8290.229 1 Tl  0.671  
8296.538 1 Tl  0.751  
8302.661 1 Tl  0.796  
8307.140 1 Tl  0.761  
8323.681 1 Tl  0.798  
8968.238 1 Tl  0.795  
8973.894 1 Tl  0.720  
8983.035 1 Tl  0.609  
8992.189 1 Tl  0.529  
9002.813 1 Tl  0.479  
9006.242 1 Tl  0.731  
9014.361 1 Tl  0.659  
9019.105 1 Tl  0.401  
