# 03/24/09 Michael Murphy ThAr list version 1. Wavelneghts in air. 
  3045.068171     1 ThAr
  3049.092387     1 ThAr
  3072.825235     1 ThAr
  3090.680697     1 ThAr
  3095.103367     1 ThAr
  3108.296793     1 ThAr
  3113.336037     1 ThAr
  3154.300879     1 ThAr
  3171.275477     1 ThAr
  3179.048191     1 ThAr
  3262.668454     1 ThAr
  3272.026800     1 ThAr
  3278.732554     1 ThAr
  3287.789301     1 ThAr
  3310.198820     1 ThAr
  3359.060100     1 ThAr
  3381.342359     1 ThAr
  3403.270823     1 ThAr
  3414.764465     1 ThAr
  3427.092354     1 ThAr
  3442.579014     1 ThAr
  3446.259307     1 ThAr
  3451.702372     1 ThAr
  3457.069153     1 ThAr
  3486.551181     1 ThAr
  3498.621016     1 ThAr
  3518.404024     1 ThAr
  3542.497886     1 ThAr
  3547.337672     1 ThAr
  3551.401923     1 ThAr
  3555.013520     1 ThAr
  3556.903771     1 ThAr
  3559.507869     1 ThAr
  3563.375593     1 ThAr
  3567.263810     1 ThAr
  3569.820475     1 ThAr
  3572.392347     1 ThAr
  3576.615368     1 ThAr
  3584.175638     1 ThAr
  3588.440232     1 ThAr
  3591.452414     1 ThAr
  3592.779456     1 ThAr
  3598.119977     1 ThAr
  3604.681888     1 ThAr
  3606.521607     1 ThAr
  3608.377894     1 ThAr
  3609.445187     1 ThAr
  3612.427480     1 ThAr
  3617.117296     1 ThAr
  3618.363366     1 ThAr
  3629.850332     1 ThAr
  3634.582206     1 ThAr
  3635.943368     1 ThAr
  3642.249004     1 ThAr
  3649.734939     1 ThAr
  3656.693835     1 ThAr
  3659.629386     1 ThAr
  3661.621460     1 ThAr
  3663.202503     1 ThAr
  3666.981142     1 ThAr
  3668.139866     1 ThAr
  3669.968457     1 ThAr
  3671.539836     1 ThAr
  3682.486374     1 ThAr
  3684.932899     1 ThAr
  3698.106179     1 ThAr
  3700.978233     1 ThAr
  3706.767261     1 ThAr
  3719.434728     1 ThAr
  3725.393215     1 ThAr
  3729.308136     1 ThAr
  3737.512535     1 ThAr
  3751.021912     1 ThAr
  3762.933383     1 ThAr
  3771.370827     1 ThAr
  3776.271162     1 ThAr
  3792.730469     1 ThAr
  3795.384978     1 ThAr
  3796.949182     1 ThAr
  3800.198363     1 ThAr
  3813.067943     1 ThAr
  3843.508687     1 ThAr
  3851.158517     1 ThAr
  3855.066081     1 ThAr
  3932.911332     1 ThAr
  3937.288272     1 ThAr
  3944.006500     1 ThAr
  3972.154338     1 ThAr
  3974.828733     1 ThAr
  3989.452558     1 ThAr
  4005.961904     1 ThAr
  4025.886121     1 ThAr
  4060.061789     1 ThAr
  4070.238160     1 ThAr
  4104.837546     1 ThAr
  4116.713432     1 ThAr
  4132.620663     1 ThAr
  4141.013350     1 ThAr
  4159.153885     1 ThAr
  4169.213234     1 ThAr
  4171.341017     1 ThAr
  4174.439626     1 ThAr
  4187.899934     1 ThAr
  4191.535669     1 ThAr
  4220.851878     1 ThAr
  4248.740026     1 ThAr
  4257.898522     1 ThAr
  4264.584042     1 ThAr
  4293.438002     1 ThAr
  4302.046010     1 ThAr
  4328.915443     1 ThAr
  4334.932643     1 ThAr
  4337.277141     1 ThAr
  4342.443971     1 ThAr
  4363.794730     1 ThAr
  4372.095256     1 ThAr
  4379.667209     1 ThAr
  4383.334866     1 ThAr
  4386.485704     1 ThAr
  4388.969824     1 ThAr
  4407.883782     1 ThAr
  4413.631909     1 ThAr
  4415.522939     1 ThAr
  4422.888546     1 ThAr
  4427.309699     1 ThAr
  4449.915468     1 ThAr
  4470.261241     1 ThAr
  4490.672955     1 ThAr
  4499.983224     1 ThAr
  4520.031891     1 ThAr
  4523.461477     1 ThAr
  4529.067346     1 ThAr
  4531.379467     1 ThAr
  4564.835313     1 ThAr
  4576.466932     1 ThAr
  4583.874476     1 ThAr
  4589.121600     1 ThAr
  4594.961743     1 ThAr
  4615.883896     1 ThAr
  4659.570368     1 ThAr
  4680.237294     1 ThAr
  4696.812003     1 ThAr
  4701.843908     1 ThAr
  4730.092160     1 ThAr
  4732.871310     1 ThAr
  4744.637961     1 ThAr
  4762.230173     1 ThAr
  4790.075843     1 ThAr
  4796.896309     1 ThAr
  4804.544090     1 ThAr
  4808.764688     1 ThAr
  4834.099576     1 ThAr
  4849.140369     1 ThAr
  4853.608009     1 ThAr
  4881.204677     1 ThAr
  4896.112128     1 ThAr
  4917.185860     1 ThAr
  4921.670297     1 ThAr
  4948.101058     1 ThAr
  4957.296872     1 ThAr
  4977.653805     1 ThAr
  4982.486931     1 ThAr
  4987.558460     1 ThAr
  5015.985969     1 ThAr
  5048.812187     1 ThAr
  5059.860949     1 ThAr
  5091.352906     1 ThAr
  5095.064557     1 ThAr
  5116.296317     1 ThAr
  5126.655963     1 ThAr
  5151.965621     1 ThAr
  5159.619814     1 ThAr
  5177.534681     1 ThAr
  5191.457783     1 ThAr
  5199.326179     1 ThAr
  5202.009251     1 ThAr
  5244.643395     1 ThAr
  5251.781073     1 ThAr
  5293.136166     1 ThAr
  5345.311470     1 ThAr
  5361.155263     1 ThAr
  5374.821567     1 ThAr
  5387.813206     1 ThAr
  5408.866050     1 ThAr
  5419.128132     1 ThAr
  5465.338542     1 ThAr
  5514.873106     1 ThAr
  5521.753080     1 ThAr
  5539.261800     1 ThAr
  5542.890641     1 ThAr
  5548.176013     1 ThAr
  5568.003506     1 ThAr
  5573.084563     1 ThAr
  5579.357544     1 ThAr
  5601.603067     1 ThAr
  5606.386056     1 ThAr
  5619.977450     1 ThAr
  5630.296222     1 ThAr
  5633.294805     1 ThAr
  5635.575186     1 ThAr
  5648.990954     1 ThAr
  5650.705120     1 ThAr
  5657.925206     1 ThAr
  5665.179556     1 ThAr
  5667.127984     1 ThAr
  5674.985076     1 ThAr
  5677.052542     1 ThAr
  5679.004590     1 ThAr
  5681.899427     1 ThAr
  5685.192577     1 ThAr
  5689.629466     1 ThAr
  5698.545086     1 ThAr
  5700.868119     1 ThAr
  5707.103137     1 ThAr
  5727.710012     1 ThAr
  5739.520188     1 ThAr
  5749.786680     1 ThAr
  5797.319784     1 ThAr
  5891.450790     1 ThAr
  5899.844054     1 ThAr
  5905.570764     1 ThAr
  5914.385629     1 ThAr
  5918.945499     1 ThAr
  5922.802977     1 ThAr
  5926.231866     1 ThAr
  5932.206395     1 ThAr
  5934.409453     1 ThAr
  5938.456417     1 ThAr
  5962.056761     1 ThAr
  5969.736805     1 ThAr
  5993.492876     1 ThAr
  6001.203223     1 ThAr
  6042.589816     1 ThAr
  6072.896244     1 ThAr
  6093.021494     1 ThAr
  6098.119995     1 ThAr
  6101.725299     1 ThAr
  6137.927168     1 ThAr
  6150.683097     1 ThAr
  6163.726866     1 ThAr
  6237.102275     1 ThAr
  6257.423258     1 ThAr
  6261.063971     1 ThAr
  6271.545663     1 ThAr
  6276.163901     1 ThAr
  6296.873431     1 ThAr
  6303.250903     1 ThAr
  6307.657424     1 ThAr
  6337.620376     1 ThAr
  6347.105992     1 ThAr
  6413.614241     1 ThAr
  6417.906573     1 ThAr
  6424.165467     1 ThAr
  6436.670214     1 ThAr
  6465.586531     1 ThAr
  6474.796321     1 ThAr
  6500.657413     1 ThAr
  6530.575215     1 ThAr
  6544.596734     1 ThAr
  6576.123271     1 ThAr
  6592.554390     1 ThAr
  6673.579996     1 ThAr
  6683.367225     1 ThAr
  6686.215416     1 ThAr
  6726.948001     1 ThAr
  6741.922163     1 ThAr
  6787.736551     1 ThAr
  6934.229348     1 ThAr
  6937.663708     1 ThAr
  6943.610523     1 ThAr
  6948.205142     1 ThAr
  6951.477124     1 ThAr
  6981.083106     1 ThAr
  6989.655260     1 ThAr
  7000.803628     1 ThAr
  7007.096109     1 ThAr
  7018.567528     1 ThAr
  7030.250958     1 ThAr
  7036.283039     1 ThAr
  7202.190942     1 ThAr
  7220.980860     1 ThAr
  7233.391639     1 ThAr
  7342.576858     1 ThAr
  7377.887294     1 ThAr
  7413.595774     1 ThAr
  7788.934115     1 ThAr
  7868.194043     1 ThAr
  7878.705765     1 ThAr
  7989.165644     1 ThAr
  8086.573790     1 ThAr
  8237.740798     1 ThAr
  8275.626506     1 ThAr
  8341.476954     1 ThAr
  8395.724124     1 ThAr
  8403.796497     1 ThAr
  8435.744016     1 ThAr
  8496.335068     1 ThAr
  8629.141440     1 ThAr
  8698.595762     1 ThAr
  8732.423947     1 ThAr
  8751.206153     1 ThAr
  8761.685632     1 ThAr
  8924.245838     1 ThAr
  8931.330192     1 ThAr
  8971.363979     1 ThAr
  9051.230474     1 ThAr
  9063.959977     1 ThAr
  9103.341937     1 ThAr
  9199.684057     1 ThAr
  9224.498526     1 ThAr
  9317.729541     1 ThAr
  9334.759323     1 ThAr
  9336.162318     1 ThAr
  9354.219213     1 ThAr
  9376.784801     1 ThAr
  9383.272149     1 ThAr
  9393.775615     1 ThAr
  9420.475871     1 ThAr
  9670.796873     1 ThAr
  9750.134980     1 ThAr
  9769.534705     1 ThAr
  9779.453149     1 ThAr
  9855.742013     1 ThAr
  9977.827411     1 ThAr
  9987.635075     1 ThAr
 10022.284512     1 ThAr
 10117.990047     1 ThAr
 10184.539071     1 ThAr
 10332.733454     1 ThAr
 10649.652690     1 ThAr
 10690.173149     1 ThAr
 10749.428352     1 ThAr
 10864.595131     1 ThAr
