3033.508059 1 ArII
3035.110311 1 ThII
3035.537696 1 ThII
3038.824635 1 ThII
3039.668854 1 XX0
3041.940344 1 ThI
3043.065282 1 ThII
3043.930019 1 XX0
3045.068171 1 ThII
3046.951282 1 ThII
3048.233093 1 XX0
3049.092387 1 ThII
3049.862412 1 ThII
3050.815888 1 NiI
3050.984837 1 ThII
3051.792888 1 ThII
3052.128938 1 XX0
3056.844532 1 ThII
3058.028894 1 ThI
3058.426284 1 ThII
3060.438957 1 ThI
3060.905473 1 ArII
3065.683758 1 ThI
3065.930013 1 ThII
3066.236272 1 ThIII
3066.412051 1 ThII
3067.729409 1 ThII
3070.816328 1 ThII
3072.115012 1 ThII
3072.825235 1 ThII
3073.803950 1 XX0
3075.056529 1 ThII
3075.840368 1 ThII
3077.339066 1 ThII
3077.717166 1 ThI
3077.931848 1 ThII
3079.573497 1 ThI
3079.887460 1 ThII
3080.217043 1 ThII
3081.032158 1 XX0
3081.981001 1 ThII
3082.504712 1 ThI
3083.297373 1 ThII
3085.025579 1 ArII
3085.472334 1 XX0
3086.566720 1 XX0
3093.401536 1 ArII
3098.726877 1 ThI
3100.938252 1 ThII
3101.557049 1 NiI
3107.026136 1 ThII
3107.346774 1 ThII
3108.296793 1 ThII
3110.020904 1 ThII
3111.280689 1 ThI
3112.089063 1 ThII
3117.684010 1 ThII
3120.880842 1 ThI
3123.158077 1 XX0
3124.387391 1 ThII
3125.209127 1 ThII
3126.053162 1 ThII
3127.208241 1 ThII
3129.974056 1 ThII
3132.103167 1 XX0
3133.619655 1 ThII
3134.425744 1 ThII
3134.623002 1 XX0
3135.533583 1 XX0
3136.216082 1 ThI
3136.829275 1 ThI
3137.171915 1 ThII
3137.632620 1 ArII
3139.017198 1 ArII
3140.272028 1 ThI
3141.847238 1 ThII
3142.835605 1 ThII
3145.636991 1 ThI
3146.043368 1 ThII
3147.448606 1 ThI
3150.455077 1 ThII
3151.017008 1 ThI
3151.184006 1 ThI
3153.218199 1 ThII
3155.830181 1 ThII
3156.400648 1 ThII
3157.507067 1 XX0
3158.617344 1 ThII
3159.707222 1 XX0
3160.823743 1 ThII
3161.688137 1 ThII
3163.094967 1 XX0
3163.715241 1 XX0
3164.481563 1 ThII
3165.291051 1 ArII
3169.328492 1 ThII
3169.668007 1 ArII
3171.275477 1 ThI
3171.509864 1 XX0
3172.111202 1 XX0
3173.426654 1 ThI
3173.704570 1 XX0
3174.019111 1 ThI
3174.204340 1 ThII
3174.839294 1 ThI
3175.725737 1 ThII
3176.167080 1 ThI
3178.243304 1 ThI
3179.048191 1 ThII
3180.193754 1 ThII
3181.037112 1 ArII
3182.405455 1 ThII
3182.642528 1 ThII
3184.276840 1 ThI
3186.171701 1 ArII
3191.093121 1 ThII
3192.585625 1 ThI
3193.159769 1 ThII
3193.368884 1 ThII
3193.780994 1 ThI
3195.313946 1 ThII
3195.689137 1 ThI
3198.229104 1 ThII
3203.104532 1 XX0
3203.392994 1 ArII
3204.320885 1 ArII
3205.288757 1 ThII
3207.581032 1 ArII
3207.782509 1 ThII
3209.750241 1 XX0
3210.308825 1 ThII
3210.777756 1 ThI
3211.194319 1 ThI
3212.518078 1 ArII
3214.074664 1 ThI
3214.380124 1 ThI
3216.997913 1 ThI
3220.350851 1 ThII
3221.864105 1 ThII
3222.397889 1 ArII
3225.411053 1 ThII
3226.119007 1 ThII
3227.470455 1 XX0
3229.009593 1 ThII
3230.867963 1 ThII
3232.124977 1 ThI
3232.306180 1 ThI
3235.667388 1 XX0
3235.839985 1 XX0
3236.573413 1 ThI
3237.232332 1 XX0
3238.115747 1 ThII
3238.934310 1 ThI
3240.644805 1 ThI
3240.947040 1 XX0
3241.107950 1 ThII
3242.379017 1 XX0
3243.688079 1 ArII
3244.043439 1 ThI
3244.448809 1 ThI
3244.881507 1 ThI
3245.994211 1 ThI
3248.893834 1 ThII
3249.343128 1 ThI
3251.915910 1 ThI
3252.964413 1 XX0
3253.683861 1 ThI
3253.865943 1 ThI
3254.067323 1 ThI
3254.809902 1 ThII
3256.273854 1 ThII
3256.695406 1 XX0
3257.162051 1 ThII
3257.366748 1 ThI
3259.060869 1 ThI
3259.245136 1 ThII
3262.317100 1 XX0
3262.668454 1 ThII
3263.182781 1 ThI
3264.121613 1 ThII
3267.002454 1 ThII
3268.757445 1 XX0
3269.469866 1 ThII
3270.099402 1 ThI
3271.546009 1 ThI
3272.026800 1 ThI
3273.317142 1 ArII
3274.403982 1 ThII
3275.067597 1 ThII
3275.260053 1 XX0
3275.643359 1 ArII
3276.719942 1 XX0
3281.048784 1 ThI
3281.700950 1 ArII
3282.616574 1 XX0
3282.979571 1 ThII
3285.514818 1 ThI
3286.582912 1 ThII
3287.789301 1 ThII
3288.160274 1 ThII
3290.599620 1 ThIII
3291.739449 1 ThII
3292.311520 1 XX0
3292.925471 1 ThI
3294.245237 1 ThII
3297.374831 1 ThII
3297.833304 1 ThII
3298.049858 1 ThI
3304.238360 1 ThI
3305.303626 1 ThI
3307.228257 1 ArII
3309.135852 1 ThII
3309.365450 1 ThI
3310.636460 1 ThI
3310.813173 1 ThI
3313.070388 1 ThI
3318.390131 1 ThI
3319.910160 1 ThI
3320.476319 1 ThI
3322.093322 1 ThI
3324.752706 1 ThII
3325.120752 1 ThII
3325.965805 1 XX0
3326.465259 1 ThII
3327.193167 1 ThI
3327.712760 1 XX0
3327.879727 1 XX0
3329.728397 1 ThI
3330.477007 1 ThI
3331.726357 1 XX0
3333.128998 1 ThI
3334.604120 1 ThII
3335.239216 1 ThI
3335.474182 1 XX0
3337.870357 1 ThII
3338.397050 1 ThII
3338.598026 1 XX0
3340.725458 1 ThI
3341.740642 1 ArII
3343.812927 1 ThII
3346.555999 1 ThII
3347.403823 1 ThI
3347.992311 1 XX0
3349.329470 1 XX0
3350.923835 1 ArII
3351.228617 1 ThII
3352.036089 1 XX0
3353.948473 1 ThII
3354.179605 1 ThII
3355.106131 1 ThI
3355.972365 1 ThII
3357.058119 1 ThII
3357.235167 1 ThII
3358.601994 1 ThII
3360.373550 1 ThII
3360.998240 1 ThI
3361.197899 1 ThI
3362.676256 1 ThII
3365.137587 1 ThI
3365.978862 1 XX0
3367.582229 1 ThI
3373.844479 1 ArII
3374.974894 1 ThI
3378.573379 1 ThII
3378.803715 1 ThII
3379.090049 1 ThII
3380.570232 1 NiI
3380.859541 1 ThI
3383.586106 1 ThI
3384.992426 1 ThII
3385.531607 1 ThII
3386.500660 1 ThII
3386.763253 1 ThII
3387.920553 1 ThI
3389.037362 1 XX0
3389.463266 1 ThI
3389.640541 1 ThII
3390.368122 1 XX0
3392.034957 1 ThII
3393.230819 1 ThII
3393.421494 1 ThI
3393.992954 1 ThI
3394.797014 1 ThII
3395.112389 1 ThII
3395.986186 1 XX0
3396.727801 1 ThI
3397.516114 1 ThI
3398.544852 1 ThI
3402.026404 1 ThII
3403.005954 1 ThII
3405.558381 1 ThI
3406.838551 1 XX0
3408.749883 1 ThI
3409.269918 1 ThII
3417.497794 1 ThI
3418.775515 1 ThII
3419.173303 1 ThII
3421.210006 1 ThI
3423.129072 1 XX0
3423.707094 1 XX0
3423.989681 1 ThI
3426.742667 1 XX0
3427.993575 1 ThII
3428.999181 1 ThI
3429.389270 1 ThII
3430.127330 1 XX0
3431.263949 1 XX0
3431.810465 1 ThII
3432.583087 1 ArII
3433.555396 1 NiI
3435.977129 1 ThII
3437.307095 1 ThI
3438.950331 1 ThII
3439.398751 1 ThI
3441.364697 1 ThII
3441.526792 1 ThI
3442.579014 1 ThI
3444.253057 1 ThI
3445.217278 1 ThII
3445.744152 1 ThII
3446.547456 1 ThI
3448.948718 1 ThI
3449.287076 1 ThII
3450.947518 1 ThII
3451.702372 1 ThI
3452.682073 1 ThII
3454.094963 1 ArII
3455.272624 1 ThII
3455.613072 1 ThI
3456.441731 1 ThII
3457.069153 1 ThI
3457.433993 1 XX0
3458.141342 1 XX0
3458.458644 1 NiI
3461.018679 1 ThI
3461.217251 1 ThI
3462.850565 1 ThII
3463.719710 1 ThII
3464.126777 1 ArII
3466.332950 1 ArII
3466.896805 1 ThII
3468.219799 1 ThII
3469.345454 1 ThI
3469.920804 1 ThII
3470.567491 1 ThI
3471.000537 1 ThI
3471.596494 1 ArII
3471.959330 1 ThI
3475.538088 1 ThII
3476.747140 1 ArII
3477.704260 1 ThII
3478.463542 1 ThII
3479.684721 1 ThI
3480.052529 1 ThI
3481.002984 1 ThII
3484.080004 1 ThII
3484.943524 1 ThI
3485.472192 1 ThII
3485.676737 1 XX0
3487.315475 1 ArII
3488.833855 1 ThI
3489.184152 1 ThI
3489.507600 1 ThI
3490.872959 1 ArII
3491.243710 1 ArII
3491.535601 1 ArII
3491.900053 1 ThI
3495.699846 1 ThI
3496.810716 1 ThI
3497.686065 1 ThII
3498.621016 1 ThI
3501.455948 1 ThII
3503.785976 1 ThI
3504.992236 1 XX0
3505.494138 1 ThII
3506.132793 1 ThI
3506.645794 1 ThI
3506.852035 1 ThII
3509.777919 1 ArII
3514.387363 1 ArII
3516.354506 1 XX0
3516.577158 1 ThII
3516.824308 1 ThII
3518.404024 1 ThI
3519.993364 1 ArII
3521.059481 1 ThI
3521.259918 1 ArII
3523.506150 1 ThI
3523.758548 1 ThI
3524.178731 1 ThI
3524.536471 1 NiI
3526.634204 1 ThI
3527.000519 1 XX0
3527.322379 1 ThI
3528.411658 1 ThI
3529.385973 1 ThI
3530.514780 1 ThI
3531.450561 1 ThI
3536.976754 1 ThI
3537.159758 1 ThII
3538.212569 1 ThII
3539.322306 1 ThII
3539.587276 1 ThII
3539.840089 1 ThI
3541.615914 1 ThII
3541.969699 1 ThII
3543.146944 1 ArII
3544.017956 1 ThI
3545.595189 1 ArII
3545.843139 1 ArII
3547.917487 1 XX0
3548.514041 1 ArII
3549.595944 1 ThI
3550.292441 1 ThII
3551.401923 1 ThI
3553.110325 1 ThII
3554.305517 1 ArI
3555.013520 1 ThI
3555.704633 1 ThI
3556.314437 1 ThII
3556.903771 1 ArII
3561.030143 1 ArII
3563.911118 1 XX0
3565.029311 1 ArII
3565.604254 1 ThI
3566.371807 1 NiI
3567.263810 1 ThI
3569.620438 1 ThII
3569.820475 1 ThI
3570.357715 1 ThI
3570.523976 1 ThI
3571.009220 1 XX0
3571.573099 1 ThII
3572.067237 1 XX0
3573.219647 1 ThII
3575.126295 1 ThI
3576.615368 1 ArII
3577.215674 1 ThII
3577.599396 1 ThI
3578.355625 1 ArII
3578.949763 1 ThI
3580.991237 1 XX0
3581.608015 1 ArII
3582.009135 1 ThII
3582.354424 1 ArII
3584.175638 1 ThI
3588.440232 1 ArII
3589.749503 1 ThI
3589.994165 1 ThI
3590.925332 1 ThI
3591.254823 1 ThI
3591.452414 1 ThI
3592.487098 1 ThII
3594.111161 1 ThII
3594.985616 1 ThI
3595.617736 1 ThI
3597.495522 1 XX0
3598.119977 1 ThI
3598.524701 1 ThI
3599.724018 1 ThI
3600.432327 1 ThI
3601.771594 1 ThI
3603.204207 1 ThII
3605.193661 1 ThI
3606.521607 1 ArI
3607.393345 1 ThII
3607.733041 1 XX0
3608.881673 1 ThI
3609.445187 1 ThII
3611.160461 1 ThI
3611.813042 1 ArII
3612.427480 1 ThI
3612.866647 1 ThI
3615.132757 1 ThII
3615.850348 1 ThI
3616.177796 1 ThI
3617.671589 1 ThI
3618.363366 1 ThI
3618.596972 1 ThI
3619.211926 1 ThI
3619.390971 1 NiI
3620.838712 1 ThI
3622.795452 1 ThI
3624.472007 1 ThI
3625.628038 1 ThII
3629.850332 1 XX0
3634.213564 1 ThII
3634.582206 1 ThI
3635.241904 1 ThII
3635.419485 1 ThII
3635.943368 1 XX0
3636.566730 1 ThII
3638.319271 1 ThI
3638.644471 1 ThI
3639.446974 1 ThII
3642.249004 1 ThI
3642.572916 1 ThI
3643.512345 1 ThI
3643.825007 1 ThI
3644.713816 1 ThII
3644.980407 1 ThI
3645.955851 1 XX0
3647.932982 1 ThI
3648.855241 1 ThII
3649.249611 1 ThII
3650.204603 1 ThI
3652.537225 1 ThII
3654.461786 1 ThI
3656.049461 1 ArII
3656.693835 1 ThI
3657.055400 1 ThI
3658.808733 1 ThI
3659.629386 1 ThI
3661.983328 1 ThI
3663.202503 1 ThI
3664.591484 1 XX0
3665.181162 1 ThII
3666.981142 1 ThI
3667.621842 1 ThI
3668.139866 1 XX0
3671.004152 1 ArII
3671.539836 1 ThI
3672.300297 1 ThI
3672.521789 1 ThI
3673.793557 1 ThII
3674.418515 1 ThI
3674.891013 1 ThI
3675.137204 1 ThI
3675.567575 1 ThII
3675.789326 1 ThI
3675.959279 1 ThI
3676.689687 1 ThII
3679.134333 1 XX0
3679.544434 1 ThI
3679.710495 1 ThII
3680.060450 1 ArII
3680.447719 1 ThI
3683.493166 1 ThI
3684.932899 1 ThI
3685.587034 1 ThI
3687.670047 1 ThII
3687.984143 1 ThI
3690.623869 1 ThI
3690.894860 1 ArI
3691.411749 1 ThI
3691.614109 1 ThI
3692.566417 1 ThI
3693.247361 1 ThI
3695.288968 1 ThI
3695.973758 1 ThII
3697.030856 1 ThII
3697.743648 1 ThI
3698.106179 1 ThI
3698.754555 1 XX0
3699.880809 1 ThI
3700.765379 1 ThII
3700.978233 1 ThI
3702.863833 1 ThII
3703.229921 1 ThI
3703.774325 1 ThI
3704.337359 1 XX0
3706.767261 1 ThI
3707.722123 1 XX0
3711.304110 1 ThII
3711.622934 1 ThI
3714.070569 1 XX0
3715.560653 1 XX0
3715.861553 1 ThI
3716.583658 1 XX0
3719.434728 1 ThI
3721.215223 1 ThI
3721.825450 1 ThII
3723.289817 1 ThII
3723.919923 1 ThI
3725.393215 1 XX0
3727.612014 1 ThI
3727.902757 1 ThI
3729.308136 1 ArII
3730.368368 1 ThI
3732.985429 1 ThI
3733.672438 1 ThI
3737.512535 1 ThI
3737.888945 1 ArII
3738.357288 1 ThI
3740.855132 1 ThII
3741.183057 1 ThII
3742.923393 1 ThI
3743.508280 1 XX0
3745.659122 1 XX0
3745.970638 1 ThI
3747.539032 1 ThII
3752.568973 1 ThII
3752.790420 1 ThI
3753.242101 1 ThI
3754.288404 1 XX0
3754.593057 1 ThII
3755.212137 1 ThI
3756.294123 1 ThI
3757.694157 1 ThI
3758.467089 1 ThI
3758.706290 1 ThI
3760.807213 1 XX0
3761.704389 1 ThI
3762.416594 1 ThII
3764.192395 1 XX0
3766.447304 1 ThI
3768.435890 1 ThII
3770.055998 1 ThI
3771.370827 1 ThI
3772.236947 1 ThII
3772.649869 1 ThI
3773.052086 1 XX0
3773.757441 1 ThII
3774.733159 1 XX0
3774.976046 1 XX0
3776.271162 1 ThI
3779.562436 1 XX0
3783.012697 1 ThII
3783.296425 1 ThII
3784.575599 1 XX0
3785.600691 1 ThII
3786.383000 1 ArII
3787.933732 1 ThI
3788.359497 1 ThII
3790.083796 1 XX0
3790.795014 1 ThI
3792.730469 1 ThI
3793.815763 1 ThI
3794.150875 1 ThII
3794.697945 1 ThI
3797.454398 1 ThII
3798.103527 1 ThI
3800.198363 1 ThI
3800.372370 1 ThII
3800.588763 1 ThII
3802.419762 1 ThI
3803.984627 1 ThI
3804.698560 1 ThI
3807.272730 1 ThI
3807.874216 1 ThII
3808.128934 1 ThII
3809.456226 1 ArII
3809.835378 1 ThII
3810.995489 1 ThI
3812.397900 1 ThI
3813.067943 1 ThII
3813.815043 1 ThI
3815.026758 1 ThII
3815.565429 1 ThI
3816.166157 1 XX0
3817.116454 1 XX0
3818.685274 1 ThI
3820.792436 1 ThI
3821.430886 1 ThII
3822.862544 1 XX0
3823.067356 1 ThI
3823.992416 1 XX0
3825.672458 1 ArII
3826.368830 1 ThI
3826.807333 1 ArII
3828.384620 1 ThI
3830.060435 1 ThI
3830.773695 1 ThI
3832.583012 1 XX0
3832.788843 1 ThII
3833.085784 1 XX0
3834.678239 1 ArI
3835.710528 1 ThI
3837.024398 1 ThI
3837.875485 1 ThI
3840.800127 1 ThI
3841.518528 1 ArII
3841.960320 1 ThII
3842.550255 1 ThI
3843.508687 1 XX0
3844.731154 1 ArII
3845.405511 1 ArII
3846.249004 1 ThII
3846.626761 1 ThI
3847.619324 1 ThI
3848.629091 1 XX1
3849.911264 1 ThI
3850.133154 1 ThII
3850.581478 1 ArII
3852.135168 1 ThI
3852.958630 1 ThII
3854.510257 1 ThII
3857.508124 1 ThII
3863.405946 1 ThII
3866.908367 1 ThI
3868.528624 1 ArII
3869.663262 1 ThI
3871.616763 1 XX0
3872.137342 1 ArII
3873.147903 1 ThI
3873.822102 1 ThI
3874.243737 1 ThI
3874.862342 1 ThI
3875.646477 1 ThI
3879.268711 1 ThI
3879.447701 1 ThI
3879.644138 1 ThI
3881.498950 1 ThII
3882.144129 1 ThII
3882.323983 1 ThI
3883.767924 1 ThI
3884.819980 1 XX0
3885.404693 1 XX0
3885.768405 1 ThII
3889.906259 1 ThI
3891.726166 1 ThI
3891.979258 1 ArII
3893.344327 1 XX0
3893.651916 1 ThI
3894.408678 1 ThII
3894.660049 1 ArI
3895.419264 1 ThI
3897.316676 1 XX1
3898.795701 1 XX0
3900.878145 1 ThII
3901.152563 1 ThII
3901.661916 1 ThI
3903.102286 1 ThI
3903.481532 1 ThI
3905.186018 1 ThII
3907.543305 1 ThI
3908.748399 1 ThI
3909.138646 1 ThI
3910.521068 1 ThI
3910.773586 1 ThI
3912.490668 1 XX1
3913.645438 1 ThI
3914.768255 1 ArII
3915.848553 1 ThI
3916.417436 1 ThI
3917.269011 1 ThI
3917.767654 1 ArII
3918.501434 1 XX1
3919.460113 1 XX0
3923.799400 1 ThI
3924.404367 1 XX0
3925.719162 1 ArII
3926.045746 1 ArII
3926.863849 1 ThI
3927.176351 1 ThII
3928.623574 1 ArII
3929.669203 1 ThII
3931.997851 1 XX0
3932.226498 1 ThII
3932.546855 1 ArII
3932.911332 1 ThI
3933.661199 1 CaII
3934.275583 1 XX0
3934.797506 1 XX0
3937.039891 1 ThII
3939.154490 1 XX0
3939.538116 1 XX1
3940.196685 1 XX1
3942.358616 1 XX0
3944.006500 1 AlI
3945.507354 1 ThII
3945.820294 1 ThII
3947.135709 1 XX0
3947.330600 1 ThI
3947.504607 1 ArI
3950.395397 1 ThI
3950.804941 1 ThI
3954.727845 1 XX0
3958.927319 1 ThI
3959.299941 1 ThI
3962.419438 1 ThI
3964.029968 1 ThI
3966.052889 1 XX1
3966.964231 1 XX0
3967.392112 1 ThI
3968.359459 1 ArII
3969.002322 1 ThII
3969.665214 1 ThI
3970.230716 1 XX1
3972.154338 1 XX0
3972.639300 1 ThI
3974.476567 1 ArII
3976.414779 1 ThII
3979.355779 1 ArII
3980.754517 1 ThII
3981.106438 1 ThII
3981.828197 1 ThI
3982.102662 1 ThII
3984.094828 1 ThI
3984.374301 1 ThII
3984.879451 1 ThI
3986.075596 1 XX0
3988.600082 1 ThII
3988.845145 1 ThII
3990.492442 1 ThI
3991.731075 1 ThI
3992.053554 1 ArII
3992.273486 1 ThII
3993.299140 1 XX0
3994.549534 1 ThII
3994.792091 1 ArII
3996.061659 1 ThII
3996.669562 1 ThI
3998.952364 1 ThI
4000.280454 1 ThI
4000.746866 1 ThI
4001.057991 1 ThI
4001.893615 1 ThI
4003.105728 1 ThII
4005.092975 1 ThI
4005.961904 1 ThI
4006.380689 1 ThII
4008.210288 1 ThI
4010.293018 1 XX0
4011.209659 1 ArII
4012.192585 1 ThI
4012.495421 1 ThI
4014.716342 1 ThI
4019.128807 1 ThII
4020.353942 1 ThI
4021.149380 1 ThI
4021.750576 1 ThI
4024.802230 1 ThI
4029.826137 1 ThI
4030.292633 1 XX0
4030.842436 1 ThI
4034.246283 1 ThII
4035.460437 1 ArII
4036.047864 1 ThI
4036.565449 1 ThII
4038.229190 1 ThI
4038.456911 1 ThI
4038.804857 1 ArII
4039.865616 1 ThI
4041.203396 1 ThII
4042.894358 1 ArII
4043.395046 1 ThI
4044.418042 1 ArI
4044.926781 1 ThI
4045.226715 1 ThI
4045.965436 1 ArI
4046.251809 1 ThI
4046.825165 1 ThI
4047.059991 1 ThI
4049.944572 1 ThI
4050.887229 1 XX0
4051.499156 1 ThI
4052.921010 1 ArII
4054.302003 1 ThI
4054.526327 1 ArI
4056.401297 1 ThI
4056.635931 1 ThI
4057.940889 1 ThI
4059.252861 1 ThI
4061.625023 1 ThI
4062.082822 1 XX0
4063.407073 1 ThI
4064.331561 1 ThI
4065.889258 1 ThI
4066.433958 1 ThI
4067.450978 1 ThI
4067.876740 1 ThII
4068.471566 1 ThI
4069.201920 1 ThII
4069.760850 1 ThII
4070.238160 1 ThI
4072.384820 1 ArII
4074.641923 1 ThII
4075.503004 1 ThI
4075.907164 1 ThI
4076.628745 1 ArII
4076.943344 1 ArII
4081.367927 1 ThI
4082.082252 1 XX0
4082.387720 1 ArII
4082.865791 1 XX0
4083.468911 1 ThI
4085.042472 1 ThII
4085.433751 1 ThI
4086.520592 1 ThII
4089.137621 1 ThI
4091.027383 1 XX0
4093.392143 1 ThII
4093.671618 1 ThI
4094.747403 1 ThII
4096.076549 1 ThI
4097.747286 1 ThI
4098.933009 1 ThII
4099.993311 1 ThI
4100.341269 1 ThI
4101.552820 1 XX1
4102.617755 1 ThI
4102.819278 1 ThI
4104.381577 1 ThII
4104.837546 1 XX0
4107.050320 1 XX0
4108.419732 1 ThII
4109.323634 1 ThI
4114.489721 1 ArII
4115.758823 1 ThI
4116.713432 1 ThII
4118.489808 1 ThI
4122.965693 1 ThII
4128.640145 1 ArII
4130.324641 1 XX0
4131.002095 1 ThI
4134.323895 1 ThI
4135.479805 1 ThI
4138.040573 1 ThI
4141.013350 1 XX1
4142.700927 1 ThII
4145.048236 1 ThI
4147.540441 1 ThI
4148.181686 1 ThII
4151.145471 1 ThI
4152.916567 1 XX1
4154.720565 1 ThI
4156.085726 1 ArII
4159.153885 1 ThI
4160.062784 1 XX0
4160.739713 1 XX0
4161.109738 1 XX0
4161.738871 1 ThI
4163.180012 1 ThII
4165.766346 1 ThI
4166.905758 1 ThI
4167.865471 1 ThI
4168.046939 1 XX0
4168.634060 1 ThII
4170.533090 1 ThI
4170.784682 1 ThII
4171.341017 1 XX0
4172.381731 1 XX0
4172.625838 1 XX0
4174.439626 1 XX0
4178.059409 1 ThII
4178.848605 1 ThI
4180.721948 1 ThI
4181.883406 1 ArI
4184.137634 1 ThI
4185.805041 1 XX1
4187.140573 1 ThI
4191.827206 1 ThII
4192.361872 1 ThI
4193.016371 1 ThI
4194.082412 1 ThII
4194.936108 1 ThI
4204.538132 1 XX0
4207.175392 1 ThI
4207.612643 1 ThI
4208.411158 1 ThI
4209.196267 1 XX0
4210.456944 1 ThI
4210.923021 1 ThI
4211.514424 1 ThII
4213.067117 1 ThI
4215.210400 1 ThI
4215.627803 1 ThI
4215.851439 1 ThI
4217.430828 1 ArII
4220.066936 1 ThI
4220.731987 1 ThI
4221.153725 1 ThI
4221.691494 1 ThI
4222.637351 1 ArII
4225.802401 1 XX0
4226.299091 1 ThI
4226.987481 1 ArII
4227.387297 1 ThI
4228.157937 1 ArII
4229.147346 1 ThI
4229.454187 1 ThII
4230.426111 1 ThI
4230.823466 1 ThI
4232.261317 1 XX1
4233.288251 1 ThII
4233.906232 1 ThI
4235.463786 1 ThI
4236.390268 1 XX0
4241.094942 1 ThI
4241.700319 1 ThI
4241.971114 1 XX0
4242.719927 1 ThII
4243.019662 1 XX0
4243.261039 1 ThI
4244.274025 1 XX0
4246.322271 1 ThI
4249.679373 1 ThII
4253.538831 1 ThI
4255.237191 1 XX0
4256.253647 1 ThI
4258.519951 1 ThI
4260.332518 1 ThI
4261.275159 1 ThII
4261.492698 1 ThI
4262.612445 1 XX0
4264.106807 1 ThII
4266.286458 1 ArI
4266.527325 1 ArII
4269.064793 1 ThI
4269.627600 1 XX1
4269.942283 1 ThI
4270.328531 1 ThII
4270.734934 1 ThI
4272.874347 1 ThI
4273.357439 1 ThII
4276.807189 1 ThII
4278.322907 1 ThI
4279.059142 1 ThI
4279.638074 1 ThI
4280.567019 1 ThI
4281.068158 1 ThII
4281.414763 1 ThII
4282.897713 1 ArII
4283.518230 1 ThII
4285.939783 1 ThI
4286.699974 1 ThII
4288.668800 1 ThI
4291.809723 1 ThI
4292.306267 1 ThI
4293.438002 1 XX0
4295.584873 1 ThI
4295.815748 1 ThI
4298.564425 1 ThI
4299.634234 1 ThI
4299.839604 1 ThI
4300.649946 1 ArII
4303.989208 1 ThI
4307.176075 1 ThI
4308.121805 1 ThI
4311.799273 1 ThI
4313.602453 1 ThI
4315.254471 1 ThI
4317.841503 1 ThI
4318.415661 1 ThII
4319.806973 1 XX0
4320.126431 1 ThII
4321.431897 1 XX0
4321.726615 1 ThI
4325.274266 1 ThI
4327.715159 1 ThI
4328.915443 1 ThI
4330.411334 1 ThI
4330.844120 1 ThI
4332.029855 1 ArII
4332.339116 1 ThI
4333.936931 1 ThII
4337.277141 1 ThI
4340.895167 1 ThI
4342.048634 1 ThI
4342.443971 1 ThI
4342.973116 1 ThI
4343.381800 1 ThI
4343.951448 1 ThII
4344.326495 1 ThII
4349.072129 1 ThI
4349.629976 1 ThI
4353.448831 1 ThI
4354.482703 1 ThI
4355.320241 1 ThII
4355.526904 1 XX0
4356.044246 1 ThI
4356.521409 1 XX1
4357.613456 1 ThII
4358.320293 1 ThI
4359.372555 1 ThI
4360.167295 1 ThI
4362.066631 1 ArII
4362.472055 1 ThI
4363.794730 1 ArI
4365.930205 1 ThI
4369.875571 1 ThI
4372.489522 1 ArII
4376.530911 1 XX0
4378.176824 1 ThI
4379.213895 1 ArII
4379.667209 1 ArII
4380.286039 1 ThI
4381.859986 1 ThII
4385.057274 1 ArII
4387.734646 1 ThI
4388.969824 1 XX0
4391.110881 1 ThII
4392.974102 1 ThI
4393.759438 1 ThI
4396.139580 1 ThI
4396.478255 1 ThII
4397.009579 1 ThI
4400.385610 1 ThII
4401.580930 1 ThI
4402.926798 1 ThI
4403.713425 1 XX0
4408.481762 1 ThI
4409.898820 1 ThI
4414.486318 1 ThI
4416.237933 1 ThII
4416.845034 1 ThI
4419.770424 1 ThI
4422.048113 1 ThI
4423.261994 1 ThI
4423.720151 1 ThI
4430.996494 1 ArII
4431.414024 1 ThI
4432.252182 1 ThI
4432.962762 1 ThII
4433.491016 1 ThI
4433.838218 1 ArII
4435.678467 1 XX0
4436.283559 1 ThII
4437.444892 1 ThI
4439.123394 1 ThII
4439.461496 1 ArII
4440.573767 1 ThII
4440.866037 1 ThII
4447.229655 1 ThI
4448.879769 1 ArII
4449.520160 1 ArII
4450.239718 1 XX1
4451.050772 1 ThII
4451.740841 1 ThI
4452.565919 1 ThI
4454.139273 1 ThI
4454.515415 1 ThII
4457.236156 1 ThI
4458.001577 1 ThI
4460.557349 1 ArII
4461.241078 1 ThI
4461.527666 1 ThI
4463.666343 1 ThI
4464.136229 1 ThI
4465.340307 1 ThII
4468.320958 1 ThI
4469.189256 1 ThI
4469.525401 1 ThI
4470.990465 1 ThI
4475.221486 1 ThI
4475.765046 1 ThI
4477.213582 1 ThI
4478.595578 1 ThI
4480.267877 1 ThI
4480.824881 1 XX1
4482.169703 1 ThI
4483.347289 1 ThI
4484.289926 1 ThII
4486.897614 1 ThI
4487.495789 1 ThII
4488.311951 1 ThI
4488.679208 1 ThII
4489.664858 1 ThI
4490.672955 1 XX0
4490.982155 1 ArII
4494.690823 1 ThI
4495.236832 1 ThII
4498.539067 1 ArII
4499.703284 1 ThI
4499.983224 1 ThI
4502.927116 1 ArII
4504.630538 1 ThI
4505.216342 1 ThI
4513.222627 1 ThI
4513.679940 1 ThI
4515.118228 1 ThI
4515.627500 1 ThI
4517.884565 1 XX0
4519.259216 1 ThI
4524.128670 1 ThI
4524.838426 1 ThII
4525.445679 1 ThI
4526.027843 1 ThII
4526.918393 1 XX0
4527.177005 1 XX1
4527.443463 1 XX1
4528.021494 1 XX0
4528.410040 1 ThII
4529.923267 1 XX0
4530.319024 1 ThI
4530.552330 1 ArII
4532.257632 1 ThII
4534.119077 1 ThII
4534.402726 1 ThI
4535.254374 1 ThI
4535.979533 1 ThI
4537.642250 1 ArII
4539.724837 1 XX0
4540.998918 1 ThI
4544.513519 1 ThII
4547.759159 1 ArII
4548.979758 1 ThI
4549.834344 1 ThI
4556.387047 1 XX0
4556.807521 1 XX1
4558.345945 1 ThI
4559.058632 1 ThI
4559.312010 1 ThI
4560.394230 1 ThII
4561.012595 1 ArII
4562.080492 1 ThI
4564.179718 1 ThII
4564.405822 1 ArII
4564.835313 1 ThI
4567.239946 1 ThI
4568.142371 1 ThI
4568.523251 1 ThI
4569.147621 1 ThI
4570.972161 1 ThI
4571.218853 1 ThI
4571.531620 1 XX0
4571.957776 1 ThI
4572.892195 1 XX1
4574.027011 1 ThI
4574.305291 1 ThI
4577.581732 1 ThI
4579.827278 1 ThI
4583.063308 1 ThI
4583.654394 1 ThII
4583.874476 1 XX0
4584.652635 1 XX0
4588.426418 1 ThI
4592.666430 1 ThI
4593.643959 1 ThI
4598.436758 1 ThI
4598.762949 1 ArII
4599.704748 1 ThI
4602.419761 1 ThI
4602.886400 1 ThII
4603.143767 1 ThI
4604.652617 1 ThII
4607.377126 1 ThI
4608.619441 1 ThI
4611.244453 1 ArII
4612.543928 1 ThI
4613.604010 1 ThI
4615.024319 1 ThI
4615.334111 1 ThI
4615.883896 1 XX0
4616.452497 1 ThI
4617.297456 1 ThI
4617.906619 1 XX0
4620.242532 1 ThI
4620.448195 1 ThI
4622.121289 1 XX0
4624.314351 1 ThI
4625.275057 1 ThI
4625.494718 1 ThI
4627.298084 1 ThI
4628.201884 1 ThI
4628.441048 1 ArI
4638.125558 1 ThI
4638.684582 1 ThI
4643.864399 1 XX1
4644.707008 1 ThI
4647.250193 1 ThI
4649.977396 1 ThI
4650.234614 1 ThI
4651.989384 1 ThII
4655.212846 1 XX0
4656.182882 1 XX0
4659.570368 1 ThI
4662.594029 1 ThI
4663.202971 1 ThI
4664.970790 1 ThI
4666.516185 1 ThI
4666.798835 1 ThI
4668.171424 1 ThI
4669.984249 1 ThI
4675.375803 1 ThI
4681.496464 1 ArII
4682.730405 1 ThI
4683.351536 1 ThI
4685.074039 1 XX0
4686.194700 1 ThI
4686.572008 1 ThII
4690.334215 1 ThII
4690.622309 1 ThI
4691.884915 1 ThI
4694.091583 1 ThII
4695.454438 1 ThI
4697.595571 1 ThI
4700.771172 1 ThI
4707.045329 1 XX0
4708.293640 1 ThI
4712.840378 1 ThI
4714.119183 1 XX0
4714.671789 1 ThI
4715.430361 1 ThII
4719.441906 1 ThI
4719.692712 1 ThI
4720.457623 1 XX0
4720.780633 1 ThI
4721.276176 1 ThI
4721.590308 1 ArII
4722.088747 1 ThI
4723.784408 1 ThII
4728.133790 1 ThI
4728.593564 1 ThI
4729.128367 1 ThI
4729.879829 1 ThII
4730.092160 1 ThI
4730.881170 1 ThII
4731.195632 1 XX0
4732.054032 1 ArII
4734.045668 1 ThI
4737.918238 1 ThI
4738.471461 1 XX0
4739.676734 1 ThI
4742.117501 1 ThI
4742.566519 1 XX0
4749.199831 1 ThI
4752.414027 1 ThII
4755.394147 1 XX1
4758.760167 1 XX0
4760.433694 1 XX1
4761.109795 1 ThII
4761.861061 1 ThII
4762.524882 1 ThII
4764.346347 1 ThI
4765.595474 1 ThI
4766.601069 1 ThI
4766.961860 1 ThII
4767.482687 1 XX1
4775.313691 1 ThI
4775.794315 1 ThI
4776.321138 1 ThI
4776.779309 1 XX0
4777.191733 1 ThI
4780.751025 1 ThI
4781.290151 1 XX0
4782.761194 1 ThII
4784.931003 1 ThII
4785.271954 1 XX0
4786.530632 1 ThI
4787.147499 1 ThI
4789.386339 1 ThI
4790.437579 1 ThII
4792.594889 1 XX1
4793.244880 1 ThI
4793.677241 1 XX1
4793.904562 1 ThI
4795.913819 1 ThI
4800.171433 1 ThII
4801.051591 1 ThI
4801.348222 1 XX1
4802.671208 1 ThI
4803.955663 1 ThII
4809.614655 1 ThI
4812.376111 1 ThI
4817.020718 1 ThI
4818.295327 1 ThI
4818.647871 1 ThII
4819.193168 1 ThI
4820.884994 1 ThI
4823.605718 1 ThI
4823.996682 1 ThI
4824.649210 1 ThII
4826.366600 1 XX0
4828.660096 1 ThI
4829.796917 1 ThI
4831.120944 1 ThI
4831.597425 1 ThI
4832.161917 1 ThI
4837.695793 1 ThII
4840.475242 1 XX0
4840.842740 1 ThI
4845.163006 1 ThI
4847.326610 1 ThI
4848.362742 1 ThI
4849.862041 1 ThI
4850.439875 1 ThII
4852.868708 1 XX0
4853.608009 1 XX0
4857.538736 1 XX0
4858.332526 1 ThII
4862.432943 1 ThI
4868.880725 1 ThI
4871.288590 1 ThI
4874.364234 1 ThI
4876.495337 1 ThI
4878.009460 1 ThI
4878.733135 1 ThI
4881.204677 1 ThI
4881.597495 1 ThI
4881.853970 1 ThI
4882.243739 1 ArII
4887.094321 1 ThI
4887.948196 1 XX1
4888.261987 1 ArII
4889.490314 1 ThI
4889.857693 1 ThII
4891.037716 1 XX0
4891.660229 1 ThI
4892.759664 1 ThI
4893.445228 1 ThI
4893.705480 1 ThI
4897.588328 1 XX0
4897.926578 1 XX1
4902.792955 1 ThI
4907.208698 1 XX0
4908.012642 1 ThI
4909.210714 1 ThI
4910.156909 1 ThI
4910.548612 1 ThI
4912.528468 1 ThII
4913.479358 1 XX0
4915.416563 1 ThI
4919.816059 1 ThII
4927.299697 1 ThI
4929.085714 1 ThI
4929.986413 1 ThII
4933.209697 1 ArII
4939.270487 1 ThI
4939.641603 1 ThI
4941.415690 1 ThI
4943.063499 1 ThI
4946.662819 1 ThII
4950.251328 1 ThI
4950.626354 1 ThII
4952.690263 1 ThI
4953.930837 1 ThI
4955.721337 1 XX1
4955.965368 1 XX1
4958.097352 1 ThI
4961.382796 1 ThI
4961.726585 1 ThI
4963.188471 1 ThII
4965.732215 1 ThI
4967.333293 1 ThI
4968.755634 1 ThII
4970.843718 1 XX1
4975.948676 1 ThII
4978.721004 1 XX1
4980.185897 1 ThI
4980.950241 1 ThII
4982.486931 1 ThI
4985.372021 1 ThI
4985.947784 1 ThI
4986.335483 1 ThII
4987.146715 1 ThII
4987.558460 1 XX0
4989.308372 1 ThI
4992.125491 1 ThI
4992.633479 1 ThI
4993.749146 1 ThI
4994.105932 1 ThI
4995.299822 1 XX0
4996.533624 1 XX0
4997.325079 1 ThII
4999.940293 1 ThII
5000.246624 1 ThI
5002.097356 1 ThI
5002.894914 1 ThI
5003.598696 1 ThI
5005.976613 1 ThI
5008.189708 1 ThII
5009.335298 1 ArII
5010.417290 1 ThI
5011.477936 1 ThI
5013.165607 1 XX0
5014.184036 1 ThI
5014.448752 1 ThI
5015.280263 1 XX0
5016.535411 1 ThI
5019.806082 1 ThI
5021.252837 1 ThI
5023.481477 1 ThI
5023.708441 1 ThI
5025.860934 1 ThII
5029.011667 1 ThI
5029.629949 1 ThII
5029.891591 1 ThI
5033.311842 1 ThII
5036.729092 1 ThI
5039.230522 1 ThI
5039.526601 1 ThI
5041.600659 1 XX0
5043.515543 1 ThI
5044.343079 1 ThI
5045.248316 1 ThI
5046.353235 1 XX0
5047.043744 1 ThI
5047.426158 1 ThII
5050.784272 1 ThI
5051.341850 1 ThII
5051.888619 1 ThI
5052.857397 1 ThI
5054.176372 1 XX1
5054.620905 1 XX1
5057.986289 1 ThII
5059.860949 1 ThI
5061.656103 1 ThI
5062.932389 1 ThI
5063.514632 1 ThI
5064.601734 1 ThI
5064.944882 1 ThI
5065.192056 1 ThI
5066.135402 1 ThI
5066.777182 1 ThI
5067.137803 1 ThI
5069.334846 1 ThI
5070.451884 1 ThI
5073.981464 1 XX1
5074.646784 1 ThI
5075.466404 1 ThII
5076.592766 1 ThII
5078.033036 1 XX1
5079.139590 1 ThII
5081.446377 1 ThI
5082.623269 1 ThI
5084.994251 1 ThI
5085.839710 1 ThI
5086.835472 1 XX0
5090.051923 1 ThI
5095.855643 1 XX1
5096.484919 1 ThI
5097.645229 1 ThI
5098.043343 1 ThII
5101.129448 1 ThI
5106.667313 1 ThI
5109.732496 1 ThI
5111.277808 1 ThI
5115.044494 1 ThI
5122.499794 1 ThI
5123.858608 1 XX1
5125.489648 1 ThI
5126.655963 1 XX0
5128.490403 1 ThI
5130.234482 1 ThI
5134.746459 1 ThI
5137.473905 1 ThI
5145.037484 1 ThII
5145.308610 1 ArII
5146.055581 1 ThI
5148.211631 1 ThII
5149.206958 1 ThI
5154.242014 1 ThI
5156.608835 1 XX0
5158.604754 1 ThI
5161.539521 1 ThI
5162.285814 1 ArI
5163.458074 1 ThI
5165.772981 1 ArII
5168.585992 1 ThI
5173.672033 1 ThI
5174.799363 1 XX0
5175.325212 1 ThI
5175.911809 1 ThI
5178.480954 1 ThI
5179.144518 1 ThI
5180.721481 1 ThI
5183.990252 1 ThII
5184.454017 1 ThI
5186.413027 1 ThI
5188.366006 1 ThII
5190.871176 1 ThII
5194.457234 1 ThI
5195.813306 1 ThI
5197.235729 1 ThI
5202.009251 1 ThI
5203.846874 1 XX0
5205.152904 1 ThI
5209.724726 1 ThI
5211.230608 1 ThI
5212.347549 1 ThI
5212.682412 1 ThI
5215.765395 1 XX1
5216.596580 1 ThII
5218.527844 1 ThII
5219.110260 1 ThI
5220.307751 1 XX0
5220.927451 1 ThI
5221.862481 1 ArII
5222.262956 1 ThI
5228.224679 1 ThI
5228.994997 1 ThI
5230.500431 1 ArII
5233.225429 1 ThII
5237.232668 1 ThI
5237.627634 1 ThII
5238.813071 1 ThI
5240.196395 1 ThII
5242.089528 1 ThII
5242.682167 1 ThI
5247.654859 1 ThII
5247.983966 1 XX1
5249.545574 1 ArII
5250.872810 1 ThI
5256.562889 1 ArII
5258.360132 1 ThI
5259.775891 1 ThI
5260.104444 1 ThI
5265.551661 1 XX0
5266.710292 1 ThI
5267.163945 1 ArII
5267.965177 1 XX1
5268.255384 1 XX1
5272.644123 1 ThII
5272.927040 1 ThI
5274.118669 1 ThI
5274.945847 1 ThI
5276.408426 1 ThII
5277.146034 1 ThI
5281.068457 1 ThI
5281.628674 1 ArII
5284.542059 1 ThII
5286.069521 1 XX1
5286.886950 1 ArII
5291.816620 1 ThI
5292.345133 1 XX0
5293.136166 1 XX0
5293.442768 1 XX1
5293.811852 1 ArII
5294.066369 1 ThI
5294.396938 1 ThI
5295.088540 1 ThI
5297.407579 1 ThI
5298.282447 1 ThI
5298.560336 1 ThI
5299.080921 1 ArII
5300.523253 1 ThI
5301.404493 1 ThII
5338.639308 1 ThI
5340.498065 1 ThI
5343.581173 1 ThI
5344.524321 1 ArII
5345.311470 1 XX0
5346.377927 1 ThII
5347.971782 1 ThI
5349.005334 1 ThI
5349.706555 1 XX1
5350.205297 1 ThI
5351.126857 1 ThI
5354.601394 1 ThI
5355.636115 1 ThI
5358.707408 1 ThI
5359.826437 1 ThI
5360.149511 1 ThI
5361.155263 1 ThI
5362.253974 1 ThII
5362.575235 1 ThI
5363.097099 1 XX0
5366.708196 1 ThI
5370.709320 1 ThI
5371.994848 1 XX1
5372.702205 1 ThI
5374.821567 1 XX0
5375.352518 1 ThII
5375.768622 1 ThII
5376.130050 1 ThIII
5378.835215 1 ThI
5379.110219 1 ThI
5382.927239 1 ThII
5384.035411 1 ThII
5386.610713 1 ThI
5387.813206 1 XX0
5388.051083 1 ThI
5391.076288 1 ThII
5392.572787 1 ThII
5393.600197 1 ArII
5394.761204 1 ThI
5396.110525 1 ThI
5397.516616 1 ArII
5398.205732 1 ThI
5398.702101 1 ThI
5399.175200 1 XX0
5399.622162 1 ThI
5400.146164 1 ThI
5402.605040 1 ArII
5403.199272 1 ThI
5404.704096 1 XX1
5405.208258 1 ThII
5406.754625 1 ThI
5407.343610 1 ArII
5407.653006 1 ThI
5410.768418 1 ThI
5412.446370 1 ArII
5424.007403 1 ThI
5425.677824 1 ThII
5426.406673 1 ThI
5429.104937 1 ThI
5431.111593 1 ThI
5433.291671 1 ThII
5434.151676 1 ThI
5435.123689 1 ThII
5436.231481 1 XX0
5436.500247 1 ThII
5437.388347 1 ThII
5440.601143 1 ThI
5441.589686 1 XX1
5446.022761 1 ThII
5448.272401 1 ThI
5449.479790 1 ThII
5451.652050 1 ArI
5452.218660 1 ThI
5454.305823 1 ArII
5457.797894 1 XX1
5458.969195 1 ThIII
5462.337536 1 ThI
5462.612784 1 ThII
5463.318337 1 ThI
5463.767589 1 ThI
5464.205069 1 ThI
5466.805840 1 XX0
5467.922554 1 XX1
5470.758744 1 ThI
5471.388309 1 ThII
5472.069345 1 XX1
5477.553591 1 ThI
5479.074296 1 ThI
5479.684032 1 ThII
5480.407027 1 XX1
5481.480095 1 ThII
5484.986993 1 ThI
5487.508931 1 ThI
5490.682264 1 XX1
5491.532366 1 XX1
5492.643935 1 ThI
5493.204396 1 ThI
5493.969799 1 XX1
5494.331392 1 ThI
5495.875079 1 ArI
5496.137602 1 ThI
5499.647681 1 ThI
5501.280955 1 ThI
5501.944769 1 ThII
5503.265610 1 XX1
5504.301590 1 ThI
5506.919563 1 ThI
5507.538772 1 ThI
5508.558582 1 ThI
5509.993104 1 ThI
5512.701347 1 ThI
5514.375946 1 ArII
5514.873106 1 ThI
5518.989225 1 ThI
5521.452048 1 XX1
5521.753080 1 ThI
5524.219219 1 ThII
5524.956476 1 ArI
5527.294542 1 ThI
5529.097420 1 ThI
5530.075524 1 ThI
5530.696840 1 ThII
5535.970908 1 ThI
5537.555881 1 ThI
5539.261800 1 ThI
5539.910639 1 ThII
5540.509104 1 XX1
5541.582669 1 ThI
5541.935830 1 ThI
5542.473429 1 ThI
5542.890641 1 ThI
5543.904470 1 XX1
5545.050449 1 ArII
5545.806496 1 ThI
5546.120730 1 ThII
5547.134707 1 ThI
5548.176013 1 ThI
5550.681538 1 XX1
5555.531191 1 ThI
5555.834177 1 XX1
5556.148467 1 ThII
5557.045427 1 ThI
5557.921444 1 ThI
5559.142762 1 XX1
5559.891048 1 ThI
5570.926601 1 ThI
5572.093722 1 ThI
5576.204181 1 ThI
5579.357544 1 ThI
5580.077108 1 ThI
5580.392565 1 ThI
5580.755059 1 ThI
5582.366961 1 ThI
5583.762480 1 ThII
5590.592868 1 XX1
5593.268918 1 ThII
5593.612466 1 XX0
5594.461338 1 XX0
5595.064394 1 ThI
5596.837306 1 XX1
5597.476746 1 ArI
5599.655001 1 ThI
5601.603067 1 ThI
5602.627505 1 ThI
5604.515166 1 ThII
5606.386056 1 ThI
5610.680538 1 ThI
5612.067646 1 ThI
5612.616566 1 ThI
5618.014336 1 XX1
5620.921620 1 ArI
5622.083659 1 XX1
5625.678431 1 ArII
5626.058349 1 ThII
5630.296222 1 ThI
5631.155668 1 ArII
5632.492634 1 XX1
5633.294805 1 ThI
5639.126188 1 XX1
5639.746033 1 ThII
5643.109871 1 ThI
5646.453195 1 ThI
5647.706340 1 ThI
5648.686951 1 ArI
5648.990954 1 ThI
5650.705120 1 ArI
5655.490096 1 ThI
5657.181915 1 ThII
5657.925206 1 ThI
5663.041672 1 ThI
5664.620855 1 ThI
5665.179556 1 ThI
5665.628288 1 ThII
5666.419209 1 ThI
5667.127984 1 ThI
5671.496833 1 XX1
5673.836093 1 ThI
5677.052542 1 ThI
5680.210406 1 XX1
5683.730633 1 XX1
5685.192577 1 ThI
5686.875995 1 ThI
5687.348449 1 ThI
5690.693022 1 ThI
5692.159933 1 XX1
5693.571007 1 XX1
5694.061545 1 XX1
5694.434544 1 XX1
5695.133213 1 XX1
5696.390416 1 ThI
5697.086984 1 XX1
5698.294609 1 ThI
5700.459069 1 ThII
5702.032016 1 XX1
5702.651464 1 ThI
5703.271499 1 XX1
5704.376668 1 ArII
5707.103137 1 ThII
5709.507176 1 XX1
5711.086354 1 XX1
5711.996529 1 ThI
5715.723930 1 ThI
5717.170806 1 ThI
5717.523879 1 ThI
5719.097307 1 ThI
5721.423878 1 ThI
5723.532425 1 XX1
5725.011923 1 ThII
5725.388111 1 ThI
5725.894808 1 XX0
5727.710012 1 ThI
5729.114529 1 XX1
5729.982784 1 ThI
5734.164965 1 XX1
5735.301558 1 XX1
5736.029422 1 ThI
5737.894918 1 XX1
5738.964396 1 ThI
5739.520188 1 ArI
5741.171037 1 ThII
5741.829296 1 ThI
5742.655924 1 XX1
5745.674893 1 ThII
5748.324266 1 XX1
5748.741222 1 ThI
5749.389072 1 ThII
5749.786680 1 ThI
5750.269815 1 XX1
5752.583354 1 XX1
5753.026927 1 ThI
5763.528456 1 ThI
5767.778495 1 ThI
5768.181074 1 ThI
5768.633272 1 ThI
5771.136797 1 XX1
5771.759798 1 ThI
5776.167328 1 ThI
5777.099293 1 XX1
5777.400224 1 ThI
5783.537950 1 ArI
5789.644814 1 ThI
5790.402119 1 XX1
5792.430723 1 ThI
5792.996048 1 XX1
5796.068933 1 ThI
5797.319784 1 ThI
5798.478775 1 ThI
5800.829807 1 ThI
5802.081595 1 ArI
5805.700655 1 ThI
5806.587279 1 XX1
5808.075650 1 XX1
5808.656496 1 ThI
5811.844256 1 ThI
5812.972562 1 ThI
5815.421655 1 ThII
5816.995607 1 XX1
5818.449035 1 ThI
5819.126399 1 ThI
5819.602612 1 ThI
5822.792943 1 ThI
5828.075657 1 ArII
5829.110750 1 ThI
5830.827386 1 ThI
5832.370428 1 ThI
5834.264304 1 ArI
5838.949666 1 ThII
5839.850998 1 ThI
5840.640000 1 ThI
5843.804948 1 XX1
5845.919546 1 ThI
5849.767458 1 XX1
5851.217355 1 XX1
5852.680944 1 ThI
5853.474514 1 ThI
5854.120429 1 ThI
5860.310810 1 ArI
5863.719119 1 ThI
5866.812191 1 ThI
5868.374378 1 ThI
5869.851186 1 ThI
5871.182407 1 ThI
5872.602399 1 ThII
5874.350625 1 ThII
5878.276421 1 ThII
5881.907559 1 XX1
5882.624429 1 ArI
5884.033279 1 ThI
5885.701097 1 ThI
5886.531229 1 ThI
5888.263251 1 ThII
5891.450790 1 ThI
5894.700104 1 ThI
5895.281404 1 ThI
5895.924028 1 NaI
5896.363174 1 ThII
5899.844054 1 ThI
5902.601574 1 ThI
5905.175364 1 ThI
5905.570764 1 ThI
5906.319412 1 XX1
5911.230285 1 ThI
5914.385629 1 ThII
5918.945499 1 ThI
5920.976996 1 XX1
5925.404219 1 ThI
5926.231866 1 ThI
5929.933924 1 ThI
5930.311303 1 ThI
5932.426324 1 ThI
5936.874664 1 ThI
5937.663235 1 ThI
5940.565552 1 ThI
5944.647267 1 ThI
5946.235714 1 ThI
5948.798653 1 ThI
5953.248492 1 XX1
5953.581960 1 ThI
5955.561293 1 ThI
5956.257260 1 ThI
5960.782045 1 ThI
5964.472956 1 ArI
5967.511634 1 ThI
5968.319156 1 ArI
5969.736805 1 ThI
5975.065492 1 ThI
5976.200563 1 XX0
5983.999554 1 XX1
5985.915285 1 ArII
5986.266195 1 ThI
5987.301034 1 ArI
5989.044879 1 ThII
5989.742427 1 XX0
5990.264779 1 XX1
5991.006437 1 ThI
5993.492876 1 ThI
5995.219797 1 ThI
5995.682004 1 XX1
5996.629542 1 ThI
5998.998413 1 ArI
6001.203223 1 ThI
6005.165380 1 ThI
6007.071707 1 ThI
6008.439369 1 XX1
6010.160403 1 ThI
6013.677581 1 ArI
6014.055660 1 ThI
6015.421838 1 ThII
6016.359238 1 ThI
6017.527619 1 XX1
6018.995197 1 ThII
6021.035954 1 ThI
6021.410945 1 ThII
6023.224636 1 ThI
6025.150120 1 ArI
6027.247932 1 ArII
6029.226527 1 ThI
6029.649655 1 ThI
6030.444634 1 ThI
6032.872513 1 ThI
6034.540851 1 XX1
6035.192945 1 ThI
6035.874794 1 XX1
6036.763611 1 ThI
6038.680894 1 ThI
6039.226899 1 XX1
6042.589816 1 ThI
6046.898423 1 ArII
6049.775078 1 ThII
6050.981354 1 ThI
6052.723191 1 ArI
6053.380881 1 ThI
6055.593561 1 ThI
6056.880556 1 XX1
6058.179884 1 ThII
6065.779692 1 ThI
6069.020461 1 ThI
6070.341055 1 XX0
6073.103405 1 ThII
6077.106230 1 ThI
6077.873444 1 ThI
6078.421720 1 ThI
6079.223155 1 ThI
6086.700068 1 ThI
6087.262239 1 ThII
6088.030147 1 ThI
6088.824468 1 XX1
6090.107849 1 ThII
6090.446805 1 ThI
6090.786428 1 ArI
6098.119995 1 XX0
6098.803276 1 ArI
6099.083282 1 ThII
6099.989363 1 ThI
6101.161657 1 ArI
6101.725299 1 ThI
6102.594888 1 ThI
6105.635022 1 ArI
6107.533218 1 XX0
6112.837405 1 ThII
6113.465684 1 ArI
6113.963466 1 XX1
6116.166035 1 ThI
6120.556142 1 ThII
6123.362088 1 ArII
6123.833472 1 ThI
6124.480350 1 ThI
6125.739064 1 ThII
6130.119929 1 XX1
6130.456217 1 XX1
6133.814129 1 ThI
6136.702068 1 XX1
6137.927168 1 ThI
6139.650409 1 XX1
6141.224257 1 XX1
6142.074202 1 XX1
6143.424766 1 XX1
6144.757809 1 ThI
6150.683097 1 ThI
6151.993136 1 ThI
6154.067977 1 ThI
6154.515407 1 ThI
6155.238304 1 ArI
6157.087549 1 ThI
6161.352783 1 ThI
6162.170209 1 XX0
6165.123306 1 ArI
6167.626663 1 ArII
6173.095869 1 ArI
6178.431309 1 ThI
6180.704936 1 ThI
6187.135068 1 ArII
6189.144126 1 ThI
6193.855665 1 ThII
6195.320590 1 ThI
6200.432855 1 ThII
6205.859937 1 ThI
6207.749451 1 ThI
6208.686951 1 ThI
6209.951376 1 ThI
6213.654840 1 XX1
6214.539989 1 XX1
6215.939548 1 ArI
6220.011596 1 ThI
6223.520607 1 ThII
6226.369616 1 ThI
6234.855274 1 ThI
6237.102275 1 XX1
6239.713735 1 ArII
6240.303448 1 ThI
6240.953508 1 ThI
6243.120579 1 ArII
6245.040985 1 ThII
6246.174431 1 ThI
6248.405488 1 ArI
6250.485123 1 ThI
6257.423258 1 ThI
6258.606445 1 ThII
6260.217164 1 ThI
6261.063971 1 ThII
6264.313748 1 XX1
6264.714995 1 ThI
6268.200175 1 ThI
6271.545663 1 ThI
6274.117134 1 ThII
6276.163901 1 ThI
6277.240161 1 ThII
6279.163311 1 ThII
6279.977795 1 ThI
6284.262202 1 XX1
6285.278073 1 ThII
6287.255422 1 ThI
6289.487365 1 ThII
6291.191394 1 ThI
6292.891193 1 ThI
6293.242453 1 ThI
6296.873431 1 ArI
6297.778852 1 XX1
6298.902103 1 ThI
6300.916443 1 ThI
6301.412500 1 ThI
6303.250903 1 ThI
6304.242481 1 ThII
6307.657424 1 ArI
6308.711330 1 XX1
6309.160048 1 ArI
6310.810115 1 ThI
6312.624675 1 ThI
6315.774781 1 ThI
6317.183397 1 ThI
6321.820008 1 ThI
6326.366601 1 ThI
6331.414229 1 ThI
6335.405108 1 ThIII
6335.702065 1 ThI
6337.620376 1 ThI
6339.305628 1 ThI
6339.668592 1 ThI
6346.120802 1 ThI
6347.105992 1 XX1
6348.737373 1 ThI
6350.895933 1 XX1
6355.273791 1 XX1
6355.629962 1 ThI
6355.910728 1 ThI
6357.022890 1 ArII
6357.679181 1 ArII
6359.131200 1 ThII
6359.674339 1 XX0
6362.251095 1 ThI
6363.271719 1 XX1
6369.575508 1 ArI
6370.796002 1 ThI
6372.460614 1 ThI
6376.930646 1 ThI
6377.494975 1 XX1
6377.966505 1 XX1
6379.673103 1 ThI
6381.360396 1 ThI
6381.759415 1 ThI
6387.395420 1 ThI
6387.864845 1 XX1
6388.813122 1 ThI
6390.128335 1 ThI
6392.368363 1 ThI
6394.729845 1 ArII
6395.048072 1 XX1
6396.950247 1 ThI
6399.207531 1 ArII
6400.697592 1 ThI
6406.445887 1 ThI
6408.903751 1 ArII
6413.614241 1 ThI
6415.537946 1 ThI
6422.107178 1 ThI
6422.897702 1 ArII
6424.813432 1 ThII
6428.773744 1 ThI
6432.957684 1 XX1
6436.670214 1 ThI
6441.281232 1 XX1
6441.900583 1 ArII
6446.135927 1 ThI
6446.770949 1 ThI
6450.954302 1 ThI
6452.058673 1 ThI
6454.628057 1 XX1
6455.264689 1 ThI
6460.474603 1 ThI
6464.400281 1 XX1
6467.675057 1 ThI
6471.213617 1 ThII
6472.429914 1 ArII
6472.964408 1 XX1
6475.323342 1 ArII
6483.083300 1 ArII
6486.225246 1 XX1
6487.480759 1 ThI
6488.883005 1 ThI
6490.737378 1 ThI
6493.197488 1 ThI
6495.255569 1 ThI
6497.490430 1 ThI
6500.657413 1 ThI
6501.361901 1 ArII
6501.991345 1 ThI
6503.511916 1 ThII
6506.986702 1 ThI
6513.845387 1 ArI
6522.042420 1 ThI
6526.906056 1 XX0
6536.144540 1 XX0
6537.175434 1 ThI
6542.049823 1 ThI
6545.718868 1 ThI
6550.185283 1 XX0
6550.548760 1 ThII
6551.705620 1 ThI
6558.875783 1 ThI
6564.444993 1 ThI
6565.068770 1 ThI
6569.632213 1 ThII
6571.399020 1 XX1
6576.123271 1 ThI
6577.656281 1 ThII
6579.479916 1 ThI
6580.229860 1 ThI
6584.612923 1 ThI
6585.694057 1 ThI
6593.462049 1 ThI
6596.113003 1 ArI
6597.377907 1 XX1
6598.675206 1 ArI
6599.482253 1 ThIII
6600.730997 1 ThI
6601.129285 1 XX1
6602.762524 1 ThI
6603.620514 1 ThI
6604.853430 1 ArI
6605.416955 1 ThII
6608.445136 1 ThI
6617.058979 1 ThII
6617.515959 1 ThI
6618.164963 1 ThI
6619.945897 1 ThII
6620.407767 1 XX1
6632.083536 1 ArI
6638.221029 1 ArII
6638.911903 1 ThI
6639.740761 1 ArII
6646.540749 1 ThII
6648.495757 1 ThII
6648.957834 1 ThII
6650.560296 1 ThI
6653.602081 1 XX1
6655.070093 1 XX1
6655.488955 1 ThI
6658.677188 1 ThI
6660.675984 1 ArI
6663.696428 1 ThI
6664.050878 1 ArI
6666.358628 1 ArII
6672.112894 1 XX1
6673.579996 1 ThI
6674.696969 1 ThI
6678.706868 1 ThI
6680.081626 1 ThI
6683.367225 1 ThI
6684.293258 1 ArII
6684.788419 1 XX1
6692.726335 1 ThII
6694.006106 1 ThI
6694.496307 1 ThI
6697.712496 1 ThI
6698.874332 1 ArI
6708.840571 1 ThI
6710.542891 1 XX1
6711.252013 1 ThI
6713.969781 1 ThI
6715.188149 1 ThII
6717.384832 1 ThI
6721.078925 1 XX1
6722.890153 1 ArI
6726.310652 1 ThI
6726.948001 1 XX1
6728.118304 1 ThI
6728.758749 1 ThI
6729.933252 1 ThI
6731.670711 1 ThI
6732.649499 1 ThI
6733.314495 1 XX1
6733.748613 1 ThI
6735.126311 1 ThI
6738.180180 1 ThI
6741.922163 1 ThI
6742.498602 1 ThII
6742.884245 1 ThI
6746.137701 1 ThI
6749.316763 1 ThI
6751.427406 1 ThI
6753.659461 1 ThI
6757.109172 1 ThI
6758.203031 1 ThI
6762.501256 1 XX1
6763.331336 1 XX1
6766.612079 1 ArI
6773.096382 1 XX0
6778.313276 1 ThI
6779.323731 1 ThI
6780.125504 1 ThI
6786.362785 1 XX1
6787.736551 1 ThI
6788.840240 1 ThI
6791.234859 1 ThI
6795.797722 1 ThI
6796.782639 1 XX1
6798.487313 1 ThI
6800.465532 1 ThI
6802.785657 1 XX1
6804.738129 1 XX1
6805.749528 1 ThI
6807.318004 1 ThI
6808.531565 1 ArII
6810.550549 1 ThII
6811.963563 1 XX1
6812.775403 1 ThII
6815.611803 1 ThI
6816.827999 1 XX1
6819.005745 1 XX1
6823.507684 1 ThI
6824.677603 1 ThI
6827.249245 1 ArI
6829.035562 1 ThI
6831.253391 1 XX1
6832.892620 1 ThII
6834.059086 1 XX1
6835.912400 1 ThI
6837.497319 1 ThI
6839.294455 1 ThI
6842.734183 1 XX1
6845.379032 1 XX1
6845.867648 1 XX1
6851.884961 1 ArI
6852.354282 1 ThI
6854.109350 1 ThI
6854.510251 1 ThII
6855.315494 1 ThI
6855.690270 1 ThI
6861.269179 1 ArII
6863.535106 1 ArII
6866.763067 1 ThI
6868.049023 1 XX1
6868.451278 1 ThI
6873.054276 1 XX1
6874.753192 1 ThI
6876.292646 1 XX1
6878.406651 1 XX1
6879.582453 1 ArI
6880.772283 1 XX0
6882.811098 1 ThI
6883.839730 1 XX1
6887.088119 1 ArI
6889.303144 1 ThII
6892.249428 1 ThI
6907.597092 1 XX1
6909.849224 1 ThII
6914.712705 1 ThI
6916.128859 1 ThI
6920.039398 1 ThI
6925.008918 1 ArI
6936.652750 1 ThI
6937.663708 1 ArI
6942.538016 1 ThI
6943.610523 1 ThI
6945.490210 1 ThI
6946.213364 1 ThI
6951.477124 1 ArI
6952.966582 1 ThII
6954.656020 1 ThI
6955.315030 1 ThI
6960.249543 1 ArI
6981.083106 1 ThI
6989.655260 1 ThI
6992.212068 1 ArI
6992.696581 1 ThII
6993.037071 1 ThII
6993.987303 1 ThI
6997.413029 1 ThI
7000.803628 1 ThI
7002.882909 1 ThI
7007.096109 1 ThI
7015.317135 1 ThI
7018.567528 1 ThI
7020.484079 1 ThI
7021.283193 1 ThI
7023.148631 1 ThI
7025.224644 1 ArI
7026.461598 1 ThI
7028.022810 1 ThI
7030.250958 1 ArI
7032.930972 1 ThI
7033.358768 1 ThI
7036.283039 1 ThI
7038.720228 1 ThI
7045.797020 1 ThII
7053.619563 1 ThII
7059.525247 1 ThI
7060.653804 1 ThI
7061.394155 1 ThI
7064.451514 1 ThI
7068.735373 1 ArI
7071.094142 1 ThI
7071.479975 1 ThI
7072.393907 1 ThI
7074.256321 1 ThI
7075.333559 1 ThII
7084.169001 1 ThI
7086.703961 1 ArI
7088.823200 1 XX0
7089.339466 1 ThII
7100.514421 1 ThII
7102.590941 1 ThI
7107.477291 1 ArI
7109.860168 1 ThI
7112.918909 1 ThI
7113.987857 1 ThII
7114.398383 1 ThI
7124.560689 1 ThI
7125.819469 1 ArI
7130.723542 1 ThI
7131.358550 1 XX0
7132.609987 1 ThI
7140.461653 1 ThII
7142.331007 1 ThI
7150.284392 1 ThI
7153.587630 1 ThI
7158.838154 1 ArI
7162.556425 1 ArI
7166.818364 1 ThI
7167.202742 1 ThI
7168.895141 1 ThI
7170.360710 1 ThI
7173.372448 1 ThI
7176.185969 1 ThII
7176.721272 1 ThII
7179.714637 1 ThI
7188.532023 1 ThI
7191.132793 1 ThII
7200.045414 1 ThI
7201.809029 1 ThI
7202.516112 1 ArI
7206.482928 1 ThI
7206.979882 1 ArI
7208.006314 1 ThI
7212.689565 1 ThI
7219.151439 1 ThI
7220.980860 1 ThI
7229.938112 1 ArI
7230.862255 1 ThI
7239.264498 1 ThII
7240.184773 1 ThI
7242.091918 1 ThI
7244.696524 1 ThI
7246.127650 1 XX0
7249.843644 1 ThI
7250.589445 1 ThII
7253.675970 1 ThI
7255.354065 1 ThI
7258.176943 1 ThI
7265.171889 1 ArI
7284.903267 1 ThI
7285.443168 1 ArI
7296.265917 1 ThI
7298.143373 1 ThI
7311.715419 1 ArI
7315.066071 1 ThI
7316.004481 1 ArI
7323.210539 1 ThI
7324.807294 1 ThI
7326.149078 1 XX0
7328.285014 1 ThI
7329.491578 1 ThI
7335.577133 1 ThII
7337.781210 1 ThII
7341.151478 1 ThI
7345.399103 1 ArI
7346.342736 1 ThII
7347.042974 1 ThII
7348.053831 1 ArII
7350.813537 1 ArI
7353.292550 1 ArI
7358.344856 1 ThII
7361.347167 1 ThI
7365.426051 1 ThI
7370.825497 1 ThI
7372.117865 1 ArI
7376.877194 1 ThI
7377.887294 1 ThI
7380.422908 1 ArII
7392.979599 1 ArI
7393.437669 1 ThII
7411.736264 1 ThI
7412.336357 1 ArI
7417.790792 1 ThI
7418.549859 1 ThI
7422.311318 1 ArI
7425.293650 1 ArI
7428.940503 1 ThI
7430.253226 1 ThI
7435.367797 1 ArI
7436.296460 1 ArI
7440.492849 1 ArII
7443.875232 1 ThI
7444.748861 1 ThI
7447.848797 1 ThI
7455.208017 1 ThI
7456.818250 1 XX0
7458.754043 1 ThI
7461.874566 1 ThIII
7462.990977 1 ThI
7469.056521 1 ThI
7471.163605 1 ArI
7481.354454 1 ThI
7483.625560 1 ThI
7484.326163 1 ArI
7487.973811 1 ThI
7495.564089 1 ThI
7499.002420 1 ThI
7500.655100 1 ArI
7508.478695 1 ThI
7510.407726 1 ArI
7511.349807 1 ThII
7523.134713 1 ThI
7525.507848 1 ThII
7527.348320 1 ThI
7528.489172 1 ThII
7531.143674 1 ThI
7531.814727 1 ThI
7537.428637 1 ThI
7549.313767 1 ThI
7555.325385 1 ThI
7557.749443 1 ThI
7565.851494 1 ThI
7566.529606 1 ThII
7571.032553 1 ThI
7573.343696 1 ThI
7580.345947 1 ThI
7580.690427 1 ThI
7583.426168 1 ThI
7589.315033 1 ArII
7598.205405 1 ThI
7603.624269 1 ThI
7607.823001 1 ThI
7616.682707 1 ThI
7618.343787 1 ArI
7620.077241 1 ThI
7623.568225 1 ThII
7625.705231 1 ThI
7627.174830 1 ThI
7628.881301 1 ArI
7642.884179 1 ThI
7647.379393 1 ThI
7651.000546 1 ThI
7651.745077 1 ThI
7652.320117 1 ThI
7653.828355 1 ThI
7654.699741 1 ThI
7660.023374 1 ThI
7660.890300 1 ThI
7666.567883 1 ThI
7668.960731 1 ThI
7670.056955 1 ArI
7672.255125 1 ThI
7676.219503 1 ThII
7683.018869 1 ThI
7685.307498 1 ThII
7686.153743 1 ThI
7691.770605 1 XX0
7701.108035 1 ThII
7703.684970 1 ThI
7704.816383 1 ArI
7710.269186 1 ThI
7711.124803 1 ThI
7712.404926 1 ThI
7713.937717 1 ThI
7728.950948 1 ThI
7731.738494 1 ThII
7742.562810 1 ThI
7761.713300 1 ThI
7762.731966 1 ThI
7771.946753 1 ThI
7773.732521 1 XX0
7776.672664 1 ThI
7778.492192 1 ThI
7781.826259 1 ThI
7782.316513 1 XX0
7788.934115 1 ThI
7793.132528 1 ThI
7795.418454 1 ArII
7804.530006 1 ThI
7807.875886 1 ThI
7813.476036 1 ThI
7813.972856 1 XX0
7814.322428 1 ArI
7816.153359 1 ThI
7817.769853 1 ThI
7822.387696 1 ThI
7834.457746 1 ThII
7835.620881 1 ThI
7836.459704 1 ThI
7841.791042 1 ThI
7842.265566 1 ThI
7847.539388 1 ThI
7848.454642 1 ThI
7861.909446 1 ArI
7864.021806 1 ThI
7865.260318 1 ThI
7865.969770 1 ThI
7867.688297 1 ThI
7875.462514 1 ThII
7886.282980 1 ThI
7891.074479 1 ArI
7897.239769 1 ThI
7899.622869 1 XX0
7900.319926 1 ThI
7916.441468 1 ArI
7924.991405 1 ThI
7925.747742 1 ThI
7937.733470 1 ThI
7941.725859 1 ThI
7954.592217 1 ThI
7956.973426 1 ArI
7961.983123 1 ThI
7970.253705 1 ThI
7972.595942 1 ThI
7974.159111 1 ThI
7976.174244 1 XX0
7981.677181 1 ThII
7984.368431 1 ThII
7987.973076 1 ThI
7991.365442 1 ThI
7992.158716 1 ThI
7993.680797 1 ThI
8002.188030 1 ThI
8024.253002 1 ThI
8025.727026 1 ThI
8030.200402 1 ThI
8032.431249 1 ThI
8037.217764 1 ArI
8046.116362 1 ArI
8050.647986 1 XX0
8053.307955 1 ArI
8054.535448 1 ThII
8062.630368 1 ThI
8068.741874 1 ThI
8075.651782 1 ThI
8085.218964 1 ThI
8092.237307 1 ThI
8094.055396 1 ArI
8096.259988 1 ThI
8122.723329 1 ThI
8129.405086 1 ThI
8137.936246 1 ThI
8139.903124 1 ThII
8143.137909 1 ThI
8149.702097 1 ThI
8159.727615 1 ThI
8162.058607 1 ThI
8163.120952 1 ThII
8166.447668 1 ThII
8169.786443 1 ThI
8177.178768 1 ThII
8186.911262 1 ThI
8190.884825 1 ThI
8198.441996 1 ThI
8202.146809 1 ThI
8205.110970 1 ThI
8207.478411 1 ThI
8214.147185 1 ThI
8217.226337 1 ThII
8231.406828 1 ThI
8234.347415 1 ThI
8234.938064 1 ThI
8237.740798 1 ThI
8252.393524 1 ThI
8253.615523 1 ThI
8259.510948 1 ThI
8261.014244 1 ThI
8275.626506 1 ThI
8276.242961 1 ThI
8282.251114 1 ThII
8288.414222 1 ThI
8292.527120 1 ThI
8295.549681 1 ThI
8311.630590 1 XX0
8314.079264 1 ThI
8316.603689 1 ThI
8320.855356 1 ThI
8327.217638 1 ThI
8328.997499 1 ThI
8330.449354 1 ThI
8333.429398 1 ThI
8335.706611 1 ThI
8341.476954 1 ThI
8344.180942 1 ThI
8345.868498 1 ThI
8356.069227 1 XX0
8358.725940 1 ThI
8360.491469 1 ThI
8363.069556 1 ArII
8366.074039 1 ThI
8367.393599 1 ThI
8379.226037 1 ThI
8379.767834 1 ThI
8384.723465 1 ArI
8385.727941 1 ThI
8387.105285 1 ThII
8388.536224 1 ThI
8395.724124 1 ArII
8401.988977 1 ThI
8414.954176 1 ThI
8416.726817 1 ThI
8417.998115 1 ThI
8421.225355 1 ThI
8445.486996 1 ThI
8446.511509 1 ThI
8454.928504 1 ThI
8456.346772 1 ThI
8464.236635 1 ThI
8464.760956 1 ThI
8465.670502 1 ThI
8471.825985 1 ThI
8472.598607 1 ThI
8490.305885 1 ArI
8510.623937 1 ThI
8512.598393 1 ThII
8516.554190 1 ThI
8530.910768 1 ThI
8531.450517 1 ThI
8532.913658 1 ThI
8534.679664 1 ThI
8539.792910 1 ThI
8554.943992 1 ThI
8558.446353 1 ThI
8564.141995 1 ThI
8568.208713 1 ThII
8573.120489 1 ThI
8575.330448 1 ThI
8577.276762 1 ThI
8591.838671 1 ThII
8593.108838 1 ThI
8599.755287 1 ThII
8604.016589 1 ArII
8605.775647 1 ArI
8616.221875 1 ThI
8620.459617 1 ArI
8621.322470 1 ThI
8622.100888 1 ThI
8623.801422 1 ArII
8629.141440 1 ThII
8631.356458 1 ThI
8638.362204 1 ThI
8639.441589 1 ThI
8645.308606 1 ThI
8649.148977 1 ThI
8675.398294 1 ThI
8678.407764 1 ArI
8686.619419 1 ThII
8687.847928 1 ThI
8691.334622 1 ThI
8693.088527 1 ArII
8698.595762 1 ThI
8701.120796 1 ThI
8703.702461 1 ThI
8704.860087 1 ThI
8707.359106 1 ThI
8709.234029 1 ThI
8710.414148 1 ThI
8714.267774 1 ThI
8719.628959 1 ThII
8721.659442 1 ThII
8722.457684 1 ThI
8723.717666 1 ThI
8724.376040 1 ThI
8732.423947 1 ThI
8734.023300 1 ThI
8739.781595 1 XX0
8743.254513 1 ThI
8748.030881 1 ThI
8749.169625 1 XX0
8751.206153 1 ThI
8754.009670 1 ArII
8758.243376 1 ThI
8760.449561 1 ThI
8761.685632 1 ArI
8766.744973 1 ThI
8771.860292 1 ArII
8772.805163 1 ThI
8773.531948 1 ThI
8775.573210 1 ThI
8782.715508 1 ThI
8784.555745 1 ArI
8798.171941 1 ThI
8799.086895 1 ArI
8804.589321 1 ThI
8810.253946 1 ThI
8812.511039 1 ThI
8816.172780 1 ThII
8817.742996 1 ThI
8821.758520 1 ThI
8829.693786 1 ThI
8841.183227 1 ThI
8849.315089 1 ThI
8852.791584 1 ThI
8854.907859 1 ThI
8859.017994 1 ThI
8868.833307 1 ThI
8874.797576 1 ArI
8875.232328 1 ThI
8881.900274 1 ThI
8889.193845 1 ThI
8892.986447 1 ThI
8893.539678 1 ThI
8899.298381 1 ArII
8905.656330 1 ArII
8910.856536 1 ThI
8928.092415 1 ThI
8941.660762 1 ThI
8949.122626 1 ThI
8955.846664 1 ThI
8957.985934 1 ThII
8959.284529 1 XX0
8962.894111 1 ThI
8967.640269 1 ThI
8968.948108 1 ArII
8969.866623 1 ThI
8971.363979 1 ArII
8986.616221 1 ArII
8990.893469 1 ThI
8995.189197 1 ThI
8995.862715 1 ArII
9008.456738 1 ArII
9009.883126 1 ThI
9011.515147 1 ThI
9012.526249 1 ThI
9016.590249 1 ThI
9017.591428 1 ArII
9031.819313 1 ThI
9035.919111 1 ArII
9037.893765 1 ThI
9040.122853 1 ThI
9045.353161 1 ThI
9048.250039 1 ThI
9060.746633 1 ArII
9062.562998 1 ThII
9063.959977 1 ThI
9066.111421 1 ThII
9068.024773 1 ArII
9069.581659 1 ThI
9075.393921 1 ArI
9076.194812 1 ThI
9090.818586 1 ThI
9098.574389 1 ArII
9101.082562 1 ThI
9106.562758 1 ArII
9107.226842 1 ThI
9112.670169 1 ThII
9132.273873 1 ThI
9134.691822 1 ThI
9140.555882 1 XX0
9153.366334 1 ThI
9156.923497 1 ThI
9159.032791 1 ArII
9165.014110 1 ThI
9165.894985 1 ThI
9170.821948 1 ThI
9178.779472 1 ThI
9180.121639 1 ArI
9187.565373 1 ThI
9192.592924 1 ArII
9199.684057 1 ThI
9208.025150 1 ThI
9208.581037 1 ThI
9215.919619 1 ThI
9218.985795 1 ArII
9227.511839 1 ThI
9232.495905 1 ThI
9233.273822 1 ThII
9233.857325 1 ThI
9234.398593 1 ThI
9240.215729 1 ThI
9243.760213 1 ThI
9249.906661 1 ThI
9250.578121 1 ThI
9258.771440 1 ArII
9260.325295 1 ThI
9266.206929 1 ThI
9267.689395 1 ThII
9270.150022 1 ThI
9271.180104 1 ThI
9274.715950 1 ThII
9276.273096 1 ThI
9279.708860 1 ArII
9286.380393 1 ThI
9289.562352 1 ThI
9291.530673 1 ArI
9294.973966 1 ThI
9300.013027 1 ThI
9307.895531 1 ThI
9310.443888 1 ThI
9317.729541 1 ThI
9338.767965 1 ThI
9379.728747 1 ThI
9380.643811 1 ThI
9383.272149 1 ThI
9384.099642 1 ThI
9388.930727 1 ThI
9390.585121 1 ThI
9393.775615 1 ThII
9409.348747 1 ThI
9414.088497 1 ThI
9417.456971 1 ThI
9431.599536 1 ThI
9435.122938 1 ThI
9436.229201 1 ArII
9436.812627 1 ThI
9455.202238 1 ThI
9467.195287 1 ThI
9470.681818 1 ThI
9474.879195 1 ThI
9478.328794 1 ArI
9486.925574 1 ThI
9495.497829 1 ThI
9497.189003 1 ThI
9505.392901 1 ThI
9507.652426 1 ThI
9508.450631 1 ArII
9535.653718 1 ArII
9536.406967 1 ThI
9548.030220 1 ThI
9561.245166 1 ThI
9565.558731 1 ThI
9567.280449 1 ThI
9567.829097 1 ThI
9570.402139 1 ThI
9571.501865 1 ThI
9577.347425 1 ThII
9588.806513 1 ThI
9601.925116 1 ArII
9607.534601 1 ThII
9608.486529 1 ThI
9608.935087 1 ThI
9619.576627 1 ArII
9622.066262 1 ArII
9625.198328 1 ThI
9627.670569 1 ThI
9629.569247 1 ThI
9636.901863 1 ThI
9641.191743 1 ArII
9642.477526 1 ThII
9664.698250 1 ThI
9674.791341 1 ThI
9678.808320 1 ArII
9683.732134 1 ThI
9684.799798 1 ThI
9695.031027 1 ThI
9700.563011 1 ThI
9713.111863 1 ArII
9716.141919 1 ThI
9736.212381 1 ThI
9739.768676 1 ArII
9746.462788 1 ThI
9750.134980 1 ArII
9753.591926 1 ThI
9756.141520 1 ArII
9757.219592 1 ThI
9758.636436 1 ArII
9769.534705 1 ThI
9773.567411 1 ArII
9789.511002 1 ThI
9793.230676 1 ArII
9796.200157 1 ThI
9797.245527 1 ThI
9800.362802 1 ThI
9800.926979 1 ArI
9803.689812 1 ArII
9812.697557 1 ThI
9814.420948 1 ArII
9819.178008 1 ThI
9824.641939 1 ArII
9826.449598 1 ThI
9833.423120 1 ThI
9840.917124 1 ThI
9849.458145 1 ArII
9854.060998 1 ArII
9855.742013 1 ThI
9864.597102 1 ThII
9865.448780 1 ThI
9867.890148 1 ThI
9868.920479 1 ThI
9871.994632 1 ThI
9873.814982 1 ThI
9878.520772 1 ThII
9890.527598 1 ThII
9896.048225 1 ThI
9898.353147 1 ThI
9902.356783 1 ThI
9905.885822 1 ArII
9906.391733 1 ArII
9907.471751 1 ThI
9912.199562 1 ThI
9932.774719 1 ThI
9938.835451 1 ThI
9943.064645 1 ThII
9949.150321 1 ArII
9951.088582 1 ArII
9952.370277 1 ThI
9963.491020 1 ThI
9967.042909 1 ArII
9970.462392 1 ThI
9972.332569 1 ArII
9974.689191 1 ThI
9985.049933 1 ThI
9987.635075 1 ThI
9989.937043 1 ThI
9991.842496 1 ThI
9992.648468 1 ThI
9998.959819 1 ThI
10011.395224 1 ThI
10022.284512 1 ArII
10039.364012 1 ThI
10045.312397 1 ThI
10048.036396 1 ThI
10054.961879 1 ThI
10056.208970 1 ThI
10068.974981 1 ArI
10102.574508 1 ThI
10111.592224 1 ArII
10127.547345 1 ThI
10133.566103 1 ThII
10137.386378 1 ThI
10140.430849 1 ThI
10141.396869 1 ThI
10144.264846 1 ThI
10163.376940 1 ArI
10175.007857 1 ThI
10178.519113 1 ThI
10180.593191 1 ThI
10184.539071 1 ThI
10188.415534 1 ThI
10211.532925 1 ThI
10218.432619 1 ThI
10236.027952 1 ThI
10247.556719 1 ThI
10283.116068 1 ThI
10288.991766 1 ThII
10308.544130 1 ThI
10332.733454 1 ArI
10334.924818 1 ThI
10346.536641 1 ThI
10349.048180 1 ThI
10369.525958 1 ThI
10419.578661 1 ThII
10459.720663 1 ThI
10470.052823 1 ArI
10478.033852 1 ArI
10492.257749 1 ThI
10494.839879 1 ThI
10498.491925 1 ThI
10500.199736 1 ArII
10506.500441 1 ArI
