3043.065282 1 ThII
3049.092387 1 ThII
3058.028894 1 ThI
3060.438957 1 ThI
3061.699827 1 ThII_ext
3067.729409 1 ThII
3068.907468 1 ThI_ext
3078.828026 1 ThII_ext
3080.217043 1 ThII
3082.977542 1 ArII_ext
#3088.3394   1 JFH
3090.093754 1 ThII_ext
3093.401536 1 ArII
3108.296793 1 ThII
3110.020904 1 ThII
3116.263036 1 ThI_ext
3119.526234 1 ThII_ext
#3120.880842 1 ThI
3122.963375 1 ThII_ext
3136.216082 1 ThI
3139.017198 1 ArII
3140.272028 1 ThI
3142.835605 1 ThII
3145.636991 1 ThI
3161.372893 1 ArII_ext
3169.668007 1 ArII
3171.275477 1 ThI
3173.426654 1 ThI
3178.243304 1 ThI
3180.193754 1 ThII
3188.232934 1 ThII_ext
3192.585625 1 ThI
3195.689137 1 ThI
# order 0 cuts off here
3211.194319 1 ThI
#3221.291189 1 ThII_ext
3229.009593 1 ThII
3238.115747 1 ThII
3243.688079 1 ArII
3244.448809 1 ThI
3245.760285 1 ThII_ext
3247.557839 1 CuI_ext
3249.343128 1 ThI
3251.915910 1 ThI
3253.865943 1 ThI
3256.273854 1 ThII
3257.366748 1 ThI
3259.060869 1 ThI
#3262.668454 1 ThII
3272.026800 1 ThI
3285.752479 1 ThI_ext
3287.789301 1 ThII
3298.049858 1 ThI
3301.651140 1 ThI_ext
3304.238360 1 ThI
3307.228257 1 ArII
3309.365450 1 ThI
3310.636460 1 ThI
3313.070388 1 ThI
3314.826850 1 ThII_ext
#3325.120752 1 ThII
3327.193167 1 ThI
3330.477007 1 ThI
3333.128998 1 ThI
#3334.604120 1 ThII
3337.870357 1 ThII
3345.880429 1 XX0_ext
3348.768455 1 ThI_ext
3358.601994 1 ThII
3365.338350 1 ThI_ext
3374.974894 1 ThI
3376.435792 1 ArII_ext
3378.573379 1 ThII
3380.859541 1 ThI
3392.034957 1 ThII
3397.516114 1 ThI
3398.544852 1 ThI
3402.695273 1 ThII_ext
3405.558381 1 ThI
3408.749883 1 ThI
3413.013068 1 ThI_ext
3417.497794 1 ThI
#3418.775515 1 ThII
3421.210006 1 ThI
3422.656089 1 ThI_ext
3423.989681 1 ThI
3433.998848 1 ThII_ext
3437.307095 1 ThI
#3439.398751 1 ThI
#3441.364697 1 ThII
3442.579014 1 ThI
3451.702372 1 ThI
3457.069153 1 ThI
#3461.018679 1 ThI
3464.126777 1 ArII
3476.747140 1 ArII
3486.551181 1 ThI_ext
#3489.507600 1 ThI
#3491.535601 1 ArII
3496.810716 1 ThI
#3498.621016 1 ThI
3509.777919 1 ArII
3514.387363 1 ArII
3518.404024 1 ThI
#3526.634204 1 ThI
3530.514780 1 ThI
3531.450561 1 ThI
3535.319295 1 ArII_ext
#3539.587276 1 ThII
3544.017956 1 ThI
#3545.843139 1 ArII
3549.595944 1 ThI
3551.401923 1 ThI
3559.507869 1 ArII_ext
3561.030143 1 ArII
3567.263810 1 ThI
3569.820475 1 ThI
3576.615368 1 ArII
# order 2 stopped editing here.
3584.175638 1 ThI
3588.440232 1 ArII
#3589.749503 1 ThI
#3591.452414 1 ThI
3592.779456 1 ThI_ext
3598.119977 1 ThI
#3606.521607 1 ArI
3608.377894 1 XX0_ext
3609.445187 1 ThII
#3612.427480 1 ThI
#3622.795452 1 ThI
#3634.582206 1 ThI
3635.943368 1 XX0
#3638.644471 1 ThI
#3639.446974 1 ThII
3642.249004 1 ThI
3649.734939 1 ThI_ext
3652.168348 1 ThII_ext
3656.693835 1 ThI
3659.629386 1 ThI
3661.621460 1 ThI_ext 
3663.202503 1 ThI
3668.139866 1 XX0
3671.539836 1 ThI
3682.486374 1 ThI_ext
3690.623869 1 ThI
3698.106179 1 ThI
3700.978233 1 ThI
#3703.229921 1 ThI
#3706.767261 1 ThI
3719.434728 1 ThI
#3727.902757 1 ThI
3729.308136 1 ArII
#3737.888945 1 ArII
3741.183057 1 ThII
3742.923393 1 ThI
3747.539032 1 ThII
3762.933383 1 ThI_ext
3767.900702 1 XX0_ext
3768.435890 1 ThII
3771.370827 1 ThI
#3776.271162 1 ThI
3783.296425 1 ThII
3785.600691 1 ThII
3789.167672 1 ThI_ext
## stopped editing here order 3
#3790.795014 1 ThI
#3792.730469 1 ThI
3803.075308 1 ThI_ext
3809.456226 1 ArII
#3810.995489 1 ThI
3815.565429 1 ThI
3818.685274 1 ThI
3820.792436 1 ThI
3828.384620 1 ThI
3830.773695 1 ThI
3836.585487 1 ThI_ext
3837.875485 1 ThI
3845.405511 1 ArII
3846.249004 1 ThII
3850.581478 1 ArII
3852.135168 1 ThI
3854.510257 1 ThII
3868.528624 1 ArII
3873.822102 1 ThI
3879.644138 1 ThI
3886.916340 1 ThI_ext
#3891.979258 1 ArII
#3893.651916 1 ThI
3895.419264 1 ThI
3898.437349 1 ThI_ext
3903.102286 1 ThI
3911.909181 1 ThI_ext
3916.417436 1 ThI
3919.023310 1 ThI_ext
3923.799400 1 ThI
3929.669203 1 ThII
3948.030462 1 ThI_ext
3950.395397 1 ThI
3959.299941 1 ThI
#3962.419438 1 ThI
3967.392112 1 ThI
3984.879451 1 ThI
3990.492442 1 ThI
4008.210288 1 ThI
4012.495421 1 ThI
4019.128807 1 ThII
4024.802230 1 ThI
4027.008781 1 ThI_ext 
4030.842436 1 ThI
4036.047864 1 ThI
4044.418042 1 ArI
4049.944572 1 ThI
#4052.921010 1 ArII
4059.252861 1 ThI
4063.407073 1 ThI
4067.450978 1 ThI
#4071.9967   1 MIKE
#4075.503004 1 ThI
4086.520592 1 ThII
4094.747403 1 ThII
#stopped here for order 4
4100.341269 1 ThI
4103.912179 1 ArII_ext
4108.419732 1 ThII
4112.7545   1 MIKE
4127.411746 1 XX0_ext
4131.7235   1 MIKE
4134.0681   1 MIKE
4134.067617 1 ThI_ext
#4158.5905   1 MIKE
4164.179184 1 ArI_ext
4165.766346 1 ThI
4170.533090 1 ThI
4181.883406 1 ArI
4187.140573 1 ThI
4193.016371 1 ThI
4194.936108 1 ThI
4198.3170   1 MIKE
4200.6745   1 MIKE
4208.8907   1 MIKE
4210.923021 1 ThI
#4213.067117 1 ThI
4235.463786 1 ThI
4237.2198 1  MIKE
4250.3146 1  MIKE
4253.538831 1 ThI
4257.4963 1  MIKE
4259.3619 1 MIKE
4272.1689 1 MIKE
4282.042086 1 ThII_ext
4291.809723 1 ThI
#4311.799273 1 ThI
4307.176075 1 ThI
4312.9975 1  MIKE
4315.254471 1 ThI
4318.415661 1 ThII
4328.915443 1 ThI
4333.5612 1 MIKE
4340.895167 1 ThI
4342.443971 1 ThI
4348.0640 1 MIKE
4365.930205 1 ThI
# order 5 left off here
4374.1239 1 MIKE
4375.9542 1 MIKE
4378.176824 1 ThI
4379.667209 1 ArII
4381.859986 1 ThII
#4385.057274 1 ArII
4387.734646 1 ThI
4391.110881 1 ThII
4392.974102 1 ThI
4402.926798 1 ThI
4408.8828   1 MIKE
4414.486318 1 ThI
4416.845034 1 ThI
4426.0011   1 MIKE
4448.879769 1 ArII
4452.565919 1 ThI
4458.001577 1 ThI
4465.340307 1 ThII
4469.525401 1 ThI
4474.7594   1 MIKE
4481.8107   1 MIKE
4486.897614 1 ThI
4493.3337   1 MIKE
4510.7332   1 MIKE
4515.118228 1 ThI
4535.254374 1 ThI
4540.998918 1 ThI
4545.0519   1 MIKE
4567.239946 1 ThI
4570.972161 1 ThI
4579.3495   1 MIKE
4589.8978   1 MIKE
4592.666430 1 ThI
4598.762949 1 ArII
4603.143767 1 ThI
4609.5673   1 MIKE
#4647.250193 1 ThI
4657.9012   1 MIKE
4663.202971 1 ThI
4668.171424 1 ThI
4669.984249 1 ThI
4673.6609   1 MIKE
4686.194700 1 ThI
4703.9898   1 MIKE
4708.293640 1 ThI
4723.4382   1 MIKE
4726.8683   1 MIKE
4729.128367 1 ThI
4732.054032 1 ArII
4735.9058   1 MIKE
4749.199831 1 ThI
4752.414027 1 ThII
4761.109795 1 ThII
4764.8646   1 MIKE
#4766.601069 1 ThI
4778.2940   1 MIKE
4789.386339 1 ThI
4793.244880 1 ThI
4795.913819 1 ThI
4800.171433 1 ThII
4806.0205   1 MIKE
4808.1337   1 MIKE
4822.8548   1 MIKE
4826.7004   1 MIKE
4840.842740 1 ThI
4852.868708 1 XX0
4863.1724   1 MIKE
4868.880725 1 ThI
4879.8635   1 MIKE
4889.0422   1 MIKE 
4894.9551   1 MIKE
4919.816059 1 ThII
4933.209697 1 ArII
4939.641603 1 ThI
4943.063499 1 ThI
4945.4587   1 MIKE
4965.0795   1 MIKE
4972.1597   1 MIKE
4980.185897 1 ThI
4982.486931 1 ThI
4985.372021 1 ThI
4989.308372 1 ThI
5002.0972   1 MIKE
5009.335298 1 ArII
5017.1628   1 MIKE
5019.806082 1 ThI
5039.230522 1 ThI
5044.7195   1 MIKE
5047.043744 1 ThI
5059.860949 1 ThI
5062.0371   1 MIKE
5067.9737   1 MIKE
5081.446377 1 ThI
5090.5455   1 MIKE 
5096.484919 1 ThI
5115.044494 1 ThI
5128.490403 1 ThI
5134.746459 1 ThI
5137.473905 1 ThI
5141.7827   1 MIKE
5151.6120   1 MIKE
5154.242014 1 ThI
5158.604754 1 ThI
5176.9610   1 MIKE
5195.813306 1 ThI
5211.230608 1 ThI
5213.3492   1 MIKE
5219.110260 1 ThI
5231.1597   1 MIKE
5258.360132 1 ThI
5266.710292 1 ThI
5281.068457 1 ThI
5291.816620 1 ThI
5294.396938 1 ThI
5296.2787   1 MIKE
5300.523253 1 ThI
5317.4944   1 MIKE
5343.581173 1 ThI
5347.971782 1 ThI
5362.575235 1 ThI
5386.610713 1 ThI
5394.761204 1 ThI
5407.653006 1 ThI
5410.768418 1 ThI
5417.4858   1 MIKE
5424.007403 1 ThI
5431.111593 1 ThI
5434.151676 1 ThI
5447.1536   1 MIKE
5449.479790 1 ThII
5464.205069 1 ThI
5470.758744 1 ThI
5492.643935 1 ThI
5499.2554   1 MIKE
5504.301590 1 ThI
5509.993104 1 ThI
5514.873106 1 ThI
# order 8 left off here
5539.261800 1 ThI
5542.890641 1 ThI
5548.176013 1 ThI
5567.9986   1 MIKE
5571.1913   1 MIKE
5576.204181 1 ThI
5579.357544 1 ThI
5587.0263   1 MIKE
5595.064394 1 ThI
5601.603067 1 ThI
5604.515166 1 ThII
5615.3195   1 MIKE
5639.746033 1 ThII
5657.925206 1 ThI
5665.179556 1 ThI
5677.052542 1 ThI
5685.192577 1 ThI
5696.390416 1 ThI
5707.103137 1 ThII
5725.388111 1 ThI
5736.029422 1 ThI
5739.520188 1 ArI
5741.829296 1 ThI
5753.026927 1 ThI
5760.5508   1 MIKE
5763.528456 1 ThI
5773.9463   1 MIKE
5789.644814 1 ThI
5792.430723 1 ThI
5800.829807 1 ThI
5804.1412   1 MIKE
5815.421655 1 ThII
5830.827386 1 ThI
5832.370428 1 ThI
5834.264304 1 ArI
5843.804948 1 XX1
5845.919546 1 ThI
5863.719119 1 ThI
5866.812191 1 ThI
5868.374378 1 ThI
5882.624429 1 ArI
5885.701097 1 ThI
5888.5841   1 MIKE
5891.450790 1 ThI
5895.924028 1 NaI
5905.570764 1 ThI
5912.0853   1 MIKE
5918.945499 1 ThI
5944.647267 1 ThI
5969.736805 1 ThI
5973.6649   1 MIKE
5989.044879 1 ThII
5991.006437 1 ThI
5994.1287   1 MIKE
5996.629542 1 ThI
5998.998413 1 ArI
6007.071707 1 ThI
6010.160403 1 ThI
6021.035954 1 ThI
# order 9 stopped here
6032.1274   1 MIKE
6037.6975   1 MIKE
6043.2233   1 MIKE
6049.0510   1 MIKE
6059.3725   1 MIKE
6069.020461 1 ThI
6073.103405 1 ThII
6085.3748   1 MIKE
6088.030147 1 ThI
6107.533218 1 XX0
6114.9234   1 MIKE
6151.993136 1 ThI
6161.352783 1 ThI
6164.4796   1 MIKE
6169.8221   1 MIKE
6178.431309 1 ThI
6182.6217   1 MIKE
6188.1251   1 MIKE
6191.9053   1 MIKE
6198.2227   1 MIKE
6203.4925   1 MIKE
6207.2201   1 MIKE
6215.939548 1 ArI
6224.5272   1 MIKE
6226.369616 1 ThI
6234.855274 1 ThI
6240.953508 1 ThI
6243.120579 1 ArII
6257.423258 1 ThI
6271.545663 1 ThI
6274.117134 1 ThII
6296.873431 1 ArI
6303.250903 1 ThI
6307.657424 1 ArI
6310.810115 1 ThI
6315.774781 1 ThI
6337.620376 1 ThI
6339.668592 1 ThI
6342.8595   1 MIKE
6346.120802 1 ThI
6348.737373 1 ThI
6371.9436   1 MIKE
6376.930646 1 ThI
6384.7169   1 MIKE
6387.395420 1 ThI
6406.445887 1 ThI
6411.8991   1 MIKE
6413.614241 1 ThI
6416.3071   1 MIKE
6431.5550   1 MIKE
6443.8598   1 MIKE
6446.770949 1 ThI
6457.2824   1 MIKE
6483.083300 1 ArII
6490.737378 1 ThI
6501.991345 1 ThI
6506.986702 1 ThI
6512.3639   1 MIKE
6522.042420 1 ThI
6531.3418   1 MIKE
6551.705620 1 ThI
6554.1603   1 MIKE
6569.632213 1 ThII
6577.2146   1 MIKE
6583.9060   1 MIKE
6588.5396   1 MIKE
6591.4845   1 MIKE
6593.9391   1 MIKE
6613.3740   1 HIRES
6619.945897 1 ThII
# order 10 left off here
6658.677188 1 ThI
6662.2686   1 MIKE
6666.358628 1 ArII
6674.696969 1 ThI
6677.2817   1 MIKE
6711.252013 1 ThI
6713.969781 1 ThI
6719.1995   1 MIKE
6727.4583   1 MIKE
6738.180180 1 ThI
6752.8335   1 MIKE
6756.4528   1 MIKE
6766.612079 1 ArI
6778.313276 1 ThI
6791.234859 1 ThI
6824.677603 1 ThI
6829.035562 1 ThI
6834.9246   1 MIKE
6846.4790   1 HIRES
6861.269179 1 ArII
6863.535106 1 ArII
6868.451278 1 ThI
6871.2891   1 MIKE
6874.753192 1 ThI
6879.582453 1 ArI
6911.2264   1 MIKE
6916.128859 1 ThI
6937.663708 1 ArI
6943.610523 1 ThI
6945.490210 1 ThI
6951.477124 1 ArI
6954.656020 1 ThI
6960.249543 1 ArI
6989.655260 1 ThI
7000.803628 1 ThI
7018.567528 1 ThI
7030.250958 1 ArI
7036.283039 1 ThI
7045.797020 1 ThII
7075.333559 1 ThII
7084.169001 1 ThI
7086.703961 1 ArI
7107.477291 1 ArI
7124.560689 1 ThI
7142.331007 1 ThI
7147.0416   1 HIRES
7150.284392 1 ThI
7162.556425 1 ArI
7168.895141 1 ThI
7173.372448 1 ThI
7191.132793 1 ThII
7200.045414 1 ThI
7212.689565 1 ThI
7244.696524 1 ThI
7265.171889 1 ArI
7284.903267 1 ThI
7311.715419 1 ArI
7316.004481 1 ArI
7324.807294 1 ThI
7328.285014 1 ThI
7341.151478 1 ThI
7350.813537 1 ArI
7353.292550 1 ArI
# order 11 left off here
7372.117865 1 ArI
7376.877194 1 ThI
7402.2521   1 MIKE
7412.336357 1 ArI
7425.293650 1 ArI
7428.940503 1 ThI
7444.748861 1 ThI
7447.848797 1 ThI
7471.163605 1 ArI
7481.354454 1 ThI
7525.507848 1 ThII
7549.313767 1 ThI
7567.7417 1 ThAr
7607.823001 1 ThI
7618.343787 1 ArI
7647.379393 1 ThI
7658.324546 1 ThI_ext
7670.056955 1 ArI
7678.126655 ThI_ext
7704.816383 1 ArI
7710.269186 1 ThI
7713.937717 1 ThI
7742.562810 1 ThI
7771.946753 1 ThI
7778.492192 1 ThI
7782.316513 1 XX0
7788.934115 1 ThI
7817.769853 1 ThI
7847.539388 1 ThI
7861.909446 1 ArI
7864.021806 1 ThI
7865.260318 1 ThI
7865.969770 1 ThI
7868.194043 1 ArI_ext
7886.282980 1 ThI
7891.074479 1 ArI
7916.441468 1 ArI
7937.733470 1 ThI
7941.725859 1 ThI
7972.595942 1 ThI
7978.973099 1 ThI_ext
7987.973076 1 ThI
8032.431249 1 ThI
8037.217764 1 ArI
8046.116362 1 ArI
8053.307955 1 ArI
8062.630368 1 ThI
8085.218964 1 ThI
8093.623777 1 ThI_ext
8129.405086 1 ThI
8138.475247 1 ThI_ext
8143.137909 1 ThI
8159.727615 1 ThI
8169.786443 1 ThI
8186.911262 1 ThI
8252.393524 1 ThI
8275.626506 1 ThI
# order 12 left off here
8320.855356 1 ThI
8330.449354 1 ThI
8358.725940 1 ThI
8384.723465 1 ArI
8392.273336 1 ArI_ext
8416.726817 1 ThI
8464.236635 1 ThI
8471.825985 1 ThI
8478.357903 1 ThI_ext
8490.305885 1 ArI
8510.623937 1 ThI
8554.943992 1 ThI
8573.120489 1 ThI
8605.775647 1 ArI
8620.459617 1 ArI
8639.441589 1 ThI
8645.308606 1 ThI
8678.407764 1 ArI
8709.234029 1 ThI
8732.423947 1 ThI
8748.030881 1 ThI
8758.243376 1 ThI
8761.685632 1 ArI
8766.744973 1 ThI
8775.573210 1 ThI
8799.086895 1 ArI
8841.183227 1 ThI
8849.892592 1 ArI_ext
8868.833307 1 ThI
8892.986447 1 ThI
8949.122626 1 ThI
8955.846664 1 ThI
8962.146264 1 ArI_ext
8967.640269 1 ThI
9048.250039 1 ThI
9075.393921 1 ArI
9094.828828 1 ThI_ext
9165.894985 1 ThI
9194.637900 1 ArI_ext
9203.961599 1 ThI_ext
9266.206929 1 ThI
9276.273096 1 ThI
9291.530673 1 ArI
9354.219213 1 ArI_ext
9383.272149 1 ThI
9399.089059 1 ThI_ext
9431.599536 1 ThI
9461.027795 1 ThI_ext
# order 13 left off here
9497.189003 1 ThI
9505.392901 1 ThI
9561.245166 1 ThI
9632.643829 1 ThI_ext
9700.563011 1 ThI
9746.462788 1 ThI
9784.502154 1 ArI_ext
9812.697557 1 ThI
9826.449598 1 ThI
9833.423120 1 ThI
10039.364012 1 ThI
10052.060176 1 ArI_ext
10470.052823 1 ArI
10478.033852 1 ArI
10673.565763 1 ArI_ext
