        104_334 12:42:30.4 -00:41:31.
        104_423  12:41:46.0  -00:32:14.
        104_428  12:41:51.3  -00:27:29.
        104_430  12:42:00.3  -00:26:55.
        104_325  12:42:12.2  -00:42:39.
        104_330  12:42:21.4  -00:41:44.
        104_440  12:42:24.3  -00:25:49.
        104_237  12:42:26.9  -00:52:21.
         104_L2  12:42:29.6  -00:35:27.
        104_443  12:42:29.8  -00:26:24.
        104_444  12:42:30.0  -00:33:31.
        104_335  12:42:30.9  -00:34:11.
        104_239  12:42:32.9  -00:47:39.
        104_336  12:42:34.6  -00:41:01.
        104_338  12:42:40    -00:39:36
        104_339  12:42:43.3  -00:42:43.
        104_244  12:42:44.2  -00:46:50.
        104_455  12:43:02.1  -00:25:20.
        104_456  12:43:03.5  -00:33:04.
        104_460  12:43:12.8  -00:29:22.
        104_461  12:43:16.0  -00:33:20.
        104_350  12:43:24.2  -00:34:23.
        104_470  12:43:32.3  -00:30:55.
        104_L1   12:41:44  -00:22:47
        104_457  12:42:54  -00:28:52
