    104_334 12:42:21  -00:40:31  13.484  0.518 -0.067  0.323  0.331  0.653  24  16  0.00469 0.00306 0.00388 0.00286 0.00306 0.00469
    104_306 12:41:04  -00:37:15   9.370  1.592  1.666  0.832  0.762  1.591  89  68  0.00668 0.00297 0.00594 0.00201 0.00244 0.00329
    104_423 12:41:36  -00:31:18  15.602  0.630  0.050  0.262  0.559  0.818   2   1  0.02475 0.03889 0.02687 0.03606 0.11667 0.15203
    104_428 12:41:41  -00:26:30  12.630  0.985  0.748  0.534  0.497  1.032  25  16  0.00380 0.00280 0.00440 0.00240 0.00180 0.00360
     104_L1 12:41:44  -00:22:47  14.608  0.630  0.064  0.374  0.364  0.739   2   1  0.00071 0.00141 0.01273 0.01131 0.01626 0.00424
    104_430 12:41:50  -00:25:56  13.858  0.652  0.131  0.364  0.363  0.727  15   8  0.00516 0.00620 0.00852 0.00465 0.00413 0.00645
    104_325 12:42:03  -00:41:39  15.581  0.694  0.051  0.345  0.307  0.652   2   1  0.01626 0.04313 0.02192 0.02546 0.01485 0.04031
    104_330 12:42:12  -00:40:43  15.296  0.594 -0.028  0.369  0.371  0.739  15   6  0.01033 0.02763 0.01549 0.01239 0.02143 0.02246
    104_440 12:42:14  -00:24:51  15.114  0.440 -0.227  0.289  0.317  0.605  11   5  0.00814 0.00844 0.01025 0.00693 0.02322 0.02623
    104_237 12:42:17  -00:51:21  15.395  1.088  0.918  0.647  0.628  1.274   1   1  0.00000 0.00000 0.00000 0.00000 0.00000 0.00000
     104_L2 12:42:19  -00:35:16  16.048  0.650 -0.172  0.344  0.323  0.667   4   2  0.01900 0.02650 0.04500 0.02950 0.07550 0.10000
    104_443 12:42:20  -00:25:25  15.372  1.331  1.280  0.817  0.778  1.595   3   2  0.00866 0.00231 0.11201 0.01386 0.01039 0.02021
    104_444 12:42:20  -00:32:32  13.477  0.512 -0.070  0.313  0.331  0.643   2   1  0.00141 0.00990 0.00849 0.00212 0.00141 0.00071
    104_335 12:42:21  -00:33:12  11.665  0.622  0.145  0.357  0.334  0.691   4   2  0.00950 0.00100 0.00200 0.00350 0.00450 0.00700
    104_239 12:42:23  -00:46:36  13.936  1.356  1.291  0.868  0.805  1.675   7   3  0.00605 0.00869 0.02306 0.00454 0.00302 0.00567
    104_336 12:42:25  -00:40:02  14.404  0.830  0.495  0.461  0.403  0.865  14   6  0.00668 0.00722 0.01229 0.00588 0.00989 0.01042
    104_338 12:42:31  -00:38:36  16.059  0.591 -0.082  0.348  0.372  0.719   8   5  0.00778 0.02192 0.03677 0.00884 0.02086 0.01697
    104_339 12:42:34  -00:41:43  15.459  0.832  0.709  0.476  0.374  0.849   1   1  0.00000 0.00000 0.00000 0.00000 0.00000 0.00000
    104_244 12:42:35  -00:45:51  16.011  0.590 -0.152  0.338  0.489  0.825   2   2  0.00919 0.00566 0.01131 0.00354 0.02687 0.02899
    104_455 12:42:52  -00:24:22  15.105  0.581 -0.024  0.360  0.357  0.716  13   7  0.00666 0.01442 0.01220 0.00527 0.00888 0.01220
    104_456 12:42:53  -00:32:09  12.362  0.622  0.135  0.357  0.337  0.694   4   2  0.00250 0.00250 0.00450 0.00350 0.00650 0.00800
    104_457 12:42:54  -00:28:52  16.048  0.753  0.522  0.484  0.490  0.974   9   4  0.01067 0.01867 0.07700 0.01833 0.03700 0.02133
    104_460 12:43:03  -00:28:25  12.886  1.287  1.243  0.813  0.693  1.507  24  16  0.00429 0.00327 0.00674 0.00225 0.00204 0.00327
    104_461 12:43:06  -00:32:25   9.705  0.476 -0.030  0.289  0.290  0.580  95  74  0.00103 0.00082 0.00133 0.00072 0.00062 0.00062
    104_350 12:43:14  -00:33:25  13.634  0.673  0.165  0.383  0.353  0.736  14   7  0.00428 0.00347 0.00561 0.00321 0.00454 0.00615
    104_470 12:43:22  -00:30:00  14.310  0.732  0.101  0.295  0.356  0.649   3   1  0.01212 0.00924 0.02021 0.01328 0.00346 0.01501
    104_364 12:43:46  -00:34:34  15.799  0.601 -0.131  0.314  0.397  0.712   2   1  0.01556 0.04879 0.05586 0.00849 0.04101 0.04950
    104_366 12:43:53  -00:34:56  12.908  0.870  0.424  0.517  0.464  0.982   1   1  0.00000 0.00000 0.00000 0.00000 0.00000 0.00000
    104_479 12:43:55  -00:32:55  16.087  1.271  0.673  0.657  0.607  1.264   2   1  0.03394 0.02758 0.39952 0.00283 0.00354 0.00707
    104_367 12:43:58  -00:33:40  15.844  0.639 -0.126  0.382  0.296  0.679   2   1  0.02546 0.02121 0.01556 0.01768 0.00424 0.02263
    104_484 12:44:20  -00:31:01  14.406  1.024  0.732  0.514  0.486  1.000   2   1  0.00707 0.01838 0.01344 0.00566 0.00636 0.01202
    104_485 12:44:23  -00:30:20  15.017  0.838  0.493  0.478  0.488  0.967   2   1  0.01131 0.03394 0.02263 0.00141 0.01131 0.00990
    104_490 12:44:33  -00:25:57  12.572  0.535  0.048  0.318  0.312  0.630  12   8  0.00289 0.00318 0.00520 0.00231 0.00231 0.00260
    104_598 12:45:17  -00:16:41  11.479  1.106  1.050  0.670  0.546  1.215  70  59  0.00167 0.00108 0.00275 0.00096 0.00084 0.00120
