    101_342 09:57:32  -00:21:37  15.556  0.529 -0.065  0.339  0.419  0.758   2   1  0.01414 0.00849 0.00849 0.02404 0.00212 0.02263
    101_315 09:54:51  -00:27:16  11.249  1.153  1.056  0.612  0.559  1.172  19  11  0.00367 0.00184 0.00665 0.00161 0.00115 0.00206
    101_316 09:54:53  -00:18:20  11.552  0.493  0.032  0.293  0.291  0.584  17  10  0.00267 0.00243 0.00364 0.00194 0.00291 0.00315
     101_L1 09:55:30  -00:21:25  16.501  0.757 -0.104  0.421  0.527  0.947   4   1  0.03100 0.03400 0.02900 0.02250 0.08550 0.10700
    101_320 09:55:34  -00:22:19  13.823  1.052  0.690  0.581  0.561  1.141  11   7  0.00482 0.01025 0.01809 0.00392 0.00362 0.00452
     101_L2 09:55:36  -00:18:36  15.770  0.602  0.082  0.321  0.304  0.625   1   1  0.00000 0.00000 0.00000 0.00000 0.00000 0.00000
    101_404 09:55:42  -00:18:09  13.459  0.996  0.697  0.530  0.500  1.029  12   7  0.00404 0.00779 0.00953 0.00491 0.00318 0.00548
    101_324 09:55:58  -00:23:02   9.742  1.161  1.148  0.591  0.519  1.110  56  43  0.00147 0.00094 0.00200 0.00067 0.00067 0.00107
    101_262 09:56:08  -00:29:36  14.295  0.784  0.297  0.440  0.387  0.827   4   2  0.00450 0.01600 0.02050 0.00750 0.01000 0.00350
    101_408 09:56:09  -00:12:28  14.785  1.200  1.347  0.718  0.603  1.321   2   1  0.02404 0.04384 0.01697 0.01697 0.01202 0.02970
    101_326 09:56:09  -00:26:56  14.923  0.729  0.227  0.406  0.375  0.780  13   6  0.00777 0.00943 0.01276 0.00555 0.01109 0.01220
    101_410 09:56:10  -00:13:50  13.646  0.546 -0.063  0.298  0.326  0.623   2   1  0.00849 0.00141 0.00212 0.01061 0.00354 0.00636
    101_327 09:56:10  -00:25:37  13.441  1.155  1.139  0.717  0.574  1.290  28  15  0.00321 0.00567 0.00983 0.00227 0.00170 0.00283
    101_413 09:56:15  -00:11:44  12.583  0.983  0.716  0.529  0.497  1.025   9   6  0.00233 0.00467 0.01033 0.00333 0.00400 0.00400
    101_268 09:56:19  -00:31:43  14.380  1.531  1.381  1.040  1.200  2.237  11   5  0.00784 0.01990 0.07689 0.00482 0.00362 0.00452
    101_330 09:56:22  -00:27:07  13.723  0.577 -0.026  0.346  0.338  0.684  28  14  0.00378 0.00378 0.00510 0.00283 0.00567 0.00643
    101_415 09:56:24  -00:16:40  15.259  0.577 -0.008  0.346  0.350  0.695   2   1  0.00283 0.02475 0.00212 0.01980 0.01344 0.03323
    101_270 09:56:27  -00:35:31  13.711  0.554  0.055  0.332  0.306  0.637   2   1  0.00000 0.00141 0.01273 0.00495 0.00707 0.00141
    101_278 09:56:55  -00:29:26  15.494  1.041  0.737  0.596  0.548  1.144   2   1  0.01838 0.02263 0.02687 0.01980 0.01485 0.03465
     101_L3 09:56:55  -00:30:15  15.953  0.637 -0.033  0.396  0.395  0.792   2   1  0.02333 0.01838 0.07071 0.03818 0.04879 0.08697
    101_281 09:57:05  -00:31:26  11.575  0.812  0.419  0.452  0.412  0.864  19  11  0.00367 0.00184 0.00482 0.00229 0.00115 0.00252
     101_L4 09:57:08  -00:31:16  16.264  0.793  0.362  0.578  0.062  0.644   2   1  0.01697 0.01414 0.00141 0.01909 0.26375 0.28072
     101_L5 09:57:11  -00:31:25  15.928  0.622  0.115  0.414  0.305  0.720   2   1  0.01061 0.02828 0.08627 0.00778 0.01344 0.02121
    101_421 09:57:17  -00:17:05  13.180  0.507 -0.031  0.327  0.296  0.623   2   1  0.00212 0.00212 0.00354 0.00212 0.00071 0.00141
    101_338 09:57:19  -00:20:47  13.788  0.634  0.024  0.350  0.340  0.691   2   1  0.00707 0.00707 0.00424 0.00212 0.00354 0.00141
    101_339 09:57:19  -00:24:48  14.449  0.850  0.501  0.458  0.398  0.857   2   1  0.00990 0.00849 0.00990 0.02404 0.00424 0.02899
    101_424 09:57:21  -00:16:14  15.058  0.764  0.273  0.429  0.425  0.855   2   1  0.02758 0.03889 0.01909 0.02263 0.02051 0.04313
    101_427 09:57:27  -00:17:04  14.964  0.805  0.321  0.484  0.369  0.854   2   1  0.02687 0.02970 0.00141 0.02475 0.01131 0.03677
    101_341 09:57:31  -00:21:40  14.342  0.575  0.059  0.332  0.309  0.641   2   1  0.01131 0.01414 0.00707 0.00071 0.00778 0.00707
    101_343 09:57:32  -00:22:42  15.504  0.606  0.094  0.396  0.338  0.734   2   1  0.02758 0.04879 0.01768 0.02263 0.02546 0.04808
    101_429 09:57:33  -00:18:05  13.496  0.980  0.782  0.617  0.526  1.143  23  13  0.00392 0.00188 0.00605 0.00167 0.00200 0.00304
    101_431 09:57:38  -00:17:39  13.684  1.246  1.144  0.808  0.708  1.517  23  13  0.00563 0.00626 0.01022 0.00334 0.00292 0.00417
     101_L6 09:57:40  -00:17:40  16.497  0.711  0.183  0.445  0.583  1.024   2   1  0.02192 0.00919 0.03111 0.01131 0.16476 0.17324
    101_207 09:57:53  -00:47:23  12.419  0.515 -0.078  0.321  0.320  0.641  22  14  0.00277 0.00384 0.00618 0.00171 0.00192 0.00235
    101_363 09:58:20  -00:25:23   9.874  0.261  0.129  0.146  0.151  0.297  53  44  0.00124 0.00082 0.00247 0.00082 0.00082 0.00110
