    107_600 15:39:10  -00:16:07  14.884  0.503  0.049  0.339  0.361  0.700   9   4  0.01700 0.01300 0.02267 0.00967 0.01467 0.02033
    107_970 15:37:25  +00:18:16  10.939  1.596  1.750  1.142  1.435  2.574  57  47  0.00742 0.00172 0.00609 0.00199 0.00331 0.00397
    107_568 15:37:52  -00:17:36  13.054  1.149  0.862  0.625  0.595  1.217  15   7  0.00155 0.00284 0.00387 0.00207 0.00284 0.00284
   107_1006 15:38:33  +00:14:04  11.712  0.766  0.279  0.442  0.421  0.863  59  51  0.00104 0.00104 0.00247 0.00078 0.00091 0.00104
    107_720 15:38:37  -00:02:42  13.121  0.599  0.088  0.374  0.355  0.731   2   1  0.00566 0.00283 0.01061 0.00990 0.00283 0.00778
    107_456 15:38:42  -00:20:05  12.919  0.921  0.589  0.537  0.478  1.015  20  10  0.00201 0.00291 0.00447 0.00201 0.00246 0.00358
    107_457 15:38:46  -00:20:33  14.910  0.792  0.350  0.494  0.469  0.964   2   1  0.00212 0.00354 0.00990 0.00283 0.00636 0.00919
    107_351 15:38:46  -00:32:24  12.342  0.562 -0.005  0.351  0.358  0.708  25  14  0.00200 0.00240 0.00400 0.00160 0.00220 0.00260
    107_592 15:38:50  -00:17:28  11.847  1.318  1.380  0.709  0.647  1.357   9   5  0.00333 0.00467 0.01333 0.00133 0.00233 0.00200
    107_458 15:38:50  -00:24:45  11.676  1.214  1.189  0.667  0.602  1.274   2   1  0.00424 0.00566 0.00495 0.00283 0.00071 0.00354
    107_459 15:38:51  -00:22:49  12.284  0.900  0.427  0.525  0.517  1.045   2   1  0.00141 0.01061 0.00990 0.00283 0.00071 0.00354
    107_212 15:38:56  -00:45:48  13.383  0.683  0.135  0.404  0.411  0.818   2   1  0.00636 0.01061 0.01980 0.00707 0.00849 0.01485
    107_215 15:38:57  -00:43:24  16.046  0.115 -0.082 -0.032 -0.475 -0.511   3   2  0.02656 0.03118 0.00924 0.09353 0.29907 0.39433
    107_213 15:38:57  -00:44:32  14.262  0.802  0.261  0.531  0.509  1.038   1   1  0.00000 0.00000 0.00000 0.00000 0.00000 0.00000
    107_357 15:39:05  -00:39:29  14.418  0.675  0.025  0.416  0.421  0.840   2   1  0.00000 0.00354 0.00566 0.01202 0.02333 0.01131
    107_599 15:39:09  -00:14:46  14.675  0.698  0.243  0.433  0.438  0.869  17   7  0.00825 0.01213 0.00606 0.00534 0.01213 0.01552
    107_359 15:39:09  -00:35:49  12.797  0.580 -0.124  0.379  0.381  0.759   6   3  0.00490 0.00694 0.01184 0.00286 0.00327 0.00531
    107_601 15:39:13  -00:13:44  14.646  1.412  1.265  0.923  0.835  1.761  33  13  0.00453 0.00731 0.02472 0.00348 0.00313 0.00383
    107_602 15:39:18  -00:15:47  12.116  0.991  0.585  0.545  0.531  1.074  17   9  0.00267 0.00291 0.00703 0.00146 0.00218 0.00315
    107_612 15:39:35  -00:15:24  14.256  0.896  0.296  0.551  0.530  1.081   2   1  0.00566 0.00141 0.00354 0.00354 0.00071 0.00212
    107_611 15:39:36  -00:12:54  14.329  0.890  0.455  0.520  0.447  0.968   4   2  0.00650 0.00850 0.01650 0.00900 0.01050 0.01700
    107_614 15:39:41  -00:13:28  13.926  0.622  0.033  0.361  0.370  0.732   4   2  0.00650 0.01700 0.01500 0.00400 0.01300 0.00900
    107_626 15:40:05  -00:17:46  13.468  1.000  0.728  0.600  0.527  1.126  24  12  0.00449 0.00816 0.01184 0.00245 0.00225 0.00347
    107_627 15:40:07  -00:17:40  13.349  0.779  0.226  0.465  0.454  0.918  24  12  0.00551 0.00469 0.00490 0.00225 0.00265 0.00367
    107_484 15:40:17  -00:21:31  11.311  1.237  1.291  0.664  0.577  1.240  13   7  0.00444 0.00222 0.01109 0.00194 0.00083 0.00222
    107_636 15:40:40  -00:15:12  14.873  0.751  0.121  0.432  0.465  0.896   2   1  0.01344 0.01202 0.01768 0.00849 0.04172 0.03253
    107_639 15:40:44  -00:17:29  14.197  0.640 -0.026  0.399  0.404  0.803  10   6  0.01613 0.00917 0.02024 0.01044 0.00949 0.01265
    107_640 15:40:49  -00:17:06  15.050  0.755  0.092  0.511  0.506  1.017   5   3  0.02504 0.01029 0.03220 0.01834 0.01610 0.02460
