     92_339 00:55:03  +00:44:16  15.579  0.449 -0.177  0.306  0.339  0.645  19   8  0.00872 0.01170 0.01262 0.01170 0.01973 0.01767
     92_309 00:53:14  +00:46:06  13.842  0.513 -0.024  0.326  0.325  0.652   2   1  0.00354 0.00566 0.00283 0.00141 0.00354 0.00141
     92_235 00:53:16  +00:36:22  10.595  1.638  1.984  0.894  0.911  1.806   5   2  0.00581 0.00447 0.00984 0.00313 0.00447 0.00671
     92_322 00:53:47  +00:47:41  12.676  0.528 -0.002  0.302  0.305  0.608   2   1  0.00071 0.00495 0.00283 0.00141 0.00071 0.00071
     92_245 00:54:16  +00:39:56  13.818  1.418  1.189  0.929  0.907  1.836  21   8  0.00284 0.00786 0.03011 0.00240 0.00240 0.00284
     92_248 00:54:31  +00:40:20  15.346  1.128  1.289  0.690  0.553  1.245   4   2  0.02550 0.01600 0.09550 0.02150 0.01450 0.01750
     92_249 00:54:34  +00:41:10  14.325  0.699  0.240  0.399  0.370  0.770  17   8  0.00485 0.00849 0.01140 0.00461 0.00655 0.00728
     92_250 00:54:37  +00:39:01  13.178  0.814  0.480  0.446  0.394  0.840  20   9  0.00224 0.00335 0.00738 0.00224 0.00224 0.00291
     92_330 00:54:44  +00:43:31  15.073  0.568 -0.115  0.331  0.334  0.666   2   1  0.01414 0.02970 0.01626 0.03041 0.00000 0.03041
     92_252 00:54:48  +00:39:28  14.932  0.517 -0.140  0.326  0.332  0.666  41  18  0.00328 0.00547 0.00818 0.00475 0.00715 0.00678
     92_253 00:54:52  +00:40:24  14.085  1.131  0.955  0.719  0.616  1.337  39  17  0.00320 0.00624 0.02210 0.00272 0.00432 0.00496
     92_335 00:55:00  +00:44:18  12.523  0.672  0.208  0.380  0.338  0.719   2   1  0.00071 0.00283 0.00495 0.00000 0.00141 0.00141
     92_342 00:55:10  +00:43:19  11.613  0.436 -0.042  0.266  0.270  0.538  48  34  0.00130 0.00115 0.00231 0.00130 0.00087 0.00159
     92_188 00:55:10  +00:23:17  14.751  1.050  0.751  0.679  0.573  1.254  14   6  0.00962 0.01871 0.05506 0.00508 0.00428 0.00882
     92_409 00:55:14  +00:56:12  10.627  1.138  1.136  0.734  0.625  1.361   5   3  0.00313 0.00268 0.00850 0.00224 0.00268 0.00179
     92_410 00:55:15  +01:01:54  14.984  0.398 -0.134  0.239  0.242  0.484  27  13  0.00577 0.00635 0.00828 0.00520 0.01020 0.01174
     92_412 00:55:16  +01:01:58  15.036  0.457 -0.152  0.285  0.304  0.589  27  13  0.00539 0.00770 0.01328 0.00693 0.00943 0.01058
     92_259 00:55:22  +00:40:34  14.997  0.642  0.108  0.370  0.452  0.821   3   1  0.01155 0.02194 0.02136 0.01905 0.02021 0.01501
     92_345 00:55:24  +00:51:11  15.216  0.745  0.121  0.465  0.476  0.941   2   1  0.00071 0.00141 0.03394 0.00566 0.01131 0.00566
     92_347 00:55:26  +00:50:53  15.752  0.543 -0.097  0.339  0.318  0.658   4   2  0.02550 0.02800 0.03550 0.02950 0.07550 0.09950
     92_260 00:55:29  +00:37:12  15.071  1.162  1.115  0.719  0.608  1.328   9   4  0.00900 0.00933 0.04767 0.00700 0.00567 0.00800
     92_348 00:55:30  +00:44:39  12.109  0.598  0.056  0.345  0.341  0.688   4   2  0.00100 0.00150 0.00350 0.00150 0.00050 0.00200
     92_417 00:55:32  +00:53:12  15.922  0.477 -0.185  0.351  0.305  0.657   6   3  0.01266 0.01878 0.03184 0.01511 0.06777 0.06246
     92_263 00:55:40  +00:36:23  11.782  1.048  0.843  0.563  0.522  1.087  52  35  0.00111 0.00139 0.00333 0.00097 0.00111 0.00153
     92_497 00:55:54  +01:11:46  13.642  0.729  0.257  0.404  0.378  0.783   1   1  0.00000 0.00000 0.00000 0.00000 0.00000 0.00000
     92_498 00:55:57  +01:10:44  14.408  1.010  0.794  0.648  0.531  1.181   1   1  0.00000 0.00000 0.00000 0.00000 0.00000 0.00000
     92_500 00:55:58  +01:10:29  15.841  1.003  0.211  0.738  0.599  1.338   1   1  0.00000 0.00000 0.00000 0.00000 0.00000 0.00000
     92_425 00:55:59  +00:53:03  13.941  1.191  1.173  0.755  0.627  1.384  36  19  0.00383 0.00667 0.01150 0.00233 0.00267 0.00383
     92_501 00:56:00  +01:10:57  12.958  0.610  0.068  0.345  0.331  0.677   1   1  0.00000 0.00000 0.00000 0.00000 0.00000 0.00000
     92_426 00:56:00  +00:52:58  14.466  0.729  0.184  0.412  0.396  0.809   8   4  0.00990 0.01308 0.02934 0.00778 0.01237 0.01202
     92_355 00:56:06  +00:50:52  14.965  1.164  1.201  0.759  0.645  1.406  15   7  0.00878 0.01239 0.04648 0.00697 0.00516 0.00904
     92_427 00:56:07  +01:00:23  14.953  0.809  0.352  0.462  2.922  3.275   2   1  0.00212 0.00849 0.02333 0.00141 0.01131 0.00919
     92_502 00:56:08  +01:04:29  11.812  0.486 -0.095  0.284  0.292  0.576   1   1  0.00000 0.00000 0.00000 0.00000 0.00000 0.00000
     92_430 00:56:16  +00:53:21  14.440  0.567 -0.040  0.338  0.338  0.676  35  18  0.00406 0.00524 0.00811 0.00287 0.00490 0.00507
     92_276 00:56:27  +00:41:57  12.036  0.629  0.067  0.368  0.357  0.726  21  11  0.00393 0.00218 0.00393 0.00306 0.00306 0.00524
     92_282 00:56:47  +00:38:34  12.969  0.318 -0.038  0.201  0.221  0.422  27  15  0.00308 0.00231 0.00443 0.00173 0.00231 0.00327
     92_508 00:56:51  +01:09:40  11.679  0.529 -0.047  0.318  0.320  0.639   3   2  0.00346 0.00462 0.00289 0.00577 0.00289 0.00289
     92_507 00:56:51  +01:06:03  11.332  0.932  0.688  0.507  0.461  0.969   3   2  0.00058 0.00462 0.00058 0.00115 0.00058 0.00115
     92_364 00:56:53  +00:44:07  11.673  0.607 -0.037  0.356  0.357  0.714   4   2  0.00150 0.00150 0.00850 0.00450 0.00100 0.00550
     92_433 00:56:54  +01:00:47  11.667  0.655  0.110  0.367  0.348  0.716   3   2  0.00058 0.00346 0.01155 0.00289 0.00173 0.00231
     92_288 00:57:17  +00:36:52  11.630  0.855  0.472  0.489  0.441  0.931  48  33  0.00144 0.00144 0.00217 0.00115 0.00087 0.00130
