     95_105 03:53:21  -00:00:01  13.574  0.976  0.627  0.550  0.536  1.088   1   1  0.00000 0.00000 0.00000 0.00000 0.00000 0.00000
      95_15 03:52:40  -00:05:03  11.302  0.712  0.157  0.424  0.385  0.809   2   1  0.00071 0.00071 0.00354 0.00141 0.00141 0.00283
     95_301 03:52:41  +00:31:37  11.216  1.290  1.296  0.692  0.620  1.311  47  40  0.00146 0.00146 0.00481 0.00088 0.00073 0.00131
      95_16 03:52:41  -00:04:47  14.313  1.306  1.322  0.796  0.676  1.472   4   2  0.01200 0.01600 0.03100 0.01350 0.00600 0.00900
     95_302 03:52:42  +00:31:37  11.694  0.825  0.447  0.471  0.420  0.891  29  20  0.00204 0.00149 0.00557 0.00130 0.00111 0.00167
      95_96 03:52:54  +00:00:37  10.010  0.147  0.072  0.079  0.095  0.174  70  55  0.00155 0.00120 0.00323 0.00096 0.00108 0.00143
      95_97 03:52:57  -00:00:01  14.818  0.906  0.380  0.522  0.546  1.068   2   1  0.00071 0.02263 0.02121 0.00283 0.01909 0.02121
      95_98 03:53:00  +00:03:11  14.448  1.181  1.092  0.723  0.620  1.342   2   1  0.00071 0.00141 0.01768 0.00919 0.00707 0.01626
     95_100 03:53:01  +00:00:31  15.633  0.791  0.051  0.538  0.421  0.961   3   1  0.02829 0.07852 0.11316 0.01443 0.05716 0.04388
     95_101 03:53:04  +00:03:12  12.677  0.778  0.263  0.436  0.426  0.863   2   1  0.00283 0.00283 0.00990 0.00636 0.00636 0.01202
     95_102 03:53:07  +00:01:28  15.622  1.001  0.162  0.448  0.618  1.065   3   1  0.03349 0.08025 0.06120 0.01155 0.05081 0.06178
     95_252 03:53:11  +00:27:37  15.394  1.452  1.178  0.816  0.747  1.566   6   3  0.00653 0.02572 0.04327 0.00898 0.00857 0.01306
     95_190 03:53:13  +00:16:39  12.627  0.287  0.236  0.195  0.220  0.415  44  22  0.00196 0.00166 0.00392 0.00166 0.00151 0.00211
     95_193 03:53:20  +00:16:50  14.338  1.211  1.239  0.748  0.616  1.366  20  10  0.00492 0.00626 0.02549 0.00425 0.00335 0.00581
     95_107 03:53:25  +00:02:36  16.275  1.324  1.115  0.947  0.962  1.907   2   1  0.00354 0.10677 0.17324 0.04384 0.02263 0.02121
     95_106 03:53:25  +00:01:40  15.137  1.251  0.369  0.394  0.508  0.903   2   1  0.00636 0.06152 0.02404 0.15203 0.01273 0.14071
     95_112 03:53:40  -00:00:54  15.502  0.662  0.077  0.605  0.620  1.227   1   1  0.00000 0.00000 0.00000 0.00000 0.00000 0.00000
      95_41 03:53:41  -00:02:12  14.060  0.903  0.297  0.589  0.585  1.176   1   1  0.00000 0.00000 0.00000 0.00000 0.00000 0.00000
     95_317 03:53:44  +00:30:06  13.449  1.320  1.120  0.768  0.708  1.476  24  11  0.00347 0.00674 0.01306 0.00327 0.00122 0.00347
      95_42 03:53:44  -00:04:08  15.606 -0.215 -1.111 -0.119 -0.180 -0.300  41  18  0.00578 0.00734 0.00640 0.00750 0.02686 0.02764
     95_263 03:53:47  +00:26:57  12.679  1.500  1.559  0.801  0.711  1.513  19  10  0.00298 0.00344 0.00941 0.00229 0.00115 0.00275
     95_115 03:53:48  -00:00:29  14.680  0.836  0.096  0.577  0.579  1.157   1   1  0.00000 0.00000 0.00000 0.00000 0.00000 0.00000
      95_43 03:53:49  -00:02:42  10.803  0.510 -0.016  0.308  0.316  0.624  16  10  0.00225 0.00200 0.00275 0.00275 0.00175 0.00350
     95_271 03:54:17  +00:19:08  13.669  1.287  0.916  0.734  0.717  1.453  15   7  0.00568 0.00800 0.01265 0.00232 0.00232 0.00361
     95_328 03:54:19  +00:36:47  13.525  1.532  1.298  0.908  0.868  1.776  23  11  0.00292 0.00542 0.01856 0.00271 0.00146 0.00313
     95_329 03:54:24  +00:37:25  14.617  1.184  1.093  0.766  0.642  1.410  13   6  0.00471 0.01026 0.03106 0.00444 0.00943 0.00888
     95_330 03:54:31  +00:29:23  12.174  1.999  2.233  1.166  1.100  2.268  47  23  0.00248 0.00263 0.01371 0.00204 0.00160 0.00277
     95_275 03:54:44  +00:27:37  13.479  1.763  1.740  1.011  0.931  1.944  40  20  0.00285 0.00538 0.02008 0.00221 0.00158 0.00253
     95_276 03:54:46  +00:26:13  14.118  1.225  1.218  0.748  0.646  1.395  14   7  0.00615 0.01016 0.02165 0.00401 0.00321 0.00508
      95_60 03:54:49  -00:06:46  13.429  0.776  0.197  0.464  0.449  0.914  20  10  0.00313 0.00313 0.00604 0.00291 0.00246 0.00335
     95_218 03:54:50  +00:10:26  12.095  0.708  0.208  0.397  0.370  0.767  20  14  0.00335 0.00224 0.00335 0.00201 0.00201 0.00268
     95_132 03:54:51  +00:05:40  12.064  0.448  0.300  0.259  0.287  0.545  33  27  0.00226 0.00209 0.00574 0.00157 0.00174 0.00261
      95_62 03:55:00  -00:02:36  13.538  1.355  1.181  0.742  0.685  1.428  22  11  0.00298 0.00533 0.01364 0.00192 0.00192 0.00277
     95_137 03:55:04  +00:03:51  14.440  1.457  1.136  0.893  0.845  1.737   1   1  0.00000 0.00000 0.00000 0.00000 0.00000 0.00000
     95_139 03:55:05  +00:03:32  12.196  0.923  0.677  0.562  0.476  1.039   3   2  0.00173 0.00462 0.01905 0.00231 0.00173 0.00346
      95_66 03:55:07  -00:09:12  12.892  0.715  0.167  0.426  0.438  0.864   2   1  0.00212 0.00707 0.00354 0.00071 0.00566 0.00495
     95_227 03:55:08  +00:14:54  15.779  0.771  0.034  0.515  0.552  1.067  14   7  0.01176 0.02886 0.04169 0.01149 0.01069 0.01497
     95_142 03:55:09  +00:01:39  12.927  0.588  0.097  0.371  0.375  0.745  22  11  0.00298 0.00298 0.00362 0.00192 0.00171 0.00277
      95_74 03:55:31  -00:08:54  11.531  1.126  0.686  0.600  0.567  1.165  39  34  0.00160 0.00128 0.00352 0.00128 0.00096 0.00128
     95_231 03:55:39  +00:11:02  14.216  0.452  0.297  0.270  0.290  0.560  26  13  0.00431 0.00451 0.00706 0.00451 0.00530 0.00765
     95_284 03:55:44  +00:25:27  13.669  1.398  1.073  0.818  0.766  1.586  20   9  0.00402 0.00783 0.02393 0.00268 0.00358 0.00492
     95_149 03:55:44  +00:07:23  10.938  1.593  1.564  0.874  0.811  1.685  17  11  0.00509 0.00388 0.00946 0.00243 0.00170 0.00291
     95_285 03:55:46  +00:23:59  15.561  0.937  0.703  0.607  0.602  1.210   2   1  0.00707 0.02546 0.06364 0.00707 0.00636 0.01344
     95_236 03:56:13  +00:09:02  11.491  0.736  0.162  0.420  0.411  0.831  35  31  0.00101 0.00135 0.00355 0.00118 0.00085 0.00152
