     98_650 06:52:05  -00:19:18  12.271  0.157  0.110  0.080  0.086  0.166  31  20  0.00198 0.00144 0.00413 0.00162 0.00216 0.00269
     98_961 06:51:27  -00:15:15  13.089  1.283  1.003  0.701  0.662  1.362   2   1  0.00212 0.00071 0.00141 0.00212 0.00000 0.00212
     98_966 06:51:29  -00:16:05  14.001  0.469  0.357  0.283  0.331  0.613   2   1  0.00354 0.00141 0.00212 0.00141 0.01909 0.02051
     98_556 06:51:30  -00:24:30  14.137  0.338  0.126  0.196  0.243  0.437   6   3  0.00531 0.00531 0.01306 0.00572 0.00449 0.00898
     98_557 06:51:30  -00:24:45  14.780  1.397  1.072  0.755  0.741  1.494   2   1  0.00071 0.05445 0.02687 0.00919 0.02970 0.01980
     98_562 06:51:31  -00:18:37  12.185  0.522 -0.002  0.305  0.303  0.607   2   1  0.00283 0.00495 0.00354 0.00141 0.00141 0.00000
     98_563 06:51:32  -00:26:04  14.162  0.416 -0.190  0.294  0.317  0.610  10   5  0.00506 0.00854 0.00727 0.00443 0.00791 0.00822
     98_978 06:51:34  -00:11:06  10.572  0.609  0.094  0.349  0.322  0.671  46  38  0.00147 0.00088 0.00162 0.00074 0.00088 0.00118
      98_L1 06:51:39  -00:26:16  15.672  1.243  0.776  0.730  0.712  1.445   3   2  0.00751 0.04619 0.09757 0.01097 0.02540 0.03175
      98_L2 06:51:40  -00:20:49  15.859  1.340  1.497  0.754  0.572  1.327   1   1  0.00000 0.00000 0.00000 0.00000 0.00000 0.00000
     98_581 06:51:40  -00:25:21  14.556  0.238  0.161  0.118  0.244  0.361   7   3  0.02457 0.02797 0.02003 0.01928 0.01965 0.01550
     98_580 06:51:40  -00:26:21  14.728  0.367  0.303  0.241  0.305  0.547   4   2  0.02550 0.01850 0.01850 0.01250 0.04600 0.03950
      98_L3 06:51:42  -00:14:56  14.614  1.936  1.837  1.091  1.047  2.142   4   2  0.01450 0.02650 0.14500 0.00900 0.00700 0.01100
      98_L4 06:51:42  -00:16:13  16.332  1.344  1.086  0.936  0.785  1.726   2   2  0.05798 0.03253 0.34295 0.02051 0.03677 0.05798
    98_1002 06:51:43  -00:15:31  14.568  0.574 -0.027  0.354  0.379  0.733   4   2  0.00550 0.00650 0.01100 0.00700 0.01250 0.01300
     98_590 06:51:43  -00:21:59  14.642  1.352  0.853  0.753  0.747  1.500   4   2  0.01100 0.01200 0.05250 0.00500 0.01050 0.01350
     98_614 06:51:49  -00:20:12  15.674  1.063  0.399  0.834  0.645  1.480   2   1  0.04243 0.04738 0.03111 0.02263 0.03677 0.05798
     98_618 06:51:50  -00:20:55  12.723  2.192  2.144  1.254  1.151  2.407  14   7  0.00508 0.00748 0.03074 0.00347 0.00321 0.00454
     98_624 06:51:52  -00:19:54  13.811  0.791  0.394  0.417  0.404  0.822   2   1  0.01414 0.02404 0.00424 0.00141 0.02121 0.01980
     98_626 06:51:53  -00:20:24  14.758  1.406  1.067  0.806  0.816  1.624   2   1  0.00707 0.00283 0.04384 0.00919 0.02051 0.01131
     98_627 06:51:53  -00:21:41  14.900  0.689  0.078  0.428  0.387  0.817   2   1  0.00636 0.01697 0.00849 0.00071 0.01273 0.01273
     98_634 06:51:56  -00:20:35  14.608  0.647  0.123  0.382  0.372  0.757   2   1  0.00424 0.00495 0.01273 0.01131 0.01768 0.00636
     98_642 06:51:59  -00:21:11  15.290  0.571  0.318  0.302  0.393  0.697   2   1  0.01909 0.04525 0.01202 0.01980 0.00212 0.01768
     98_185 06:52:02  -00:26:59  10.536  0.202  0.113  0.109  0.124  0.231  45  37  0.00179 0.00089 0.00328 0.00104 0.00134 0.00179
     98_646 06:52:03  -00:20:56  15.839  1.060  1.426  0.583  0.504  1.090   1   1  0.00000 0.00000 0.00000 0.00000 0.00000 0.00000
     98_193 06:52:04  -00:26:56  10.030  1.180  1.152  0.615  0.537  1.153  44  35  0.00151 0.00075 0.00226 0.00106 0.00075 0.00151
     98_653 06:52:05  -00:17:57   9.539 -0.004 -0.099  0.009  0.008  0.017  65  50  0.00136 0.00037 0.00087 0.00074 0.00074 0.00112
     98_652 06:52:05  -00:21:36  14.817  0.611  0.126  0.276  0.339  0.618   2   1  0.01131 0.02970 0.01768 0.04525 0.02404 0.02263
     98_666 06:52:10  -00:23:12  12.732  0.164 -0.004  0.091  0.108  0.200  25  14  0.00340 0.00280 0.00420 0.00420 0.00300 0.00480
     98_671 06:52:12  -00:18:00  13.385  0.968  0.719  0.575  0.494  1.071  27  15  0.00366 0.00481 0.01078 0.00327 0.00346 0.00462
     98_670 06:52:12  -00:18:55  11.930  1.356  1.313  0.723  0.653  1.375  32  19  0.00159 0.00177 0.00583 0.00177 0.00124 0.00230
     98_676 06:52:14  -00:18:59  13.068  1.146  0.666  0.683  0.673  1.352  17   8  0.00315 0.00412 0.01067 0.00146 0.02183 0.00315
     98_675 06:52:14  -00:19:19  13.398  1.909  1.936  1.082  1.002  2.085  44  21  0.00256 0.00347 0.02834 0.00181 0.00181 0.00241
      98_L5 06:52:16  -00:19:17  17.800  1.900 -0.100  3.100  2.600  5.800   6   3  0.16330 0.32660 0.44907 0.12247 0.04082 0.12247
     98_682 06:52:17  -00:19:20  13.749  0.632  0.098  0.366  0.352  0.717  13   7  0.00388 0.00388 0.00638 0.00166 0.00250 0.00388
     98_685 06:52:19  -00:19:57  11.954  0.463  0.096  0.290  0.280  0.570  22  14  0.00298 0.00213 0.00277 0.00235 0.00213 0.00341
     98_688 06:52:19  -00:23:12  12.754  0.293  0.245  0.158  0.180  0.337  21  11  0.00327 0.00240 0.00807 0.00371 0.00502 0.00742
    98_1082 06:52:20  -00:13:53  15.010  0.835 -0.001  0.485  0.619  1.102   3   1  0.00577 0.01386 0.02252 0.00289 0.01328 0.01617
    98_1087 06:52:21  -00:15:28  14.439  1.595  1.284  0.928  0.882  1.812  12   5  0.00404 0.01415 0.05918 0.00346 0.00491 0.00722
    98_1102 06:52:28  -00:13:21  12.113  0.314  0.089  0.193  0.195  0.388  15   8  0.00336 0.00258 0.00594 0.00258 0.00361 0.00516
    98_1112 06:52:35  -00:15:01  13.975  0.814  0.286  0.443  0.431  0.874   5   2  0.00671 0.00402 0.01521 0.00537 0.00313 0.00760
    98_1119 06:52:37  -00:14:11  11.878  0.551  0.069  0.312  0.299  0.611   7   4  0.00227 0.00378 0.00416 0.00189 0.00416 0.00454
    98_1124 06:52:38  -00:16:12  13.707  0.315  0.258  0.173  0.201  0.373  24  12  0.00347 0.00429 0.00796 0.00286 0.00510 0.00572
    98_1122 06:52:38  -00:16:43  14.090  0.595 -0.297  0.376  0.442  0.816  25  12  0.00340 0.00600 0.00740 0.00380 0.00280 0.00460
     98_724 06:52:38  -00:19:00  11.118  1.104  0.904  0.575  0.527  1.103  12   7  0.00346 0.00346 0.00520 0.00231 0.00231 0.00375
     98_733 06:52:40  -00:16:54  12.238  1.285  1.087  0.698  0.650  1.347  20  10  0.00335 0.00425 0.00604 0.00291 0.00224 0.00402
