19
914.039      HI 914a  0.000197     1
914.286      HI 914b  0.000230     1
914.576      HI 914c  0.000270     1
914.919      HI 914d  0.000321     1
915.329      HI 915a  0.000386     1
915.824      HI 915b  0.000469     1
916.429      HI 916   0.000577     1
917.1806     HI 917   7.226e-4     1
918.1294     HI 918   0.000921     1
919.3514     HI 919   0.00120      1
920.9631     HI 920   0.001605     1
923.1504     HI 923   0.002216     1
926.2257     HI 926   0.003183     1
930.7483     HI 930   0.004814     1
937.8035     HI 937   0.007799     1
949.7431     HI 949   0.013940     1
972.5368     HI 972   0.029000     1
1025.7223    HI 1025  0.079120     1
1215.6701    HI 1215  0.41640      1
