      0.80162674      0.48836549 OH
      0.80280092      0.64530020 OH
      0.80542285      0.43072994 OH
      0.80644015      0.50344795 OH
      0.81047308      0.41771007 OH
      0.82835257      0.60073121 OH
      0.82905309      0.74947407 OH
      0.83005763      0.80168199 OH
      0.83130050      0.51236957 OH
      0.83467638       1.4945156 OH
      0.83550759      0.77902800 OH
      0.83670133      0.49563299 OH
      0.83844497      0.59256174 OH
      0.84014723       1.1824153 OH
      0.84175385      0.67137612 OH
      0.84324889       1.2811497 OH
      0.84545674      0.60952646 OH
      0.84676889      0.95569267 OH
      0.84957204      0.48854002 OH
      0.85071779      0.66635509 OH
      0.85410196      0.40597511 OH
      0.85510593      0.47689803 OH
      0.85993992      0.38011108 OH
      0.87632173      0.82089479 OH
      0.87700372      0.99667753 OH
      0.87802148       1.1068782 OH
      0.87936016      0.57282500 OH
      0.88293823       2.0314264 OH
      0.88387861      0.94527550 OH
      0.88522516      0.54472943 OH
      0.88699873      0.76757725 OH
      0.88882860       1.5570815 OH
      0.89055529      0.79866985 OH
      0.89220899       1.6880274 OH
      0.89458452      0.72530440 OH
      0.89605380       1.3265087 OH
      0.89908400      0.56418555 OH
      0.90038116      0.85200378 OH
      0.90405385      0.43444782 OH
      0.90520164      0.54431915 OH
      0.90950644      0.35784192 OH
      0.91052670      0.39279911 OH
      0.93104716      0.93985481 OH
      0.93259566       1.4413015 OH
      0.93404152      0.62636187 OH
      0.93783960       2.5200266 OH
      0.93892039       1.1643660 OH
      0.94046602      0.62641297 OH
      0.94227039      0.79326723 OH
      0.94422358       1.8656151 OH
      0.94611283      0.90669684 OH
      0.94794602       2.0858229 OH
      0.95054281      0.83131805 OH
      0.95219700       1.5627175 OH
      0.95551607      0.64070494 OH
      0.95699587       1.0633638 OH
      0.96103672      0.46524950 OH
      0.96236079      0.63684502 OH
      0.96617396      0.33839337 OH
      0.96845773      0.87246081 OH
      0.96931632      0.51692034 OH
      0.97019952       1.3617931 OH
      0.97143718      0.71471519 OH
      0.97225016       1.5558666 OH
      0.97407544      0.78719882 OH
      0.97482248      0.32599122 OH
      0.97936678       4.1171531 OH
      0.98022211       1.5845142 OH
      0.98145479      0.68425525 OH
      0.98309159      0.39037092 OH
      0.98511842       1.0623076 OH
      0.98748484       3.0249568 OH
      0.98974559       1.2342343 OH
      0.99173838       3.0492163 OH
      0.99620746       1.1532349 OH
      0.99750807      0.67746178 OH
       1.0002745      0.66737575 OH
       1.0015691       3.8894490 OH
       1.0028121       1.3890628 OH
       1.0046251      0.69565560 OH
       1.0063179      0.95717357 OH
       1.0085237       2.2107496 OH
       1.0106375       1.0971217 OH
       1.0126765       2.5752052 OH
       1.0134986      0.35015007 OH
       1.0174676       3.7074026 OH
       1.0183825      0.99021849 OH
       1.0192505       3.4655164 OH
       1.0206025       1.4317360 OH
       1.0213654       4.4371083 OH
       1.0230912       1.0913460 OH
       1.0273902      0.52551605 OH
       1.0289312       11.674766 OH
       1.0298691       3.6153729 OH
       1.0312235       1.4728049 OH
       1.0330014      0.59702118 OH
       1.0375726       7.7485821 OH
       1.0399390       2.9064289 OH
       1.0421219       8.0404306 OH
       1.0431412      0.32798696 OH
       1.0453358       2.4105948 OH
       1.0471827       5.4952533 OH
       1.0512011       1.4405828 OH
       1.0527663       2.7435276 OH
       1.0575407      0.72705617 OH
       1.0588758       1.1566040 OH
       1.0643681      0.39837202 OH
       1.0655211      0.50006489 OH
       1.0691744      0.54259590 OH
       1.0700004       1.2566728 OH
       1.0713678       2.8248782 OH
       1.0723418       1.4719679 OH
       1.0731709       5.3564575 OH
       1.0746170       2.2750635 OH
       1.0753919       6.3787906 OH
       1.0775054       2.3658379 OH
       1.0834119       16.449934 OH
       1.0844569       5.8170021 OH
       1.0859547       2.0987168 OH
       1.0879189      0.75912843 OH
       1.0898698       3.3689226 OH
       1.0926427       11.553877 OH
       1.0951355       4.4074280 OH
       1.0975335       11.867293 OH
       1.1009287       3.6045133 OH
       1.1029822       8.3448170 OH
       1.1072461       2.1516758 OH
       1.1090030       4.0080602 OH
       1.1140917       1.0387127 OH
       1.1156041       1.7617354 OH
       1.1214798      0.49549620 OH
       1.1227948      0.67514029 OH
       1.1312803       3.7081042 OH
       1.1324121       1.6820080 OH
       1.1331188       6.4944261 OH
       1.1377139       2.9797255 OH
       1.1439766       20.571279 OH
       1.1451464       6.8213339 OH
       1.1468262       2.7304651 OH
       1.1490269      0.99809509 OH
       1.1508624       4.2992479 OH
       1.1538797       14.051546 OH
       1.1549490      0.27259663 OH
       1.1565245       5.2395208 OH
       1.1591677       15.261185 OH
       1.1627850       4.6002427 OH
       1.1650739       10.619368 OH
       1.1696356       2.7457887 OH
       1.1716145       5.7369947 OH
       1.1770823       1.3512425 OH
       1.1788036       2.3796948 OH
       1.1851449      0.60471555 OH
       1.1866496      0.90557454 OH
       1.1938392      0.32089316 OH
       1.1951709      0.38383122 OH
       1.1988423       4.8197137 OH
       1.2043812      0.24987047 OH
       1.2055882       3.2338451 OH
       1.2122464       23.145972 OH
       1.2135823       8.6136829 OH
       1.2154892       3.1372166 OH
       1.2196379       4.8652884 OH
       1.2211068      0.48071396 OH
       1.2229302       15.768858 OH
       1.2257738       6.2694988 OH
       1.2286981       17.747502 OH
       1.2325904       5.2935208 OH
       1.2351599       12.240256 OH
       1.2400884       3.1303952 OH
       1.2423351       6.8474697 OH
       1.2482711       1.5766343 OH
       1.2502420       3.1059205 OH
       1.2571571      0.73068185 OH
       1.2588974       1.1432413 OH
       1.2667743      0.35118419 OH
       1.2683219      0.44872751 OH
       1.2752099       3.2478959 OH
       1.2763873       6.0046981 OH
       1.2781994       8.4056054 OH
       1.2805936       9.3879003 OH
       1.2834556       3.5977918 OH
       1.2905537       23.344948 OH
       1.2921027       9.2818154 OH
       1.2943155       3.5420896 OH
       1.2985644       4.8920128 OH
       1.3021644       16.692597 OH
       1.3052720       6.9329444 OH
       1.3085258       18.809988 OH
       1.3127822       6.0111511 OH
       1.3156788       14.663954 OH
       1.3210848       3.8974746 OH
       1.3236508       8.3052071 OH
       1.3301911       2.0003250 OH
       1.3324678       3.6097066 OH
       1.3401245      0.85242627 OH
       1.3421545       1.3957371 OH
       1.3509136      0.39867361 OH
       1.3527335      0.53850846 OH
       1.3625923      0.23073888 OH
       1.3642408      0.25791660 OH
       1.3666750       4.0445008 OH
       1.3674519       7.8021547 OH
       1.3691476       10.868804 OH
       1.3715927       11.497916 OH
       1.3747766       3.4970930 OH
       1.3823610       24.943861 OH
       1.3842027       8.9064468 OH
       1.3911530       5.1908189 OH
       1.3950980       16.294283 OH
       1.3985878       7.0668135 OH
       1.4007901       1.0859335 OH
       1.4022180       19.815784 OH
       1.4044576       3.8837469 OH
       1.4058865       2.2152608 OH
       1.4069781       5.7648008 OH
       1.4086702       12.003652 OH
       1.4103807       16.218163 OH
       1.4134012       25.899813 OH
       1.4163042       14.817564 OH
       1.4186282       33.031769 OH
       1.4227209       12.532718 OH
       1.4266365       2.2290773 OH
       1.4292917       4.3148111 OH
       1.4344251       96.166619 OH
       1.4356500       32.670750 OH
       1.4374397       10.106017 OH
       1.4399614       2.1835805 OH
       1.4426565      0.68507362 OH
       1.4469113       20.852659 OH
       1.4502864      0.44415158 OH
       1.4518981       70.499048 OH
       1.4563975       25.331620 OH
       1.4604843       71.194847 OH
       1.4665106       18.932043 OH
       1.4698545       43.002234 OH
       1.4713299       1.2075665 OH
       1.4740016       7.7195172 OH
       1.4755596       3.9069431 OH
       1.4772383       9.6417818 OH
       1.4783729       20.795462 OH
       1.4801747       19.200396 OH
       1.4833100       45.939002 OH
       1.4864387       18.793300 OH
       1.4887627       59.699157 OH
       1.4909020       6.3991160 OH
       1.4931874       20.938810 OH
       1.5006747       1.0331332 OH
       1.5026049       1.6567994 OH
       1.5055332       160.58166 OH
       1.5068768       56.247317 OH
       1.5088101       17.116456 OH
       1.5113501       4.5762104 OH
       1.5145856       1.2198323 OH
       1.5187131       35.712053 OH
       1.5240965       116.27006 OH
       1.5287778       43.703609 OH
       1.5332403       115.00004 OH
       1.5395325       31.971258 OH
       1.5432158       75.827879 OH
       1.5462131       2.6911361 OH
       1.5474187       1.4558531 OH
       1.5505607       4.9609174 OH
       1.5542178       31.547230 OH
       1.5570166       11.729354 OH
       1.5597618       47.882432 OH
       1.5631500       26.930125 OH
       1.5655256       70.815111 OH
       1.5702540       22.287095 OH
       1.5760318       1.9108812 OH
       1.5782125       3.1377037 OH
       1.5833045       181.21829 OH
       1.5847862       59.976121 OH
       1.5869188       18.683010 OH
       1.5897146       5.9083752 OH
       1.5916063      0.73884289 OH
       1.5932028       1.3918681 OH
       1.5972614       38.080795 OH
       1.6030825       122.50606 OH
       1.6058502      0.22315071 OH
       1.6079750       45.207019 OH
       1.6128618       130.98420 OH
       1.6194600       33.943655 OH
       1.6235386       88.143248 OH
       1.6302276       2.9557553 OH
       1.6317057       20.002925 OH
       1.6388483       25.165136 OH
       1.6414739       12.097098 OH
       1.6442594       50.276392 OH
       1.6477967       31.868831 OH
       1.6502376       59.963433 OH
       1.6553804       20.210255 OH
       1.6586332       2.4938386 OH
       1.6611023       4.1446146 OH
       1.6692114       163.17369 OH
       1.6708635       52.793338 OH
       1.6732421       19.898955 OH
       1.6802249       1.4809116 OH
       1.6840498       34.377753 OH
       1.6903676       116.93435 OH
       1.6955066       43.886985 OH
       1.7008747       122.24329 OH
       1.7078362       35.552058 OH
       1.7123663       80.730879 OH
       1.7191703      0.22650819 OH
       1.7210351       20.283996 OH
       1.7248484       40.320570 OH
       1.7282873       9.2443171 OH
       1.7303367       4.3967796 OH
       1.7330859       22.846396 OH
       1.7354936       6.0415675 OH
       1.7385940       51.060431 OH
       1.7427033       16.013066 OH
       1.7449959       49.824840 OH
       1.7505468       17.874759 OH
       1.7529359       4.6818660 OH
       1.7652934       123.84749 OH
       1.7671640       47.217187 OH
       1.7733405       4.9993819 OH
       1.7777061       1.3539595 OH
       1.7811487       27.488470 OH
       1.7829983      0.50134041 OH
       1.7852482      0.28475881 OH
       1.7880310       94.593857 OH
       1.7934743       37.215106 OH
       1.7993958       105.59993 OH
       1.8067936       30.522813 OH
       1.8118490       70.814012 OH
       1.8210999       16.514283 OH
       1.8254228       37.929079 OH
       1.8283564      0.68379964 OH
       1.8313304       2.4625004 OH
       1.8329404       1.4092223 OH
       1.8353018       7.7349359 OH
       1.8401561       31.266821 OH
       1.8433537       8.3709561 OH
       1.8459585       30.718259 OH
       1.8504009       13.319141 OH
       1.8526195       38.229368 OH
       1.8560156       4.8006880 OH
       1.8587341       13.097604 OH
       1.8702624      0.80358504 OH
       1.8744257       100.63311 OH
       1.8765750       34.041550 OH
       1.8796356       12.758552 OH
       1.8914813       21.181116 OH
       1.8990073       70.893961 OH
       1.9017521      0.14659114 OH
       1.9048448       25.841435 OH
       1.9114080       75.397218 OH
       1.9193548       23.613018 OH
       1.9250304       55.685112 OH
       1.9350110       14.651557 OH
       1.9399166       29.767541 OH
       1.9518454       6.7972219 OH
       1.9560546       13.659545 OH
       1.9593406       5.6911048 OH
       1.9618733       2.8070675 OH
       1.9642484       12.063805 OH
       1.9678008       5.7698549 OH
       1.9701777       21.990431 OH
       1.9736209       4.3975148 OH
       1.9751521       9.1388131 OH
       1.9771859       23.826341 OH
       1.9839725       8.6124399 OH
       1.9892162      0.78003074 OH
       1.9925068       1.2209475 OH
       2.0007899       68.018195 OH
       2.0033055       24.846533 OH
       2.0115983       3.1294391 OH
       2.0193212       13.973828 OH
       2.0245150      0.33469202 OH
       2.0275841       48.022326 OH
       2.0339513       19.260128 OH
       2.0412675       55.823047 OH
       2.0499366       17.015426 OH
       2.0563563       41.494579 OH
       2.0672853       10.226343 OH
       2.0729001       23.478806 OH
       2.0860233       5.3788704 OH
       2.0909535       9.8267428 OH
       2.1011953      0.59389941 OH
       2.1032771       1.4245218 OH
       2.1065573       4.4254510 OH
       2.1156114       3.8399909 OH
       2.1176551       13.752882 OH
       2.1232407       5.5152807 OH
       2.1249586       14.835670 OH
       2.1279043      0.82289277 OH
       2.1325335       5.4836464 OH
       2.1507112       41.165032 OH
       2.1537393       14.792738 OH
       2.1637224       2.2835337 OH
       2.1693071      0.33452674 OH
       2.1710981       9.0582490 OH
       2.1761519      0.30904174 OH
       2.1802317       26.650748 OH
       2.1873504       11.810542 OH
       2.1893174      0.34288511 OH
       2.1955640       33.048286 OH
       2.2052381       10.721867 OH
       2.2125532       27.316233 OH
       2.2247805       7.7083268 OH
       2.2312713       16.109189 OH
       2.2460257       4.1304558 OH
       2.2517962       8.0667598 OH
       2.2690418       2.1529116 OH
       2.2741967       3.3898112 OH
       2.2939081       1.2509251 OH
       2.2985504       1.6223267 OH
       2.3207363       1.0548181 OH
       2.3249534       1.1515921 OH
       2.3496336       1.1858085 OH
       2.3534978       1.2348898 OH
