 4108.0506 2    Hg       WEAK
 4109.2483 2    Kr       WEAK
 4122.0670 2    Hg       WEAK
 4131.3345 2    Kr       WEAK
 4140.3421 2    Hg       WEAK
 4193.1482 2   Xel        BAD
 4196.4193 2    Ne     WBLEND
 4198.0969 2    Ne     WBLEND
 4216.7420 2    Hg       WEAK
 4273.9689 2    Kr       WEAK
 4292.9229 2    Kr       WEAK
 4358.3247 2    Hg       WEAK
 4370.7524 2    Ar     WBLEND
 4371.3282 2    Ar     WBLEND
 4376.1210 2    Kr       WEAK
 4398.6240 2    Hg       WEAK
 4399.9647 2    Kr       WEAK
 4412.2834 2    Ne     WBLEND
 4413.1082 2    Ne     WBLEND
 4413.5564 2    Ne     WBLEND
 4415.1397 2    Ne     WBLEND
 4416.8132 2    Ne     WBLEND
 4425.1890 2    Kr       WEAK
 4431.6843 2    Kr       WEAK
 4434.1546 2   Xel       FAIR
 4434.1546 2    Xe       WEAK
 4436.8119 2    Kr       POOR
 4453.9164 2    Kr       WEAK
 4462.1872 2   Xel     TBLEND
 4462.1872 2    Xe       WEAK
 4463.6888 2    Kr       WEAK
 4489.8799 2    Kr       POOR
 4521.8614 2   Xel     TBLEND
 4521.8614 2    Xe       WEAK
 4556.6122 2    Kr       POOR
 4565.8874 2    Ne     WBLEND
 4566.8235 2    Ne     WBLEND
 4567.1332 2    Ne     WBLEND
 4567.8462 2    Ne     WBLEND
 4569.0589 2    Ne     WBLEND
 4577.2087 2    Kr       WEAK
 4582.9772 2    Kr       WEAK
 4641.3997 2   Xel        BAD
 4641.3997 2    Xe       POOR
 4658.8750 2    Kr       WEAK
 4660.2747 2    Hg       WEAK
 4662.3511 2    Cd       WEAK
 4678.1479 2    Cd       FAIR
 4680.1400 2    Zn       FAIR
 4683.5685 2    Xe       POOR
 4683.5685 2   Xel      BLEND
 4722.1500 2    Zn       FAIR
 4734.1510 1   Xel       GOOD
 4734.1510 2    Xe       POOR
 4764.8639 2    Ar       WEAK
 4792.6185 2   Xel       POOR
 4792.6185 2    Xe       WEAK
 4797.0083 2    Hg       WEAK
 4799.9115 1    Cd       GOOD
 4800.1100 2    Ne     WBLEND
 4802.3716 2    Ne     WBLEND
 4807.0156 1   Xel       GOOD
 4807.0156 2    Xe       POOR
 4810.5300 2    Zn       FAIR
 4811.7544 2    Kr       WEAK
 4825.1808 2    Kr       WEAK
 4829.7096 2   Xel     FBLEND
 4829.7096 2    Xe       POOR
 4832.0760 2    Kr       WEAK
 4843.2860 2   Xel       FAIR
 4843.2860 2    Xe       POOR
 4859.6049 2    Ne     PBLEND
 4863.0769 2    Ne     PBLEND
 4869.8489 2    Hg       WEAK
 4916.0666 2    Hg       WEAK
 4916.5065 2   Xel     TBLEND
 4923.1507 2   Xel     TBLEND
 4916.5065 2    Xe     PBLEND
 4923.1507 2    Xe     PBLEND
 4945.5887 2    Kr       WEAK
 4970.3721 2    Hg     WBLEND
 4973.5712 2    Hg     WBLEND
 4980.6394 2    Hg       WEAK
 5009.3327 2    Ar       WEAK
 5028.2786 2   Xel     FBLEND
 5028.2786 2    Xe       WEAK
 5031.3482 2    Ne     WBLEND
 5035.9923 2    Ne     WBLEND
 5037.7499 2    Ne     WBLEND
 5076.5899 2    Ne     WBLEND
 5078.7636 2    Ne     WBLEND
 5080.3838 2    Ne     WBLEND
 5081.3789 2    Ne     WBLEND
 5083.9671 2    Ne     WBLEND
 5085.8213 2    Cd        BAD
 5113.6714 2    Ne     WBLEND
 5116.5019 2    Ne     WBLEND
 5117.0193 2    Ne     WBLEND
 5120.5015 2    Ne     WBLEND
 5120.6420 2    Hg       WEAK
 5122.2554 2    Ne     WBLEND
 5122.3499 2    Ne     WBLEND
 5154.6589 2    Cd       POOR
 5181.9800 2    Zn       WEAK
 5210.8179 2    Hg       WEAK
 5308.6617 2    Kr       WEAK
 5330.7761 2    Ne     PBLEND
 5333.3057 2    Ne     PBLEND
 5339.3335 2   Xel       WEAK
 5341.0922 2    Ne     PBLEND
 5343.2823 2    Ne     PBLEND
 5354.0495 2    Hg       WEAK
 5384.6313 2    Hg       WEAK
 5392.7991 2   Xel       WEAK
 5400.5603 2    Ne     FBLEND
 5419.1521 2   Xel       WEAK
 5421.3495 2    Ar       WEAK
 5445.4450 2   Xel       WEAK
 5447.1007 2    Ne     PBLEND
 5448.5082 2    Ne     PBLEND
 5451.6504 2    Ar       WEAK
 5460.7409 2    Hg       FAIR
 5468.1689 2    Kr       WEAK
 5495.8715 2    Ar       WEAK
 5501.4300 2    Kr       WEAK
 5558.6996 2    Ar       WEAK
 5562.2227 2    Kr       FAIR
 5562.4409 2    Ne     WBLEND
 5562.7651 2    Ne     WBLEND
 5563.0526 2    Ne     WBLEND
 5566.6225 2   Xel       WEAK
 5570.2865 1    Kr       GOOD
 5580.3838 2    Kr       POOR
 5606.7308 2    Ar       WEAK
 5616.6691 2   Xel       WEAK
 5649.5593 2    Kr       POOR
 5650.7020 2    Ar       WEAK
 5652.5659 2    Ne     PBLEND
 5656.0245 2    Ne     PBLEND
 5656.6570 2    Ne     PBLEND
 5684.6596 2    Ne     PBLEND
 5689.8143 2    Ne     PBLEND
 5695.7479 2   Xel     PBLEND
 5699.6068 2   Xel     PBLEND
 5695.7479 2    Xe     WBLEND
 5699.6068 2    Xe     WBLEND
 5715.3452 2    Ne     WBLEND
 5716.1024 2   Xel       POOR
 5716.1024 2    Xe       WEAK
 5718.8810 2    Ne     WBLEND
 5719.2236 2    Ne     WBLEND
 5719.5276 2    Ne     WBLEND
 5739.5181 2    Ar       WEAK
 5748.2971 2    Ne     FBLEND
 5748.6474 2    Ne     FBLEND
 5760.5877 2    Ne     FBLEND
 5764.4172 2    Ne     FBLEND
 5769.5980 2    Hg       FAIR
 5789.6626 2    Hg     FBLEND
 5790.6623 2    Hg     FBLEND
 5804.0902 2    Ne     FBLEND
 5804.4474 2    Ne     FBLEND
 5816.6209 2    Ne     FBLEND
 5820.1538 2    Ne     FBLEND
 5823.8834 2   Xel      BLEND
 5824.7932 2   Xel      BLEND
 5823.8834 2    Xe     WBLEND
 5824.7932 2    Xe     WBLEND
 5832.8530 2    Kr       POOR
 5834.2616 2    Ar       WEAK
 5852.4858 1    Ne       GOOD
 5868.4155 2    Ne     PBLEND
 5870.9118 2    Kr       TILT
 5872.1434 2    Ne     PBLEND
 5872.8251 2    Ne     PBLEND
 5875.0197 2   Xel       FAIR
 5875.0197 2    Xe       WEAK
 5881.8932 2    Ne      BLEND
 5882.6226 2    Ar     FBLEND
 5888.5810 2    Ar     FBLEND
 5893.2848 2   Xel     FBLEND
 5894.9843 2   Xel     FBLEND
 5893.2848 2    Xe     WBLEND
 5894.9843 2    Xe     WBLEND
 5894.3300 2    Zn       WEAK
 5898.3291 2    Ne     FBLEND
 5902.4600 2    Ne     FBLEND
 5902.7838 2    Ne     FBLEND
 5906.4258 2    Ne     PBLEND
 5912.0827 2    Ar       POOR
 5913.6304 2    Ne     PBLEND
 5918.9059 2    Ne     PBLEND
 5919.0312 2    Ne     PBLEND
 5928.8102 2    Ar       WEAK
 5934.1638 2    Xe       POOR
 5942.6665 2    Ar       WEAK
 5944.8321 1    Ne       GOOD
 5961.6222 2    Ne     PBLEND
 5965.4695 2    Ne     PBLEND
 5966.1729 2    Ne     PBLEND
 5971.1238 2   Xel     PBLEND
 5974.6262 2    Ne      BLEND
 5975.5318 2    Ne      BLEND
 5976.4624 2   Xel     PBLEND
 5987.2995 2    Ar       WEAK
 5987.9048 2    Ne     PBLEND
 5991.6490 2    Ne     PBLEND
 5992.2181 2    Kr     FBLEND
 5993.8467 2    Kr     FBLEND
 5998.9963 2    Ar       WEAK
 6025.1473 2    Ar     WBLEND
 6030.0070 1    Ne       GOOD
 6032.1244 2    Ar     PBLEND
 6043.2214 2    Ar       POOR
 6052.7208 2    Ar       WEAK
 6056.1229 2    Kr       POOR
 6059.3701 2    Ar       WEAK
 6074.3354 1    Ne       GOOD
 6096.1608 1    Ne       GOOD
 6099.1393 2    Cd       POOR
 6111.4860 2    Cd       WEAK
 6115.0750 2   Xel       POOR
 6115.0750 2    Xe       WEAK
 6128.4476 2    Ne      BLEND
 6142.5032 2    Ne      BLEND
 6143.0603 2    Ne      BLEND
 6146.4466 2   Xel       WEAK
 6163.5916 1    Ne       GOOD
 6172.2756 2    Ar     PBLEND
 6178.2980 2   Xel     FBLEND
 6179.6576 2   Xel     FBLEND
 6178.2980 2    Xe     PBLEND
 6179.6576 2    Xe     PBLEND
 6182.1456 2    Ne     PBLEND
 6182.4169 2   Xel     FBLEND
 6182.4169 2    Xe     PBLEND
 6183.1599 2    Ne     PBLEND
 6189.0645 2    Ne     WBLEND
 6193.0645 2    Ne     WBLEND
 6198.2526 2   Xel     PBLEND
 6198.2526 2    Xe     WBLEND
 6205.9706 2   Xel       WEAK
 6212.5008 2    Ar       WEAK
 6213.8749 2    Ne      BLEND
 6217.2788 2    Ne      BLEND
 6220.0168 2   Xel     PBLEND
 6221.6763 2   Xel     PBLEND
 6220.0168 2    Xe     WBLEND
 6221.6763 2    Xe     WBLEND
 6237.9000 2    Zn      BLEND
 6239.1700 2    Zn      BLEND
 6259.0463 2   Xel       POOR
 6266.4905 1    Ne       GOOD
 6284.4094 2   Xel     PBLEND
 6286.0090 2   Xel     PBLEND
 6293.7433 2    Ne       POOR
 6296.8701 2    Ar       WEAK
 6304.7864 1    Ne       GOOD
 6307.6541 2    Ar       WEAK
 6318.0603 2   Xel     FBLEND
 6318.0603 2    Xe       POOR
 6325.1634 2    Cd     PBLEND
 6328.1627 2    Ne      BLEND
 6330.0101 2    Cd     PBLEND
 6330.8920 2    Ne      BLEND
 6334.4253 2    Ne      BLEND
 6362.3400 2    Zn     FBLEND
 6369.5724 2    Ar       WEAK
 6382.9890 1    Ne       GOOD
 6384.7144 2    Ar       POOR
 6401.0737 2    Ne      BLEND
 6402.2433 2    Ne      BLEND
 6416.3038 2    Ar       POOR
 6418.9731 2    Hg       POOR
 6420.1728 2    Kr     FBLEND
 6421.0236 2    Kr     FBLEND
 6438.4669 2    Cd       FAIR
 6444.7078 2    Ne     PBLEND
 6456.2851 2    Kr       FAIR
 6464.9407 1    Cd       GOOD
 6469.6994 2   Xel      BLEND
 6472.8386 2   Xel      BLEND
 6469.6994 2    Xe     WBLEND
 6472.8386 2    Xe     WBLEND
 6487.7546 2   Xel       FAIR
 6487.7546 2    Xe       WEAK
 6498.7216 2   Xel      BLEND
 6498.7216 2    Xe     WBLEND
 6504.1801 2   Xel        BAD
 6504.1801 2    Xe       WEAK
 6506.5254 1    Ne       GOOD
 6532.8794 1    Ne       GOOD
 6533.1523 2   Xel       POOR
 6533.1523 2    Xe       WEAK
 6595.0056 2   Xel      BLEND
 6595.5555 2   Xel      BLEND
 6597.2450 2   Xel      BLEND
 6595.0056 2   Xel     PBLEND
 6595.5555 2   Xel     PBLEND
 6597.2450 2   Xel     PBLEND
 6598.9500 1    Ne       GOOD
 6604.8500 2    Ar       WEAK
 6638.2169 2    Ar     WBLEND
 6639.7375 2    Ar     WBLEND
 6643.6945 2    Ar     WBLEND
 6652.0897 2    Ne       POOR
 6660.6739 2    Ar     WBLEND
 6664.0480 2    Ar     WBLEND
 6666.3553 2    Ar     WBLEND
 6668.9157 2   Xel      BLEND
 6668.9157 2    Xe     PBLEND
 6677.2784 2    Ar       POOR
 6678.2733 1    Ne       GOOD
 6684.2895 2    Ar       WEAK
 6699.2255 2    Kr       POOR
 6717.0401 1    Ne       GOOD
 6728.0097 2    Xe       FAIR
 6728.0097 2   Xel       FAIR
 6752.8300 2    Ar       FAIR
 6756.1601 2    Ar     WBLEND
 6766.6083 2    Ar       WEAK
 6805.7387 1    Xe       GOOD
 6805.7387 1   Xel       GOOD
 6827.3129 2   Xel       FAIR
 6827.3129 2    Xe       FAIR
 6871.2860 2    Ar       POOR
 6872.1107 2   Xel      BLEND
 6872.1107 2    Xe     FBLEND
 6882.1580 2    Xe      BLEND
 6882.1580 2   Xel      BLEND
 6904.6749 2    Kr       FAIR
 6907.5212 2    Hg       WEAK
 6910.2204 2   Xel       POOR
 6910.2204 2    Xe       WEAK
 6925.5263 2   Xel       FAIR
 6925.5263 2    Xe       POOR
 6928.3200 2    Zn       WEAK
 6929.4640 1    Ne       GOOD
 6937.6610 2    Ar       POOR
 6938.4700 2    Zn       POOR
 6965.4330 1    Ar       GOOD
 6976.1726 2   Xel      BLEND
 6976.1726 2    Xe     PBLEND
 7024.0471 2    Ne       TILT
 7030.2470 2    Ar       FAIR
 7032.4098 1    Ne       GOOD
 7051.2889 2    Ne       POOR
 7059.1040 2    Ne       TILT
 7067.2140 2    Ar      BLEND
 7068.7316 2    Ar      BLEND
 7119.6140 1   Xel       GOOD
 7119.6140 2    Xe       FAIR
 7147.0374 2    Ar      BLEND
 7158.8352 2    Ar       WEAK
 7173.9346 1    Ne       GOOD
 7206.9772 2    Ar       POOR
 7224.1005 2    Kr       FAIR
 7245.1629 1    Ne       GOOD
 7265.1684 2    Ar     WBLEND
 7270.6599 2    Ar     WBLEND
 7272.9313 2    Ar      BLEND
 7284.3392 2   Xel       TILT
 7284.3392 2    Xe     FBLEND
 7287.2544 2    Kr     FBLEND
 7289.7778 2    Kr     FBLEND
 7311.7128 2    Ar     PBLEND
 7316.0017 2    Ar     PBLEND
 7345.6666 2    Cd       POOR
 7350.8102 2    Ar     WBLEND
 7353.2896 2    Ar       POOR
 7372.1135 2    Ar      BLEND
 7380.4192 2    Ar     WBLEND
 7383.9857 1    Ar       GOOD
 7385.9917 1   Xel       GOOD
 7385.9917 2    Xe       POOR
 7392.9758 2    Ar     WBLEND
 7393.7896 1   Xel       GOOD
 7393.7896 2    Xe       FAIR
 7425.5370 2    Kr       FAIR
 7435.3643 2    Ar     PBLEND
 7436.2931 2    Ar     PBLEND
 7438.8946 2    Ne      BLEND
 7472.4347 2    Ne       FAIR
 7485.8647 2    Hg     PBLEND
 7486.8584 2    Kr       FAIR
 7488.8674 2    Ne      BLEND
 7492.0930 2    Ne     PBLEND
 7503.8638 1    Ar       GOOD
 7514.6469 2    Ar      GOODD
 7517.4561 2    Hg     PBLEND
 7535.7701 1    Ne       GOOD
 7544.0404 2    Ne      BLEND
 7584.6779 1   Xel       GOOD
 7584.6779 2    Xe       FAIR
 7588.5000 2    Zn       WEAK
 7587.4072 2    Kr     TBLEND
 7601.5403 2    Kr     TBLEND
 7612.9000 2    Zn       WEAK
 7618.5687 1    Xe       GOOD
 7635.1012 1    Ar       GOOD
 7642.0124 2    Xe      BLEND
 7643.9019 2    Xe      BLEND
 7642.0124 2   Xel      BLEND
 7643.9019 2   Xel      BLEND
 7685.2396 2    Kr      BLEND
 7694.5341 2    Kr      BLEND
 7723.7562 2    Ar      BLEND
 7724.2021 2    Ar      BLEND
 7746.8230 2    Kr       FAIR
 7799.3600 2    Zn       WEAK
 7802.6488 2    Xe       FAIR
 7802.6488 1   Xel       GOOD
 7839.0504 2    Ne       WEAK
 7854.8167 1    Kr       GOOD
 7881.3175 2   Xel      BLEND
 7887.3958 2   Xel     TBLEND
 7881.3175 2   Xel     WBLEND
 7887.3958 2   Xel     FBLEND
 7891.0709 2    Ar       POOR
 7913.4188 2    Kr       TILT
 7926.1953 2    Ne     PBLEND
 7927.1134 2    Ne     PBLEND
 7928.5927 2    Kr       FAIR
 7933.2134 2    Kr     WBLEND
 7936.9917 2    Ne       FAIR
 7943.1770 2    Ne      BLEND
 7944.1368 2    Ne      BLEND
 7944.6603 2    Hg     WBLEND
 7946.7498 2    Hg     WBLEND
 7948.1714 1    Ar       GOOD
 7967.3342 1   Xel       GOOD
 7967.3342 2    Xe       FAIR
 7982.3971 2    Kr       FAIR
 7984.5095 2    Hg     WBLEND
 8006.1516 2    Ar       FAIR
 8014.7813 2    Ar       FAIR
 8029.6673 1   Xel       GOOD
 8029.6673 2    Xe       POOR
 8053.3039 2    Ar       WEAK
 8057.2598 2    Xe     FBLEND
 8059.4982 1    Kr       GOOD
 8061.3387 2    Xe     FBLEND
 8082.4535 2    Ne      BLEND
 8084.3324 2    Ne      BLEND
 8101.9777 2   Xel       POOR
 8101.9777 2    Xe       WEAK
 8103.6872 2    Ar      BLEND
 8104.3590 2    Kr      BLEND
 8112.8947 2    Kr      BLEND
 8115.3060 2    Ar      BLEND
 8118.5447 2    Ne       FAIR
 8128.9062 2    Ne       POOR
 8136.4011 2    Ne      BLEND
 8151.6342 2    Hg     PBLEND
 8171.0189 1   Xel       GOOD
 8171.0189 2    Xe       POOR
 8190.0498 1    Kr       GOOD
 8200.3040 2    Cd       WEAK
 8202.7203 2    Kr       WEAK
 8206.3393 2   Xel      BLEND
 8206.3393 2    Xe      BLEND
 8218.3601 2    Kr       WEAK
 8231.6305 2   Xel      BLEND
 8231.6305 1    Xe       GOOD
 8248.6777 2    Ne       WEAK
 8259.3742 2    Ne     FBLEND
 8263.2349 1    Kr       GOOD
 8264.5166 1    Ar       GOOD
 8264.8035 2    Ne      BLEND
 8266.0724 2    Ne      BLEND
 8266.5130 2   Xel      BLEND
 8266.5130 2    Xe      BLEND
 8267.1118 2    Ne      BLEND
 8280.1113 2   Xel      BLEND
 8280.1113 1    Xe       GOOD
 8281.0451 2    Kr       TILT
 8298.1024 1    Kr       GOOD
 8300.3215 2    Ne      BLEND
 8301.5549 2    Ne      BLEND
 8346.8112 2    Xe      BLEND
 8347.2311 2    Xe      BLEND
 8346.8112 2   Xel      BLEND
 8347.2311 2   Xel      BLEND
 8365.7437 2    Ne      BLEND
 8376.3566 2    Ne      BLEND
 8377.6017 2    Ne      BLEND
 8392.2689 2    Ar       WEAK
 8408.2036 2    Ar      BLEND
 8409.1843 2   Xel      BLEND
 8409.1843 2    Xe      BLEND
 8412.4254 2    Kr       FAIR
 8417.1542 2    Ne      BLEND
 8418.4226 2    Ne      BLEND
 8424.6421 1    Ar       GOOD
 8463.3526 2    Ne       FAIR
 8484.4385 2    Ne       FAIR
 8495.3549 2    Ne       FAIR
 8508.8652 2    Kr       FAIR
 8521.4358 1    Ar       GOOD
 8544.6908 2    Ne       FAIR
 8571.3474 2    Ne       FAIR
 8576.0090 1   Xel       GOOD
 8576.0090 2    Xe       POOR
 8582.8978 2    Ne       POOR
 8591.2537 2    Ne       FAIR
 8605.7709 2    Ar       WEAK
 8634.6419 2    Ne      BLEND
 8635.3123 2    Ne      BLEND
 8647.0359 2    Ne     FBLEND
 8648.5393 1   Xel       GOOD
 8648.5393 2    Xe       FAIR
 8654.3779 2    Ne      BLEND
 8655.5172 2    Ne      BLEND
 8667.9380 2    Ar       FAIR
 8679.4874 2    Ne      BLEND
 8681.9159 2    Ne      BLEND
 8692.1974 2   Xel      BLEND
 8696.8562 2   Xel      BLEND
 8692.1974 2    Xe     PBLEND
 8696.8562 2    Xe     PBLEND
 8704.1064 2    Ne       FAIR
 8716.1809 2    Xe        BAD
 8739.3731 2   Xel      BLEND
 8739.3731 2    Xe      BLEND
 8758.1995 1   Xel       GOOD
 8758.1995 2    Xe       FAIR
 8764.1049 2    Kr     FBLEND
 8771.6511 2    Ne     FBLEND
 8771.8548 2    Ar       POOR
 8776.7425 1    Kr       GOOD
 8780.6157 2    Ne      BLEND
 8783.7480 2    Ne      BLEND
 8819.4029 2    Xe       FAIR
 8819.4029 2   Xel      BLEND
 8830.9019 2    Ne       POOR
 8849.9046 2    Ar       WEAK
 8853.8614 2    Ne       FAIR
 8862.3112 2    Xe      BLEND
 8862.3112 2   Xel      BLEND
 8865.3009 2    Ne      BLEND
 8865.7498 2    Ne      BLEND
 8908.7286 1   Xel       GOOD
 8908.7286 2    Xe       FAIR
 8919.4952 2    Ne       TILT
 8928.6862 1    Kr       GOOD
 8930.8226 1   Xel       GOOD
 8930.8226 2    Xe       FAIR
 8952.2468 2   Xel      BLEND
 8952.2468 1    Xe       GOOD
 8981.0490 2   Xel       TILT
 8981.0490 2    Xe       POOR
 8987.5672 2   Xel       TILT
 8987.5672 2    Xe       TILT
 8988.5509 2    Ne       POOR
 9045.4415 2   Xel      BLEND
 9045.4415 2    Xe       FAIR
 9122.9614 1    Ar       GOOD
 9148.6659 2    Ne     FBLEND
 9162.6396 2   Xel      BLEND
 9162.6396 2    Xe       FAIR
 9167.5183 2    Xe     PBLEND
 9194.6319 2    Ar       FAIR
 9201.7534 2    Ne       POOR
 9220.0525 2    Ne     FBLEND
 9221.5744 2    Ne     FBLEND
 9224.4918 1    Ar       GOOD
 9226.6845 2    Ne     PBLEND
 9238.4790 2    Kr       FAIR
 9275.5139 2    Ne       POOR
 9291.5256 2    Ar       FAIR
 9300.8469 2    Ne       TILT
 9310.5780 2    Ne     FBLEND
 9313.9667 2    Ne     FBLEND
 9326.5010 2    Ne       TILT
 9354.2126 2    Ar      BLEND
 9361.9455 2    Kr     FBLEND
 9362.0764 2    Kr     FBLEND
 9373.3020 2    Ne       POOR
 9374.7520 2   Xel       TILT
 9374.7520 2    Xe       TILT
 9425.3729 2    Ne       FAIR
 9459.2035 2    Ne       POOR
 9486.6758 2    Ne       POOR
 9513.3743 2    Xe     FBLEND
 9513.3743 2   Xel      BLEND
 9534.1568 2    Ne       FAIR
 9547.3988 2    Ne       POOR
 9657.7800 1    Ar       GOOD
 9665.4135 2    Ne     FBLEND
 9685.3175 1   Xel       GOOD
 9685.3175 2    Xe       FAIR
 9698.6739 2   Xel       WEAK
 9711.5904 2    Kr       POOR
 9718.1586 1   Xel       GOOD
 9718.1586 2    Xe       FAIR
 9751.7515 2    Kr       FAIR
 9784.4956 2    Ar      BLEND
 9799.6964 2   Xel      BLEND
 9799.6964 1    Xe       GOOD
 9856.3080 2    Kr       FAIR
 9915.1050 2    Ne       POOR
 9923.1828 2    Xe       POOR
10139.7439 2    Hg       POOR
10221.4517 2    Kr       POOR
10470.0460 2    Ar      BLEND
