# units Angstroms (air)
4306.672    2    Cd 
4358.327    1    Hg
4412.989    2    Cd 
4629.8100   2    Zn
4662.3520   2    Cd
4678.1490   1    Cd
#4679.3250   1    CdI/ZnIblend blend wavelength is worse
#4680.1400   2    Zn
4722.1500   1    Zn
4799.9120   1    Cd
4806.0695   2    Cd
4810.5300   1    Zn
4916.0680   2    Hg
5068.6600   2    Zn
5069.5800   2    Zn
5085.8220   1    Cd
5154.6600   1    Cd
5181.9800   2    Zn
5308.6500   2    Zn
5310.2400   2    Zn
5311.0200   2    Zn
5341.0938   2    Ne
5460.7350   1    Hg
5769.5980   1    Hg
5772.1000   2    Zn
5775.5000   2    Zn
5777.1100   2    Zn
5790.6630   1    Hg
5852.4880   1    Ne
5881.8950   1    Ne
5944.8340   1    Ne
5975.5340   1    Ne
6029.9970   1    Ne
6074.3370   1    Ne
6096.1630   1    Ne
6099.1420   2    Cd
6111.4900   2    Cd
6128.4500   1    Ne
6143.0620   1    Ne
6163.5940   1    Ne
6217.2810   1    Ne
6237.9000   2    Zn
6239.1700   2    Zn
6266.4950   1    Ne
6304.7890   1    Ne
6325.1660   2    Cd
6330.0130   2    Cd
6334.4280   1    Ne
6362.3400   1    Zn
6382.9910   1    Ne
6402.2460   1    Ne
6438.4700   1    Cd
6479.1800   2    Zn
6506.5280   1    Ne
6532.8820   1    Ne
6598.9530   1    Ne
6652.0920   2    Ne
6678.2760   1    Ne
6717.0430   1    Ne
6778.1160   2    Cd
6928.3200   2    Zn
6929.4670   1    Ne
6938.4700   2    Zn
6943.2000   2    Zn
6965.4300   1    Ar
7024.0500   2    Ne
7032.4130   1    Ne
7067.2170   1    Ar
7147.0410   1    Ar
7173.9380   1    Ne
7245.1660   1    Ne
7272.9350   1    Ar
7345.6700   1    Cd
7383.9790   1    Ar
7438.8980   1    Ne
7488.8710   1    Ne
7503.8680   1    Ar
7514.6510   2    Ar
7535.7740   2    Ne
7544.0440   2    Ne
7635.1060   1    Ar
7723.7600   1    Ar
7799.3600   1    Zn
7943.1800   2    Ne
7948.1750   1    Ar
