# FORPRINT: Wed Nov  1 03:33:07 2006
 3018.3600   2    Zn
 3035.7800   2    Zn
 3072.0600   2    Zn
 3075.9000   2    Zn
 3080.8220   2    Cd
 3082.5930   2    Cd
 3125.6700   2    Hg
 3129.4400   2    HgIblend
 3131.7000   2    Hg
 3133.1670   2    Cd
 3252.5240   2    Cd
 3261.0550   2    Cd
 3282.3300   2    Zn
 3302.5800   2    Zn
 3302.9400   2    Zn
 3341.4800   2    Hg
 3345.0200   2    Zn
 3345.0400   2    ZnI/HgIblend
 3345.5700   2    Zn
 3345.9400   2    Zn
 3403.6520   1    Cd
 3466.2000   2    Cd
 3466.8500   2    CdIblend
 3467.6550   2    Cd
 3499.9520   2    Cd
 3610.5080   2    Cd
 3611.0100   2    CdIblend
 3612.8730   2    Cd
 3614.4530   2    Cd
 3650.87     1    HgIblend
# 3649.5580   2    Cd
# 3650.1530   2    Hg
# 3650.8700   2    HgIblend
 3654.8400   2    Hg
 3663.1800   2    HgIblend
 3663.2790   2    Hg
 3799.0000   2    Zn
 3883.3400   2    Zn
 3965.4300   2    Zn
 3981.9260   2    Cd
 4046.5630   1    Hg
 4077.8310   1    Hg
 4113.2100   1    Zn
 4140.5000   2    Cd
 4292.8800   1    Zn
 4298.3300   1    Zn
 4306.6720   2    Cd
 4358.3270   1    Hg
 4412.9890   1    Cd
 4629.8100   2    Zn
 4662.3520   1    Cd
 4678.1490   2    Cd
 4679.3250   1    CdI/ZnIblend
 4680.1400   2    Zn
 4722.1500   1    Zn
 4799.9120   1    Cd
 4806.0695   1    Cd
 4810.5300   1    Zn
 4916.0680   2    Hg
 5068.6600   2    Zn
 5069.5800   2    Zn
 5085.8220   1    Cd
 5154.6600   2    Cd
 5181.9800   2    Zn
 5308.6500   2    Zn
 5310.2400   2    Zn
 5311.0200   2    Zn
 5460.7350   1    Hg
 5769.5980   1    Hg
 5772.1000   2    Zn
 5775.5000   2    Zn
 5777.1100   2    Zn
 5790.6630   1    Hg
 5852.4880   1    Ne
 5881.8950   1    Ne
 5944.8340   1    Ne
 5975.5340   1    Ne
 6029.9970   1    Ne
 6074.3370   1    Ne
 6096.1630   1    Ne
 6099.1420   2    Cd
 6111.4900   2    Cd
 6128.4500   1    Ne
 6143.0620   1    Ne
 6163.5940   1    Ne
 6217.2810   1    Ne
 6237.9000   2    Zn
 6239.1700   2    Zn
 6266.4950   1    Ne
 6304.7890   1    Ne
 6325.1660   2    Cd
 6330.0130   2    Cd
 6334.4280   1    Ne
 6362.3400   1    Zn
 6382.9910   1    Ne
 6402.2460   1    Ne
 6438.4700   1    Cd
 6479.1800   2    Zn
 6506.5280   1    Ne
 6532.8820   1    Ne
 6598.9530   1    Ne
 6652.0920   2    Ne
 6678.2760   1    Ne
 6717.0430   1    Ne
 6778.1160   2    Cd
 6928.3200   2    Zn
 6929.4670   1    Ne
 6938.4700   2    Zn
 6943.2000   2    Zn
 6965.4300   1    Ar
 7024.0500   2    Ne
 7032.4130   1    Ne
 7067.2170   1    Ar
 7147.0410   1    Ar
 7173.9380   1    Ne
 7245.1660   1    Ne
 7272.9350   1    Ar
 7345.6700   1    Cd
 7383.9790   1    Ar
 7438.8980   1    Ne
 7488.8710   1    Ne
 7503.8680   1    Ar
 7514.6510   2    Ar
 7535.7740   2    Ne
 7544.0440   2    Ne
 7635.1060   1    Ar
 7723.7600   1    Ar
 7799.3600   1    Zn
 7943.1800   2    Ne
 7948.1750   1    Ar
 8006.1560   2    Ar
 8014.7850   2    Ar
 8082.4570   1    Ne
 8103.6920   2    Ar
 8115.3110   1    Ar
 8136.4060   2    Ne
 8300.3240   1    Ne
 8377.6060   1    Ne
 8408.2090   1    Ar
 8418.4260   2    Ne
 8424.6470   1    Ar
 8495.3590   1    Ne
 8521.4430   1    Ar
 8591.2580   1    Ne
 8634.6470   1    Ne
 8654.3840   1    Ne
 8667.9450   1    Ar
 8853.8670   2    Ne
 8865.7560   2    Ne
 8919.4990   2    Ne
 8988.5800   2    Ne
 9122.9660   1    Ar
 9148.6800   2    Ne
 9201.7600   2    Ne
 9224.4950   1    Ar
 9300.8500   2    Ne
 9313.9800   2    Ne
 9326.5200   2    Ne
 9354.2180   2    Ne
 9425.3800   2    Ne
 9459.2100   2    Ne
 9486.6800   2    Ne
 9534.1670   2    Ne
 9547.4000   2    Ne
 9657.7840   2    Ar
 9665.4240   2    Ne
 9751.7588   2	KrI
 9784.5029   2	ArI
 9856.2402   2	KrI
10052.0996   2	ArI
10139.7439   1  Hg
10254.0400   2	ArI
10309.1504   2	ArI
10332.7598   2	ArI
10360.3701   2	KrI
10470.0537   2	ArI
10506.4697   2	ArI
10529.3203   2	ArI
10593.0098   2	KrI
10673.5498   2	ArI
10681.7803   2	ArI
10712.7695   2	ArI
10733.8701   2	ArI
10759.1299   2	ArI
10773.3496   2	ArI
10798.1201   2	NeI
10830.3369   2	HeI
10844.5400   2	NeI
10880.9600   2	ArI
10950.7402   2	ArI
11078.8701   2	ArI
