       1.4131815       1 OH       7.6661050
       1.4285630       1 OH      0.92456033
       1.4343745       1 OH       30.508921
       1.4470555       1 OH       5.3649312
       1.4520714       1 OH       17.869402
       1.4608379       1 OH       19.563237
       1.4699636       1 OH       13.929867
       1.5060154       1 OH       46.106049
       1.5189379       1 OH       9.1069881
       1.5242012       1 OH       28.854061
       1.5328294       1 OH       32.079500
       1.5429690       1 OH       22.586295
       1.5541226       1 OH       17.276041
       1.5700319       1 OH       6.0922486
       1.5833112       1 OH       51.616608
       1.5972334       1 OH       9.6720618
       1.6032490       1 OH       31.710667
       1.6082205       1 OH       12.137552
       1.6126170       1 OH       34.492941
       1.6230722       1 OH       23.167378
       1.6352398       1 OH       13.791621
       1.6551619       1 OH       5.6309471
       1.6606610       1 OH       1.2361773
       1.6694432       1 OH       44.895631
       1.6843065       1 OH       8.8807712
       1.6904951       1 OH       29.523210
       1.6955912       1 OH       11.366370
       1.7007260       1 OH       32.235180
       1.7123011       1 OH       25.751455
       1.7244687       1 OH       12.725580
       1.7503649       1 OH       5.2901027
       1.7656952       1 OH       33.459668
       1.7808895       1 OH       7.3716118
       1.7879025       1 OH       24.590545
       1.7937951       1 OH       9.4527527
       1.7991311       1 OH       27.202920
       1.8070404       1 OH       7.8129864
       1.8121056       1 OH       19.168439
       1.8212803       1 OH       4.7023526
       1.8253792       1 OH       10.328586
       1.8400607       1 OH       10.213163
       1.8741018       1 OH       26.779716
       1.8913295       1 OH       5.6923187
       1.8993025       1 OH       18.262506
       1.9045656       1 OH       7.4014071
       1.9115492       1 OH       21.169546
       1.9196083       1 OH       6.2928508
       1.9248128       1 OH       15.608606
       1.9394293       1 OH       8.8478715
       1.9556527       1 OH       4.5973006
       1.9770860       1 OH       7.3281095
       1.9836568       1 OH       2.6701088
       2.0007235       1 OH       18.886626
       2.0190818       1 OH       4.1527894
       2.0272549       1 OH       12.897506
       2.0342027       1 OH       5.5655691
       2.0413598       1 OH       15.389507
       2.0495722       1 OH       4.9804966
       2.0565388       1 OH       11.885369
       2.0676290       1 OH       3.5493112
       2.0727975       1 OH       7.2924953
       2.0905100       1 OH       3.9514409
       2.1107893       1 OH       4.1629702
       2.1173133       1 OH       4.6833851
       2.1242941       1 OH       5.5978663
       2.1325090       1 OH       2.9898149
       2.1508069       1 OH       12.759019
       2.1579125       1 OH       3.3599329
       2.1711553       1 OH       4.3750497
       2.1802812       1 OH       9.8778532
       2.1873462       1 OH       5.4319953
       2.1954781       1 OH       11.754162
       2.2055572       1 OH       5.4637711
       2.2127061       1 OH       10.192102
       2.2248869       1 OH       5.0911296
       2.2310121       1 OH       7.7262920
       2.2517567       1 OH       6.2595447
       2.3011005       1 H2O       7.0494768
       2.3101116       1 H2O       8.0186230
       2.3174986       1 H2O       11.024745
       2.3224848       1 H2O       25.323658
       2.3414955       1 H2O       30.608779
       2.3519831       1 H2O       72.568862
       2.3642896       1 H2O       30.212399
       2.3781602       1 H2O       121.44866
       2.3852443       1 H2O       143.18353
       2.3969052       1 H2O       105.80130
       2.4062244       1 H2O       182.81868
       2.4253476       1 H2O       154.25842
       2.4354271       1 H2O       1649.8168
       2.4464420       1 H2O       1213.1589
       2.4511356       1 H2O       1298.9441
       2.4627689       1 H2O       943.44056
       2.4724452       1 H2O       3520.7624
       2.4843893       1 H2O       2961.7321
